2014-02-26 12:50:52,649 INFO  [bill_processor] Service Credit Batch started.
2014-02-26 12:50:52,801 ERROR [bill_processor] User NotBatchUser is not allowed to run the batch service.
gov.opm.scrd.services.AuthorizationException: Batch process user [NotBatchUser] is not found
	at gov.opm.scrd.batchprocessing.jobs.BatchProcessingJob.doExecute(BatchProcessingJob.java:440)
	at gov.opm.scrd.batchprocessing.jobs.BatchProcessingJob.execute(BatchProcessingJob.java:377)
	at gov.opm.scrd.batchprocessing.jobs.BatchProcessingJobTests.testCase_BatchUserViolation(BatchProcessingJobTests.java:339)
	at sun.reflect.NativeMethodAccessorImpl.invoke0(Native Method)
	at sun.reflect.NativeMethodAccessorImpl.invoke(NativeMethodAccessorImpl.java:39)
	at sun.reflect.DelegatingMethodAccessorImpl.invoke(DelegatingMethodAccessorImpl.java:25)
	at java.lang.reflect.Method.invoke(Method.java:597)
	at org.junit.runners.model.FrameworkMethod$1.runReflectiveCall(FrameworkMethod.java:45)
	at org.junit.internal.runners.model.ReflectiveCallable.run(ReflectiveCallable.java:15)
	at org.junit.runners.model.FrameworkMethod.invokeExplosively(FrameworkMethod.java:42)
	at org.junit.internal.runners.statements.InvokeMethod.evaluate(InvokeMethod.java:20)
	at org.junit.internal.runners.statements.RunBefores.evaluate(RunBefores.java:28)
	at org.springframework.test.context.junit4.statements.RunBeforeTestMethodCallbacks.evaluate(RunBeforeTestMethodCallbacks.java:74)
	at org.junit.internal.runners.statements.RunAfters.evaluate(RunAfters.java:30)
	at org.springframework.test.context.junit4.statements.RunAfterTestMethodCallbacks.evaluate(RunAfterTestMethodCallbacks.java:83)
	at org.springframework.test.context.junit4.statements.SpringRepeat.evaluate(SpringRepeat.java:72)
	at org.springframework.test.context.junit4.SpringJUnit4ClassRunner.runChild(SpringJUnit4ClassRunner.java:231)
	at org.springframework.test.context.junit4.SpringJUnit4ClassRunner.runChild(SpringJUnit4ClassRunner.java:88)
	at org.junit.runners.ParentRunner$3.run(ParentRunner.java:231)
	at org.junit.runners.ParentRunner$1.schedule(ParentRunner.java:60)
	at org.junit.runners.ParentRunner.runChildren(ParentRunner.java:229)
	at org.junit.runners.ParentRunner.access$000(ParentRunner.java:50)
	at org.junit.runners.ParentRunner$2.evaluate(ParentRunner.java:222)
	at org.junit.internal.runners.statements.RunBefores.evaluate(RunBefores.java:28)
	at org.springframework.test.context.junit4.statements.RunBeforeTestClassCallbacks.evaluate(RunBeforeTestClassCallbacks.java:61)
	at org.junit.internal.runners.statements.RunAfters.evaluate(RunAfters.java:30)
	at org.springframework.test.context.junit4.statements.RunAfterTestClassCallbacks.evaluate(RunAfterTestClassCallbacks.java:71)
	at org.junit.runners.ParentRunner.run(ParentRunner.java:300)
	at org.springframework.test.context.junit4.SpringJUnit4ClassRunner.run(SpringJUnit4ClassRunner.java:174)
	at junit.framework.JUnit4TestAdapter.run(JUnit4TestAdapter.java:39)
	at junit.framework.TestSuite.runTest(TestSuite.java:243)
	at junit.framework.TestSuite.run(TestSuite.java:238)
	at org.apache.tools.ant.taskdefs.optional.junit.JUnitTestRunner.run(JUnitTestRunner.java:520)
	at org.apache.tools.ant.taskdefs.optional.junit.JUnitTestRunner.launch(JUnitTestRunner.java:1060)
	at org.apache.tools.ant.taskdefs.optional.junit.JUnitTestRunner.main(JUnitTestRunner.java:911)
2014-02-26 12:50:52,802 INFO  [bill_processor] Send email to general@opm.gov, subject = [Service Credit User Violation]. Message:
Service Credit Batch started at 12:50:52 PM CST on February 26, 2014. Batch done at 12:50:52 PM CST.

User NotBatchUser is not allowed to run the batch service. He does not exist. This is a serious configuration error. Call the Program Manager or DBA. 
2014-02-26 12:50:52,897 WARN  [bill_processor] Service Credit Batch has retried max 0 times today. The batch process will exit unsuccessfully.
2014-02-26 12:50:53,312 INFO  [bill_processor] Service Credit Batch started.
2014-02-26 12:50:53,335 INFO  [bill_processor] Is today holiday : false
2014-02-26 12:50:53,335 ERROR [bill_processor] Can not read folder: test_files\lockbox_files
2014-02-26 12:50:53,335 INFO  [bill_processor] Send email to general@opm.gov, subject = [SERVICE CREDIT BATCH CANNOT ACCESS NETWORK]. Message:
Service Credit Batch started at 12:50:53 PM CST on February 26, 2014. Batch done at 12:50:53 PM CST.

THE NETWORK IS DOWN! 
Network Services not Available for Service Credit. Cannot access the test_files/lockbox_files network folder. Please ask the Help Desk to investigate. SERVICE CREDIT IS SHUT DOWN UNTIL THIS ERROR IS FIXED! 
2014-02-26 12:50:53,348 WARN  [bill_processor] Service Credit Batch has retried max 0 times today. The batch process will exit unsuccessfully.
2014-02-26 12:50:53,661 INFO  [bill_processor] Service Credit Batch started.
2014-02-26 12:50:53,666 INFO  [bill_processor] Is today holiday : false
2014-02-26 12:50:53,668 ERROR [bill_processor] No files arrived today in: test_files\lockbox_files
2014-02-26 12:50:53,668 INFO  [bill_processor] Send email to general@opm.gov, subject = [SERVICE CREDIT LOCKBOX FILE IS LATE!]. Message:
Service Credit Batch started at 12:50:53 PM CST on February 26, 2014. Batch done at 12:50:53 PM CST.

Today's Lockbox Bank File has not arrived. Please notify Production Control and BSG that the data file is not in the test_files/lockbox_files network share. The nightly batch process is scheduled to run at 12:50:53 PM CST and today's import should run before that time. 
2014-02-26 12:50:53,673 WARN  [bill_processor] Service Credit Batch has retried max 0 times today. The batch process will exit unsuccessfully.
2014-02-26 12:50:53,878 INFO  [bill_processor] Service Credit Batch started.
2014-02-26 12:50:53,884 INFO  [bill_processor] Is today holiday : true
2014-02-26 12:50:53,886 INFO  [bill_processor] Start importing files in: test_files\lockbox_files
2014-02-26 12:50:53,887 INFO  [bill_processor] Start loading file content from: test_files\lockbox_files\lockbox_file_1.txt
2014-02-26 12:50:53,888 INFO  [bill_processor] 0 lines loaded from lockbox_file_1.txt which is backup to Dupe_SC022514_27.txt
2014-02-26 12:50:53,888 INFO  [bill_processor] End loading file content from: test_files\lockbox_files\lockbox_file_1.txt
2014-02-26 12:50:53,888 INFO  [bill_processor] 
Service Credit imported a data file from the bank lockbox on February 26, 2014 at 12:50:53 PM CST.
Lockbox data imported into the dbName database on server dbHostName from computer batchProcessHostName.

# Lines in file = 0
# Duplicate Lines = 0

# Records Processed = 0
# Check Payments = 0
# Good Check Payments = 0
# Bad Check Payments = 0
# Dupe Check Payments = 0
# ACH Payments = 0
# Good ACH Payments = 0
# Bad ACH Payments = 0
# Dupe ACH Payments = 0
# Bad Change Records = 0
# Good Change Records = 0
# No Match Change Records = 0
# Invalid Summary Records = 0
# Valid Summary Records = 0
# Successful Transactions = 0
# Failed Transactions = 0
# Invalid Lines = 0

Total Check Payments = 0
Total ACH Payments = 0
Total of Accepted Payments = 0
Total in File = 0

No bad records in this batch.
0 = number of successful calls to the ProcessImportRecord function.

         Accepted Payments: 0
       Unresolved Payments: 0
        Suspended Payments: 0
-----------------------------------
Pending payments processed: 0

2014-02-26 12:50:53,947 INFO  [bill_processor] Send email to general@opm.gov, subject = [Service Credit Import: OK ]. Message:
Service Credit Batch started at 12:50:53 PM CST on February 26, 2014. Batch done at 12:50:53 PM CST.

SUMMARY: The file import was successful.

   Number Type         Total
        0 ACH           0.00
        0 Check         0.00
============================
        0 All           0.00



SCRD found no payment records in this Lockbox file.


There are no change records in this Lockbox file.

DETAILS:
Audit Batch Log ID number is 27
File Contents:
 Number Type Description
====================================
      0 Total Lines in Lockbox File

Lockbox File Name:
lockbox_file_1.txt
Backup File Name:
Dupe_SC022514_27.txt

2014-02-26 12:50:53,952 INFO  [bill_processor] End importing files in: test_files\lockbox_files
2014-02-26 12:50:53,953 INFO  [bill_processor] Start cleaning old files in: test_files\old_files
2014-02-26 12:50:53,954 INFO  [bill_processor] Old files cleaned: 1
2014-02-26 12:50:53,954 INFO  [bill_processor] End cleaning old files in: test_files\old_files
2014-02-26 12:50:53,954 INFO  [bill_processor] Service Credit Batch finished successfully.
2014-02-26 12:50:54,154 INFO  [bill_processor] Service Credit Batch started.
2014-02-26 12:50:54,165 INFO  [bill_processor] Is today holiday : true
2014-02-26 12:50:54,167 INFO  [bill_processor] Start importing files in: test_files\lockbox_files
2014-02-26 12:50:54,167 INFO  [bill_processor] Start loading file content from: test_files\lockbox_files\lockbox_file_1.txt
2014-02-26 12:50:54,168 INFO  [bill_processor] 0 lines loaded from lockbox_file_1.txt which is backup to Dupe_SC022514_28.txt
2014-02-26 12:50:54,168 INFO  [bill_processor] End loading file content from: test_files\lockbox_files\lockbox_file_1.txt
2014-02-26 12:50:54,168 INFO  [bill_processor] 
Service Credit imported a data file from the bank lockbox on February 26, 2014 at 12:50:54 PM CST.
Lockbox data imported into the dbName database on server dbHostName from computer batchProcessHostName.

# Lines in file = 0
# Duplicate Lines = 0

# Records Processed = 0
# Check Payments = 0
# Good Check Payments = 0
# Bad Check Payments = 0
# Dupe Check Payments = 0
# ACH Payments = 0
# Good ACH Payments = 0
# Bad ACH Payments = 0
# Dupe ACH Payments = 0
# Bad Change Records = 0
# Good Change Records = 0
# No Match Change Records = 0
# Invalid Summary Records = 0
# Valid Summary Records = 0
# Successful Transactions = 0
# Failed Transactions = 0
# Invalid Lines = 0

Total Check Payments = 0
Total ACH Payments = 0
Total of Accepted Payments = 0
Total in File = 0

No bad records in this batch.
0 = number of successful calls to the ProcessImportRecord function.

         Accepted Payments: 0
       Unresolved Payments: 0
        Suspended Payments: 0
-----------------------------------
Pending payments processed: 0

2014-02-26 12:50:54,186 INFO  [bill_processor] Send email to general@opm.gov, subject = [Service Credit Import: OK ]. Message:
Service Credit Batch started at 12:50:54 PM CST on February 26, 2014. Batch done at 12:50:54 PM CST.

SUMMARY: The file import was successful.

   Number Type         Total
        0 ACH           0.00
        0 Check         0.00
============================
        0 All           0.00



SCRD found no payment records in this Lockbox file.


There are no change records in this Lockbox file.

DETAILS:
Audit Batch Log ID number is 28
File Contents:
 Number Type Description
====================================
      0 Total Lines in Lockbox File

Lockbox File Name:
lockbox_file_1.txt
Backup File Name:
Dupe_SC022514_28.txt

2014-02-26 12:50:54,192 INFO  [bill_processor] End importing files in: test_files\lockbox_files
2014-02-26 12:50:54,192 INFO  [bill_processor] Start cleaning old files in: test_files\old_files
2014-02-26 12:50:54,192 INFO  [bill_processor] Old files cleaned: 0
2014-02-26 12:50:54,193 INFO  [bill_processor] End cleaning old files in: test_files\old_files
2014-02-26 12:50:54,193 INFO  [bill_processor] Service Credit Batch finished successfully.
2014-02-26 12:50:54,406 INFO  [bill_processor] Service Credit Batch started.
2014-02-26 12:50:54,412 INFO  [bill_processor] Is today holiday : true
2014-02-26 12:50:54,414 INFO  [bill_processor] Start importing files in: test_files\lockbox_files
2014-02-26 12:50:54,414 INFO  [bill_processor] Start loading file content from: test_files\lockbox_files\lockbox_file_1.txt
2014-02-26 12:50:54,421 ERROR [bill_processor] Text Line import error: R64445566 bad R line
gov.opm.scrd.batchprocessing.jobs.BatchProcessingException: Text Line import error: R64445566 bad R line [See nested exception: javax.persistence.PersistenceException: org.hibernate.exception.SQLGrammarException: Error extracting results from CallableStatement]
	at gov.opm.scrd.batchprocessing.jobs.BatchProcessingJob.loadFileContent(BatchProcessingJob.java:870)
	at gov.opm.scrd.batchprocessing.jobs.BatchProcessingJob.importFile(BatchProcessingJob.java:725)
	at gov.opm.scrd.batchprocessing.jobs.BatchProcessingJob.importFiles(BatchProcessingJob.java:703)
	at gov.opm.scrd.batchprocessing.jobs.BatchProcessingJob.doExecute(BatchProcessingJob.java:480)
	at gov.opm.scrd.batchprocessing.jobs.BatchProcessingJob.execute(BatchProcessingJob.java:377)
	at gov.opm.scrd.batchprocessing.jobs.BatchProcessingJobTests.testCase_ImportFile_BadRLine(BatchProcessingJobTests.java:474)
	at sun.reflect.NativeMethodAccessorImpl.invoke0(Native Method)
	at sun.reflect.NativeMethodAccessorImpl.invoke(NativeMethodAccessorImpl.java:39)
	at sun.reflect.DelegatingMethodAccessorImpl.invoke(DelegatingMethodAccessorImpl.java:25)
	at java.lang.reflect.Method.invoke(Method.java:597)
	at org.junit.runners.model.FrameworkMethod$1.runReflectiveCall(FrameworkMethod.java:45)
	at org.junit.internal.runners.model.ReflectiveCallable.run(ReflectiveCallable.java:15)
	at org.junit.runners.model.FrameworkMethod.invokeExplosively(FrameworkMethod.java:42)
	at org.junit.internal.runners.statements.InvokeMethod.evaluate(InvokeMethod.java:20)
	at org.junit.internal.runners.statements.RunBefores.evaluate(RunBefores.java:28)
	at org.springframework.test.context.junit4.statements.RunBeforeTestMethodCallbacks.evaluate(RunBeforeTestMethodCallbacks.java:74)
	at org.junit.internal.runners.statements.RunAfters.evaluate(RunAfters.java:30)
	at org.springframework.test.context.junit4.statements.RunAfterTestMethodCallbacks.evaluate(RunAfterTestMethodCallbacks.java:83)
	at org.springframework.test.context.junit4.statements.SpringRepeat.evaluate(SpringRepeat.java:72)
	at org.springframework.test.context.junit4.SpringJUnit4ClassRunner.runChild(SpringJUnit4ClassRunner.java:231)
	at org.springframework.test.context.junit4.SpringJUnit4ClassRunner.runChild(SpringJUnit4ClassRunner.java:88)
	at org.junit.runners.ParentRunner$3.run(ParentRunner.java:231)
	at org.junit.runners.ParentRunner$1.schedule(ParentRunner.java:60)
	at org.junit.runners.ParentRunner.runChildren(ParentRunner.java:229)
	at org.junit.runners.ParentRunner.access$000(ParentRunner.java:50)
	at org.junit.runners.ParentRunner$2.evaluate(ParentRunner.java:222)
	at org.junit.internal.runners.statements.RunBefores.evaluate(RunBefores.java:28)
	at org.springframework.test.context.junit4.statements.RunBeforeTestClassCallbacks.evaluate(RunBeforeTestClassCallbacks.java:61)
	at org.junit.internal.runners.statements.RunAfters.evaluate(RunAfters.java:30)
	at org.springframework.test.context.junit4.statements.RunAfterTestClassCallbacks.evaluate(RunAfterTestClassCallbacks.java:71)
	at org.junit.runners.ParentRunner.run(ParentRunner.java:300)
	at org.springframework.test.context.junit4.SpringJUnit4ClassRunner.run(SpringJUnit4ClassRunner.java:174)
	at junit.framework.JUnit4TestAdapter.run(JUnit4TestAdapter.java:39)
	at junit.framework.TestSuite.runTest(TestSuite.java:243)
	at junit.framework.TestSuite.run(TestSuite.java:238)
	at org.apache.tools.ant.taskdefs.optional.junit.JUnitTestRunner.run(JUnitTestRunner.java:520)
	at org.apache.tools.ant.taskdefs.optional.junit.JUnitTestRunner.launch(JUnitTestRunner.java:1060)
	at org.apache.tools.ant.taskdefs.optional.junit.JUnitTestRunner.main(JUnitTestRunner.java:911)
Caused by: javax.persistence.PersistenceException: org.hibernate.exception.SQLGrammarException: Error extracting results from CallableStatement
	at org.hibernate.jpa.spi.AbstractEntityManagerImpl.convert(AbstractEntityManagerImpl.java:1763)
	at org.hibernate.jpa.spi.AbstractEntityManagerImpl.convert(AbstractEntityManagerImpl.java:1677)
	at org.hibernate.jpa.internal.StoredProcedureQueryImpl.execute(StoredProcedureQueryImpl.java:241)
	at gov.opm.scrd.batchprocessing.jobs.BatchProcessingJob.loadFileContent(BatchProcessingJob.java:858)
	... 37 more
Caused by: org.hibernate.exception.SQLGrammarException: Error extracting results from CallableStatement
	at org.hibernate.exception.internal.SQLStateConversionDelegate.convert(SQLStateConversionDelegate.java:123)
	at org.hibernate.exception.internal.StandardSQLExceptionConverter.convert(StandardSQLExceptionConverter.java:49)
	at org.hibernate.engine.jdbc.spi.SqlExceptionHelper.convert(SqlExceptionHelper.java:126)
	at org.hibernate.result.internal.OutputsImpl.convert(OutputsImpl.java:96)
	at org.hibernate.result.internal.OutputsImpl.extractResults(OutputsImpl.java:155)
	at org.hibernate.result.internal.OutputsImpl.extractCurrentResults(OutputsImpl.java:143)
	at org.hibernate.result.internal.OutputsImpl.access$100(OutputsImpl.java:52)
	at org.hibernate.result.internal.OutputsImpl$CurrentReturnState.buildOutput(OutputsImpl.java:212)
	at org.hibernate.result.internal.OutputsImpl$CurrentReturnState.getOutput(OutputsImpl.java:187)
	at org.hibernate.result.internal.OutputsImpl.getCurrent(OutputsImpl.java:108)
	at org.hibernate.jpa.internal.StoredProcedureQueryImpl.execute(StoredProcedureQueryImpl.java:234)
	... 38 more
Caused by: org.postgresql.util.PSQLException: ResultSet 中找不到欄位名稱 auditBatchLogId。
	at org.postgresql.jdbc2.AbstractJdbc2ResultSet.findColumn(AbstractJdbc2ResultSet.java:2727)
	at org.postgresql.jdbc2.AbstractJdbc2ResultSet.getString(AbstractJdbc2ResultSet.java:2567)
	at org.hibernate.type.descriptor.sql.VarcharTypeDescriptor$2.doExtract(VarcharTypeDescriptor.java:74)
	at org.hibernate.type.descriptor.sql.BasicExtractor.extract(BasicExtractor.java:64)
	at org.hibernate.type.AbstractStandardBasicType.nullSafeGet(AbstractStandardBasicType.java:263)
	at org.hibernate.type.AbstractStandardBasicType.nullSafeGet(AbstractStandardBasicType.java:259)
	at org.hibernate.type.AbstractStandardBasicType.nullSafeGet(AbstractStandardBasicType.java:249)
	at org.hibernate.type.AbstractStandardBasicType.hydrate(AbstractStandardBasicType.java:334)
	at org.hibernate.persister.entity.AbstractEntityPersister.hydrate(AbstractEntityPersister.java:2969)
	at org.hibernate.loader.Loader.loadFromResultSet(Loader.java:1695)
	at org.hibernate.loader.Loader.instanceNotYetLoaded(Loader.java:1627)
	at org.hibernate.loader.Loader.getRow(Loader.java:1514)
	at org.hibernate.loader.Loader.getRowFromResultSet(Loader.java:725)
	at org.hibernate.loader.Loader.processResultSet(Loader.java:952)
	at org.hibernate.result.internal.OutputsImpl$CustomLoaderExtension.processResultSet(OutputsImpl.java:310)
	at org.hibernate.result.internal.OutputsImpl.extractResults(OutputsImpl.java:152)
	... 44 more
2014-02-26 12:50:54,422 INFO  [bill_processor] Send email to general@opm.gov, subject = [Service Credit Import: BATCH IMPORT ERROR]. Message:
Service Credit Batch started at 12:50:54 PM CST on February 26, 2014. Batch done at 12:50:54 PM CST.


Text Line import error: R64445566 bad R line
2014-02-26 12:50:54,427 WARN  [bill_processor] Service Credit Batch has retried max 0 times today. The batch process will exit unsuccessfully.
2014-02-26 12:50:54,699 INFO  [bill_processor] Service Credit Batch started.
2014-02-26 12:50:54,737 ERROR [bill_processor] Transaction not active
java.lang.IllegalStateException: Transaction not active
	at org.hibernate.jpa.internal.TransactionImpl.rollback(TransactionImpl.java:105)
	at gov.opm.scrd.batchprocessing.jobs.BatchProcessingJob.commitTransaction(BatchProcessingJob.java:1741)
	at gov.opm.scrd.batchprocessing.jobs.BatchProcessingJob.persistEntity(BatchProcessingJob.java:1759)
	at gov.opm.scrd.batchprocessing.jobs.BatchProcessingJob.initTodayAuditBatch(BatchProcessingJob.java:579)
	at gov.opm.scrd.batchprocessing.jobs.BatchProcessingJob.doExecute(BatchProcessingJob.java:471)
	at gov.opm.scrd.batchprocessing.jobs.BatchProcessingJob.execute(BatchProcessingJob.java:377)
	at gov.opm.scrd.batchprocessing.jobs.BatchProcessingJobTests.testCase_ImportFile_BadCLine(BatchProcessingJobTests.java:502)
	at sun.reflect.NativeMethodAccessorImpl.invoke0(Native Method)
	at sun.reflect.NativeMethodAccessorImpl.invoke(NativeMethodAccessorImpl.java:39)
	at sun.reflect.DelegatingMethodAccessorImpl.invoke(DelegatingMethodAccessorImpl.java:25)
	at java.lang.reflect.Method.invoke(Method.java:597)
	at org.junit.runners.model.FrameworkMethod$1.runReflectiveCall(FrameworkMethod.java:45)
	at org.junit.internal.runners.model.ReflectiveCallable.run(ReflectiveCallable.java:15)
	at org.junit.runners.model.FrameworkMethod.invokeExplosively(FrameworkMethod.java:42)
	at org.junit.internal.runners.statements.InvokeMethod.evaluate(InvokeMethod.java:20)
	at org.junit.internal.runners.statements.RunBefores.evaluate(RunBefores.java:28)
	at org.springframework.test.context.junit4.statements.RunBeforeTestMethodCallbacks.evaluate(RunBeforeTestMethodCallbacks.java:74)
	at org.junit.internal.runners.statements.RunAfters.evaluate(RunAfters.java:30)
	at org.springframework.test.context.junit4.statements.RunAfterTestMethodCallbacks.evaluate(RunAfterTestMethodCallbacks.java:83)
	at org.springframework.test.context.junit4.statements.SpringRepeat.evaluate(SpringRepeat.java:72)
	at org.springframework.test.context.junit4.SpringJUnit4ClassRunner.runChild(SpringJUnit4ClassRunner.java:231)
	at org.springframework.test.context.junit4.SpringJUnit4ClassRunner.runChild(SpringJUnit4ClassRunner.java:88)
	at org.junit.runners.ParentRunner$3.run(ParentRunner.java:231)
	at org.junit.runners.ParentRunner$1.schedule(ParentRunner.java:60)
	at org.junit.runners.ParentRunner.runChildren(ParentRunner.java:229)
	at org.junit.runners.ParentRunner.access$000(ParentRunner.java:50)
	at org.junit.runners.ParentRunner$2.evaluate(ParentRunner.java:222)
	at org.junit.internal.runners.statements.RunBefores.evaluate(RunBefores.java:28)
	at org.springframework.test.context.junit4.statements.RunBeforeTestClassCallbacks.evaluate(RunBeforeTestClassCallbacks.java:61)
	at org.junit.internal.runners.statements.RunAfters.evaluate(RunAfters.java:30)
	at org.springframework.test.context.junit4.statements.RunAfterTestClassCallbacks.evaluate(RunAfterTestClassCallbacks.java:71)
	at org.junit.runners.ParentRunner.run(ParentRunner.java:300)
	at org.springframework.test.context.junit4.SpringJUnit4ClassRunner.run(SpringJUnit4ClassRunner.java:174)
	at junit.framework.JUnit4TestAdapter.run(JUnit4TestAdapter.java:39)
	at junit.framework.TestSuite.runTest(TestSuite.java:243)
	at junit.framework.TestSuite.run(TestSuite.java:238)
	at org.apache.tools.ant.taskdefs.optional.junit.JUnitTestRunner.run(JUnitTestRunner.java:520)
	at org.apache.tools.ant.taskdefs.optional.junit.JUnitTestRunner.launch(JUnitTestRunner.java:1060)
	at org.apache.tools.ant.taskdefs.optional.junit.JUnitTestRunner.main(JUnitTestRunner.java:911)
2014-02-26 12:50:54,738 INFO  [bill_processor] Send email to general@opm.gov, subject = [Service Credit Nightly Batch: ERROR!!]. Message:
Service Credit Batch started at 12:50:54 PM CST on February 26, 2014. Batch done at 12:50:54 PM CST.


Transaction not active
2014-02-26 12:50:54,744 WARN  [bill_processor] Service Credit Batch has retried max 0 times today. The batch process will exit unsuccessfully.
2014-02-26 12:50:55,430 INFO  [bill_processor] Service Credit Batch started.
2014-02-26 12:50:55,437 INFO  [bill_processor] Is today holiday : true
2014-02-26 12:50:55,439 INFO  [bill_processor] Start importing files in: test_files\lockbox_files
2014-02-26 12:50:55,439 INFO  [bill_processor] Start loading file content from: test_files\lockbox_files\lockbox_file_1.txt
2014-02-26 12:50:55,441 ERROR [bill_processor] Text Line import error: R ZZZ bad Summary line
gov.opm.scrd.batchprocessing.jobs.BatchProcessingException: Text Line import error: R ZZZ bad Summary line [See nested exception: javax.persistence.PersistenceException: org.hibernate.exception.SQLGrammarException: Error extracting results from CallableStatement]
	at gov.opm.scrd.batchprocessing.jobs.BatchProcessingJob.loadFileContent(BatchProcessingJob.java:870)
	at gov.opm.scrd.batchprocessing.jobs.BatchProcessingJob.importFile(BatchProcessingJob.java:725)
	at gov.opm.scrd.batchprocessing.jobs.BatchProcessingJob.importFiles(BatchProcessingJob.java:703)
	at gov.opm.scrd.batchprocessing.jobs.BatchProcessingJob.doExecute(BatchProcessingJob.java:480)
	at gov.opm.scrd.batchprocessing.jobs.BatchProcessingJob.execute(BatchProcessingJob.java:377)
	at gov.opm.scrd.batchprocessing.jobs.BatchProcessingJobTests.testCase_ImportFile_BadSummaryLine(BatchProcessingJobTests.java:530)
	at sun.reflect.NativeMethodAccessorImpl.invoke0(Native Method)
	at sun.reflect.NativeMethodAccessorImpl.invoke(NativeMethodAccessorImpl.java:39)
	at sun.reflect.DelegatingMethodAccessorImpl.invoke(DelegatingMethodAccessorImpl.java:25)
	at java.lang.reflect.Method.invoke(Method.java:597)
	at org.junit.runners.model.FrameworkMethod$1.runReflectiveCall(FrameworkMethod.java:45)
	at org.junit.internal.runners.model.ReflectiveCallable.run(ReflectiveCallable.java:15)
	at org.junit.runners.model.FrameworkMethod.invokeExplosively(FrameworkMethod.java:42)
	at org.junit.internal.runners.statements.InvokeMethod.evaluate(InvokeMethod.java:20)
	at org.junit.internal.runners.statements.RunBefores.evaluate(RunBefores.java:28)
	at org.springframework.test.context.junit4.statements.RunBeforeTestMethodCallbacks.evaluate(RunBeforeTestMethodCallbacks.java:74)
	at org.junit.internal.runners.statements.RunAfters.evaluate(RunAfters.java:30)
	at org.springframework.test.context.junit4.statements.RunAfterTestMethodCallbacks.evaluate(RunAfterTestMethodCallbacks.java:83)
	at org.springframework.test.context.junit4.statements.SpringRepeat.evaluate(SpringRepeat.java:72)
	at org.springframework.test.context.junit4.SpringJUnit4ClassRunner.runChild(SpringJUnit4ClassRunner.java:231)
	at org.springframework.test.context.junit4.SpringJUnit4ClassRunner.runChild(SpringJUnit4ClassRunner.java:88)
	at org.junit.runners.ParentRunner$3.run(ParentRunner.java:231)
	at org.junit.runners.ParentRunner$1.schedule(ParentRunner.java:60)
	at org.junit.runners.ParentRunner.runChildren(ParentRunner.java:229)
	at org.junit.runners.ParentRunner.access$000(ParentRunner.java:50)
	at org.junit.runners.ParentRunner$2.evaluate(ParentRunner.java:222)
	at org.junit.internal.runners.statements.RunBefores.evaluate(RunBefores.java:28)
	at org.springframework.test.context.junit4.statements.RunBeforeTestClassCallbacks.evaluate(RunBeforeTestClassCallbacks.java:61)
	at org.junit.internal.runners.statements.RunAfters.evaluate(RunAfters.java:30)
	at org.springframework.test.context.junit4.statements.RunAfterTestClassCallbacks.evaluate(RunAfterTestClassCallbacks.java:71)
	at org.junit.runners.ParentRunner.run(ParentRunner.java:300)
	at org.springframework.test.context.junit4.SpringJUnit4ClassRunner.run(SpringJUnit4ClassRunner.java:174)
	at junit.framework.JUnit4TestAdapter.run(JUnit4TestAdapter.java:39)
	at junit.framework.TestSuite.runTest(TestSuite.java:243)
	at junit.framework.TestSuite.run(TestSuite.java:238)
	at org.apache.tools.ant.taskdefs.optional.junit.JUnitTestRunner.run(JUnitTestRunner.java:520)
	at org.apache.tools.ant.taskdefs.optional.junit.JUnitTestRunner.launch(JUnitTestRunner.java:1060)
	at org.apache.tools.ant.taskdefs.optional.junit.JUnitTestRunner.main(JUnitTestRunner.java:911)
Caused by: javax.persistence.PersistenceException: org.hibernate.exception.SQLGrammarException: Error extracting results from CallableStatement
	at org.hibernate.jpa.spi.AbstractEntityManagerImpl.convert(AbstractEntityManagerImpl.java:1763)
	at org.hibernate.jpa.spi.AbstractEntityManagerImpl.convert(AbstractEntityManagerImpl.java:1677)
	at org.hibernate.jpa.internal.StoredProcedureQueryImpl.execute(StoredProcedureQueryImpl.java:241)
	at gov.opm.scrd.batchprocessing.jobs.BatchProcessingJob.loadFileContent(BatchProcessingJob.java:858)
	... 37 more
Caused by: org.hibernate.exception.SQLGrammarException: Error extracting results from CallableStatement
	at org.hibernate.exception.internal.SQLStateConversionDelegate.convert(SQLStateConversionDelegate.java:123)
	at org.hibernate.exception.internal.StandardSQLExceptionConverter.convert(StandardSQLExceptionConverter.java:49)
	at org.hibernate.engine.jdbc.spi.SqlExceptionHelper.convert(SqlExceptionHelper.java:126)
	at org.hibernate.result.internal.OutputsImpl.convert(OutputsImpl.java:96)
	at org.hibernate.result.internal.OutputsImpl.extractResults(OutputsImpl.java:155)
	at org.hibernate.result.internal.OutputsImpl.extractCurrentResults(OutputsImpl.java:143)
	at org.hibernate.result.internal.OutputsImpl.access$100(OutputsImpl.java:52)
	at org.hibernate.result.internal.OutputsImpl$CurrentReturnState.buildOutput(OutputsImpl.java:212)
	at org.hibernate.result.internal.OutputsImpl$CurrentReturnState.getOutput(OutputsImpl.java:187)
	at org.hibernate.result.internal.OutputsImpl.getCurrent(OutputsImpl.java:108)
	at org.hibernate.jpa.internal.StoredProcedureQueryImpl.execute(StoredProcedureQueryImpl.java:234)
	... 38 more
Caused by: org.postgresql.util.PSQLException: ResultSet 中找不到欄位名稱 auditBatchLogId。
	at org.postgresql.jdbc2.AbstractJdbc2ResultSet.findColumn(AbstractJdbc2ResultSet.java:2727)
	at org.postgresql.jdbc2.AbstractJdbc2ResultSet.getString(AbstractJdbc2ResultSet.java:2567)
	at org.hibernate.type.descriptor.sql.VarcharTypeDescriptor$2.doExtract(VarcharTypeDescriptor.java:74)
	at org.hibernate.type.descriptor.sql.BasicExtractor.extract(BasicExtractor.java:64)
	at org.hibernate.type.AbstractStandardBasicType.nullSafeGet(AbstractStandardBasicType.java:263)
	at org.hibernate.type.AbstractStandardBasicType.nullSafeGet(AbstractStandardBasicType.java:259)
	at org.hibernate.type.AbstractStandardBasicType.nullSafeGet(AbstractStandardBasicType.java:249)
	at org.hibernate.type.AbstractStandardBasicType.hydrate(AbstractStandardBasicType.java:334)
	at org.hibernate.persister.entity.AbstractEntityPersister.hydrate(AbstractEntityPersister.java:2969)
	at org.hibernate.loader.Loader.loadFromResultSet(Loader.java:1695)
	at org.hibernate.loader.Loader.instanceNotYetLoaded(Loader.java:1627)
	at org.hibernate.loader.Loader.getRow(Loader.java:1514)
	at org.hibernate.loader.Loader.getRowFromResultSet(Loader.java:725)
	at org.hibernate.loader.Loader.processResultSet(Loader.java:952)
	at org.hibernate.result.internal.OutputsImpl$CustomLoaderExtension.processResultSet(OutputsImpl.java:310)
	at org.hibernate.result.internal.OutputsImpl.extractResults(OutputsImpl.java:152)
	... 44 more
2014-02-26 12:50:55,442 INFO  [bill_processor] Send email to general@opm.gov, subject = [Service Credit Import: BATCH IMPORT ERROR]. Message:
Service Credit Batch started at 12:50:55 PM CST on February 26, 2014. Batch done at 12:50:55 PM CST.


Text Line import error: R ZZZ bad Summary line
2014-02-26 12:50:55,448 WARN  [bill_processor] Service Credit Batch has retried max 0 times today. The batch process will exit unsuccessfully.
2014-02-26 12:50:56,225 INFO  [bill_processor] Service Credit Batch started.
2014-02-26 12:50:56,232 ERROR [bill_processor] Transaction not active
java.lang.IllegalStateException: Transaction not active
	at org.hibernate.jpa.internal.TransactionImpl.rollback(TransactionImpl.java:105)
	at gov.opm.scrd.batchprocessing.jobs.BatchProcessingJob.commitTransaction(BatchProcessingJob.java:1741)
	at gov.opm.scrd.batchprocessing.jobs.BatchProcessingJob.persistEntity(BatchProcessingJob.java:1759)
	at gov.opm.scrd.batchprocessing.jobs.BatchProcessingJob.initTodayAuditBatch(BatchProcessingJob.java:579)
	at gov.opm.scrd.batchprocessing.jobs.BatchProcessingJob.doExecute(BatchProcessingJob.java:471)
	at gov.opm.scrd.batchprocessing.jobs.BatchProcessingJob.execute(BatchProcessingJob.java:377)
	at gov.opm.scrd.batchprocessing.jobs.BatchProcessingJobTests.testCase_ImportFile_SummaryAmountNotMatch1(BatchProcessingJobTests.java:568)
	at sun.reflect.NativeMethodAccessorImpl.invoke0(Native Method)
	at sun.reflect.NativeMethodAccessorImpl.invoke(NativeMethodAccessorImpl.java:39)
	at sun.reflect.DelegatingMethodAccessorImpl.invoke(DelegatingMethodAccessorImpl.java:25)
	at java.lang.reflect.Method.invoke(Method.java:597)
	at org.junit.runners.model.FrameworkMethod$1.runReflectiveCall(FrameworkMethod.java:45)
	at org.junit.internal.runners.model.ReflectiveCallable.run(ReflectiveCallable.java:15)
	at org.junit.runners.model.FrameworkMethod.invokeExplosively(FrameworkMethod.java:42)
	at org.junit.internal.runners.statements.InvokeMethod.evaluate(InvokeMethod.java:20)
	at org.junit.internal.runners.statements.RunBefores.evaluate(RunBefores.java:28)
	at org.springframework.test.context.junit4.statements.RunBeforeTestMethodCallbacks.evaluate(RunBeforeTestMethodCallbacks.java:74)
	at org.junit.internal.runners.statements.RunAfters.evaluate(RunAfters.java:30)
	at org.springframework.test.context.junit4.statements.RunAfterTestMethodCallbacks.evaluate(RunAfterTestMethodCallbacks.java:83)
	at org.springframework.test.context.junit4.statements.SpringRepeat.evaluate(SpringRepeat.java:72)
	at org.springframework.test.context.junit4.SpringJUnit4ClassRunner.runChild(SpringJUnit4ClassRunner.java:231)
	at org.springframework.test.context.junit4.SpringJUnit4ClassRunner.runChild(SpringJUnit4ClassRunner.java:88)
	at org.junit.runners.ParentRunner$3.run(ParentRunner.java:231)
	at org.junit.runners.ParentRunner$1.schedule(ParentRunner.java:60)
	at org.junit.runners.ParentRunner.runChildren(ParentRunner.java:229)
	at org.junit.runners.ParentRunner.access$000(ParentRunner.java:50)
	at org.junit.runners.ParentRunner$2.evaluate(ParentRunner.java:222)
	at org.junit.internal.runners.statements.RunBefores.evaluate(RunBefores.java:28)
	at org.springframework.test.context.junit4.statements.RunBeforeTestClassCallbacks.evaluate(RunBeforeTestClassCallbacks.java:61)
	at org.junit.internal.runners.statements.RunAfters.evaluate(RunAfters.java:30)
	at org.springframework.test.context.junit4.statements.RunAfterTestClassCallbacks.evaluate(RunAfterTestClassCallbacks.java:71)
	at org.junit.runners.ParentRunner.run(ParentRunner.java:300)
	at org.springframework.test.context.junit4.SpringJUnit4ClassRunner.run(SpringJUnit4ClassRunner.java:174)
	at junit.framework.JUnit4TestAdapter.run(JUnit4TestAdapter.java:39)
	at junit.framework.TestSuite.runTest(TestSuite.java:243)
	at junit.framework.TestSuite.run(TestSuite.java:238)
	at org.apache.tools.ant.taskdefs.optional.junit.JUnitTestRunner.run(JUnitTestRunner.java:520)
	at org.apache.tools.ant.taskdefs.optional.junit.JUnitTestRunner.launch(JUnitTestRunner.java:1060)
	at org.apache.tools.ant.taskdefs.optional.junit.JUnitTestRunner.main(JUnitTestRunner.java:911)
2014-02-26 12:50:56,232 INFO  [bill_processor] Send email to general@opm.gov, subject = [Service Credit Nightly Batch: ERROR!!]. Message:
Service Credit Batch started at 12:50:56 PM CST on February 26, 2014. Batch done at 12:50:56 PM CST.


Transaction not active
2014-02-26 12:50:56,237 WARN  [bill_processor] Service Credit Batch has retried max 0 times today. The batch process will exit unsuccessfully.
2014-02-26 12:50:56,956 INFO  [bill_processor] Service Credit Batch started.
2014-02-26 12:50:56,963 INFO  [bill_processor] Is today holiday : true
2014-02-26 12:50:56,965 INFO  [bill_processor] Start importing files in: test_files\lockbox_files
2014-02-26 12:50:56,965 INFO  [bill_processor] Start loading file content from: test_files\lockbox_files\lockbox_file_1.txt
2014-02-26 12:50:56,967 ERROR [bill_processor] Text Line import error: C 02      1112233031277  Chizago, IL 12345-1234
gov.opm.scrd.batchprocessing.jobs.BatchProcessingException: Text Line import error: C 02      1112233031277  Chizago, IL 12345-1234 [See nested exception: javax.persistence.PersistenceException: org.hibernate.exception.SQLGrammarException: Error extracting results from CallableStatement]
	at gov.opm.scrd.batchprocessing.jobs.BatchProcessingJob.loadFileContent(BatchProcessingJob.java:870)
	at gov.opm.scrd.batchprocessing.jobs.BatchProcessingJob.importFile(BatchProcessingJob.java:725)
	at gov.opm.scrd.batchprocessing.jobs.BatchProcessingJob.importFiles(BatchProcessingJob.java:703)
	at gov.opm.scrd.batchprocessing.jobs.BatchProcessingJob.doExecute(BatchProcessingJob.java:480)
	at gov.opm.scrd.batchprocessing.jobs.BatchProcessingJob.execute(BatchProcessingJob.java:377)
	at gov.opm.scrd.batchprocessing.jobs.BatchProcessingJobTests.testCase_ImportFile_SummaryAmountNotMatch2(BatchProcessingJobTests.java:595)
	at sun.reflect.NativeMethodAccessorImpl.invoke0(Native Method)
	at sun.reflect.NativeMethodAccessorImpl.invoke(NativeMethodAccessorImpl.java:39)
	at sun.reflect.DelegatingMethodAccessorImpl.invoke(DelegatingMethodAccessorImpl.java:25)
	at java.lang.reflect.Method.invoke(Method.java:597)
	at org.junit.runners.model.FrameworkMethod$1.runReflectiveCall(FrameworkMethod.java:45)
	at org.junit.internal.runners.model.ReflectiveCallable.run(ReflectiveCallable.java:15)
	at org.junit.runners.model.FrameworkMethod.invokeExplosively(FrameworkMethod.java:42)
	at org.junit.internal.runners.statements.InvokeMethod.evaluate(InvokeMethod.java:20)
	at org.junit.internal.runners.statements.RunBefores.evaluate(RunBefores.java:28)
	at org.springframework.test.context.junit4.statements.RunBeforeTestMethodCallbacks.evaluate(RunBeforeTestMethodCallbacks.java:74)
	at org.junit.internal.runners.statements.RunAfters.evaluate(RunAfters.java:30)
	at org.springframework.test.context.junit4.statements.RunAfterTestMethodCallbacks.evaluate(RunAfterTestMethodCallbacks.java:83)
	at org.springframework.test.context.junit4.statements.SpringRepeat.evaluate(SpringRepeat.java:72)
	at org.springframework.test.context.junit4.SpringJUnit4ClassRunner.runChild(SpringJUnit4ClassRunner.java:231)
	at org.springframework.test.context.junit4.SpringJUnit4ClassRunner.runChild(SpringJUnit4ClassRunner.java:88)
	at org.junit.runners.ParentRunner$3.run(ParentRunner.java:231)
	at org.junit.runners.ParentRunner$1.schedule(ParentRunner.java:60)
	at org.junit.runners.ParentRunner.runChildren(ParentRunner.java:229)
	at org.junit.runners.ParentRunner.access$000(ParentRunner.java:50)
	at org.junit.runners.ParentRunner$2.evaluate(ParentRunner.java:222)
	at org.junit.internal.runners.statements.RunBefores.evaluate(RunBefores.java:28)
	at org.springframework.test.context.junit4.statements.RunBeforeTestClassCallbacks.evaluate(RunBeforeTestClassCallbacks.java:61)
	at org.junit.internal.runners.statements.RunAfters.evaluate(RunAfters.java:30)
	at org.springframework.test.context.junit4.statements.RunAfterTestClassCallbacks.evaluate(RunAfterTestClassCallbacks.java:71)
	at org.junit.runners.ParentRunner.run(ParentRunner.java:300)
	at org.springframework.test.context.junit4.SpringJUnit4ClassRunner.run(SpringJUnit4ClassRunner.java:174)
	at junit.framework.JUnit4TestAdapter.run(JUnit4TestAdapter.java:39)
	at junit.framework.TestSuite.runTest(TestSuite.java:243)
	at junit.framework.TestSuite.run(TestSuite.java:238)
	at org.apache.tools.ant.taskdefs.optional.junit.JUnitTestRunner.run(JUnitTestRunner.java:520)
	at org.apache.tools.ant.taskdefs.optional.junit.JUnitTestRunner.launch(JUnitTestRunner.java:1060)
	at org.apache.tools.ant.taskdefs.optional.junit.JUnitTestRunner.main(JUnitTestRunner.java:911)
Caused by: javax.persistence.PersistenceException: org.hibernate.exception.SQLGrammarException: Error extracting results from CallableStatement
	at org.hibernate.jpa.spi.AbstractEntityManagerImpl.convert(AbstractEntityManagerImpl.java:1763)
	at org.hibernate.jpa.spi.AbstractEntityManagerImpl.convert(AbstractEntityManagerImpl.java:1677)
	at org.hibernate.jpa.internal.StoredProcedureQueryImpl.execute(StoredProcedureQueryImpl.java:241)
	at gov.opm.scrd.batchprocessing.jobs.BatchProcessingJob.loadFileContent(BatchProcessingJob.java:858)
	... 37 more
Caused by: org.hibernate.exception.SQLGrammarException: Error extracting results from CallableStatement
	at org.hibernate.exception.internal.SQLStateConversionDelegate.convert(SQLStateConversionDelegate.java:123)
	at org.hibernate.exception.internal.StandardSQLExceptionConverter.convert(StandardSQLExceptionConverter.java:49)
	at org.hibernate.engine.jdbc.spi.SqlExceptionHelper.convert(SqlExceptionHelper.java:126)
	at org.hibernate.result.internal.OutputsImpl.convert(OutputsImpl.java:96)
	at org.hibernate.result.internal.OutputsImpl.extractResults(OutputsImpl.java:155)
	at org.hibernate.result.internal.OutputsImpl.extractCurrentResults(OutputsImpl.java:143)
	at org.hibernate.result.internal.OutputsImpl.access$100(OutputsImpl.java:52)
	at org.hibernate.result.internal.OutputsImpl$CurrentReturnState.buildOutput(OutputsImpl.java:212)
	at org.hibernate.result.internal.OutputsImpl$CurrentReturnState.getOutput(OutputsImpl.java:187)
	at org.hibernate.result.internal.OutputsImpl.getCurrent(OutputsImpl.java:108)
	at org.hibernate.jpa.internal.StoredProcedureQueryImpl.execute(StoredProcedureQueryImpl.java:234)
	... 38 more
Caused by: org.postgresql.util.PSQLException: ResultSet 中找不到欄位名稱 auditBatchLogId。
	at org.postgresql.jdbc2.AbstractJdbc2ResultSet.findColumn(AbstractJdbc2ResultSet.java:2727)
	at org.postgresql.jdbc2.AbstractJdbc2ResultSet.getString(AbstractJdbc2ResultSet.java:2567)
	at org.hibernate.type.descriptor.sql.VarcharTypeDescriptor$2.doExtract(VarcharTypeDescriptor.java:74)
	at org.hibernate.type.descriptor.sql.BasicExtractor.extract(BasicExtractor.java:64)
	at org.hibernate.type.AbstractStandardBasicType.nullSafeGet(AbstractStandardBasicType.java:263)
	at org.hibernate.type.AbstractStandardBasicType.nullSafeGet(AbstractStandardBasicType.java:259)
	at org.hibernate.type.AbstractStandardBasicType.nullSafeGet(AbstractStandardBasicType.java:249)
	at org.hibernate.type.AbstractStandardBasicType.hydrate(AbstractStandardBasicType.java:334)
	at org.hibernate.persister.entity.AbstractEntityPersister.hydrate(AbstractEntityPersister.java:2969)
	at org.hibernate.loader.Loader.loadFromResultSet(Loader.java:1695)
	at org.hibernate.loader.Loader.instanceNotYetLoaded(Loader.java:1627)
	at org.hibernate.loader.Loader.getRow(Loader.java:1514)
	at org.hibernate.loader.Loader.getRowFromResultSet(Loader.java:725)
	at org.hibernate.loader.Loader.processResultSet(Loader.java:952)
	at org.hibernate.result.internal.OutputsImpl$CustomLoaderExtension.processResultSet(OutputsImpl.java:310)
	at org.hibernate.result.internal.OutputsImpl.extractResults(OutputsImpl.java:152)
	... 44 more
2014-02-26 12:50:56,968 INFO  [bill_processor] Send email to general@opm.gov, subject = [Service Credit Import: BATCH IMPORT ERROR]. Message:
Service Credit Batch started at 12:50:56 PM CST on February 26, 2014. Batch done at 12:50:56 PM CST.


Text Line import error: C 02      1112233031277  Chizago, IL 12345-1234
2014-02-26 12:50:56,973 WARN  [bill_processor] Service Credit Batch has retried max 0 times today. The batch process will exit unsuccessfully.
2014-02-26 12:50:57,445 INFO  [bill_processor] Service Credit Batch started.
2014-02-26 12:50:57,450 ERROR [bill_processor] Transaction not active
java.lang.IllegalStateException: Transaction not active
	at org.hibernate.jpa.internal.TransactionImpl.rollback(TransactionImpl.java:105)
	at gov.opm.scrd.batchprocessing.jobs.BatchProcessingJob.commitTransaction(BatchProcessingJob.java:1741)
	at gov.opm.scrd.batchprocessing.jobs.BatchProcessingJob.persistEntity(BatchProcessingJob.java:1759)
	at gov.opm.scrd.batchprocessing.jobs.BatchProcessingJob.initTodayAuditBatch(BatchProcessingJob.java:579)
	at gov.opm.scrd.batchprocessing.jobs.BatchProcessingJob.doExecute(BatchProcessingJob.java:471)
	at gov.opm.scrd.batchprocessing.jobs.BatchProcessingJob.execute(BatchProcessingJob.java:377)
	at gov.opm.scrd.batchprocessing.jobs.BatchProcessingJobTests.testCase_ImportFile(BatchProcessingJobTests.java:623)
	at sun.reflect.NativeMethodAccessorImpl.invoke0(Native Method)
	at sun.reflect.NativeMethodAccessorImpl.invoke(NativeMethodAccessorImpl.java:39)
	at sun.reflect.DelegatingMethodAccessorImpl.invoke(DelegatingMethodAccessorImpl.java:25)
	at java.lang.reflect.Method.invoke(Method.java:597)
	at org.junit.runners.model.FrameworkMethod$1.runReflectiveCall(FrameworkMethod.java:45)
	at org.junit.internal.runners.model.ReflectiveCallable.run(ReflectiveCallable.java:15)
	at org.junit.runners.model.FrameworkMethod.invokeExplosively(FrameworkMethod.java:42)
	at org.junit.internal.runners.statements.InvokeMethod.evaluate(InvokeMethod.java:20)
	at org.junit.internal.runners.statements.RunBefores.evaluate(RunBefores.java:28)
	at org.springframework.test.context.junit4.statements.RunBeforeTestMethodCallbacks.evaluate(RunBeforeTestMethodCallbacks.java:74)
	at org.junit.internal.runners.statements.RunAfters.evaluate(RunAfters.java:30)
	at org.springframework.test.context.junit4.statements.RunAfterTestMethodCallbacks.evaluate(RunAfterTestMethodCallbacks.java:83)
	at org.springframework.test.context.junit4.statements.SpringRepeat.evaluate(SpringRepeat.java:72)
	at org.springframework.test.context.junit4.SpringJUnit4ClassRunner.runChild(SpringJUnit4ClassRunner.java:231)
	at org.springframework.test.context.junit4.SpringJUnit4ClassRunner.runChild(SpringJUnit4ClassRunner.java:88)
	at org.junit.runners.ParentRunner$3.run(ParentRunner.java:231)
	at org.junit.runners.ParentRunner$1.schedule(ParentRunner.java:60)
	at org.junit.runners.ParentRunner.runChildren(ParentRunner.java:229)
	at org.junit.runners.ParentRunner.access$000(ParentRunner.java:50)
	at org.junit.runners.ParentRunner$2.evaluate(ParentRunner.java:222)
	at org.junit.internal.runners.statements.RunBefores.evaluate(RunBefores.java:28)
	at org.springframework.test.context.junit4.statements.RunBeforeTestClassCallbacks.evaluate(RunBeforeTestClassCallbacks.java:61)
	at org.junit.internal.runners.statements.RunAfters.evaluate(RunAfters.java:30)
	at org.springframework.test.context.junit4.statements.RunAfterTestClassCallbacks.evaluate(RunAfterTestClassCallbacks.java:71)
	at org.junit.runners.ParentRunner.run(ParentRunner.java:300)
	at org.springframework.test.context.junit4.SpringJUnit4ClassRunner.run(SpringJUnit4ClassRunner.java:174)
	at junit.framework.JUnit4TestAdapter.run(JUnit4TestAdapter.java:39)
	at junit.framework.TestSuite.runTest(TestSuite.java:243)
	at junit.framework.TestSuite.run(TestSuite.java:238)
	at org.apache.tools.ant.taskdefs.optional.junit.JUnitTestRunner.run(JUnitTestRunner.java:520)
	at org.apache.tools.ant.taskdefs.optional.junit.JUnitTestRunner.launch(JUnitTestRunner.java:1060)
	at org.apache.tools.ant.taskdefs.optional.junit.JUnitTestRunner.main(JUnitTestRunner.java:911)
2014-02-26 12:50:57,450 INFO  [bill_processor] Send email to general@opm.gov, subject = [Service Credit Nightly Batch: ERROR!!]. Message:
Service Credit Batch started at 12:50:57 PM CST on February 26, 2014. Batch done at 12:50:57 PM CST.


Transaction not active
2014-02-26 12:50:57,455 WARN  [bill_processor] Service Credit Batch has retried max 0 times today. The batch process will exit unsuccessfully.
2014-02-26 12:50:57,717 INFO  [bill_processor] Service Credit Batch started.
2014-02-26 12:50:57,722 INFO  [bill_processor] Is today holiday : false
2014-02-26 12:50:57,724 INFO  [bill_processor] Start importing files in: test_files\lockbox_files
2014-02-26 12:50:57,724 INFO  [bill_processor] Start loading file content from: test_files\lockbox_files\lockbox_file_1.txt
2014-02-26 12:50:57,726 ERROR [bill_processor] Text Line import error: C 02      1112233031277  Chizago, IL 12345-1234
gov.opm.scrd.batchprocessing.jobs.BatchProcessingException: Text Line import error: C 02      1112233031277  Chizago, IL 12345-1234 [See nested exception: javax.persistence.PersistenceException: org.hibernate.exception.SQLGrammarException: Error extracting results from CallableStatement]
	at gov.opm.scrd.batchprocessing.jobs.BatchProcessingJob.loadFileContent(BatchProcessingJob.java:870)
	at gov.opm.scrd.batchprocessing.jobs.BatchProcessingJob.importFile(BatchProcessingJob.java:725)
	at gov.opm.scrd.batchprocessing.jobs.BatchProcessingJob.importFiles(BatchProcessingJob.java:703)
	at gov.opm.scrd.batchprocessing.jobs.BatchProcessingJob.doExecute(BatchProcessingJob.java:480)
	at gov.opm.scrd.batchprocessing.jobs.BatchProcessingJob.execute(BatchProcessingJob.java:377)
	at gov.opm.scrd.batchprocessing.jobs.BatchProcessingJobTests.testCase_ProcessBills(BatchProcessingJobTests.java:718)
	at sun.reflect.NativeMethodAccessorImpl.invoke0(Native Method)
	at sun.reflect.NativeMethodAccessorImpl.invoke(NativeMethodAccessorImpl.java:39)
	at sun.reflect.DelegatingMethodAccessorImpl.invoke(DelegatingMethodAccessorImpl.java:25)
	at java.lang.reflect.Method.invoke(Method.java:597)
	at org.junit.runners.model.FrameworkMethod$1.runReflectiveCall(FrameworkMethod.java:45)
	at org.junit.internal.runners.model.ReflectiveCallable.run(ReflectiveCallable.java:15)
	at org.junit.runners.model.FrameworkMethod.invokeExplosively(FrameworkMethod.java:42)
	at org.junit.internal.runners.statements.InvokeMethod.evaluate(InvokeMethod.java:20)
	at org.junit.internal.runners.statements.RunBefores.evaluate(RunBefores.java:28)
	at org.springframework.test.context.junit4.statements.RunBeforeTestMethodCallbacks.evaluate(RunBeforeTestMethodCallbacks.java:74)
	at org.junit.internal.runners.statements.RunAfters.evaluate(RunAfters.java:30)
	at org.springframework.test.context.junit4.statements.RunAfterTestMethodCallbacks.evaluate(RunAfterTestMethodCallbacks.java:83)
	at org.springframework.test.context.junit4.statements.SpringRepeat.evaluate(SpringRepeat.java:72)
	at org.springframework.test.context.junit4.SpringJUnit4ClassRunner.runChild(SpringJUnit4ClassRunner.java:231)
	at org.springframework.test.context.junit4.SpringJUnit4ClassRunner.runChild(SpringJUnit4ClassRunner.java:88)
	at org.junit.runners.ParentRunner$3.run(ParentRunner.java:231)
	at org.junit.runners.ParentRunner$1.schedule(ParentRunner.java:60)
	at org.junit.runners.ParentRunner.runChildren(ParentRunner.java:229)
	at org.junit.runners.ParentRunner.access$000(ParentRunner.java:50)
	at org.junit.runners.ParentRunner$2.evaluate(ParentRunner.java:222)
	at org.junit.internal.runners.statements.RunBefores.evaluate(RunBefores.java:28)
	at org.springframework.test.context.junit4.statements.RunBeforeTestClassCallbacks.evaluate(RunBeforeTestClassCallbacks.java:61)
	at org.junit.internal.runners.statements.RunAfters.evaluate(RunAfters.java:30)
	at org.springframework.test.context.junit4.statements.RunAfterTestClassCallbacks.evaluate(RunAfterTestClassCallbacks.java:71)
	at org.junit.runners.ParentRunner.run(ParentRunner.java:300)
	at org.springframework.test.context.junit4.SpringJUnit4ClassRunner.run(SpringJUnit4ClassRunner.java:174)
	at junit.framework.JUnit4TestAdapter.run(JUnit4TestAdapter.java:39)
	at junit.framework.TestSuite.runTest(TestSuite.java:243)
	at junit.framework.TestSuite.run(TestSuite.java:238)
	at org.apache.tools.ant.taskdefs.optional.junit.JUnitTestRunner.run(JUnitTestRunner.java:520)
	at org.apache.tools.ant.taskdefs.optional.junit.JUnitTestRunner.launch(JUnitTestRunner.java:1060)
	at org.apache.tools.ant.taskdefs.optional.junit.JUnitTestRunner.main(JUnitTestRunner.java:911)
Caused by: javax.persistence.PersistenceException: org.hibernate.exception.SQLGrammarException: Error extracting results from CallableStatement
	at org.hibernate.jpa.spi.AbstractEntityManagerImpl.convert(AbstractEntityManagerImpl.java:1763)
	at org.hibernate.jpa.spi.AbstractEntityManagerImpl.convert(AbstractEntityManagerImpl.java:1677)
	at org.hibernate.jpa.internal.StoredProcedureQueryImpl.execute(StoredProcedureQueryImpl.java:241)
	at gov.opm.scrd.batchprocessing.jobs.BatchProcessingJob.loadFileContent(BatchProcessingJob.java:858)
	... 37 more
Caused by: org.hibernate.exception.SQLGrammarException: Error extracting results from CallableStatement
	at org.hibernate.exception.internal.SQLStateConversionDelegate.convert(SQLStateConversionDelegate.java:123)
	at org.hibernate.exception.internal.StandardSQLExceptionConverter.convert(StandardSQLExceptionConverter.java:49)
	at org.hibernate.engine.jdbc.spi.SqlExceptionHelper.convert(SqlExceptionHelper.java:126)
	at org.hibernate.result.internal.OutputsImpl.convert(OutputsImpl.java:96)
	at org.hibernate.result.internal.OutputsImpl.extractResults(OutputsImpl.java:155)
	at org.hibernate.result.internal.OutputsImpl.extractCurrentResults(OutputsImpl.java:143)
	at org.hibernate.result.internal.OutputsImpl.access$100(OutputsImpl.java:52)
	at org.hibernate.result.internal.OutputsImpl$CurrentReturnState.buildOutput(OutputsImpl.java:212)
	at org.hibernate.result.internal.OutputsImpl$CurrentReturnState.getOutput(OutputsImpl.java:187)
	at org.hibernate.result.internal.OutputsImpl.getCurrent(OutputsImpl.java:108)
	at org.hibernate.jpa.internal.StoredProcedureQueryImpl.execute(StoredProcedureQueryImpl.java:234)
	... 38 more
Caused by: org.postgresql.util.PSQLException: ResultSet 中找不到欄位名稱 auditBatchLogId。
	at org.postgresql.jdbc2.AbstractJdbc2ResultSet.findColumn(AbstractJdbc2ResultSet.java:2727)
	at org.postgresql.jdbc2.AbstractJdbc2ResultSet.getString(AbstractJdbc2ResultSet.java:2567)
	at org.hibernate.type.descriptor.sql.VarcharTypeDescriptor$2.doExtract(VarcharTypeDescriptor.java:74)
	at org.hibernate.type.descriptor.sql.BasicExtractor.extract(BasicExtractor.java:64)
	at org.hibernate.type.AbstractStandardBasicType.nullSafeGet(AbstractStandardBasicType.java:263)
	at org.hibernate.type.AbstractStandardBasicType.nullSafeGet(AbstractStandardBasicType.java:259)
	at org.hibernate.type.AbstractStandardBasicType.nullSafeGet(AbstractStandardBasicType.java:249)
	at org.hibernate.type.AbstractStandardBasicType.hydrate(AbstractStandardBasicType.java:334)
	at org.hibernate.persister.entity.AbstractEntityPersister.hydrate(AbstractEntityPersister.java:2969)
	at org.hibernate.loader.Loader.loadFromResultSet(Loader.java:1695)
	at org.hibernate.loader.Loader.instanceNotYetLoaded(Loader.java:1627)
	at org.hibernate.loader.Loader.getRow(Loader.java:1514)
	at org.hibernate.loader.Loader.getRowFromResultSet(Loader.java:725)
	at org.hibernate.loader.Loader.processResultSet(Loader.java:952)
	at org.hibernate.result.internal.OutputsImpl$CustomLoaderExtension.processResultSet(OutputsImpl.java:310)
	at org.hibernate.result.internal.OutputsImpl.extractResults(OutputsImpl.java:152)
	... 44 more
2014-02-26 12:50:57,727 INFO  [bill_processor] Send email to general@opm.gov, subject = [Service Credit Import: BATCH IMPORT ERROR]. Message:
Service Credit Batch started at 12:50:57 PM CST on February 26, 2014. Batch done at 12:50:57 PM CST.


Text Line import error: C 02      1112233031277  Chizago, IL 12345-1234
2014-02-26 12:50:57,732 WARN  [bill_processor] Service Credit Batch has retried max 0 times today. The batch process will exit unsuccessfully.
2014-02-26 12:57:51,906 INFO  [bill_processor] Total Payment Records: 1
2014-02-26 12:58:22,710 INFO  [bill_processor] Total Payment Records: 1
2014-02-26 12:58:26,500 INFO  [bill_processor] Total Payment Records: 2
2014-02-26 12:58:28,760 INFO  [bill_processor] Total Payment Records: 0
2014-02-26 12:58:31,864 INFO  [bill_processor] Total Payment Records: 1
2014-02-26 12:58:34,965 INFO  [bill_processor] Total Payment Records: 1
2014-02-26 12:58:37,892 INFO  [bill_processor] Total Payment Records: 1
2014-02-26 12:58:40,356 ERROR [bill_processor] 9Calculation Failure: gov.opm.scrd.mock.MockWaltRuleService calculating the new amount in the calculation engine.
2014-02-26 12:58:40,360 INFO  [bill_processor] Total Payment Records: 1
2014-02-26 12:58:42,403 INFO  [bill_processor] Total Payment Records: 1
2014-02-26 12:58:44,239 INFO  [bill_processor] Total Payment Records: 1
2014-02-26 12:58:45,557 INFO  [bill_processor] Total Payment Records: 1
2014-02-26 12:58:47,343 INFO  [bill_processor] 13 Calculation Failure. calculating the new amount
2014-02-26 12:58:47,348 INFO  [bill_processor] Total Payment Records: 1
2014-02-26 12:58:48,691 INFO  [bill_processor] Total Payment Records: 1
2014-02-26 12:58:49,993 INFO  [bill_processor] 15 processing an adjustment payment.
2014-02-26 12:58:49,997 INFO  [bill_processor] Total Payment Records: 1
2014-02-26 12:58:51,872 INFO  [bill_processor] 16 processing an adjustment payment.
2014-02-26 12:58:51,877 INFO  [bill_processor] Total Payment Records: 1
2014-02-26 12:58:53,626 ERROR [bill_processor] Error in method BillProcessorImpl.applyManualAdjustment java.lang.IllegalArgumentException: org.hibernate.hql.internal.ast.QuerySyntaxException: unexpected token: * near line 1, column 8 [select * from gov.opm.scrd.entities.application.Payment p where p.claimNumber = :claimNumber and p.transactionDate >= :startDate and p.transactionDate < :endDate]
	at org.hibernate.jpa.spi.AbstractEntityManagerImpl.convert(AbstractEntityManagerImpl.java:1750)
	at org.hibernate.jpa.spi.AbstractEntityManagerImpl.convert(AbstractEntityManagerImpl.java:1677)
	at org.hibernate.jpa.spi.AbstractEntityManagerImpl.convert(AbstractEntityManagerImpl.java:1683)
	at org.hibernate.jpa.spi.AbstractEntityManagerImpl.createQuery(AbstractEntityManagerImpl.java:350)
	at sun.reflect.GeneratedMethodAccessor384.invoke(Unknown Source)
	at sun.reflect.DelegatingMethodAccessorImpl.invoke(DelegatingMethodAccessorImpl.java:25)
	at java.lang.reflect.Method.invoke(Method.java:597)
	at org.springframework.orm.jpa.ExtendedEntityManagerCreator$Exte
2014-02-26 12:58:53,626 INFO  [bill_processor] 17 processing an adjustment payment.
2014-02-26 12:58:53,631 INFO  [bill_processor] Total Payment Records: 1
2014-02-26 12:58:55,090 INFO  [bill_processor] Total Payment Records: 1
2014-02-26 12:58:56,759 INFO  [bill_processor] Total Payment Records: 1
2014-02-26 12:58:58,366 INFO  [bill_processor] Total Payment Records: 1
2014-02-26 12:58:59,734 INFO  [bill_processor] Total Payment Records: 1
2014-02-26 12:59:01,327 INFO  [bill_processor] Total Payment Records: 1
2014-02-26 12:59:02,421 INFO  [bill_processor] Total Payment Records: 1
2014-02-26 12:59:03,449 INFO  [bill_processor] Total Payment Records: 1
2014-02-26 12:59:04,361 INFO  [bill_processor] Total Payment Records: 1
2014-02-26 12:59:05,443 INFO  [bill_processor] Total Payment Records: 1
2014-02-26 12:59:07,362 INFO  [bill_processor] Service Credit Batch started.
2014-02-26 12:59:07,369 ERROR [bill_processor] User NotBatchUser is not allowed to run the batch service.
gov.opm.scrd.services.AuthorizationException: Batch process user [NotBatchUser] is not found
	at gov.opm.scrd.batchprocessing.jobs.BatchProcessingJob.doExecute(BatchProcessingJob.java:440)
	at gov.opm.scrd.batchprocessing.jobs.BatchProcessingJob.execute(BatchProcessingJob.java:377)
	at gov.opm.scrd.batchprocessing.jobs.BatchProcessingJobTests.testCase_BatchUserViolation(BatchProcessingJobTests.java:339)
	at sun.reflect.NativeMethodAccessorImpl.invoke0(Native Method)
	at sun.reflect.NativeMethodAccessorImpl.invoke(NativeMethodAccessorImpl.java:39)
	at sun.reflect.DelegatingMethodAccessorImpl.invoke(DelegatingMethodAccessorImpl.java:25)
	at java.lang.reflect.Method.invoke(Method.java:597)
	at org.junit.runners.model.FrameworkMethod$1.runReflectiveCall(FrameworkMethod.java:45)
	at org.junit.internal.runners.model.ReflectiveCallable.run(ReflectiveCallable.java:15)
	at org.junit.runners.model.FrameworkMethod.invokeExplosively(FrameworkMethod.java:42)
	at org.junit.internal.runners.statements.InvokeMethod.evaluate(InvokeMethod.java:20)
	at org.junit.internal.runners.statements.RunBefores.evaluate(RunBefores.java:28)
	at org.springframework.test.context.junit4.statements.RunBeforeTestMethodCallbacks.evaluate(RunBeforeTestMethodCallbacks.java:74)
	at org.junit.internal.runners.statements.RunAfters.evaluate(RunAfters.java:30)
	at org.springframework.test.context.junit4.statements.RunAfterTestMethodCallbacks.evaluate(RunAfterTestMethodCallbacks.java:83)
	at org.springframework.test.context.junit4.statements.SpringRepeat.evaluate(SpringRepeat.java:72)
	at org.springframework.test.context.junit4.SpringJUnit4ClassRunner.runChild(SpringJUnit4ClassRunner.java:231)
	at org.springframework.test.context.junit4.SpringJUnit4ClassRunner.runChild(SpringJUnit4ClassRunner.java:88)
	at org.junit.runners.ParentRunner$3.run(ParentRunner.java:231)
	at org.junit.runners.ParentRunner$1.schedule(ParentRunner.java:60)
	at org.junit.runners.ParentRunner.runChildren(ParentRunner.java:229)
	at org.junit.runners.ParentRunner.access$000(ParentRunner.java:50)
	at org.junit.runners.ParentRunner$2.evaluate(ParentRunner.java:222)
	at org.junit.internal.runners.statements.RunBefores.evaluate(RunBefores.java:28)
	at org.springframework.test.context.junit4.statements.RunBeforeTestClassCallbacks.evaluate(RunBeforeTestClassCallbacks.java:61)
	at org.junit.internal.runners.statements.RunAfters.evaluate(RunAfters.java:30)
	at org.springframework.test.context.junit4.statements.RunAfterTestClassCallbacks.evaluate(RunAfterTestClassCallbacks.java:71)
	at org.junit.runners.ParentRunner.run(ParentRunner.java:300)
	at org.springframework.test.context.junit4.SpringJUnit4ClassRunner.run(SpringJUnit4ClassRunner.java:174)
	at junit.framework.JUnit4TestAdapter.run(JUnit4TestAdapter.java:39)
	at junit.framework.TestSuite.runTest(TestSuite.java:243)
	at junit.framework.TestSuite.run(TestSuite.java:238)
	at org.apache.tools.ant.taskdefs.optional.junit.JUnitTestRunner.run(JUnitTestRunner.java:520)
	at org.apache.tools.ant.taskdefs.optional.junit.JUnitTestRunner.launch(JUnitTestRunner.java:1060)
	at org.apache.tools.ant.taskdefs.optional.junit.JUnitTestRunner.main(JUnitTestRunner.java:911)
2014-02-26 12:59:07,370 INFO  [bill_processor] Send email to general@opm.gov, subject = [Service Credit User Violation]. Message:
Service Credit Batch started at 12:59:07 PM CST on February 26, 2014. Batch done at 12:59:07 PM CST.

User NotBatchUser is not allowed to run the batch service. He does not exist. This is a serious configuration error. Call the Program Manager or DBA. 
2014-02-26 12:59:07,442 WARN  [bill_processor] Service Credit Batch has retried max 0 times today. The batch process will exit unsuccessfully.
2014-02-26 12:59:07,641 INFO  [bill_processor] Service Credit Batch started.
2014-02-26 12:59:07,663 INFO  [bill_processor] Is today holiday : false
2014-02-26 12:59:07,663 ERROR [bill_processor] Can not read folder: test_files\lockbox_files
2014-02-26 12:59:07,664 INFO  [bill_processor] Send email to general@opm.gov, subject = [SERVICE CREDIT BATCH CANNOT ACCESS NETWORK]. Message:
Service Credit Batch started at 12:59:07 PM CST on February 26, 2014. Batch done at 12:59:07 PM CST.

THE NETWORK IS DOWN! 
Network Services not Available for Service Credit. Cannot access the test_files/lockbox_files network folder. Please ask the Help Desk to investigate. SERVICE CREDIT IS SHUT DOWN UNTIL THIS ERROR IS FIXED! 
2014-02-26 12:59:07,669 WARN  [bill_processor] Service Credit Batch has retried max 0 times today. The batch process will exit unsuccessfully.
2014-02-26 12:59:07,887 INFO  [bill_processor] Service Credit Batch started.
2014-02-26 12:59:07,895 INFO  [bill_processor] Is today holiday : false
2014-02-26 12:59:07,896 ERROR [bill_processor] No files arrived today in: test_files\lockbox_files
2014-02-26 12:59:07,896 INFO  [bill_processor] Send email to general@opm.gov, subject = [SERVICE CREDIT LOCKBOX FILE IS LATE!]. Message:
Service Credit Batch started at 12:59:07 PM CST on February 26, 2014. Batch done at 12:59:07 PM CST.

Today's Lockbox Bank File has not arrived. Please notify Production Control and BSG that the data file is not in the test_files/lockbox_files network share. The nightly batch process is scheduled to run at 12:59:07 PM CST and today's import should run before that time. 
2014-02-26 12:59:07,902 WARN  [bill_processor] Service Credit Batch has retried max 0 times today. The batch process will exit unsuccessfully.
2014-02-26 12:59:08,156 INFO  [bill_processor] Service Credit Batch started.
2014-02-26 12:59:08,161 INFO  [bill_processor] Is today holiday : true
2014-02-26 12:59:08,163 INFO  [bill_processor] Start importing files in: test_files\lockbox_files
2014-02-26 12:59:08,164 INFO  [bill_processor] Start loading file content from: test_files\lockbox_files\lockbox_file_1.txt
2014-02-26 12:59:08,165 INFO  [bill_processor] 0 lines loaded from lockbox_file_1.txt which is backup to Dupe_SC022514_29.txt
2014-02-26 12:59:08,165 INFO  [bill_processor] End loading file content from: test_files\lockbox_files\lockbox_file_1.txt
2014-02-26 12:59:08,165 INFO  [bill_processor] 
Service Credit imported a data file from the bank lockbox on February 26, 2014 at 12:59:08 PM CST.
Lockbox data imported into the dbName database on server dbHostName from computer batchProcessHostName.

# Lines in file = 0
# Duplicate Lines = 0

# Records Processed = 0
# Check Payments = 0
# Good Check Payments = 0
# Bad Check Payments = 0
# Dupe Check Payments = 0
# ACH Payments = 0
# Good ACH Payments = 0
# Bad ACH Payments = 0
# Dupe ACH Payments = 0
# Bad Change Records = 0
# Good Change Records = 0
# No Match Change Records = 0
# Invalid Summary Records = 0
# Valid Summary Records = 0
# Successful Transactions = 0
# Failed Transactions = 0
# Invalid Lines = 0

Total Check Payments = 0
Total ACH Payments = 0
Total of Accepted Payments = 0
Total in File = 0

No bad records in this batch.
0 = number of successful calls to the ProcessImportRecord function.

         Accepted Payments: 0
       Unresolved Payments: 0
        Suspended Payments: 0
-----------------------------------
Pending payments processed: 0

2014-02-26 12:59:08,226 INFO  [bill_processor] Send email to general@opm.gov, subject = [Service Credit Import: OK ]. Message:
Service Credit Batch started at 12:59:08 PM CST on February 26, 2014. Batch done at 12:59:08 PM CST.

SUMMARY: The file import was successful.

   Number Type         Total
        0 ACH           0.00
        0 Check         0.00
============================
        0 All           0.00



SCRD found no payment records in this Lockbox file.


There are no change records in this Lockbox file.

DETAILS:
Audit Batch Log ID number is 29
File Contents:
 Number Type Description
====================================
      0 Total Lines in Lockbox File

Lockbox File Name:
lockbox_file_1.txt
Backup File Name:
Dupe_SC022514_29.txt

2014-02-26 12:59:08,235 INFO  [bill_processor] End importing files in: test_files\lockbox_files
2014-02-26 12:59:08,235 INFO  [bill_processor] Start cleaning old files in: test_files\old_files
2014-02-26 12:59:08,236 INFO  [bill_processor] Old files cleaned: 1
2014-02-26 12:59:08,236 INFO  [bill_processor] End cleaning old files in: test_files\old_files
2014-02-26 12:59:08,236 INFO  [bill_processor] Service Credit Batch finished successfully.
2014-02-26 12:59:08,423 INFO  [bill_processor] Service Credit Batch started.
2014-02-26 12:59:08,429 INFO  [bill_processor] Is today holiday : true
2014-02-26 12:59:08,430 INFO  [bill_processor] Start importing files in: test_files\lockbox_files
2014-02-26 12:59:08,430 INFO  [bill_processor] Start loading file content from: test_files\lockbox_files\lockbox_file_1.txt
2014-02-26 12:59:08,431 INFO  [bill_processor] 0 lines loaded from lockbox_file_1.txt which is backup to Dupe_SC022514_30.txt
2014-02-26 12:59:08,431 INFO  [bill_processor] End loading file content from: test_files\lockbox_files\lockbox_file_1.txt
2014-02-26 12:59:08,432 INFO  [bill_processor] 
Service Credit imported a data file from the bank lockbox on February 26, 2014 at 12:59:08 PM CST.
Lockbox data imported into the dbName database on server dbHostName from computer batchProcessHostName.

# Lines in file = 0
# Duplicate Lines = 0

# Records Processed = 0
# Check Payments = 0
# Good Check Payments = 0
# Bad Check Payments = 0
# Dupe Check Payments = 0
# ACH Payments = 0
# Good ACH Payments = 0
# Bad ACH Payments = 0
# Dupe ACH Payments = 0
# Bad Change Records = 0
# Good Change Records = 0
# No Match Change Records = 0
# Invalid Summary Records = 0
# Valid Summary Records = 0
# Successful Transactions = 0
# Failed Transactions = 0
# Invalid Lines = 0

Total Check Payments = 0
Total ACH Payments = 0
Total of Accepted Payments = 0
Total in File = 0

No bad records in this batch.
0 = number of successful calls to the ProcessImportRecord function.

         Accepted Payments: 0
       Unresolved Payments: 0
        Suspended Payments: 0
-----------------------------------
Pending payments processed: 0

2014-02-26 12:59:08,449 INFO  [bill_processor] Send email to general@opm.gov, subject = [Service Credit Import: OK ]. Message:
Service Credit Batch started at 12:59:08 PM CST on February 26, 2014. Batch done at 12:59:08 PM CST.

SUMMARY: The file import was successful.

   Number Type         Total
        0 ACH           0.00
        0 Check         0.00
============================
        0 All           0.00



SCRD found no payment records in this Lockbox file.


There are no change records in this Lockbox file.

DETAILS:
Audit Batch Log ID number is 30
File Contents:
 Number Type Description
====================================
      0 Total Lines in Lockbox File

Lockbox File Name:
lockbox_file_1.txt
Backup File Name:
Dupe_SC022514_30.txt

2014-02-26 12:59:08,455 INFO  [bill_processor] End importing files in: test_files\lockbox_files
2014-02-26 12:59:08,455 INFO  [bill_processor] Start cleaning old files in: test_files\old_files
2014-02-26 12:59:08,455 INFO  [bill_processor] Old files cleaned: 0
2014-02-26 12:59:08,455 INFO  [bill_processor] End cleaning old files in: test_files\old_files
2014-02-26 12:59:08,455 INFO  [bill_processor] Service Credit Batch finished successfully.
2014-02-26 12:59:08,670 INFO  [bill_processor] Service Credit Batch started.
2014-02-26 12:59:08,676 INFO  [bill_processor] Is today holiday : true
2014-02-26 12:59:08,677 INFO  [bill_processor] Start importing files in: test_files\lockbox_files
2014-02-26 12:59:08,677 INFO  [bill_processor] Start loading file content from: test_files\lockbox_files\lockbox_file_1.txt
2014-02-26 12:59:08,684 ERROR [bill_processor] Text Line import error: R64445566 bad R line
gov.opm.scrd.batchprocessing.jobs.BatchProcessingException: Text Line import error: R64445566 bad R line [See nested exception: javax.persistence.PersistenceException: org.hibernate.exception.SQLGrammarException: Error extracting results from CallableStatement]
	at gov.opm.scrd.batchprocessing.jobs.BatchProcessingJob.loadFileContent(BatchProcessingJob.java:870)
	at gov.opm.scrd.batchprocessing.jobs.BatchProcessingJob.importFile(BatchProcessingJob.java:725)
	at gov.opm.scrd.batchprocessing.jobs.BatchProcessingJob.importFiles(BatchProcessingJob.java:703)
	at gov.opm.scrd.batchprocessing.jobs.BatchProcessingJob.doExecute(BatchProcessingJob.java:480)
	at gov.opm.scrd.batchprocessing.jobs.BatchProcessingJob.execute(BatchProcessingJob.java:377)
	at gov.opm.scrd.batchprocessing.jobs.BatchProcessingJobTests.testCase_ImportFile_BadRLine(BatchProcessingJobTests.java:474)
	at sun.reflect.NativeMethodAccessorImpl.invoke0(Native Method)
	at sun.reflect.NativeMethodAccessorImpl.invoke(NativeMethodAccessorImpl.java:39)
	at sun.reflect.DelegatingMethodAccessorImpl.invoke(DelegatingMethodAccessorImpl.java:25)
	at java.lang.reflect.Method.invoke(Method.java:597)
	at org.junit.runners.model.FrameworkMethod$1.runReflectiveCall(FrameworkMethod.java:45)
	at org.junit.internal.runners.model.ReflectiveCallable.run(ReflectiveCallable.java:15)
	at org.junit.runners.model.FrameworkMethod.invokeExplosively(FrameworkMethod.java:42)
	at org.junit.internal.runners.statements.InvokeMethod.evaluate(InvokeMethod.java:20)
	at org.junit.internal.runners.statements.RunBefores.evaluate(RunBefores.java:28)
	at org.springframework.test.context.junit4.statements.RunBeforeTestMethodCallbacks.evaluate(RunBeforeTestMethodCallbacks.java:74)
	at org.junit.internal.runners.statements.RunAfters.evaluate(RunAfters.java:30)
	at org.springframework.test.context.junit4.statements.RunAfterTestMethodCallbacks.evaluate(RunAfterTestMethodCallbacks.java:83)
	at org.springframework.test.context.junit4.statements.SpringRepeat.evaluate(SpringRepeat.java:72)
	at org.springframework.test.context.junit4.SpringJUnit4ClassRunner.runChild(SpringJUnit4ClassRunner.java:231)
	at org.springframework.test.context.junit4.SpringJUnit4ClassRunner.runChild(SpringJUnit4ClassRunner.java:88)
	at org.junit.runners.ParentRunner$3.run(ParentRunner.java:231)
	at org.junit.runners.ParentRunner$1.schedule(ParentRunner.java:60)
	at org.junit.runners.ParentRunner.runChildren(ParentRunner.java:229)
	at org.junit.runners.ParentRunner.access$000(ParentRunner.java:50)
	at org.junit.runners.ParentRunner$2.evaluate(ParentRunner.java:222)
	at org.junit.internal.runners.statements.RunBefores.evaluate(RunBefores.java:28)
	at org.springframework.test.context.junit4.statements.RunBeforeTestClassCallbacks.evaluate(RunBeforeTestClassCallbacks.java:61)
	at org.junit.internal.runners.statements.RunAfters.evaluate(RunAfters.java:30)
	at org.springframework.test.context.junit4.statements.RunAfterTestClassCallbacks.evaluate(RunAfterTestClassCallbacks.java:71)
	at org.junit.runners.ParentRunner.run(ParentRunner.java:300)
	at org.springframework.test.context.junit4.SpringJUnit4ClassRunner.run(SpringJUnit4ClassRunner.java:174)
	at junit.framework.JUnit4TestAdapter.run(JUnit4TestAdapter.java:39)
	at junit.framework.TestSuite.runTest(TestSuite.java:243)
	at junit.framework.TestSuite.run(TestSuite.java:238)
	at org.apache.tools.ant.taskdefs.optional.junit.JUnitTestRunner.run(JUnitTestRunner.java:520)
	at org.apache.tools.ant.taskdefs.optional.junit.JUnitTestRunner.launch(JUnitTestRunner.java:1060)
	at org.apache.tools.ant.taskdefs.optional.junit.JUnitTestRunner.main(JUnitTestRunner.java:911)
Caused by: javax.persistence.PersistenceException: org.hibernate.exception.SQLGrammarException: Error extracting results from CallableStatement
	at org.hibernate.jpa.spi.AbstractEntityManagerImpl.convert(AbstractEntityManagerImpl.java:1763)
	at org.hibernate.jpa.spi.AbstractEntityManagerImpl.convert(AbstractEntityManagerImpl.java:1677)
	at org.hibernate.jpa.internal.StoredProcedureQueryImpl.execute(StoredProcedureQueryImpl.java:241)
	at gov.opm.scrd.batchprocessing.jobs.BatchProcessingJob.loadFileContent(BatchProcessingJob.java:858)
	... 37 more
Caused by: org.hibernate.exception.SQLGrammarException: Error extracting results from CallableStatement
	at org.hibernate.exception.internal.SQLStateConversionDelegate.convert(SQLStateConversionDelegate.java:123)
	at org.hibernate.exception.internal.StandardSQLExceptionConverter.convert(StandardSQLExceptionConverter.java:49)
	at org.hibernate.engine.jdbc.spi.SqlExceptionHelper.convert(SqlExceptionHelper.java:126)
	at org.hibernate.result.internal.OutputsImpl.convert(OutputsImpl.java:96)
	at org.hibernate.result.internal.OutputsImpl.extractResults(OutputsImpl.java:155)
	at org.hibernate.result.internal.OutputsImpl.extractCurrentResults(OutputsImpl.java:143)
	at org.hibernate.result.internal.OutputsImpl.access$100(OutputsImpl.java:52)
	at org.hibernate.result.internal.OutputsImpl$CurrentReturnState.buildOutput(OutputsImpl.java:212)
	at org.hibernate.result.internal.OutputsImpl$CurrentReturnState.getOutput(OutputsImpl.java:187)
	at org.hibernate.result.internal.OutputsImpl.getCurrent(OutputsImpl.java:108)
	at org.hibernate.jpa.internal.StoredProcedureQueryImpl.execute(StoredProcedureQueryImpl.java:234)
	... 38 more
Caused by: org.postgresql.util.PSQLException: ResultSet 中找不到欄位名稱 auditBatchLogId。
	at org.postgresql.jdbc2.AbstractJdbc2ResultSet.findColumn(AbstractJdbc2ResultSet.java:2727)
	at org.postgresql.jdbc2.AbstractJdbc2ResultSet.getString(AbstractJdbc2ResultSet.java:2567)
	at org.hibernate.type.descriptor.sql.VarcharTypeDescriptor$2.doExtract(VarcharTypeDescriptor.java:74)
	at org.hibernate.type.descriptor.sql.BasicExtractor.extract(BasicExtractor.java:64)
	at org.hibernate.type.AbstractStandardBasicType.nullSafeGet(AbstractStandardBasicType.java:263)
	at org.hibernate.type.AbstractStandardBasicType.nullSafeGet(AbstractStandardBasicType.java:259)
	at org.hibernate.type.AbstractStandardBasicType.nullSafeGet(AbstractStandardBasicType.java:249)
	at org.hibernate.type.AbstractStandardBasicType.hydrate(AbstractStandardBasicType.java:334)
	at org.hibernate.persister.entity.AbstractEntityPersister.hydrate(AbstractEntityPersister.java:2969)
	at org.hibernate.loader.Loader.loadFromResultSet(Loader.java:1695)
	at org.hibernate.loader.Loader.instanceNotYetLoaded(Loader.java:1627)
	at org.hibernate.loader.Loader.getRow(Loader.java:1514)
	at org.hibernate.loader.Loader.getRowFromResultSet(Loader.java:725)
	at org.hibernate.loader.Loader.processResultSet(Loader.java:952)
	at org.hibernate.result.internal.OutputsImpl$CustomLoaderExtension.processResultSet(OutputsImpl.java:310)
	at org.hibernate.result.internal.OutputsImpl.extractResults(OutputsImpl.java:152)
	... 44 more
2014-02-26 12:59:08,685 INFO  [bill_processor] Send email to general@opm.gov, subject = [Service Credit Import: BATCH IMPORT ERROR]. Message:
Service Credit Batch started at 12:59:08 PM CST on February 26, 2014. Batch done at 12:59:08 PM CST.


Text Line import error: R64445566 bad R line
2014-02-26 12:59:08,690 WARN  [bill_processor] Service Credit Batch has retried max 0 times today. The batch process will exit unsuccessfully.
2014-02-26 12:59:08,913 INFO  [bill_processor] Service Credit Batch started.
2014-02-26 12:59:08,918 ERROR [bill_processor] Transaction not active
java.lang.IllegalStateException: Transaction not active
	at org.hibernate.jpa.internal.TransactionImpl.rollback(TransactionImpl.java:105)
	at gov.opm.scrd.batchprocessing.jobs.BatchProcessingJob.commitTransaction(BatchProcessingJob.java:1741)
	at gov.opm.scrd.batchprocessing.jobs.BatchProcessingJob.persistEntity(BatchProcessingJob.java:1759)
	at gov.opm.scrd.batchprocessing.jobs.BatchProcessingJob.initTodayAuditBatch(BatchProcessingJob.java:579)
	at gov.opm.scrd.batchprocessing.jobs.BatchProcessingJob.doExecute(BatchProcessingJob.java:471)
	at gov.opm.scrd.batchprocessing.jobs.BatchProcessingJob.execute(BatchProcessingJob.java:377)
	at gov.opm.scrd.batchprocessing.jobs.BatchProcessingJobTests.testCase_ImportFile_BadCLine(BatchProcessingJobTests.java:502)
	at sun.reflect.NativeMethodAccessorImpl.invoke0(Native Method)
	at sun.reflect.NativeMethodAccessorImpl.invoke(NativeMethodAccessorImpl.java:39)
	at sun.reflect.DelegatingMethodAccessorImpl.invoke(DelegatingMethodAccessorImpl.java:25)
	at java.lang.reflect.Method.invoke(Method.java:597)
	at org.junit.runners.model.FrameworkMethod$1.runReflectiveCall(FrameworkMethod.java:45)
	at org.junit.internal.runners.model.ReflectiveCallable.run(ReflectiveCallable.java:15)
	at org.junit.runners.model.FrameworkMethod.invokeExplosively(FrameworkMethod.java:42)
	at org.junit.internal.runners.statements.InvokeMethod.evaluate(InvokeMethod.java:20)
	at org.junit.internal.runners.statements.RunBefores.evaluate(RunBefores.java:28)
	at org.springframework.test.context.junit4.statements.RunBeforeTestMethodCallbacks.evaluate(RunBeforeTestMethodCallbacks.java:74)
	at org.junit.internal.runners.statements.RunAfters.evaluate(RunAfters.java:30)
	at org.springframework.test.context.junit4.statements.RunAfterTestMethodCallbacks.evaluate(RunAfterTestMethodCallbacks.java:83)
	at org.springframework.test.context.junit4.statements.SpringRepeat.evaluate(SpringRepeat.java:72)
	at org.springframework.test.context.junit4.SpringJUnit4ClassRunner.runChild(SpringJUnit4ClassRunner.java:231)
	at org.springframework.test.context.junit4.SpringJUnit4ClassRunner.runChild(SpringJUnit4ClassRunner.java:88)
	at org.junit.runners.ParentRunner$3.run(ParentRunner.java:231)
	at org.junit.runners.ParentRunner$1.schedule(ParentRunner.java:60)
	at org.junit.runners.ParentRunner.runChildren(ParentRunner.java:229)
	at org.junit.runners.ParentRunner.access$000(ParentRunner.java:50)
	at org.junit.runners.ParentRunner$2.evaluate(ParentRunner.java:222)
	at org.junit.internal.runners.statements.RunBefores.evaluate(RunBefores.java:28)
	at org.springframework.test.context.junit4.statements.RunBeforeTestClassCallbacks.evaluate(RunBeforeTestClassCallbacks.java:61)
	at org.junit.internal.runners.statements.RunAfters.evaluate(RunAfters.java:30)
	at org.springframework.test.context.junit4.statements.RunAfterTestClassCallbacks.evaluate(RunAfterTestClassCallbacks.java:71)
	at org.junit.runners.ParentRunner.run(ParentRunner.java:300)
	at org.springframework.test.context.junit4.SpringJUnit4ClassRunner.run(SpringJUnit4ClassRunner.java:174)
	at junit.framework.JUnit4TestAdapter.run(JUnit4TestAdapter.java:39)
	at junit.framework.TestSuite.runTest(TestSuite.java:243)
	at junit.framework.TestSuite.run(TestSuite.java:238)
	at org.apache.tools.ant.taskdefs.optional.junit.JUnitTestRunner.run(JUnitTestRunner.java:520)
	at org.apache.tools.ant.taskdefs.optional.junit.JUnitTestRunner.launch(JUnitTestRunner.java:1060)
	at org.apache.tools.ant.taskdefs.optional.junit.JUnitTestRunner.main(JUnitTestRunner.java:911)
2014-02-26 12:59:08,919 INFO  [bill_processor] Send email to general@opm.gov, subject = [Service Credit Nightly Batch: ERROR!!]. Message:
Service Credit Batch started at 12:59:08 PM CST on February 26, 2014. Batch done at 12:59:08 PM CST.


Transaction not active
2014-02-26 12:59:08,924 WARN  [bill_processor] Service Credit Batch has retried max 0 times today. The batch process will exit unsuccessfully.
2014-02-26 12:59:09,125 INFO  [bill_processor] Service Credit Batch started.
2014-02-26 12:59:09,130 INFO  [bill_processor] Is today holiday : true
2014-02-26 12:59:09,132 INFO  [bill_processor] Start importing files in: test_files\lockbox_files
2014-02-26 12:59:09,132 INFO  [bill_processor] Start loading file content from: test_files\lockbox_files\lockbox_file_1.txt
2014-02-26 12:59:09,134 ERROR [bill_processor] Text Line import error: R ZZZ bad Summary line
gov.opm.scrd.batchprocessing.jobs.BatchProcessingException: Text Line import error: R ZZZ bad Summary line [See nested exception: javax.persistence.PersistenceException: org.hibernate.exception.SQLGrammarException: Error extracting results from CallableStatement]
	at gov.opm.scrd.batchprocessing.jobs.BatchProcessingJob.loadFileContent(BatchProcessingJob.java:870)
	at gov.opm.scrd.batchprocessing.jobs.BatchProcessingJob.importFile(BatchProcessingJob.java:725)
	at gov.opm.scrd.batchprocessing.jobs.BatchProcessingJob.importFiles(BatchProcessingJob.java:703)
	at gov.opm.scrd.batchprocessing.jobs.BatchProcessingJob.doExecute(BatchProcessingJob.java:480)
	at gov.opm.scrd.batchprocessing.jobs.BatchProcessingJob.execute(BatchProcessingJob.java:377)
	at gov.opm.scrd.batchprocessing.jobs.BatchProcessingJobTests.testCase_ImportFile_BadSummaryLine(BatchProcessingJobTests.java:530)
	at sun.reflect.NativeMethodAccessorImpl.invoke0(Native Method)
	at sun.reflect.NativeMethodAccessorImpl.invoke(NativeMethodAccessorImpl.java:39)
	at sun.reflect.DelegatingMethodAccessorImpl.invoke(DelegatingMethodAccessorImpl.java:25)
	at java.lang.reflect.Method.invoke(Method.java:597)
	at org.junit.runners.model.FrameworkMethod$1.runReflectiveCall(FrameworkMethod.java:45)
	at org.junit.internal.runners.model.ReflectiveCallable.run(ReflectiveCallable.java:15)
	at org.junit.runners.model.FrameworkMethod.invokeExplosively(FrameworkMethod.java:42)
	at org.junit.internal.runners.statements.InvokeMethod.evaluate(InvokeMethod.java:20)
	at org.junit.internal.runners.statements.RunBefores.evaluate(RunBefores.java:28)
	at org.springframework.test.context.junit4.statements.RunBeforeTestMethodCallbacks.evaluate(RunBeforeTestMethodCallbacks.java:74)
	at org.junit.internal.runners.statements.RunAfters.evaluate(RunAfters.java:30)
	at org.springframework.test.context.junit4.statements.RunAfterTestMethodCallbacks.evaluate(RunAfterTestMethodCallbacks.java:83)
	at org.springframework.test.context.junit4.statements.SpringRepeat.evaluate(SpringRepeat.java:72)
	at org.springframework.test.context.junit4.SpringJUnit4ClassRunner.runChild(SpringJUnit4ClassRunner.java:231)
	at org.springframework.test.context.junit4.SpringJUnit4ClassRunner.runChild(SpringJUnit4ClassRunner.java:88)
	at org.junit.runners.ParentRunner$3.run(ParentRunner.java:231)
	at org.junit.runners.ParentRunner$1.schedule(ParentRunner.java:60)
	at org.junit.runners.ParentRunner.runChildren(ParentRunner.java:229)
	at org.junit.runners.ParentRunner.access$000(ParentRunner.java:50)
	at org.junit.runners.ParentRunner$2.evaluate(ParentRunner.java:222)
	at org.junit.internal.runners.statements.RunBefores.evaluate(RunBefores.java:28)
	at org.springframework.test.context.junit4.statements.RunBeforeTestClassCallbacks.evaluate(RunBeforeTestClassCallbacks.java:61)
	at org.junit.internal.runners.statements.RunAfters.evaluate(RunAfters.java:30)
	at org.springframework.test.context.junit4.statements.RunAfterTestClassCallbacks.evaluate(RunAfterTestClassCallbacks.java:71)
	at org.junit.runners.ParentRunner.run(ParentRunner.java:300)
	at org.springframework.test.context.junit4.SpringJUnit4ClassRunner.run(SpringJUnit4ClassRunner.java:174)
	at junit.framework.JUnit4TestAdapter.run(JUnit4TestAdapter.java:39)
	at junit.framework.TestSuite.runTest(TestSuite.java:243)
	at junit.framework.TestSuite.run(TestSuite.java:238)
	at org.apache.tools.ant.taskdefs.optional.junit.JUnitTestRunner.run(JUnitTestRunner.java:520)
	at org.apache.tools.ant.taskdefs.optional.junit.JUnitTestRunner.launch(JUnitTestRunner.java:1060)
	at org.apache.tools.ant.taskdefs.optional.junit.JUnitTestRunner.main(JUnitTestRunner.java:911)
Caused by: javax.persistence.PersistenceException: org.hibernate.exception.SQLGrammarException: Error extracting results from CallableStatement
	at org.hibernate.jpa.spi.AbstractEntityManagerImpl.convert(AbstractEntityManagerImpl.java:1763)
	at org.hibernate.jpa.spi.AbstractEntityManagerImpl.convert(AbstractEntityManagerImpl.java:1677)
	at org.hibernate.jpa.internal.StoredProcedureQueryImpl.execute(StoredProcedureQueryImpl.java:241)
	at gov.opm.scrd.batchprocessing.jobs.BatchProcessingJob.loadFileContent(BatchProcessingJob.java:858)
	... 37 more
Caused by: org.hibernate.exception.SQLGrammarException: Error extracting results from CallableStatement
	at org.hibernate.exception.internal.SQLStateConversionDelegate.convert(SQLStateConversionDelegate.java:123)
	at org.hibernate.exception.internal.StandardSQLExceptionConverter.convert(StandardSQLExceptionConverter.java:49)
	at org.hibernate.engine.jdbc.spi.SqlExceptionHelper.convert(SqlExceptionHelper.java:126)
	at org.hibernate.result.internal.OutputsImpl.convert(OutputsImpl.java:96)
	at org.hibernate.result.internal.OutputsImpl.extractResults(OutputsImpl.java:155)
	at org.hibernate.result.internal.OutputsImpl.extractCurrentResults(OutputsImpl.java:143)
	at org.hibernate.result.internal.OutputsImpl.access$100(OutputsImpl.java:52)
	at org.hibernate.result.internal.OutputsImpl$CurrentReturnState.buildOutput(OutputsImpl.java:212)
	at org.hibernate.result.internal.OutputsImpl$CurrentReturnState.getOutput(OutputsImpl.java:187)
	at org.hibernate.result.internal.OutputsImpl.getCurrent(OutputsImpl.java:108)
	at org.hibernate.jpa.internal.StoredProcedureQueryImpl.execute(StoredProcedureQueryImpl.java:234)
	... 38 more
Caused by: org.postgresql.util.PSQLException: ResultSet 中找不到欄位名稱 auditBatchLogId。
	at org.postgresql.jdbc2.AbstractJdbc2ResultSet.findColumn(AbstractJdbc2ResultSet.java:2727)
	at org.postgresql.jdbc2.AbstractJdbc2ResultSet.getString(AbstractJdbc2ResultSet.java:2567)
	at org.hibernate.type.descriptor.sql.VarcharTypeDescriptor$2.doExtract(VarcharTypeDescriptor.java:74)
	at org.hibernate.type.descriptor.sql.BasicExtractor.extract(BasicExtractor.java:64)
	at org.hibernate.type.AbstractStandardBasicType.nullSafeGet(AbstractStandardBasicType.java:263)
	at org.hibernate.type.AbstractStandardBasicType.nullSafeGet(AbstractStandardBasicType.java:259)
	at org.hibernate.type.AbstractStandardBasicType.nullSafeGet(AbstractStandardBasicType.java:249)
	at org.hibernate.type.AbstractStandardBasicType.hydrate(AbstractStandardBasicType.java:334)
	at org.hibernate.persister.entity.AbstractEntityPersister.hydrate(AbstractEntityPersister.java:2969)
	at org.hibernate.loader.Loader.loadFromResultSet(Loader.java:1695)
	at org.hibernate.loader.Loader.instanceNotYetLoaded(Loader.java:1627)
	at org.hibernate.loader.Loader.getRow(Loader.java:1514)
	at org.hibernate.loader.Loader.getRowFromResultSet(Loader.java:725)
	at org.hibernate.loader.Loader.processResultSet(Loader.java:952)
	at org.hibernate.result.internal.OutputsImpl$CustomLoaderExtension.processResultSet(OutputsImpl.java:310)
	at org.hibernate.result.internal.OutputsImpl.extractResults(OutputsImpl.java:152)
	... 44 more
2014-02-26 12:59:09,135 INFO  [bill_processor] Send email to general@opm.gov, subject = [Service Credit Import: BATCH IMPORT ERROR]. Message:
Service Credit Batch started at 12:59:09 PM CST on February 26, 2014. Batch done at 12:59:09 PM CST.


Text Line import error: R ZZZ bad Summary line
2014-02-26 12:59:09,140 WARN  [bill_processor] Service Credit Batch has retried max 0 times today. The batch process will exit unsuccessfully.
2014-02-26 12:59:09,405 INFO  [bill_processor] Service Credit Batch started.
2014-02-26 12:59:09,411 ERROR [bill_processor] Transaction not active
java.lang.IllegalStateException: Transaction not active
	at org.hibernate.jpa.internal.TransactionImpl.rollback(TransactionImpl.java:105)
	at gov.opm.scrd.batchprocessing.jobs.BatchProcessingJob.commitTransaction(BatchProcessingJob.java:1741)
	at gov.opm.scrd.batchprocessing.jobs.BatchProcessingJob.persistEntity(BatchProcessingJob.java:1759)
	at gov.opm.scrd.batchprocessing.jobs.BatchProcessingJob.initTodayAuditBatch(BatchProcessingJob.java:579)
	at gov.opm.scrd.batchprocessing.jobs.BatchProcessingJob.doExecute(BatchProcessingJob.java:471)
	at gov.opm.scrd.batchprocessing.jobs.BatchProcessingJob.execute(BatchProcessingJob.java:377)
	at gov.opm.scrd.batchprocessing.jobs.BatchProcessingJobTests.testCase_ImportFile_SummaryAmountNotMatch1(BatchProcessingJobTests.java:568)
	at sun.reflect.NativeMethodAccessorImpl.invoke0(Native Method)
	at sun.reflect.NativeMethodAccessorImpl.invoke(NativeMethodAccessorImpl.java:39)
	at sun.reflect.DelegatingMethodAccessorImpl.invoke(DelegatingMethodAccessorImpl.java:25)
	at java.lang.reflect.Method.invoke(Method.java:597)
	at org.junit.runners.model.FrameworkMethod$1.runReflectiveCall(FrameworkMethod.java:45)
	at org.junit.internal.runners.model.ReflectiveCallable.run(ReflectiveCallable.java:15)
	at org.junit.runners.model.FrameworkMethod.invokeExplosively(FrameworkMethod.java:42)
	at org.junit.internal.runners.statements.InvokeMethod.evaluate(InvokeMethod.java:20)
	at org.junit.internal.runners.statements.RunBefores.evaluate(RunBefores.java:28)
	at org.springframework.test.context.junit4.statements.RunBeforeTestMethodCallbacks.evaluate(RunBeforeTestMethodCallbacks.java:74)
	at org.junit.internal.runners.statements.RunAfters.evaluate(RunAfters.java:30)
	at org.springframework.test.context.junit4.statements.RunAfterTestMethodCallbacks.evaluate(RunAfterTestMethodCallbacks.java:83)
	at org.springframework.test.context.junit4.statements.SpringRepeat.evaluate(SpringRepeat.java:72)
	at org.springframework.test.context.junit4.SpringJUnit4ClassRunner.runChild(SpringJUnit4ClassRunner.java:231)
	at org.springframework.test.context.junit4.SpringJUnit4ClassRunner.runChild(SpringJUnit4ClassRunner.java:88)
	at org.junit.runners.ParentRunner$3.run(ParentRunner.java:231)
	at org.junit.runners.ParentRunner$1.schedule(ParentRunner.java:60)
	at org.junit.runners.ParentRunner.runChildren(ParentRunner.java:229)
	at org.junit.runners.ParentRunner.access$000(ParentRunner.java:50)
	at org.junit.runners.ParentRunner$2.evaluate(ParentRunner.java:222)
	at org.junit.internal.runners.statements.RunBefores.evaluate(RunBefores.java:28)
	at org.springframework.test.context.junit4.statements.RunBeforeTestClassCallbacks.evaluate(RunBeforeTestClassCallbacks.java:61)
	at org.junit.internal.runners.statements.RunAfters.evaluate(RunAfters.java:30)
	at org.springframework.test.context.junit4.statements.RunAfterTestClassCallbacks.evaluate(RunAfterTestClassCallbacks.java:71)
	at org.junit.runners.ParentRunner.run(ParentRunner.java:300)
	at org.springframework.test.context.junit4.SpringJUnit4ClassRunner.run(SpringJUnit4ClassRunner.java:174)
	at junit.framework.JUnit4TestAdapter.run(JUnit4TestAdapter.java:39)
	at junit.framework.TestSuite.runTest(TestSuite.java:243)
	at junit.framework.TestSuite.run(TestSuite.java:238)
	at org.apache.tools.ant.taskdefs.optional.junit.JUnitTestRunner.run(JUnitTestRunner.java:520)
	at org.apache.tools.ant.taskdefs.optional.junit.JUnitTestRunner.launch(JUnitTestRunner.java:1060)
	at org.apache.tools.ant.taskdefs.optional.junit.JUnitTestRunner.main(JUnitTestRunner.java:911)
2014-02-26 12:59:09,412 INFO  [bill_processor] Send email to general@opm.gov, subject = [Service Credit Nightly Batch: ERROR!!]. Message:
Service Credit Batch started at 12:59:09 PM CST on February 26, 2014. Batch done at 12:59:09 PM CST.


Transaction not active
2014-02-26 12:59:09,418 WARN  [bill_processor] Service Credit Batch has retried max 0 times today. The batch process will exit unsuccessfully.
2014-02-26 12:59:09,869 INFO  [bill_processor] Service Credit Batch started.
2014-02-26 12:59:09,876 INFO  [bill_processor] Is today holiday : true
2014-02-26 12:59:09,878 INFO  [bill_processor] Start importing files in: test_files\lockbox_files
2014-02-26 12:59:09,878 INFO  [bill_processor] Start loading file content from: test_files\lockbox_files\lockbox_file_1.txt
2014-02-26 12:59:09,879 ERROR [bill_processor] Text Line import error: C 02      1112233031277  Chizago, IL 12345-1234
gov.opm.scrd.batchprocessing.jobs.BatchProcessingException: Text Line import error: C 02      1112233031277  Chizago, IL 12345-1234 [See nested exception: javax.persistence.PersistenceException: org.hibernate.exception.SQLGrammarException: Error extracting results from CallableStatement]
	at gov.opm.scrd.batchprocessing.jobs.BatchProcessingJob.loadFileContent(BatchProcessingJob.java:870)
	at gov.opm.scrd.batchprocessing.jobs.BatchProcessingJob.importFile(BatchProcessingJob.java:725)
	at gov.opm.scrd.batchprocessing.jobs.BatchProcessingJob.importFiles(BatchProcessingJob.java:703)
	at gov.opm.scrd.batchprocessing.jobs.BatchProcessingJob.doExecute(BatchProcessingJob.java:480)
	at gov.opm.scrd.batchprocessing.jobs.BatchProcessingJob.execute(BatchProcessingJob.java:377)
	at gov.opm.scrd.batchprocessing.jobs.BatchProcessingJobTests.testCase_ImportFile_SummaryAmountNotMatch2(BatchProcessingJobTests.java:595)
	at sun.reflect.NativeMethodAccessorImpl.invoke0(Native Method)
	at sun.reflect.NativeMethodAccessorImpl.invoke(NativeMethodAccessorImpl.java:39)
	at sun.reflect.DelegatingMethodAccessorImpl.invoke(DelegatingMethodAccessorImpl.java:25)
	at java.lang.reflect.Method.invoke(Method.java:597)
	at org.junit.runners.model.FrameworkMethod$1.runReflectiveCall(FrameworkMethod.java:45)
	at org.junit.internal.runners.model.ReflectiveCallable.run(ReflectiveCallable.java:15)
	at org.junit.runners.model.FrameworkMethod.invokeExplosively(FrameworkMethod.java:42)
	at org.junit.internal.runners.statements.InvokeMethod.evaluate(InvokeMethod.java:20)
	at org.junit.internal.runners.statements.RunBefores.evaluate(RunBefores.java:28)
	at org.springframework.test.context.junit4.statements.RunBeforeTestMethodCallbacks.evaluate(RunBeforeTestMethodCallbacks.java:74)
	at org.junit.internal.runners.statements.RunAfters.evaluate(RunAfters.java:30)
	at org.springframework.test.context.junit4.statements.RunAfterTestMethodCallbacks.evaluate(RunAfterTestMethodCallbacks.java:83)
	at org.springframework.test.context.junit4.statements.SpringRepeat.evaluate(SpringRepeat.java:72)
	at org.springframework.test.context.junit4.SpringJUnit4ClassRunner.runChild(SpringJUnit4ClassRunner.java:231)
	at org.springframework.test.context.junit4.SpringJUnit4ClassRunner.runChild(SpringJUnit4ClassRunner.java:88)
	at org.junit.runners.ParentRunner$3.run(ParentRunner.java:231)
	at org.junit.runners.ParentRunner$1.schedule(ParentRunner.java:60)
	at org.junit.runners.ParentRunner.runChildren(ParentRunner.java:229)
	at org.junit.runners.ParentRunner.access$000(ParentRunner.java:50)
	at org.junit.runners.ParentRunner$2.evaluate(ParentRunner.java:222)
	at org.junit.internal.runners.statements.RunBefores.evaluate(RunBefores.java:28)
	at org.springframework.test.context.junit4.statements.RunBeforeTestClassCallbacks.evaluate(RunBeforeTestClassCallbacks.java:61)
	at org.junit.internal.runners.statements.RunAfters.evaluate(RunAfters.java:30)
	at org.springframework.test.context.junit4.statements.RunAfterTestClassCallbacks.evaluate(RunAfterTestClassCallbacks.java:71)
	at org.junit.runners.ParentRunner.run(ParentRunner.java:300)
	at org.springframework.test.context.junit4.SpringJUnit4ClassRunner.run(SpringJUnit4ClassRunner.java:174)
	at junit.framework.JUnit4TestAdapter.run(JUnit4TestAdapter.java:39)
	at junit.framework.TestSuite.runTest(TestSuite.java:243)
	at junit.framework.TestSuite.run(TestSuite.java:238)
	at org.apache.tools.ant.taskdefs.optional.junit.JUnitTestRunner.run(JUnitTestRunner.java:520)
	at org.apache.tools.ant.taskdefs.optional.junit.JUnitTestRunner.launch(JUnitTestRunner.java:1060)
	at org.apache.tools.ant.taskdefs.optional.junit.JUnitTestRunner.main(JUnitTestRunner.java:911)
Caused by: javax.persistence.PersistenceException: org.hibernate.exception.SQLGrammarException: Error extracting results from CallableStatement
	at org.hibernate.jpa.spi.AbstractEntityManagerImpl.convert(AbstractEntityManagerImpl.java:1763)
	at org.hibernate.jpa.spi.AbstractEntityManagerImpl.convert(AbstractEntityManagerImpl.java:1677)
	at org.hibernate.jpa.internal.StoredProcedureQueryImpl.execute(StoredProcedureQueryImpl.java:241)
	at gov.opm.scrd.batchprocessing.jobs.BatchProcessingJob.loadFileContent(BatchProcessingJob.java:858)
	... 37 more
Caused by: org.hibernate.exception.SQLGrammarException: Error extracting results from CallableStatement
	at org.hibernate.exception.internal.SQLStateConversionDelegate.convert(SQLStateConversionDelegate.java:123)
	at org.hibernate.exception.internal.StandardSQLExceptionConverter.convert(StandardSQLExceptionConverter.java:49)
	at org.hibernate.engine.jdbc.spi.SqlExceptionHelper.convert(SqlExceptionHelper.java:126)
	at org.hibernate.result.internal.OutputsImpl.convert(OutputsImpl.java:96)
	at org.hibernate.result.internal.OutputsImpl.extractResults(OutputsImpl.java:155)
	at org.hibernate.result.internal.OutputsImpl.extractCurrentResults(OutputsImpl.java:143)
	at org.hibernate.result.internal.OutputsImpl.access$100(OutputsImpl.java:52)
	at org.hibernate.result.internal.OutputsImpl$CurrentReturnState.buildOutput(OutputsImpl.java:212)
	at org.hibernate.result.internal.OutputsImpl$CurrentReturnState.getOutput(OutputsImpl.java:187)
	at org.hibernate.result.internal.OutputsImpl.getCurrent(OutputsImpl.java:108)
	at org.hibernate.jpa.internal.StoredProcedureQueryImpl.execute(StoredProcedureQueryImpl.java:234)
	... 38 more
Caused by: org.postgresql.util.PSQLException: ResultSet 中找不到欄位名稱 auditBatchLogId。
	at org.postgresql.jdbc2.AbstractJdbc2ResultSet.findColumn(AbstractJdbc2ResultSet.java:2727)
	at org.postgresql.jdbc2.AbstractJdbc2ResultSet.getString(AbstractJdbc2ResultSet.java:2567)
	at org.hibernate.type.descriptor.sql.VarcharTypeDescriptor$2.doExtract(VarcharTypeDescriptor.java:74)
	at org.hibernate.type.descriptor.sql.BasicExtractor.extract(BasicExtractor.java:64)
	at org.hibernate.type.AbstractStandardBasicType.nullSafeGet(AbstractStandardBasicType.java:263)
	at org.hibernate.type.AbstractStandardBasicType.nullSafeGet(AbstractStandardBasicType.java:259)
	at org.hibernate.type.AbstractStandardBasicType.nullSafeGet(AbstractStandardBasicType.java:249)
	at org.hibernate.type.AbstractStandardBasicType.hydrate(AbstractStandardBasicType.java:334)
	at org.hibernate.persister.entity.AbstractEntityPersister.hydrate(AbstractEntityPersister.java:2969)
	at org.hibernate.loader.Loader.loadFromResultSet(Loader.java:1695)
	at org.hibernate.loader.Loader.instanceNotYetLoaded(Loader.java:1627)
	at org.hibernate.loader.Loader.getRow(Loader.java:1514)
	at org.hibernate.loader.Loader.getRowFromResultSet(Loader.java:725)
	at org.hibernate.loader.Loader.processResultSet(Loader.java:952)
	at org.hibernate.result.internal.OutputsImpl$CustomLoaderExtension.processResultSet(OutputsImpl.java:310)
	at org.hibernate.result.internal.OutputsImpl.extractResults(OutputsImpl.java:152)
	... 44 more
2014-02-26 12:59:09,880 INFO  [bill_processor] Send email to general@opm.gov, subject = [Service Credit Import: BATCH IMPORT ERROR]. Message:
Service Credit Batch started at 12:59:09 PM CST on February 26, 2014. Batch done at 12:59:09 PM CST.


Text Line import error: C 02      1112233031277  Chizago, IL 12345-1234
2014-02-26 12:59:09,888 WARN  [bill_processor] Service Credit Batch has retried max 0 times today. The batch process will exit unsuccessfully.
2014-02-26 12:59:10,259 INFO  [bill_processor] Service Credit Batch started.
2014-02-26 12:59:10,264 ERROR [bill_processor] Transaction not active
java.lang.IllegalStateException: Transaction not active
	at org.hibernate.jpa.internal.TransactionImpl.rollback(TransactionImpl.java:105)
	at gov.opm.scrd.batchprocessing.jobs.BatchProcessingJob.commitTransaction(BatchProcessingJob.java:1741)
	at gov.opm.scrd.batchprocessing.jobs.BatchProcessingJob.persistEntity(BatchProcessingJob.java:1759)
	at gov.opm.scrd.batchprocessing.jobs.BatchProcessingJob.initTodayAuditBatch(BatchProcessingJob.java:579)
	at gov.opm.scrd.batchprocessing.jobs.BatchProcessingJob.doExecute(BatchProcessingJob.java:471)
	at gov.opm.scrd.batchprocessing.jobs.BatchProcessingJob.execute(BatchProcessingJob.java:377)
	at gov.opm.scrd.batchprocessing.jobs.BatchProcessingJobTests.testCase_ImportFile(BatchProcessingJobTests.java:623)
	at sun.reflect.NativeMethodAccessorImpl.invoke0(Native Method)
	at sun.reflect.NativeMethodAccessorImpl.invoke(NativeMethodAccessorImpl.java:39)
	at sun.reflect.DelegatingMethodAccessorImpl.invoke(DelegatingMethodAccessorImpl.java:25)
	at java.lang.reflect.Method.invoke(Method.java:597)
	at org.junit.runners.model.FrameworkMethod$1.runReflectiveCall(FrameworkMethod.java:45)
	at org.junit.internal.runners.model.ReflectiveCallable.run(ReflectiveCallable.java:15)
	at org.junit.runners.model.FrameworkMethod.invokeExplosively(FrameworkMethod.java:42)
	at org.junit.internal.runners.statements.InvokeMethod.evaluate(InvokeMethod.java:20)
	at org.junit.internal.runners.statements.RunBefores.evaluate(RunBefores.java:28)
	at org.springframework.test.context.junit4.statements.RunBeforeTestMethodCallbacks.evaluate(RunBeforeTestMethodCallbacks.java:74)
	at org.junit.internal.runners.statements.RunAfters.evaluate(RunAfters.java:30)
	at org.springframework.test.context.junit4.statements.RunAfterTestMethodCallbacks.evaluate(RunAfterTestMethodCallbacks.java:83)
	at org.springframework.test.context.junit4.statements.SpringRepeat.evaluate(SpringRepeat.java:72)
	at org.springframework.test.context.junit4.SpringJUnit4ClassRunner.runChild(SpringJUnit4ClassRunner.java:231)
	at org.springframework.test.context.junit4.SpringJUnit4ClassRunner.runChild(SpringJUnit4ClassRunner.java:88)
	at org.junit.runners.ParentRunner$3.run(ParentRunner.java:231)
	at org.junit.runners.ParentRunner$1.schedule(ParentRunner.java:60)
	at org.junit.runners.ParentRunner.runChildren(ParentRunner.java:229)
	at org.junit.runners.ParentRunner.access$000(ParentRunner.java:50)
	at org.junit.runners.ParentRunner$2.evaluate(ParentRunner.java:222)
	at org.junit.internal.runners.statements.RunBefores.evaluate(RunBefores.java:28)
	at org.springframework.test.context.junit4.statements.RunBeforeTestClassCallbacks.evaluate(RunBeforeTestClassCallbacks.java:61)
	at org.junit.internal.runners.statements.RunAfters.evaluate(RunAfters.java:30)
	at org.springframework.test.context.junit4.statements.RunAfterTestClassCallbacks.evaluate(RunAfterTestClassCallbacks.java:71)
	at org.junit.runners.ParentRunner.run(ParentRunner.java:300)
	at org.springframework.test.context.junit4.SpringJUnit4ClassRunner.run(SpringJUnit4ClassRunner.java:174)
	at junit.framework.JUnit4TestAdapter.run(JUnit4TestAdapter.java:39)
	at junit.framework.TestSuite.runTest(TestSuite.java:243)
	at junit.framework.TestSuite.run(TestSuite.java:238)
	at org.apache.tools.ant.taskdefs.optional.junit.JUnitTestRunner.run(JUnitTestRunner.java:520)
	at org.apache.tools.ant.taskdefs.optional.junit.JUnitTestRunner.launch(JUnitTestRunner.java:1060)
	at org.apache.tools.ant.taskdefs.optional.junit.JUnitTestRunner.main(JUnitTestRunner.java:911)
2014-02-26 12:59:10,265 INFO  [bill_processor] Send email to general@opm.gov, subject = [Service Credit Nightly Batch: ERROR!!]. Message:
Service Credit Batch started at 12:59:10 PM CST on February 26, 2014. Batch done at 12:59:10 PM CST.


Transaction not active
2014-02-26 12:59:10,270 WARN  [bill_processor] Service Credit Batch has retried max 0 times today. The batch process will exit unsuccessfully.
2014-02-26 12:59:10,520 INFO  [bill_processor] Service Credit Batch started.
2014-02-26 12:59:10,525 INFO  [bill_processor] Is today holiday : false
2014-02-26 12:59:10,527 INFO  [bill_processor] Start importing files in: test_files\lockbox_files
2014-02-26 12:59:10,527 INFO  [bill_processor] Start loading file content from: test_files\lockbox_files\lockbox_file_1.txt
2014-02-26 12:59:10,529 ERROR [bill_processor] Text Line import error: C 02      1112233031277  Chizago, IL 12345-1234
gov.opm.scrd.batchprocessing.jobs.BatchProcessingException: Text Line import error: C 02      1112233031277  Chizago, IL 12345-1234 [See nested exception: javax.persistence.PersistenceException: org.hibernate.exception.SQLGrammarException: Error extracting results from CallableStatement]
	at gov.opm.scrd.batchprocessing.jobs.BatchProcessingJob.loadFileContent(BatchProcessingJob.java:870)
	at gov.opm.scrd.batchprocessing.jobs.BatchProcessingJob.importFile(BatchProcessingJob.java:725)
	at gov.opm.scrd.batchprocessing.jobs.BatchProcessingJob.importFiles(BatchProcessingJob.java:703)
	at gov.opm.scrd.batchprocessing.jobs.BatchProcessingJob.doExecute(BatchProcessingJob.java:480)
	at gov.opm.scrd.batchprocessing.jobs.BatchProcessingJob.execute(BatchProcessingJob.java:377)
	at gov.opm.scrd.batchprocessing.jobs.BatchProcessingJobTests.testCase_ProcessBills(BatchProcessingJobTests.java:718)
	at sun.reflect.NativeMethodAccessorImpl.invoke0(Native Method)
	at sun.reflect.NativeMethodAccessorImpl.invoke(NativeMethodAccessorImpl.java:39)
	at sun.reflect.DelegatingMethodAccessorImpl.invoke(DelegatingMethodAccessorImpl.java:25)
	at java.lang.reflect.Method.invoke(Method.java:597)
	at org.junit.runners.model.FrameworkMethod$1.runReflectiveCall(FrameworkMethod.java:45)
	at org.junit.internal.runners.model.ReflectiveCallable.run(ReflectiveCallable.java:15)
	at org.junit.runners.model.FrameworkMethod.invokeExplosively(FrameworkMethod.java:42)
	at org.junit.internal.runners.statements.InvokeMethod.evaluate(InvokeMethod.java:20)
	at org.junit.internal.runners.statements.RunBefores.evaluate(RunBefores.java:28)
	at org.springframework.test.context.junit4.statements.RunBeforeTestMethodCallbacks.evaluate(RunBeforeTestMethodCallbacks.java:74)
	at org.junit.internal.runners.statements.RunAfters.evaluate(RunAfters.java:30)
	at org.springframework.test.context.junit4.statements.RunAfterTestMethodCallbacks.evaluate(RunAfterTestMethodCallbacks.java:83)
	at org.springframework.test.context.junit4.statements.SpringRepeat.evaluate(SpringRepeat.java:72)
	at org.springframework.test.context.junit4.SpringJUnit4ClassRunner.runChild(SpringJUnit4ClassRunner.java:231)
	at org.springframework.test.context.junit4.SpringJUnit4ClassRunner.runChild(SpringJUnit4ClassRunner.java:88)
	at org.junit.runners.ParentRunner$3.run(ParentRunner.java:231)
	at org.junit.runners.ParentRunner$1.schedule(ParentRunner.java:60)
	at org.junit.runners.ParentRunner.runChildren(ParentRunner.java:229)
	at org.junit.runners.ParentRunner.access$000(ParentRunner.java:50)
	at org.junit.runners.ParentRunner$2.evaluate(ParentRunner.java:222)
	at org.junit.internal.runners.statements.RunBefores.evaluate(RunBefores.java:28)
	at org.springframework.test.context.junit4.statements.RunBeforeTestClassCallbacks.evaluate(RunBeforeTestClassCallbacks.java:61)
	at org.junit.internal.runners.statements.RunAfters.evaluate(RunAfters.java:30)
	at org.springframework.test.context.junit4.statements.RunAfterTestClassCallbacks.evaluate(RunAfterTestClassCallbacks.java:71)
	at org.junit.runners.ParentRunner.run(ParentRunner.java:300)
	at org.springframework.test.context.junit4.SpringJUnit4ClassRunner.run(SpringJUnit4ClassRunner.java:174)
	at junit.framework.JUnit4TestAdapter.run(JUnit4TestAdapter.java:39)
	at junit.framework.TestSuite.runTest(TestSuite.java:243)
	at junit.framework.TestSuite.run(TestSuite.java:238)
	at org.apache.tools.ant.taskdefs.optional.junit.JUnitTestRunner.run(JUnitTestRunner.java:520)
	at org.apache.tools.ant.taskdefs.optional.junit.JUnitTestRunner.launch(JUnitTestRunner.java:1060)
	at org.apache.tools.ant.taskdefs.optional.junit.JUnitTestRunner.main(JUnitTestRunner.java:911)
Caused by: javax.persistence.PersistenceException: org.hibernate.exception.SQLGrammarException: Error extracting results from CallableStatement
	at org.hibernate.jpa.spi.AbstractEntityManagerImpl.convert(AbstractEntityManagerImpl.java:1763)
	at org.hibernate.jpa.spi.AbstractEntityManagerImpl.convert(AbstractEntityManagerImpl.java:1677)
	at org.hibernate.jpa.internal.StoredProcedureQueryImpl.execute(StoredProcedureQueryImpl.java:241)
	at gov.opm.scrd.batchprocessing.jobs.BatchProcessingJob.loadFileContent(BatchProcessingJob.java:858)
	... 37 more
Caused by: org.hibernate.exception.SQLGrammarException: Error extracting results from CallableStatement
	at org.hibernate.exception.internal.SQLStateConversionDelegate.convert(SQLStateConversionDelegate.java:123)
	at org.hibernate.exception.internal.StandardSQLExceptionConverter.convert(StandardSQLExceptionConverter.java:49)
	at org.hibernate.engine.jdbc.spi.SqlExceptionHelper.convert(SqlExceptionHelper.java:126)
	at org.hibernate.result.internal.OutputsImpl.convert(OutputsImpl.java:96)
	at org.hibernate.result.internal.OutputsImpl.extractResults(OutputsImpl.java:155)
	at org.hibernate.result.internal.OutputsImpl.extractCurrentResults(OutputsImpl.java:143)
	at org.hibernate.result.internal.OutputsImpl.access$100(OutputsImpl.java:52)
	at org.hibernate.result.internal.OutputsImpl$CurrentReturnState.buildOutput(OutputsImpl.java:212)
	at org.hibernate.result.internal.OutputsImpl$CurrentReturnState.getOutput(OutputsImpl.java:187)
	at org.hibernate.result.internal.OutputsImpl.getCurrent(OutputsImpl.java:108)
	at org.hibernate.jpa.internal.StoredProcedureQueryImpl.execute(StoredProcedureQueryImpl.java:234)
	... 38 more
Caused by: org.postgresql.util.PSQLException: ResultSet 中找不到欄位名稱 auditBatchLogId。
	at org.postgresql.jdbc2.AbstractJdbc2ResultSet.findColumn(AbstractJdbc2ResultSet.java:2727)
	at org.postgresql.jdbc2.AbstractJdbc2ResultSet.getString(AbstractJdbc2ResultSet.java:2567)
	at org.hibernate.type.descriptor.sql.VarcharTypeDescriptor$2.doExtract(VarcharTypeDescriptor.java:74)
	at org.hibernate.type.descriptor.sql.BasicExtractor.extract(BasicExtractor.java:64)
	at org.hibernate.type.AbstractStandardBasicType.nullSafeGet(AbstractStandardBasicType.java:263)
	at org.hibernate.type.AbstractStandardBasicType.nullSafeGet(AbstractStandardBasicType.java:259)
	at org.hibernate.type.AbstractStandardBasicType.nullSafeGet(AbstractStandardBasicType.java:249)
	at org.hibernate.type.AbstractStandardBasicType.hydrate(AbstractStandardBasicType.java:334)
	at org.hibernate.persister.entity.AbstractEntityPersister.hydrate(AbstractEntityPersister.java:2969)
	at org.hibernate.loader.Loader.loadFromResultSet(Loader.java:1695)
	at org.hibernate.loader.Loader.instanceNotYetLoaded(Loader.java:1627)
	at org.hibernate.loader.Loader.getRow(Loader.java:1514)
	at org.hibernate.loader.Loader.getRowFromResultSet(Loader.java:725)
	at org.hibernate.loader.Loader.processResultSet(Loader.java:952)
	at org.hibernate.result.internal.OutputsImpl$CustomLoaderExtension.processResultSet(OutputsImpl.java:310)
	at org.hibernate.result.internal.OutputsImpl.extractResults(OutputsImpl.java:152)
	... 44 more
2014-02-26 12:59:10,530 INFO  [bill_processor] Send email to general@opm.gov, subject = [Service Credit Import: BATCH IMPORT ERROR]. Message:
Service Credit Batch started at 12:59:10 PM CST on February 26, 2014. Batch done at 12:59:10 PM CST.


Text Line import error: C 02      1112233031277  Chizago, IL 12345-1234
2014-02-26 12:59:10,540 WARN  [bill_processor] Service Credit Batch has retried max 0 times today. The batch process will exit unsuccessfully.
2014-02-26 13:06:46,280 INFO  [bill_processor] Total Payment Records: 1
2014-02-26 13:06:49,922 INFO  [bill_processor] Total Payment Records: 2
2014-02-26 13:06:51,821 INFO  [bill_processor] Total Payment Records: 0
2014-02-26 13:06:54,684 INFO  [bill_processor] Total Payment Records: 1
2014-02-26 13:06:57,296 INFO  [bill_processor] Total Payment Records: 1
2014-02-26 13:06:59,646 INFO  [bill_processor] Total Payment Records: 1
2014-02-26 13:07:01,808 ERROR [bill_processor] 7Calculation Failure: gov.opm.scrd.mock.MockWaltRuleService calculating the new amount in the calculation engine.
2014-02-26 13:07:01,812 INFO  [bill_processor] Total Payment Records: 1
2014-02-26 13:07:03,652 INFO  [bill_processor] Total Payment Records: 1
2014-02-26 13:07:05,288 INFO  [bill_processor] Total Payment Records: 1
2014-02-26 13:07:06,522 INFO  [bill_processor] Total Payment Records: 1
2014-02-26 13:07:08,099 INFO  [bill_processor] 11 Calculation Failure. calculating the new amount
2014-02-26 13:07:08,103 INFO  [bill_processor] Total Payment Records: 1
2014-02-26 13:07:09,320 INFO  [bill_processor] Total Payment Records: 1
2014-02-26 13:07:10,546 INFO  [bill_processor] 13 processing an adjustment payment.
2014-02-26 13:07:10,550 INFO  [bill_processor] Total Payment Records: 1
2014-02-26 13:07:11,986 INFO  [bill_processor] 14 processing an adjustment payment.
2014-02-26 13:07:11,990 INFO  [bill_processor] Total Payment Records: 1
2014-02-26 13:07:13,355 ERROR [bill_processor] Error in method BillProcessorImpl.applyManualAdjustment java.lang.IllegalArgumentException: org.hibernate.hql.internal.ast.QuerySyntaxException: unexpected token: * near line 1, column 8 [select * from gov.opm.scrd.entities.application.Payment p where p.claimNumber = :claimNumber and p.transactionDate >= :startDate and p.transactionDate < :endDate]
	at org.hibernate.jpa.spi.AbstractEntityManagerImpl.convert(AbstractEntityManagerImpl.java:1750)
	at org.hibernate.jpa.spi.AbstractEntityManagerImpl.convert(AbstractEntityManagerImpl.java:1677)
	at org.hibernate.jpa.spi.AbstractEntityManagerImpl.convert(AbstractEntityManagerImpl.java:1683)
	at org.hibernate.jpa.spi.AbstractEntityManagerImpl.createQuery(AbstractEntityManagerImpl.java:350)
	at sun.reflect.GeneratedMethodAccessor384.invoke(Unknown Source)
	at sun.reflect.DelegatingMethodAccessorImpl.invoke(DelegatingMethodAccessorImpl.java:25)
	at java.lang.reflect.Method.invoke(Method.java:597)
	at org.springframework.orm.jpa.ExtendedEntityManagerCreator$Exte
2014-02-26 13:07:13,356 INFO  [bill_processor] 15 processing an adjustment payment.
2014-02-26 13:07:13,360 INFO  [bill_processor] Total Payment Records: 1
2014-02-26 13:07:14,496 INFO  [bill_processor] Total Payment Records: 1
2014-02-26 13:07:15,621 INFO  [bill_processor] Total Payment Records: 1
2014-02-26 13:07:16,952 INFO  [bill_processor] Total Payment Records: 1
2014-02-26 13:07:17,997 INFO  [bill_processor] Total Payment Records: 1
2014-02-26 13:07:20,112 INFO  [bill_processor] Total Payment Records: 1
2014-02-26 13:07:21,115 INFO  [bill_processor] Total Payment Records: 1
2014-02-26 13:07:22,188 INFO  [bill_processor] Total Payment Records: 1
2014-02-26 13:07:23,081 INFO  [bill_processor] Total Payment Records: 1
2014-02-26 13:07:24,035 INFO  [bill_processor] Total Payment Records: 1
2014-02-26 13:07:26,257 INFO  [bill_processor] Service Credit Batch started.
2014-02-26 13:07:26,264 ERROR [bill_processor] User NotBatchUser is not allowed to run the batch service.
gov.opm.scrd.services.AuthorizationException: Batch process user [NotBatchUser] is not found
	at gov.opm.scrd.batchprocessing.jobs.BatchProcessingJob.doExecute(BatchProcessingJob.java:440)
	at gov.opm.scrd.batchprocessing.jobs.BatchProcessingJob.execute(BatchProcessingJob.java:377)
	at gov.opm.scrd.batchprocessing.jobs.BatchProcessingJobTests.testCase_BatchUserViolation(BatchProcessingJobTests.java:339)
	at sun.reflect.NativeMethodAccessorImpl.invoke0(Native Method)
	at sun.reflect.NativeMethodAccessorImpl.invoke(NativeMethodAccessorImpl.java:39)
	at sun.reflect.DelegatingMethodAccessorImpl.invoke(DelegatingMethodAccessorImpl.java:25)
	at java.lang.reflect.Method.invoke(Method.java:597)
	at org.junit.runners.model.FrameworkMethod$1.runReflectiveCall(FrameworkMethod.java:45)
	at org.junit.internal.runners.model.ReflectiveCallable.run(ReflectiveCallable.java:15)
	at org.junit.runners.model.FrameworkMethod.invokeExplosively(FrameworkMethod.java:42)
	at org.junit.internal.runners.statements.InvokeMethod.evaluate(InvokeMethod.java:20)
	at org.junit.internal.runners.statements.RunBefores.evaluate(RunBefores.java:28)
	at org.springframework.test.context.junit4.statements.RunBeforeTestMethodCallbacks.evaluate(RunBeforeTestMethodCallbacks.java:74)
	at org.junit.internal.runners.statements.RunAfters.evaluate(RunAfters.java:30)
	at org.springframework.test.context.junit4.statements.RunAfterTestMethodCallbacks.evaluate(RunAfterTestMethodCallbacks.java:83)
	at org.springframework.test.context.junit4.statements.SpringRepeat.evaluate(SpringRepeat.java:72)
	at org.springframework.test.context.junit4.SpringJUnit4ClassRunner.runChild(SpringJUnit4ClassRunner.java:231)
	at org.springframework.test.context.junit4.SpringJUnit4ClassRunner.runChild(SpringJUnit4ClassRunner.java:88)
	at org.junit.runners.ParentRunner$3.run(ParentRunner.java:231)
	at org.junit.runners.ParentRunner$1.schedule(ParentRunner.java:60)
	at org.junit.runners.ParentRunner.runChildren(ParentRunner.java:229)
	at org.junit.runners.ParentRunner.access$000(ParentRunner.java:50)
	at org.junit.runners.ParentRunner$2.evaluate(ParentRunner.java:222)
	at org.junit.internal.runners.statements.RunBefores.evaluate(RunBefores.java:28)
	at org.springframework.test.context.junit4.statements.RunBeforeTestClassCallbacks.evaluate(RunBeforeTestClassCallbacks.java:61)
	at org.junit.internal.runners.statements.RunAfters.evaluate(RunAfters.java:30)
	at org.springframework.test.context.junit4.statements.RunAfterTestClassCallbacks.evaluate(RunAfterTestClassCallbacks.java:71)
	at org.junit.runners.ParentRunner.run(ParentRunner.java:300)
	at org.springframework.test.context.junit4.SpringJUnit4ClassRunner.run(SpringJUnit4ClassRunner.java:174)
	at junit.framework.JUnit4TestAdapter.run(JUnit4TestAdapter.java:39)
	at junit.framework.TestSuite.runTest(TestSuite.java:243)
	at junit.framework.TestSuite.run(TestSuite.java:238)
	at org.apache.tools.ant.taskdefs.optional.junit.JUnitTestRunner.run(JUnitTestRunner.java:520)
	at org.apache.tools.ant.taskdefs.optional.junit.JUnitTestRunner.launch(JUnitTestRunner.java:1060)
	at org.apache.tools.ant.taskdefs.optional.junit.JUnitTestRunner.main(JUnitTestRunner.java:911)
2014-02-26 13:07:26,265 INFO  [bill_processor] Send email to general@opm.gov, subject = [Service Credit User Violation]. Message:
Service Credit Batch started at 1:07:26 PM CST on February 26, 2014. Batch done at 1:07:26 PM CST.

User NotBatchUser is not allowed to run the batch service. He does not exist. This is a serious configuration error. Call the Program Manager or DBA. 
2014-02-26 13:07:26,341 WARN  [bill_processor] Service Credit Batch has retried max 0 times today. The batch process will exit unsuccessfully.
2014-02-26 13:07:26,564 INFO  [bill_processor] Service Credit Batch started.
2014-02-26 13:07:26,583 INFO  [bill_processor] Is today holiday : false
2014-02-26 13:07:26,583 ERROR [bill_processor] Can not read folder: test_files\lockbox_files
2014-02-26 13:07:26,583 INFO  [bill_processor] Send email to general@opm.gov, subject = [SERVICE CREDIT BATCH CANNOT ACCESS NETWORK]. Message:
Service Credit Batch started at 1:07:26 PM CST on February 26, 2014. Batch done at 1:07:26 PM CST.

THE NETWORK IS DOWN! 
Network Services not Available for Service Credit. Cannot access the test_files/lockbox_files network folder. Please ask the Help Desk to investigate. SERVICE CREDIT IS SHUT DOWN UNTIL THIS ERROR IS FIXED! 
2014-02-26 13:07:26,589 WARN  [bill_processor] Service Credit Batch has retried max 0 times today. The batch process will exit unsuccessfully.
2014-02-26 13:07:26,831 INFO  [bill_processor] Service Credit Batch started.
2014-02-26 13:07:26,836 INFO  [bill_processor] Is today holiday : false
2014-02-26 13:07:26,837 ERROR [bill_processor] No files arrived today in: test_files\lockbox_files
2014-02-26 13:07:26,838 INFO  [bill_processor] Send email to general@opm.gov, subject = [SERVICE CREDIT LOCKBOX FILE IS LATE!]. Message:
Service Credit Batch started at 1:07:26 PM CST on February 26, 2014. Batch done at 1:07:26 PM CST.

Today's Lockbox Bank File has not arrived. Please notify Production Control and BSG that the data file is not in the test_files/lockbox_files network share. The nightly batch process is scheduled to run at 1:07:26 PM CST and today's import should run before that time. 
2014-02-26 13:07:26,843 WARN  [bill_processor] Service Credit Batch has retried max 0 times today. The batch process will exit unsuccessfully.
2014-02-26 13:07:27,034 INFO  [bill_processor] Service Credit Batch started.
2014-02-26 13:07:27,040 INFO  [bill_processor] Is today holiday : true
2014-02-26 13:07:27,042 INFO  [bill_processor] Start importing files in: test_files\lockbox_files
2014-02-26 13:07:27,042 INFO  [bill_processor] Start loading file content from: test_files\lockbox_files\lockbox_file_1.txt
2014-02-26 13:07:27,043 INFO  [bill_processor] 0 lines loaded from lockbox_file_1.txt which is backup to Dupe_SC022514_27.txt
2014-02-26 13:07:27,043 INFO  [bill_processor] End loading file content from: test_files\lockbox_files\lockbox_file_1.txt
2014-02-26 13:07:27,043 INFO  [bill_processor] 
Service Credit imported a data file from the bank lockbox on February 26, 2014 at 1:07:27 PM CST.
Lockbox data imported into the dbName database on server dbHostName from computer batchProcessHostName.

# Lines in file = 0
# Duplicate Lines = 0

# Records Processed = 0
# Check Payments = 0
# Good Check Payments = 0
# Bad Check Payments = 0
# Dupe Check Payments = 0
# ACH Payments = 0
# Good ACH Payments = 0
# Bad ACH Payments = 0
# Dupe ACH Payments = 0
# Bad Change Records = 0
# Good Change Records = 0
# No Match Change Records = 0
# Invalid Summary Records = 0
# Valid Summary Records = 0
# Successful Transactions = 0
# Failed Transactions = 0
# Invalid Lines = 0

Total Check Payments = 0
Total ACH Payments = 0
Total of Accepted Payments = 0
Total in File = 0

No bad records in this batch.
0 = number of successful calls to the ProcessImportRecord function.

         Accepted Payments: 0
       Unresolved Payments: 0
        Suspended Payments: 0
-----------------------------------
Pending payments processed: 0

2014-02-26 13:07:27,101 INFO  [bill_processor] Send email to general@opm.gov, subject = [Service Credit Import: OK ]. Message:
Service Credit Batch started at 1:07:27 PM CST on February 26, 2014. Batch done at 1:07:27 PM CST.

SUMMARY: The file import was successful.

   Number Type         Total
        0 ACH           0.00
        0 Check         0.00
============================
        0 All           0.00



SCRD found no payment records in this Lockbox file.


There are no change records in this Lockbox file.

DETAILS:
Audit Batch Log ID number is 27
File Contents:
 Number Type Description
====================================
      0 Total Lines in Lockbox File

Lockbox File Name:
lockbox_file_1.txt
Backup File Name:
Dupe_SC022514_27.txt

2014-02-26 13:07:27,107 INFO  [bill_processor] End importing files in: test_files\lockbox_files
2014-02-26 13:07:27,107 INFO  [bill_processor] Start cleaning old files in: test_files\old_files
2014-02-26 13:07:27,108 INFO  [bill_processor] Old files cleaned: 1
2014-02-26 13:07:27,108 INFO  [bill_processor] End cleaning old files in: test_files\old_files
2014-02-26 13:07:27,108 INFO  [bill_processor] Service Credit Batch finished successfully.
2014-02-26 13:07:27,293 INFO  [bill_processor] Service Credit Batch started.
2014-02-26 13:07:27,298 INFO  [bill_processor] Is today holiday : true
2014-02-26 13:07:27,300 INFO  [bill_processor] Start importing files in: test_files\lockbox_files
2014-02-26 13:07:27,300 INFO  [bill_processor] Start loading file content from: test_files\lockbox_files\lockbox_file_1.txt
2014-02-26 13:07:27,301 INFO  [bill_processor] 0 lines loaded from lockbox_file_1.txt which is backup to Dupe_SC022514_28.txt
2014-02-26 13:07:27,301 INFO  [bill_processor] End loading file content from: test_files\lockbox_files\lockbox_file_1.txt
2014-02-26 13:07:27,301 INFO  [bill_processor] 
Service Credit imported a data file from the bank lockbox on February 26, 2014 at 1:07:27 PM CST.
Lockbox data imported into the dbName database on server dbHostName from computer batchProcessHostName.

# Lines in file = 0
# Duplicate Lines = 0

# Records Processed = 0
# Check Payments = 0
# Good Check Payments = 0
# Bad Check Payments = 0
# Dupe Check Payments = 0
# ACH Payments = 0
# Good ACH Payments = 0
# Bad ACH Payments = 0
# Dupe ACH Payments = 0
# Bad Change Records = 0
# Good Change Records = 0
# No Match Change Records = 0
# Invalid Summary Records = 0
# Valid Summary Records = 0
# Successful Transactions = 0
# Failed Transactions = 0
# Invalid Lines = 0

Total Check Payments = 0
Total ACH Payments = 0
Total of Accepted Payments = 0
Total in File = 0

No bad records in this batch.
0 = number of successful calls to the ProcessImportRecord function.

         Accepted Payments: 0
       Unresolved Payments: 0
        Suspended Payments: 0
-----------------------------------
Pending payments processed: 0

2014-02-26 13:07:27,319 INFO  [bill_processor] Send email to general@opm.gov, subject = [Service Credit Import: OK ]. Message:
Service Credit Batch started at 1:07:27 PM CST on February 26, 2014. Batch done at 1:07:27 PM CST.

SUMMARY: The file import was successful.

   Number Type         Total
        0 ACH           0.00
        0 Check         0.00
============================
        0 All           0.00



SCRD found no payment records in this Lockbox file.


There are no change records in this Lockbox file.

DETAILS:
Audit Batch Log ID number is 28
File Contents:
 Number Type Description
====================================
      0 Total Lines in Lockbox File

Lockbox File Name:
lockbox_file_1.txt
Backup File Name:
Dupe_SC022514_28.txt

2014-02-26 13:07:27,325 INFO  [bill_processor] End importing files in: test_files\lockbox_files
2014-02-26 13:07:27,325 INFO  [bill_processor] Start cleaning old files in: test_files\old_files
2014-02-26 13:07:27,325 INFO  [bill_processor] Old files cleaned: 0
2014-02-26 13:07:27,325 INFO  [bill_processor] End cleaning old files in: test_files\old_files
2014-02-26 13:07:27,325 INFO  [bill_processor] Service Credit Batch finished successfully.
2014-02-26 13:07:27,523 INFO  [bill_processor] Service Credit Batch started.
2014-02-26 13:07:27,529 INFO  [bill_processor] Is today holiday : true
2014-02-26 13:07:27,531 INFO  [bill_processor] Start importing files in: test_files\lockbox_files
2014-02-26 13:07:27,531 INFO  [bill_processor] Start loading file content from: test_files\lockbox_files\lockbox_file_1.txt
2014-02-26 13:07:27,537 ERROR [bill_processor] Text Line import error: R64445566 bad R line
gov.opm.scrd.batchprocessing.jobs.BatchProcessingException: Text Line import error: R64445566 bad R line [See nested exception: javax.persistence.PersistenceException: org.hibernate.exception.SQLGrammarException: Error extracting results from CallableStatement]
	at gov.opm.scrd.batchprocessing.jobs.BatchProcessingJob.loadFileContent(BatchProcessingJob.java:870)
	at gov.opm.scrd.batchprocessing.jobs.BatchProcessingJob.importFile(BatchProcessingJob.java:725)
	at gov.opm.scrd.batchprocessing.jobs.BatchProcessingJob.importFiles(BatchProcessingJob.java:703)
	at gov.opm.scrd.batchprocessing.jobs.BatchProcessingJob.doExecute(BatchProcessingJob.java:480)
	at gov.opm.scrd.batchprocessing.jobs.BatchProcessingJob.execute(BatchProcessingJob.java:377)
	at gov.opm.scrd.batchprocessing.jobs.BatchProcessingJobTests.testCase_ImportFile_BadRLine(BatchProcessingJobTests.java:474)
	at sun.reflect.NativeMethodAccessorImpl.invoke0(Native Method)
	at sun.reflect.NativeMethodAccessorImpl.invoke(NativeMethodAccessorImpl.java:39)
	at sun.reflect.DelegatingMethodAccessorImpl.invoke(DelegatingMethodAccessorImpl.java:25)
	at java.lang.reflect.Method.invoke(Method.java:597)
	at org.junit.runners.model.FrameworkMethod$1.runReflectiveCall(FrameworkMethod.java:45)
	at org.junit.internal.runners.model.ReflectiveCallable.run(ReflectiveCallable.java:15)
	at org.junit.runners.model.FrameworkMethod.invokeExplosively(FrameworkMethod.java:42)
	at org.junit.internal.runners.statements.InvokeMethod.evaluate(InvokeMethod.java:20)
	at org.junit.internal.runners.statements.RunBefores.evaluate(RunBefores.java:28)
	at org.springframework.test.context.junit4.statements.RunBeforeTestMethodCallbacks.evaluate(RunBeforeTestMethodCallbacks.java:74)
	at org.junit.internal.runners.statements.RunAfters.evaluate(RunAfters.java:30)
	at org.springframework.test.context.junit4.statements.RunAfterTestMethodCallbacks.evaluate(RunAfterTestMethodCallbacks.java:83)
	at org.springframework.test.context.junit4.statements.SpringRepeat.evaluate(SpringRepeat.java:72)
	at org.springframework.test.context.junit4.SpringJUnit4ClassRunner.runChild(SpringJUnit4ClassRunner.java:231)
	at org.springframework.test.context.junit4.SpringJUnit4ClassRunner.runChild(SpringJUnit4ClassRunner.java:88)
	at org.junit.runners.ParentRunner$3.run(ParentRunner.java:231)
	at org.junit.runners.ParentRunner$1.schedule(ParentRunner.java:60)
	at org.junit.runners.ParentRunner.runChildren(ParentRunner.java:229)
	at org.junit.runners.ParentRunner.access$000(ParentRunner.java:50)
	at org.junit.runners.ParentRunner$2.evaluate(ParentRunner.java:222)
	at org.junit.internal.runners.statements.RunBefores.evaluate(RunBefores.java:28)
	at org.springframework.test.context.junit4.statements.RunBeforeTestClassCallbacks.evaluate(RunBeforeTestClassCallbacks.java:61)
	at org.junit.internal.runners.statements.RunAfters.evaluate(RunAfters.java:30)
	at org.springframework.test.context.junit4.statements.RunAfterTestClassCallbacks.evaluate(RunAfterTestClassCallbacks.java:71)
	at org.junit.runners.ParentRunner.run(ParentRunner.java:300)
	at org.springframework.test.context.junit4.SpringJUnit4ClassRunner.run(SpringJUnit4ClassRunner.java:174)
	at junit.framework.JUnit4TestAdapter.run(JUnit4TestAdapter.java:39)
	at junit.framework.TestSuite.runTest(TestSuite.java:243)
	at junit.framework.TestSuite.run(TestSuite.java:238)
	at org.apache.tools.ant.taskdefs.optional.junit.JUnitTestRunner.run(JUnitTestRunner.java:520)
	at org.apache.tools.ant.taskdefs.optional.junit.JUnitTestRunner.launch(JUnitTestRunner.java:1060)
	at org.apache.tools.ant.taskdefs.optional.junit.JUnitTestRunner.main(JUnitTestRunner.java:911)
Caused by: javax.persistence.PersistenceException: org.hibernate.exception.SQLGrammarException: Error extracting results from CallableStatement
	at org.hibernate.jpa.spi.AbstractEntityManagerImpl.convert(AbstractEntityManagerImpl.java:1763)
	at org.hibernate.jpa.spi.AbstractEntityManagerImpl.convert(AbstractEntityManagerImpl.java:1677)
	at org.hibernate.jpa.internal.StoredProcedureQueryImpl.execute(StoredProcedureQueryImpl.java:241)
	at gov.opm.scrd.batchprocessing.jobs.BatchProcessingJob.loadFileContent(BatchProcessingJob.java:858)
	... 37 more
Caused by: org.hibernate.exception.SQLGrammarException: Error extracting results from CallableStatement
	at org.hibernate.exception.internal.SQLStateConversionDelegate.convert(SQLStateConversionDelegate.java:123)
	at org.hibernate.exception.internal.StandardSQLExceptionConverter.convert(StandardSQLExceptionConverter.java:49)
	at org.hibernate.engine.jdbc.spi.SqlExceptionHelper.convert(SqlExceptionHelper.java:126)
	at org.hibernate.result.internal.OutputsImpl.convert(OutputsImpl.java:96)
	at org.hibernate.result.internal.OutputsImpl.extractResults(OutputsImpl.java:155)
	at org.hibernate.result.internal.OutputsImpl.extractCurrentResults(OutputsImpl.java:143)
	at org.hibernate.result.internal.OutputsImpl.access$100(OutputsImpl.java:52)
	at org.hibernate.result.internal.OutputsImpl$CurrentReturnState.buildOutput(OutputsImpl.java:212)
	at org.hibernate.result.internal.OutputsImpl$CurrentReturnState.getOutput(OutputsImpl.java:187)
	at org.hibernate.result.internal.OutputsImpl.getCurrent(OutputsImpl.java:108)
	at org.hibernate.jpa.internal.StoredProcedureQueryImpl.execute(StoredProcedureQueryImpl.java:234)
	... 38 more
Caused by: org.postgresql.util.PSQLException: ResultSet 中找不到欄位名稱 batchDailyPayments。
	at org.postgresql.jdbc2.AbstractJdbc2ResultSet.findColumn(AbstractJdbc2ResultSet.java:2727)
	at org.postgresql.jdbc2.AbstractJdbc2ResultSet.getLong(AbstractJdbc2ResultSet.java:2593)
	at org.hibernate.type.descriptor.sql.BigIntTypeDescriptor$2.doExtract(BigIntTypeDescriptor.java:74)
	at org.hibernate.type.descriptor.sql.BasicExtractor.extract(BasicExtractor.java:64)
	at org.hibernate.type.AbstractStandardBasicType.nullSafeGet(AbstractStandardBasicType.java:263)
	at org.hibernate.type.AbstractStandardBasicType.nullSafeGet(AbstractStandardBasicType.java:259)
	at org.hibernate.type.AbstractStandardBasicType.nullSafeGet(AbstractStandardBasicType.java:249)
	at org.hibernate.type.AbstractStandardBasicType.hydrate(AbstractStandardBasicType.java:334)
	at org.hibernate.persister.entity.AbstractEntityPersister.hydrate(AbstractEntityPersister.java:2969)
	at org.hibernate.loader.Loader.loadFromResultSet(Loader.java:1695)
	at org.hibernate.loader.Loader.instanceNotYetLoaded(Loader.java:1627)
	at org.hibernate.loader.Loader.getRow(Loader.java:1514)
	at org.hibernate.loader.Loader.getRowFromResultSet(Loader.java:725)
	at org.hibernate.loader.Loader.processResultSet(Loader.java:952)
	at org.hibernate.result.internal.OutputsImpl$CustomLoaderExtension.processResultSet(OutputsImpl.java:310)
	at org.hibernate.result.internal.OutputsImpl.extractResults(OutputsImpl.java:152)
	... 44 more
2014-02-26 13:07:27,538 INFO  [bill_processor] Send email to general@opm.gov, subject = [Service Credit Import: BATCH IMPORT ERROR]. Message:
Service Credit Batch started at 1:07:27 PM CST on February 26, 2014. Batch done at 1:07:27 PM CST.


Text Line import error: R64445566 bad R line
2014-02-26 13:07:27,544 WARN  [bill_processor] Service Credit Batch has retried max 0 times today. The batch process will exit unsuccessfully.
2014-02-26 13:07:27,791 INFO  [bill_processor] Service Credit Batch started.
2014-02-26 13:07:27,796 ERROR [bill_processor] Transaction not active
java.lang.IllegalStateException: Transaction not active
	at org.hibernate.jpa.internal.TransactionImpl.rollback(TransactionImpl.java:105)
	at gov.opm.scrd.batchprocessing.jobs.BatchProcessingJob.commitTransaction(BatchProcessingJob.java:1741)
	at gov.opm.scrd.batchprocessing.jobs.BatchProcessingJob.persistEntity(BatchProcessingJob.java:1759)
	at gov.opm.scrd.batchprocessing.jobs.BatchProcessingJob.initTodayAuditBatch(BatchProcessingJob.java:579)
	at gov.opm.scrd.batchprocessing.jobs.BatchProcessingJob.doExecute(BatchProcessingJob.java:471)
	at gov.opm.scrd.batchprocessing.jobs.BatchProcessingJob.execute(BatchProcessingJob.java:377)
	at gov.opm.scrd.batchprocessing.jobs.BatchProcessingJobTests.testCase_ImportFile_BadCLine(BatchProcessingJobTests.java:502)
	at sun.reflect.NativeMethodAccessorImpl.invoke0(Native Method)
	at sun.reflect.NativeMethodAccessorImpl.invoke(NativeMethodAccessorImpl.java:39)
	at sun.reflect.DelegatingMethodAccessorImpl.invoke(DelegatingMethodAccessorImpl.java:25)
	at java.lang.reflect.Method.invoke(Method.java:597)
	at org.junit.runners.model.FrameworkMethod$1.runReflectiveCall(FrameworkMethod.java:45)
	at org.junit.internal.runners.model.ReflectiveCallable.run(ReflectiveCallable.java:15)
	at org.junit.runners.model.FrameworkMethod.invokeExplosively(FrameworkMethod.java:42)
	at org.junit.internal.runners.statements.InvokeMethod.evaluate(InvokeMethod.java:20)
	at org.junit.internal.runners.statements.RunBefores.evaluate(RunBefores.java:28)
	at org.springframework.test.context.junit4.statements.RunBeforeTestMethodCallbacks.evaluate(RunBeforeTestMethodCallbacks.java:74)
	at org.junit.internal.runners.statements.RunAfters.evaluate(RunAfters.java:30)
	at org.springframework.test.context.junit4.statements.RunAfterTestMethodCallbacks.evaluate(RunAfterTestMethodCallbacks.java:83)
	at org.springframework.test.context.junit4.statements.SpringRepeat.evaluate(SpringRepeat.java:72)
	at org.springframework.test.context.junit4.SpringJUnit4ClassRunner.runChild(SpringJUnit4ClassRunner.java:231)
	at org.springframework.test.context.junit4.SpringJUnit4ClassRunner.runChild(SpringJUnit4ClassRunner.java:88)
	at org.junit.runners.ParentRunner$3.run(ParentRunner.java:231)
	at org.junit.runners.ParentRunner$1.schedule(ParentRunner.java:60)
	at org.junit.runners.ParentRunner.runChildren(ParentRunner.java:229)
	at org.junit.runners.ParentRunner.access$000(ParentRunner.java:50)
	at org.junit.runners.ParentRunner$2.evaluate(ParentRunner.java:222)
	at org.junit.internal.runners.statements.RunBefores.evaluate(RunBefores.java:28)
	at org.springframework.test.context.junit4.statements.RunBeforeTestClassCallbacks.evaluate(RunBeforeTestClassCallbacks.java:61)
	at org.junit.internal.runners.statements.RunAfters.evaluate(RunAfters.java:30)
	at org.springframework.test.context.junit4.statements.RunAfterTestClassCallbacks.evaluate(RunAfterTestClassCallbacks.java:71)
	at org.junit.runners.ParentRunner.run(ParentRunner.java:300)
	at org.springframework.test.context.junit4.SpringJUnit4ClassRunner.run(SpringJUnit4ClassRunner.java:174)
	at junit.framework.JUnit4TestAdapter.run(JUnit4TestAdapter.java:39)
	at junit.framework.TestSuite.runTest(TestSuite.java:243)
	at junit.framework.TestSuite.run(TestSuite.java:238)
	at org.apache.tools.ant.taskdefs.optional.junit.JUnitTestRunner.run(JUnitTestRunner.java:520)
	at org.apache.tools.ant.taskdefs.optional.junit.JUnitTestRunner.launch(JUnitTestRunner.java:1060)
	at org.apache.tools.ant.taskdefs.optional.junit.JUnitTestRunner.main(JUnitTestRunner.java:911)
2014-02-26 13:07:27,797 INFO  [bill_processor] Send email to general@opm.gov, subject = [Service Credit Nightly Batch: ERROR!!]. Message:
Service Credit Batch started at 1:07:27 PM CST on February 26, 2014. Batch done at 1:07:27 PM CST.


Transaction not active
2014-02-26 13:07:27,802 WARN  [bill_processor] Service Credit Batch has retried max 0 times today. The batch process will exit unsuccessfully.
2014-02-26 13:07:28,004 INFO  [bill_processor] Service Credit Batch started.
2014-02-26 13:07:28,010 INFO  [bill_processor] Is today holiday : true
2014-02-26 13:07:28,011 INFO  [bill_processor] Start importing files in: test_files\lockbox_files
2014-02-26 13:07:28,011 INFO  [bill_processor] Start loading file content from: test_files\lockbox_files\lockbox_file_1.txt
2014-02-26 13:07:28,014 ERROR [bill_processor] Text Line import error: R ZZZ bad Summary line
gov.opm.scrd.batchprocessing.jobs.BatchProcessingException: Text Line import error: R ZZZ bad Summary line [See nested exception: javax.persistence.PersistenceException: org.hibernate.exception.SQLGrammarException: Error extracting results from CallableStatement]
	at gov.opm.scrd.batchprocessing.jobs.BatchProcessingJob.loadFileContent(BatchProcessingJob.java:870)
	at gov.opm.scrd.batchprocessing.jobs.BatchProcessingJob.importFile(BatchProcessingJob.java:725)
	at gov.opm.scrd.batchprocessing.jobs.BatchProcessingJob.importFiles(BatchProcessingJob.java:703)
	at gov.opm.scrd.batchprocessing.jobs.BatchProcessingJob.doExecute(BatchProcessingJob.java:480)
	at gov.opm.scrd.batchprocessing.jobs.BatchProcessingJob.execute(BatchProcessingJob.java:377)
	at gov.opm.scrd.batchprocessing.jobs.BatchProcessingJobTests.testCase_ImportFile_BadSummaryLine(BatchProcessingJobTests.java:530)
	at sun.reflect.NativeMethodAccessorImpl.invoke0(Native Method)
	at sun.reflect.NativeMethodAccessorImpl.invoke(NativeMethodAccessorImpl.java:39)
	at sun.reflect.DelegatingMethodAccessorImpl.invoke(DelegatingMethodAccessorImpl.java:25)
	at java.lang.reflect.Method.invoke(Method.java:597)
	at org.junit.runners.model.FrameworkMethod$1.runReflectiveCall(FrameworkMethod.java:45)
	at org.junit.internal.runners.model.ReflectiveCallable.run(ReflectiveCallable.java:15)
	at org.junit.runners.model.FrameworkMethod.invokeExplosively(FrameworkMethod.java:42)
	at org.junit.internal.runners.statements.InvokeMethod.evaluate(InvokeMethod.java:20)
	at org.junit.internal.runners.statements.RunBefores.evaluate(RunBefores.java:28)
	at org.springframework.test.context.junit4.statements.RunBeforeTestMethodCallbacks.evaluate(RunBeforeTestMethodCallbacks.java:74)
	at org.junit.internal.runners.statements.RunAfters.evaluate(RunAfters.java:30)
	at org.springframework.test.context.junit4.statements.RunAfterTestMethodCallbacks.evaluate(RunAfterTestMethodCallbacks.java:83)
	at org.springframework.test.context.junit4.statements.SpringRepeat.evaluate(SpringRepeat.java:72)
	at org.springframework.test.context.junit4.SpringJUnit4ClassRunner.runChild(SpringJUnit4ClassRunner.java:231)
	at org.springframework.test.context.junit4.SpringJUnit4ClassRunner.runChild(SpringJUnit4ClassRunner.java:88)
	at org.junit.runners.ParentRunner$3.run(ParentRunner.java:231)
	at org.junit.runners.ParentRunner$1.schedule(ParentRunner.java:60)
	at org.junit.runners.ParentRunner.runChildren(ParentRunner.java:229)
	at org.junit.runners.ParentRunner.access$000(ParentRunner.java:50)
	at org.junit.runners.ParentRunner$2.evaluate(ParentRunner.java:222)
	at org.junit.internal.runners.statements.RunBefores.evaluate(RunBefores.java:28)
	at org.springframework.test.context.junit4.statements.RunBeforeTestClassCallbacks.evaluate(RunBeforeTestClassCallbacks.java:61)
	at org.junit.internal.runners.statements.RunAfters.evaluate(RunAfters.java:30)
	at org.springframework.test.context.junit4.statements.RunAfterTestClassCallbacks.evaluate(RunAfterTestClassCallbacks.java:71)
	at org.junit.runners.ParentRunner.run(ParentRunner.java:300)
	at org.springframework.test.context.junit4.SpringJUnit4ClassRunner.run(SpringJUnit4ClassRunner.java:174)
	at junit.framework.JUnit4TestAdapter.run(JUnit4TestAdapter.java:39)
	at junit.framework.TestSuite.runTest(TestSuite.java:243)
	at junit.framework.TestSuite.run(TestSuite.java:238)
	at org.apache.tools.ant.taskdefs.optional.junit.JUnitTestRunner.run(JUnitTestRunner.java:520)
	at org.apache.tools.ant.taskdefs.optional.junit.JUnitTestRunner.launch(JUnitTestRunner.java:1060)
	at org.apache.tools.ant.taskdefs.optional.junit.JUnitTestRunner.main(JUnitTestRunner.java:911)
Caused by: javax.persistence.PersistenceException: org.hibernate.exception.SQLGrammarException: Error extracting results from CallableStatement
	at org.hibernate.jpa.spi.AbstractEntityManagerImpl.convert(AbstractEntityManagerImpl.java:1763)
	at org.hibernate.jpa.spi.AbstractEntityManagerImpl.convert(AbstractEntityManagerImpl.java:1677)
	at org.hibernate.jpa.internal.StoredProcedureQueryImpl.execute(StoredProcedureQueryImpl.java:241)
	at gov.opm.scrd.batchprocessing.jobs.BatchProcessingJob.loadFileContent(BatchProcessingJob.java:858)
	... 37 more
Caused by: org.hibernate.exception.SQLGrammarException: Error extracting results from CallableStatement
	at org.hibernate.exception.internal.SQLStateConversionDelegate.convert(SQLStateConversionDelegate.java:123)
	at org.hibernate.exception.internal.StandardSQLExceptionConverter.convert(StandardSQLExceptionConverter.java:49)
	at org.hibernate.engine.jdbc.spi.SqlExceptionHelper.convert(SqlExceptionHelper.java:126)
	at org.hibernate.result.internal.OutputsImpl.convert(OutputsImpl.java:96)
	at org.hibernate.result.internal.OutputsImpl.extractResults(OutputsImpl.java:155)
	at org.hibernate.result.internal.OutputsImpl.extractCurrentResults(OutputsImpl.java:143)
	at org.hibernate.result.internal.OutputsImpl.access$100(OutputsImpl.java:52)
	at org.hibernate.result.internal.OutputsImpl$CurrentReturnState.buildOutput(OutputsImpl.java:212)
	at org.hibernate.result.internal.OutputsImpl$CurrentReturnState.getOutput(OutputsImpl.java:187)
	at org.hibernate.result.internal.OutputsImpl.getCurrent(OutputsImpl.java:108)
	at org.hibernate.jpa.internal.StoredProcedureQueryImpl.execute(StoredProcedureQueryImpl.java:234)
	... 38 more
Caused by: org.postgresql.util.PSQLException: ResultSet 中找不到欄位名稱 batchDailyPayments。
	at org.postgresql.jdbc2.AbstractJdbc2ResultSet.findColumn(AbstractJdbc2ResultSet.java:2727)
	at org.postgresql.jdbc2.AbstractJdbc2ResultSet.getLong(AbstractJdbc2ResultSet.java:2593)
	at org.hibernate.type.descriptor.sql.BigIntTypeDescriptor$2.doExtract(BigIntTypeDescriptor.java:74)
	at org.hibernate.type.descriptor.sql.BasicExtractor.extract(BasicExtractor.java:64)
	at org.hibernate.type.AbstractStandardBasicType.nullSafeGet(AbstractStandardBasicType.java:263)
	at org.hibernate.type.AbstractStandardBasicType.nullSafeGet(AbstractStandardBasicType.java:259)
	at org.hibernate.type.AbstractStandardBasicType.nullSafeGet(AbstractStandardBasicType.java:249)
	at org.hibernate.type.AbstractStandardBasicType.hydrate(AbstractStandardBasicType.java:334)
	at org.hibernate.persister.entity.AbstractEntityPersister.hydrate(AbstractEntityPersister.java:2969)
	at org.hibernate.loader.Loader.loadFromResultSet(Loader.java:1695)
	at org.hibernate.loader.Loader.instanceNotYetLoaded(Loader.java:1627)
	at org.hibernate.loader.Loader.getRow(Loader.java:1514)
	at org.hibernate.loader.Loader.getRowFromResultSet(Loader.java:725)
	at org.hibernate.loader.Loader.processResultSet(Loader.java:952)
	at org.hibernate.result.internal.OutputsImpl$CustomLoaderExtension.processResultSet(OutputsImpl.java:310)
	at org.hibernate.result.internal.OutputsImpl.extractResults(OutputsImpl.java:152)
	... 44 more
2014-02-26 13:07:28,015 INFO  [bill_processor] Send email to general@opm.gov, subject = [Service Credit Import: BATCH IMPORT ERROR]. Message:
Service Credit Batch started at 1:07:28 PM CST on February 26, 2014. Batch done at 1:07:28 PM CST.


Text Line import error: R ZZZ bad Summary line
2014-02-26 13:07:28,020 WARN  [bill_processor] Service Credit Batch has retried max 0 times today. The batch process will exit unsuccessfully.
2014-02-26 13:07:28,279 INFO  [bill_processor] Service Credit Batch started.
2014-02-26 13:07:28,285 ERROR [bill_processor] Transaction not active
java.lang.IllegalStateException: Transaction not active
	at org.hibernate.jpa.internal.TransactionImpl.rollback(TransactionImpl.java:105)
	at gov.opm.scrd.batchprocessing.jobs.BatchProcessingJob.commitTransaction(BatchProcessingJob.java:1741)
	at gov.opm.scrd.batchprocessing.jobs.BatchProcessingJob.persistEntity(BatchProcessingJob.java:1759)
	at gov.opm.scrd.batchprocessing.jobs.BatchProcessingJob.initTodayAuditBatch(BatchProcessingJob.java:579)
	at gov.opm.scrd.batchprocessing.jobs.BatchProcessingJob.doExecute(BatchProcessingJob.java:471)
	at gov.opm.scrd.batchprocessing.jobs.BatchProcessingJob.execute(BatchProcessingJob.java:377)
	at gov.opm.scrd.batchprocessing.jobs.BatchProcessingJobTests.testCase_ImportFile_SummaryAmountNotMatch1(BatchProcessingJobTests.java:568)
	at sun.reflect.NativeMethodAccessorImpl.invoke0(Native Method)
	at sun.reflect.NativeMethodAccessorImpl.invoke(NativeMethodAccessorImpl.java:39)
	at sun.reflect.DelegatingMethodAccessorImpl.invoke(DelegatingMethodAccessorImpl.java:25)
	at java.lang.reflect.Method.invoke(Method.java:597)
	at org.junit.runners.model.FrameworkMethod$1.runReflectiveCall(FrameworkMethod.java:45)
	at org.junit.internal.runners.model.ReflectiveCallable.run(ReflectiveCallable.java:15)
	at org.junit.runners.model.FrameworkMethod.invokeExplosively(FrameworkMethod.java:42)
	at org.junit.internal.runners.statements.InvokeMethod.evaluate(InvokeMethod.java:20)
	at org.junit.internal.runners.statements.RunBefores.evaluate(RunBefores.java:28)
	at org.springframework.test.context.junit4.statements.RunBeforeTestMethodCallbacks.evaluate(RunBeforeTestMethodCallbacks.java:74)
	at org.junit.internal.runners.statements.RunAfters.evaluate(RunAfters.java:30)
	at org.springframework.test.context.junit4.statements.RunAfterTestMethodCallbacks.evaluate(RunAfterTestMethodCallbacks.java:83)
	at org.springframework.test.context.junit4.statements.SpringRepeat.evaluate(SpringRepeat.java:72)
	at org.springframework.test.context.junit4.SpringJUnit4ClassRunner.runChild(SpringJUnit4ClassRunner.java:231)
	at org.springframework.test.context.junit4.SpringJUnit4ClassRunner.runChild(SpringJUnit4ClassRunner.java:88)
	at org.junit.runners.ParentRunner$3.run(ParentRunner.java:231)
	at org.junit.runners.ParentRunner$1.schedule(ParentRunner.java:60)
	at org.junit.runners.ParentRunner.runChildren(ParentRunner.java:229)
	at org.junit.runners.ParentRunner.access$000(ParentRunner.java:50)
	at org.junit.runners.ParentRunner$2.evaluate(ParentRunner.java:222)
	at org.junit.internal.runners.statements.RunBefores.evaluate(RunBefores.java:28)
	at org.springframework.test.context.junit4.statements.RunBeforeTestClassCallbacks.evaluate(RunBeforeTestClassCallbacks.java:61)
	at org.junit.internal.runners.statements.RunAfters.evaluate(RunAfters.java:30)
	at org.springframework.test.context.junit4.statements.RunAfterTestClassCallbacks.evaluate(RunAfterTestClassCallbacks.java:71)
	at org.junit.runners.ParentRunner.run(ParentRunner.java:300)
	at org.springframework.test.context.junit4.SpringJUnit4ClassRunner.run(SpringJUnit4ClassRunner.java:174)
	at junit.framework.JUnit4TestAdapter.run(JUnit4TestAdapter.java:39)
	at junit.framework.TestSuite.runTest(TestSuite.java:243)
	at junit.framework.TestSuite.run(TestSuite.java:238)
	at org.apache.tools.ant.taskdefs.optional.junit.JUnitTestRunner.run(JUnitTestRunner.java:520)
	at org.apache.tools.ant.taskdefs.optional.junit.JUnitTestRunner.launch(JUnitTestRunner.java:1060)
	at org.apache.tools.ant.taskdefs.optional.junit.JUnitTestRunner.main(JUnitTestRunner.java:911)
2014-02-26 13:07:28,286 INFO  [bill_processor] Send email to general@opm.gov, subject = [Service Credit Nightly Batch: ERROR!!]. Message:
Service Credit Batch started at 1:07:28 PM CST on February 26, 2014. Batch done at 1:07:28 PM CST.


Transaction not active
2014-02-26 13:07:28,291 WARN  [bill_processor] Service Credit Batch has retried max 0 times today. The batch process will exit unsuccessfully.
2014-02-26 13:07:28,696 INFO  [bill_processor] Service Credit Batch started.
2014-02-26 13:07:28,701 INFO  [bill_processor] Is today holiday : true
2014-02-26 13:07:28,703 INFO  [bill_processor] Start importing files in: test_files\lockbox_files
2014-02-26 13:07:28,703 INFO  [bill_processor] Start loading file content from: test_files\lockbox_files\lockbox_file_1.txt
2014-02-26 13:07:28,705 ERROR [bill_processor] Text Line import error: C 02      1112233031277  Chizago, IL 12345-1234
gov.opm.scrd.batchprocessing.jobs.BatchProcessingException: Text Line import error: C 02      1112233031277  Chizago, IL 12345-1234 [See nested exception: javax.persistence.PersistenceException: org.hibernate.exception.SQLGrammarException: Error extracting results from CallableStatement]
	at gov.opm.scrd.batchprocessing.jobs.BatchProcessingJob.loadFileContent(BatchProcessingJob.java:870)
	at gov.opm.scrd.batchprocessing.jobs.BatchProcessingJob.importFile(BatchProcessingJob.java:725)
	at gov.opm.scrd.batchprocessing.jobs.BatchProcessingJob.importFiles(BatchProcessingJob.java:703)
	at gov.opm.scrd.batchprocessing.jobs.BatchProcessingJob.doExecute(BatchProcessingJob.java:480)
	at gov.opm.scrd.batchprocessing.jobs.BatchProcessingJob.execute(BatchProcessingJob.java:377)
	at gov.opm.scrd.batchprocessing.jobs.BatchProcessingJobTests.testCase_ImportFile_SummaryAmountNotMatch2(BatchProcessingJobTests.java:595)
	at sun.reflect.NativeMethodAccessorImpl.invoke0(Native Method)
	at sun.reflect.NativeMethodAccessorImpl.invoke(NativeMethodAccessorImpl.java:39)
	at sun.reflect.DelegatingMethodAccessorImpl.invoke(DelegatingMethodAccessorImpl.java:25)
	at java.lang.reflect.Method.invoke(Method.java:597)
	at org.junit.runners.model.FrameworkMethod$1.runReflectiveCall(FrameworkMethod.java:45)
	at org.junit.internal.runners.model.ReflectiveCallable.run(ReflectiveCallable.java:15)
	at org.junit.runners.model.FrameworkMethod.invokeExplosively(FrameworkMethod.java:42)
	at org.junit.internal.runners.statements.InvokeMethod.evaluate(InvokeMethod.java:20)
	at org.junit.internal.runners.statements.RunBefores.evaluate(RunBefores.java:28)
	at org.springframework.test.context.junit4.statements.RunBeforeTestMethodCallbacks.evaluate(RunBeforeTestMethodCallbacks.java:74)
	at org.junit.internal.runners.statements.RunAfters.evaluate(RunAfters.java:30)
	at org.springframework.test.context.junit4.statements.RunAfterTestMethodCallbacks.evaluate(RunAfterTestMethodCallbacks.java:83)
	at org.springframework.test.context.junit4.statements.SpringRepeat.evaluate(SpringRepeat.java:72)
	at org.springframework.test.context.junit4.SpringJUnit4ClassRunner.runChild(SpringJUnit4ClassRunner.java:231)
	at org.springframework.test.context.junit4.SpringJUnit4ClassRunner.runChild(SpringJUnit4ClassRunner.java:88)
	at org.junit.runners.ParentRunner$3.run(ParentRunner.java:231)
	at org.junit.runners.ParentRunner$1.schedule(ParentRunner.java:60)
	at org.junit.runners.ParentRunner.runChildren(ParentRunner.java:229)
	at org.junit.runners.ParentRunner.access$000(ParentRunner.java:50)
	at org.junit.runners.ParentRunner$2.evaluate(ParentRunner.java:222)
	at org.junit.internal.runners.statements.RunBefores.evaluate(RunBefores.java:28)
	at org.springframework.test.context.junit4.statements.RunBeforeTestClassCallbacks.evaluate(RunBeforeTestClassCallbacks.java:61)
	at org.junit.internal.runners.statements.RunAfters.evaluate(RunAfters.java:30)
	at org.springframework.test.context.junit4.statements.RunAfterTestClassCallbacks.evaluate(RunAfterTestClassCallbacks.java:71)
	at org.junit.runners.ParentRunner.run(ParentRunner.java:300)
	at org.springframework.test.context.junit4.SpringJUnit4ClassRunner.run(SpringJUnit4ClassRunner.java:174)
	at junit.framework.JUnit4TestAdapter.run(JUnit4TestAdapter.java:39)
	at junit.framework.TestSuite.runTest(TestSuite.java:243)
	at junit.framework.TestSuite.run(TestSuite.java:238)
	at org.apache.tools.ant.taskdefs.optional.junit.JUnitTestRunner.run(JUnitTestRunner.java:520)
	at org.apache.tools.ant.taskdefs.optional.junit.JUnitTestRunner.launch(JUnitTestRunner.java:1060)
	at org.apache.tools.ant.taskdefs.optional.junit.JUnitTestRunner.main(JUnitTestRunner.java:911)
Caused by: javax.persistence.PersistenceException: org.hibernate.exception.SQLGrammarException: Error extracting results from CallableStatement
	at org.hibernate.jpa.spi.AbstractEntityManagerImpl.convert(AbstractEntityManagerImpl.java:1763)
	at org.hibernate.jpa.spi.AbstractEntityManagerImpl.convert(AbstractEntityManagerImpl.java:1677)
	at org.hibernate.jpa.internal.StoredProcedureQueryImpl.execute(StoredProcedureQueryImpl.java:241)
	at gov.opm.scrd.batchprocessing.jobs.BatchProcessingJob.loadFileContent(BatchProcessingJob.java:858)
	... 37 more
Caused by: org.hibernate.exception.SQLGrammarException: Error extracting results from CallableStatement
	at org.hibernate.exception.internal.SQLStateConversionDelegate.convert(SQLStateConversionDelegate.java:123)
	at org.hibernate.exception.internal.StandardSQLExceptionConverter.convert(StandardSQLExceptionConverter.java:49)
	at org.hibernate.engine.jdbc.spi.SqlExceptionHelper.convert(SqlExceptionHelper.java:126)
	at org.hibernate.result.internal.OutputsImpl.convert(OutputsImpl.java:96)
	at org.hibernate.result.internal.OutputsImpl.extractResults(OutputsImpl.java:155)
	at org.hibernate.result.internal.OutputsImpl.extractCurrentResults(OutputsImpl.java:143)
	at org.hibernate.result.internal.OutputsImpl.access$100(OutputsImpl.java:52)
	at org.hibernate.result.internal.OutputsImpl$CurrentReturnState.buildOutput(OutputsImpl.java:212)
	at org.hibernate.result.internal.OutputsImpl$CurrentReturnState.getOutput(OutputsImpl.java:187)
	at org.hibernate.result.internal.OutputsImpl.getCurrent(OutputsImpl.java:108)
	at org.hibernate.jpa.internal.StoredProcedureQueryImpl.execute(StoredProcedureQueryImpl.java:234)
	... 38 more
Caused by: org.postgresql.util.PSQLException: ResultSet 中找不到欄位名稱 batchDailyPayments。
	at org.postgresql.jdbc2.AbstractJdbc2ResultSet.findColumn(AbstractJdbc2ResultSet.java:2727)
	at org.postgresql.jdbc2.AbstractJdbc2ResultSet.getLong(AbstractJdbc2ResultSet.java:2593)
	at org.hibernate.type.descriptor.sql.BigIntTypeDescriptor$2.doExtract(BigIntTypeDescriptor.java:74)
	at org.hibernate.type.descriptor.sql.BasicExtractor.extract(BasicExtractor.java:64)
	at org.hibernate.type.AbstractStandardBasicType.nullSafeGet(AbstractStandardBasicType.java:263)
	at org.hibernate.type.AbstractStandardBasicType.nullSafeGet(AbstractStandardBasicType.java:259)
	at org.hibernate.type.AbstractStandardBasicType.nullSafeGet(AbstractStandardBasicType.java:249)
	at org.hibernate.type.AbstractStandardBasicType.hydrate(AbstractStandardBasicType.java:334)
	at org.hibernate.persister.entity.AbstractEntityPersister.hydrate(AbstractEntityPersister.java:2969)
	at org.hibernate.loader.Loader.loadFromResultSet(Loader.java:1695)
	at org.hibernate.loader.Loader.instanceNotYetLoaded(Loader.java:1627)
	at org.hibernate.loader.Loader.getRow(Loader.java:1514)
	at org.hibernate.loader.Loader.getRowFromResultSet(Loader.java:725)
	at org.hibernate.loader.Loader.processResultSet(Loader.java:952)
	at org.hibernate.result.internal.OutputsImpl$CustomLoaderExtension.processResultSet(OutputsImpl.java:310)
	at org.hibernate.result.internal.OutputsImpl.extractResults(OutputsImpl.java:152)
	... 44 more
2014-02-26 13:07:28,706 INFO  [bill_processor] Send email to general@opm.gov, subject = [Service Credit Import: BATCH IMPORT ERROR]. Message:
Service Credit Batch started at 1:07:28 PM CST on February 26, 2014. Batch done at 1:07:28 PM CST.


Text Line import error: C 02      1112233031277  Chizago, IL 12345-1234
2014-02-26 13:07:28,711 WARN  [bill_processor] Service Credit Batch has retried max 0 times today. The batch process will exit unsuccessfully.
2014-02-26 13:07:29,072 INFO  [bill_processor] Service Credit Batch started.
2014-02-26 13:07:29,077 ERROR [bill_processor] Transaction not active
java.lang.IllegalStateException: Transaction not active
	at org.hibernate.jpa.internal.TransactionImpl.rollback(TransactionImpl.java:105)
	at gov.opm.scrd.batchprocessing.jobs.BatchProcessingJob.commitTransaction(BatchProcessingJob.java:1741)
	at gov.opm.scrd.batchprocessing.jobs.BatchProcessingJob.persistEntity(BatchProcessingJob.java:1759)
	at gov.opm.scrd.batchprocessing.jobs.BatchProcessingJob.initTodayAuditBatch(BatchProcessingJob.java:579)
	at gov.opm.scrd.batchprocessing.jobs.BatchProcessingJob.doExecute(BatchProcessingJob.java:471)
	at gov.opm.scrd.batchprocessing.jobs.BatchProcessingJob.execute(BatchProcessingJob.java:377)
	at gov.opm.scrd.batchprocessing.jobs.BatchProcessingJobTests.testCase_ImportFile(BatchProcessingJobTests.java:623)
	at sun.reflect.NativeMethodAccessorImpl.invoke0(Native Method)
	at sun.reflect.NativeMethodAccessorImpl.invoke(NativeMethodAccessorImpl.java:39)
	at sun.reflect.DelegatingMethodAccessorImpl.invoke(DelegatingMethodAccessorImpl.java:25)
	at java.lang.reflect.Method.invoke(Method.java:597)
	at org.junit.runners.model.FrameworkMethod$1.runReflectiveCall(FrameworkMethod.java:45)
	at org.junit.internal.runners.model.ReflectiveCallable.run(ReflectiveCallable.java:15)
	at org.junit.runners.model.FrameworkMethod.invokeExplosively(FrameworkMethod.java:42)
	at org.junit.internal.runners.statements.InvokeMethod.evaluate(InvokeMethod.java:20)
	at org.junit.internal.runners.statements.RunBefores.evaluate(RunBefores.java:28)
	at org.springframework.test.context.junit4.statements.RunBeforeTestMethodCallbacks.evaluate(RunBeforeTestMethodCallbacks.java:74)
	at org.junit.internal.runners.statements.RunAfters.evaluate(RunAfters.java:30)
	at org.springframework.test.context.junit4.statements.RunAfterTestMethodCallbacks.evaluate(RunAfterTestMethodCallbacks.java:83)
	at org.springframework.test.context.junit4.statements.SpringRepeat.evaluate(SpringRepeat.java:72)
	at org.springframework.test.context.junit4.SpringJUnit4ClassRunner.runChild(SpringJUnit4ClassRunner.java:231)
	at org.springframework.test.context.junit4.SpringJUnit4ClassRunner.runChild(SpringJUnit4ClassRunner.java:88)
	at org.junit.runners.ParentRunner$3.run(ParentRunner.java:231)
	at org.junit.runners.ParentRunner$1.schedule(ParentRunner.java:60)
	at org.junit.runners.ParentRunner.runChildren(ParentRunner.java:229)
	at org.junit.runners.ParentRunner.access$000(ParentRunner.java:50)
	at org.junit.runners.ParentRunner$2.evaluate(ParentRunner.java:222)
	at org.junit.internal.runners.statements.RunBefores.evaluate(RunBefores.java:28)
	at org.springframework.test.context.junit4.statements.RunBeforeTestClassCallbacks.evaluate(RunBeforeTestClassCallbacks.java:61)
	at org.junit.internal.runners.statements.RunAfters.evaluate(RunAfters.java:30)
	at org.springframework.test.context.junit4.statements.RunAfterTestClassCallbacks.evaluate(RunAfterTestClassCallbacks.java:71)
	at org.junit.runners.ParentRunner.run(ParentRunner.java:300)
	at org.springframework.test.context.junit4.SpringJUnit4ClassRunner.run(SpringJUnit4ClassRunner.java:174)
	at junit.framework.JUnit4TestAdapter.run(JUnit4TestAdapter.java:39)
	at junit.framework.TestSuite.runTest(TestSuite.java:243)
	at junit.framework.TestSuite.run(TestSuite.java:238)
	at org.apache.tools.ant.taskdefs.optional.junit.JUnitTestRunner.run(JUnitTestRunner.java:520)
	at org.apache.tools.ant.taskdefs.optional.junit.JUnitTestRunner.launch(JUnitTestRunner.java:1060)
	at org.apache.tools.ant.taskdefs.optional.junit.JUnitTestRunner.main(JUnitTestRunner.java:911)
2014-02-26 13:07:29,077 INFO  [bill_processor] Send email to general@opm.gov, subject = [Service Credit Nightly Batch: ERROR!!]. Message:
Service Credit Batch started at 1:07:29 PM CST on February 26, 2014. Batch done at 1:07:29 PM CST.


Transaction not active
2014-02-26 13:07:29,082 WARN  [bill_processor] Service Credit Batch has retried max 0 times today. The batch process will exit unsuccessfully.
2014-02-26 13:07:29,328 INFO  [bill_processor] Service Credit Batch started.
2014-02-26 13:07:29,333 INFO  [bill_processor] Is today holiday : false
2014-02-26 13:07:29,335 INFO  [bill_processor] Start importing files in: test_files\lockbox_files
2014-02-26 13:07:29,335 INFO  [bill_processor] Start loading file content from: test_files\lockbox_files\lockbox_file_1.txt
2014-02-26 13:07:29,337 ERROR [bill_processor] Text Line import error: C 02      1112233031277  Chizago, IL 12345-1234
gov.opm.scrd.batchprocessing.jobs.BatchProcessingException: Text Line import error: C 02      1112233031277  Chizago, IL 12345-1234 [See nested exception: javax.persistence.PersistenceException: org.hibernate.exception.SQLGrammarException: Error extracting results from CallableStatement]
	at gov.opm.scrd.batchprocessing.jobs.BatchProcessingJob.loadFileContent(BatchProcessingJob.java:870)
	at gov.opm.scrd.batchprocessing.jobs.BatchProcessingJob.importFile(BatchProcessingJob.java:725)
	at gov.opm.scrd.batchprocessing.jobs.BatchProcessingJob.importFiles(BatchProcessingJob.java:703)
	at gov.opm.scrd.batchprocessing.jobs.BatchProcessingJob.doExecute(BatchProcessingJob.java:480)
	at gov.opm.scrd.batchprocessing.jobs.BatchProcessingJob.execute(BatchProcessingJob.java:377)
	at gov.opm.scrd.batchprocessing.jobs.BatchProcessingJobTests.testCase_ProcessBills(BatchProcessingJobTests.java:718)
	at sun.reflect.NativeMethodAccessorImpl.invoke0(Native Method)
	at sun.reflect.NativeMethodAccessorImpl.invoke(NativeMethodAccessorImpl.java:39)
	at sun.reflect.DelegatingMethodAccessorImpl.invoke(DelegatingMethodAccessorImpl.java:25)
	at java.lang.reflect.Method.invoke(Method.java:597)
	at org.junit.runners.model.FrameworkMethod$1.runReflectiveCall(FrameworkMethod.java:45)
	at org.junit.internal.runners.model.ReflectiveCallable.run(ReflectiveCallable.java:15)
	at org.junit.runners.model.FrameworkMethod.invokeExplosively(FrameworkMethod.java:42)
	at org.junit.internal.runners.statements.InvokeMethod.evaluate(InvokeMethod.java:20)
	at org.junit.internal.runners.statements.RunBefores.evaluate(RunBefores.java:28)
	at org.springframework.test.context.junit4.statements.RunBeforeTestMethodCallbacks.evaluate(RunBeforeTestMethodCallbacks.java:74)
	at org.junit.internal.runners.statements.RunAfters.evaluate(RunAfters.java:30)
	at org.springframework.test.context.junit4.statements.RunAfterTestMethodCallbacks.evaluate(RunAfterTestMethodCallbacks.java:83)
	at org.springframework.test.context.junit4.statements.SpringRepeat.evaluate(SpringRepeat.java:72)
	at org.springframework.test.context.junit4.SpringJUnit4ClassRunner.runChild(SpringJUnit4ClassRunner.java:231)
	at org.springframework.test.context.junit4.SpringJUnit4ClassRunner.runChild(SpringJUnit4ClassRunner.java:88)
	at org.junit.runners.ParentRunner$3.run(ParentRunner.java:231)
	at org.junit.runners.ParentRunner$1.schedule(ParentRunner.java:60)
	at org.junit.runners.ParentRunner.runChildren(ParentRunner.java:229)
	at org.junit.runners.ParentRunner.access$000(ParentRunner.java:50)
	at org.junit.runners.ParentRunner$2.evaluate(ParentRunner.java:222)
	at org.junit.internal.runners.statements.RunBefores.evaluate(RunBefores.java:28)
	at org.springframework.test.context.junit4.statements.RunBeforeTestClassCallbacks.evaluate(RunBeforeTestClassCallbacks.java:61)
	at org.junit.internal.runners.statements.RunAfters.evaluate(RunAfters.java:30)
	at org.springframework.test.context.junit4.statements.RunAfterTestClassCallbacks.evaluate(RunAfterTestClassCallbacks.java:71)
	at org.junit.runners.ParentRunner.run(ParentRunner.java:300)
	at org.springframework.test.context.junit4.SpringJUnit4ClassRunner.run(SpringJUnit4ClassRunner.java:174)
	at junit.framework.JUnit4TestAdapter.run(JUnit4TestAdapter.java:39)
	at junit.framework.TestSuite.runTest(TestSuite.java:243)
	at junit.framework.TestSuite.run(TestSuite.java:238)
	at org.apache.tools.ant.taskdefs.optional.junit.JUnitTestRunner.run(JUnitTestRunner.java:520)
	at org.apache.tools.ant.taskdefs.optional.junit.JUnitTestRunner.launch(JUnitTestRunner.java:1060)
	at org.apache.tools.ant.taskdefs.optional.junit.JUnitTestRunner.main(JUnitTestRunner.java:911)
Caused by: javax.persistence.PersistenceException: org.hibernate.exception.SQLGrammarException: Error extracting results from CallableStatement
	at org.hibernate.jpa.spi.AbstractEntityManagerImpl.convert(AbstractEntityManagerImpl.java:1763)
	at org.hibernate.jpa.spi.AbstractEntityManagerImpl.convert(AbstractEntityManagerImpl.java:1677)
	at org.hibernate.jpa.internal.StoredProcedureQueryImpl.execute(StoredProcedureQueryImpl.java:241)
	at gov.opm.scrd.batchprocessing.jobs.BatchProcessingJob.loadFileContent(BatchProcessingJob.java:858)
	... 37 more
Caused by: org.hibernate.exception.SQLGrammarException: Error extracting results from CallableStatement
	at org.hibernate.exception.internal.SQLStateConversionDelegate.convert(SQLStateConversionDelegate.java:123)
	at org.hibernate.exception.internal.StandardSQLExceptionConverter.convert(StandardSQLExceptionConverter.java:49)
	at org.hibernate.engine.jdbc.spi.SqlExceptionHelper.convert(SqlExceptionHelper.java:126)
	at org.hibernate.result.internal.OutputsImpl.convert(OutputsImpl.java:96)
	at org.hibernate.result.internal.OutputsImpl.extractResults(OutputsImpl.java:155)
	at org.hibernate.result.internal.OutputsImpl.extractCurrentResults(OutputsImpl.java:143)
	at org.hibernate.result.internal.OutputsImpl.access$100(OutputsImpl.java:52)
	at org.hibernate.result.internal.OutputsImpl$CurrentReturnState.buildOutput(OutputsImpl.java:212)
	at org.hibernate.result.internal.OutputsImpl$CurrentReturnState.getOutput(OutputsImpl.java:187)
	at org.hibernate.result.internal.OutputsImpl.getCurrent(OutputsImpl.java:108)
	at org.hibernate.jpa.internal.StoredProcedureQueryImpl.execute(StoredProcedureQueryImpl.java:234)
	... 38 more
Caused by: org.postgresql.util.PSQLException: ResultSet 中找不到欄位名稱 batchDailyPayments。
	at org.postgresql.jdbc2.AbstractJdbc2ResultSet.findColumn(AbstractJdbc2ResultSet.java:2727)
	at org.postgresql.jdbc2.AbstractJdbc2ResultSet.getLong(AbstractJdbc2ResultSet.java:2593)
	at org.hibernate.type.descriptor.sql.BigIntTypeDescriptor$2.doExtract(BigIntTypeDescriptor.java:74)
	at org.hibernate.type.descriptor.sql.BasicExtractor.extract(BasicExtractor.java:64)
	at org.hibernate.type.AbstractStandardBasicType.nullSafeGet(AbstractStandardBasicType.java:263)
	at org.hibernate.type.AbstractStandardBasicType.nullSafeGet(AbstractStandardBasicType.java:259)
	at org.hibernate.type.AbstractStandardBasicType.nullSafeGet(AbstractStandardBasicType.java:249)
	at org.hibernate.type.AbstractStandardBasicType.hydrate(AbstractStandardBasicType.java:334)
	at org.hibernate.persister.entity.AbstractEntityPersister.hydrate(AbstractEntityPersister.java:2969)
	at org.hibernate.loader.Loader.loadFromResultSet(Loader.java:1695)
	at org.hibernate.loader.Loader.instanceNotYetLoaded(Loader.java:1627)
	at org.hibernate.loader.Loader.getRow(Loader.java:1514)
	at org.hibernate.loader.Loader.getRowFromResultSet(Loader.java:725)
	at org.hibernate.loader.Loader.processResultSet(Loader.java:952)
	at org.hibernate.result.internal.OutputsImpl$CustomLoaderExtension.processResultSet(OutputsImpl.java:310)
	at org.hibernate.result.internal.OutputsImpl.extractResults(OutputsImpl.java:152)
	... 44 more
2014-02-26 13:07:29,338 INFO  [bill_processor] Send email to general@opm.gov, subject = [Service Credit Import: BATCH IMPORT ERROR]. Message:
Service Credit Batch started at 1:07:29 PM CST on February 26, 2014. Batch done at 1:07:29 PM CST.


Text Line import error: C 02      1112233031277  Chizago, IL 12345-1234
2014-02-26 13:07:29,343 WARN  [bill_processor] Service Credit Batch has retried max 0 times today. The batch process will exit unsuccessfully.
2014-02-26 13:09:58,830 INFO  [bill_processor] Total Payment Records: 1
2014-02-26 13:10:02,350 INFO  [bill_processor] Total Payment Records: 2
2014-02-26 13:10:04,339 INFO  [bill_processor] Total Payment Records: 0
2014-02-26 13:10:07,085 INFO  [bill_processor] Total Payment Records: 1
2014-02-26 13:10:09,558 INFO  [bill_processor] Total Payment Records: 1
2014-02-26 13:10:11,640 INFO  [bill_processor] Total Payment Records: 1
2014-02-26 13:10:13,822 ERROR [bill_processor] 7Calculation Failure: gov.opm.scrd.mock.MockWaltRuleService calculating the new amount in the calculation engine.
2014-02-26 13:10:13,826 INFO  [bill_processor] Total Payment Records: 1
2014-02-26 13:10:15,577 INFO  [bill_processor] Total Payment Records: 1
2014-02-26 13:10:17,554 INFO  [bill_processor] Total Payment Records: 1
2014-02-26 13:10:18,784 INFO  [bill_processor] Total Payment Records: 1
2014-02-26 13:10:20,690 INFO  [bill_processor] 11 Calculation Failure. calculating the new amount
2014-02-26 13:10:20,695 INFO  [bill_processor] Total Payment Records: 1
2014-02-26 13:10:21,883 INFO  [bill_processor] Total Payment Records: 1
2014-02-26 13:10:23,077 INFO  [bill_processor] 13 processing an adjustment payment.
2014-02-26 13:10:23,082 INFO  [bill_processor] Total Payment Records: 1
2014-02-26 13:10:24,392 INFO  [bill_processor] 14 processing an adjustment payment.
2014-02-26 13:10:24,395 INFO  [bill_processor] Total Payment Records: 1
2014-02-26 13:10:25,821 ERROR [bill_processor] Error in method BillProcessorImpl.applyManualAdjustment java.lang.IllegalArgumentException: org.hibernate.hql.internal.ast.QuerySyntaxException: unexpected token: * near line 1, column 8 [select * from gov.opm.scrd.entities.application.Payment p where p.claimNumber = :claimNumber and p.transactionDate >= :startDate and p.transactionDate < :endDate]
	at org.hibernate.jpa.spi.AbstractEntityManagerImpl.convert(AbstractEntityManagerImpl.java:1750)
	at org.hibernate.jpa.spi.AbstractEntityManagerImpl.convert(AbstractEntityManagerImpl.java:1677)
	at org.hibernate.jpa.spi.AbstractEntityManagerImpl.convert(AbstractEntityManagerImpl.java:1683)
	at org.hibernate.jpa.spi.AbstractEntityManagerImpl.createQuery(AbstractEntityManagerImpl.java:350)
	at sun.reflect.GeneratedMethodAccessor384.invoke(Unknown Source)
	at sun.reflect.DelegatingMethodAccessorImpl.invoke(DelegatingMethodAccessorImpl.java:25)
	at java.lang.reflect.Method.invoke(Method.java:597)
	at org.springframework.orm.jpa.ExtendedEntityManagerCreator$Exte
2014-02-26 13:10:25,821 INFO  [bill_processor] 15 processing an adjustment payment.
2014-02-26 13:10:25,825 INFO  [bill_processor] Total Payment Records: 1
2014-02-26 13:10:27,037 INFO  [bill_processor] Total Payment Records: 1
2014-02-26 13:10:28,091 INFO  [bill_processor] Total Payment Records: 1
2014-02-26 13:10:29,501 INFO  [bill_processor] Total Payment Records: 1
2014-02-26 13:10:30,488 INFO  [bill_processor] Total Payment Records: 1
2014-02-26 13:10:32,663 INFO  [bill_processor] Total Payment Records: 1
2014-02-26 13:10:33,570 INFO  [bill_processor] Total Payment Records: 1
2014-02-26 13:10:34,673 INFO  [bill_processor] Total Payment Records: 1
2014-02-26 13:10:35,565 INFO  [bill_processor] Total Payment Records: 1
2014-02-26 13:10:36,462 INFO  [bill_processor] Total Payment Records: 1
2014-02-26 13:10:38,596 INFO  [bill_processor] Service Credit Batch started.
2014-02-26 13:10:38,601 ERROR [bill_processor] User NotBatchUser is not allowed to run the batch service.
gov.opm.scrd.services.AuthorizationException: Batch process user [NotBatchUser] is not found
	at gov.opm.scrd.batchprocessing.jobs.BatchProcessingJob.doExecute(BatchProcessingJob.java:440)
	at gov.opm.scrd.batchprocessing.jobs.BatchProcessingJob.execute(BatchProcessingJob.java:377)
	at gov.opm.scrd.batchprocessing.jobs.BatchProcessingJobTests.testCase_BatchUserViolation(BatchProcessingJobTests.java:339)
	at sun.reflect.NativeMethodAccessorImpl.invoke0(Native Method)
	at sun.reflect.NativeMethodAccessorImpl.invoke(NativeMethodAccessorImpl.java:39)
	at sun.reflect.DelegatingMethodAccessorImpl.invoke(DelegatingMethodAccessorImpl.java:25)
	at java.lang.reflect.Method.invoke(Method.java:597)
	at org.junit.runners.model.FrameworkMethod$1.runReflectiveCall(FrameworkMethod.java:45)
	at org.junit.internal.runners.model.ReflectiveCallable.run(ReflectiveCallable.java:15)
	at org.junit.runners.model.FrameworkMethod.invokeExplosively(FrameworkMethod.java:42)
	at org.junit.internal.runners.statements.InvokeMethod.evaluate(InvokeMethod.java:20)
	at org.junit.internal.runners.statements.RunBefores.evaluate(RunBefores.java:28)
	at org.springframework.test.context.junit4.statements.RunBeforeTestMethodCallbacks.evaluate(RunBeforeTestMethodCallbacks.java:74)
	at org.junit.internal.runners.statements.RunAfters.evaluate(RunAfters.java:30)
	at org.springframework.test.context.junit4.statements.RunAfterTestMethodCallbacks.evaluate(RunAfterTestMethodCallbacks.java:83)
	at org.springframework.test.context.junit4.statements.SpringRepeat.evaluate(SpringRepeat.java:72)
	at org.springframework.test.context.junit4.SpringJUnit4ClassRunner.runChild(SpringJUnit4ClassRunner.java:231)
	at org.springframework.test.context.junit4.SpringJUnit4ClassRunner.runChild(SpringJUnit4ClassRunner.java:88)
	at org.junit.runners.ParentRunner$3.run(ParentRunner.java:231)
	at org.junit.runners.ParentRunner$1.schedule(ParentRunner.java:60)
	at org.junit.runners.ParentRunner.runChildren(ParentRunner.java:229)
	at org.junit.runners.ParentRunner.access$000(ParentRunner.java:50)
	at org.junit.runners.ParentRunner$2.evaluate(ParentRunner.java:222)
	at org.junit.internal.runners.statements.RunBefores.evaluate(RunBefores.java:28)
	at org.springframework.test.context.junit4.statements.RunBeforeTestClassCallbacks.evaluate(RunBeforeTestClassCallbacks.java:61)
	at org.junit.internal.runners.statements.RunAfters.evaluate(RunAfters.java:30)
	at org.springframework.test.context.junit4.statements.RunAfterTestClassCallbacks.evaluate(RunAfterTestClassCallbacks.java:71)
	at org.junit.runners.ParentRunner.run(ParentRunner.java:300)
	at org.springframework.test.context.junit4.SpringJUnit4ClassRunner.run(SpringJUnit4ClassRunner.java:174)
	at junit.framework.JUnit4TestAdapter.run(JUnit4TestAdapter.java:39)
	at junit.framework.TestSuite.runTest(TestSuite.java:243)
	at junit.framework.TestSuite.run(TestSuite.java:238)
	at org.apache.tools.ant.taskdefs.optional.junit.JUnitTestRunner.run(JUnitTestRunner.java:520)
	at org.apache.tools.ant.taskdefs.optional.junit.JUnitTestRunner.launch(JUnitTestRunner.java:1060)
	at org.apache.tools.ant.taskdefs.optional.junit.JUnitTestRunner.main(JUnitTestRunner.java:911)
2014-02-26 13:10:38,602 INFO  [bill_processor] Send email to general@opm.gov, subject = [Service Credit User Violation]. Message:
Service Credit Batch started at 1:10:38 PM CST on February 26, 2014. Batch done at 1:10:38 PM CST.

User NotBatchUser is not allowed to run the batch service. He does not exist. This is a serious configuration error. Call the Program Manager or DBA. 
2014-02-26 13:10:38,673 WARN  [bill_processor] Service Credit Batch has retried max 0 times today. The batch process will exit unsuccessfully.
2014-02-26 13:10:38,872 INFO  [bill_processor] Service Credit Batch started.
2014-02-26 13:10:38,889 INFO  [bill_processor] Is today holiday : false
2014-02-26 13:10:38,890 ERROR [bill_processor] Can not read folder: test_files\lockbox_files
2014-02-26 13:10:38,890 INFO  [bill_processor] Send email to general@opm.gov, subject = [SERVICE CREDIT BATCH CANNOT ACCESS NETWORK]. Message:
Service Credit Batch started at 1:10:38 PM CST on February 26, 2014. Batch done at 1:10:38 PM CST.

THE NETWORK IS DOWN! 
Network Services not Available for Service Credit. Cannot access the test_files/lockbox_files network folder. Please ask the Help Desk to investigate. SERVICE CREDIT IS SHUT DOWN UNTIL THIS ERROR IS FIXED! 
2014-02-26 13:10:38,896 WARN  [bill_processor] Service Credit Batch has retried max 0 times today. The batch process will exit unsuccessfully.
2014-02-26 13:10:39,157 INFO  [bill_processor] Service Credit Batch started.
2014-02-26 13:10:39,165 INFO  [bill_processor] Is today holiday : false
2014-02-26 13:10:39,166 ERROR [bill_processor] No files arrived today in: test_files\lockbox_files
2014-02-26 13:10:39,166 INFO  [bill_processor] Send email to general@opm.gov, subject = [SERVICE CREDIT LOCKBOX FILE IS LATE!]. Message:
Service Credit Batch started at 1:10:39 PM CST on February 26, 2014. Batch done at 1:10:39 PM CST.

Today's Lockbox Bank File has not arrived. Please notify Production Control and BSG that the data file is not in the test_files/lockbox_files network share. The nightly batch process is scheduled to run at 1:10:39 PM CST and today's import should run before that time. 
2014-02-26 13:10:39,174 WARN  [bill_processor] Service Credit Batch has retried max 0 times today. The batch process will exit unsuccessfully.
2014-02-26 13:10:39,421 INFO  [bill_processor] Service Credit Batch started.
2014-02-26 13:10:39,428 INFO  [bill_processor] Is today holiday : true
2014-02-26 13:10:39,430 INFO  [bill_processor] Start importing files in: test_files\lockbox_files
2014-02-26 13:10:39,430 INFO  [bill_processor] Start loading file content from: test_files\lockbox_files\lockbox_file_1.txt
2014-02-26 13:10:39,431 INFO  [bill_processor] 0 lines loaded from lockbox_file_1.txt which is backup to Dupe_SC022514_27.txt
2014-02-26 13:10:39,431 INFO  [bill_processor] End loading file content from: test_files\lockbox_files\lockbox_file_1.txt
2014-02-26 13:10:39,432 INFO  [bill_processor] 
Service Credit imported a data file from the bank lockbox on February 26, 2014 at 1:10:39 PM CST.
Lockbox data imported into the dbName database on server dbHostName from computer batchProcessHostName.

# Lines in file = 0
# Duplicate Lines = 0

# Records Processed = 0
# Check Payments = 0
# Good Check Payments = 0
# Bad Check Payments = 0
# Dupe Check Payments = 0
# ACH Payments = 0
# Good ACH Payments = 0
# Bad ACH Payments = 0
# Dupe ACH Payments = 0
# Bad Change Records = 0
# Good Change Records = 0
# No Match Change Records = 0
# Invalid Summary Records = 0
# Valid Summary Records = 0
# Successful Transactions = 0
# Failed Transactions = 0
# Invalid Lines = 0

Total Check Payments = 0
Total ACH Payments = 0
Total of Accepted Payments = 0
Total in File = 0

No bad records in this batch.
0 = number of successful calls to the ProcessImportRecord function.

         Accepted Payments: 0
       Unresolved Payments: 0
        Suspended Payments: 0
-----------------------------------
Pending payments processed: 0

2014-02-26 13:10:39,497 INFO  [bill_processor] Send email to general@opm.gov, subject = [Service Credit Import: OK ]. Message:
Service Credit Batch started at 1:10:39 PM CST on February 26, 2014. Batch done at 1:10:39 PM CST.

SUMMARY: The file import was successful.

   Number Type         Total
        0 ACH           0.00
        0 Check         0.00
============================
        0 All           0.00



SCRD found no payment records in this Lockbox file.


There are no change records in this Lockbox file.

DETAILS:
Audit Batch Log ID number is 27
File Contents:
 Number Type Description
====================================
      0 Total Lines in Lockbox File

Lockbox File Name:
lockbox_file_1.txt
Backup File Name:
Dupe_SC022514_27.txt

2014-02-26 13:10:39,505 INFO  [bill_processor] End importing files in: test_files\lockbox_files
2014-02-26 13:10:39,505 INFO  [bill_processor] Start cleaning old files in: test_files\old_files
2014-02-26 13:10:39,506 INFO  [bill_processor] Old files cleaned: 1
2014-02-26 13:10:39,506 INFO  [bill_processor] End cleaning old files in: test_files\old_files
2014-02-26 13:10:39,506 INFO  [bill_processor] Service Credit Batch finished successfully.
2014-02-26 13:10:39,701 INFO  [bill_processor] Service Credit Batch started.
2014-02-26 13:10:39,706 INFO  [bill_processor] Is today holiday : true
2014-02-26 13:10:39,708 INFO  [bill_processor] Start importing files in: test_files\lockbox_files
2014-02-26 13:10:39,708 INFO  [bill_processor] Start loading file content from: test_files\lockbox_files\lockbox_file_1.txt
2014-02-26 13:10:39,709 INFO  [bill_processor] 0 lines loaded from lockbox_file_1.txt which is backup to Dupe_SC022514_28.txt
2014-02-26 13:10:39,709 INFO  [bill_processor] End loading file content from: test_files\lockbox_files\lockbox_file_1.txt
2014-02-26 13:10:39,709 INFO  [bill_processor] 
Service Credit imported a data file from the bank lockbox on February 26, 2014 at 1:10:39 PM CST.
Lockbox data imported into the dbName database on server dbHostName from computer batchProcessHostName.

# Lines in file = 0
# Duplicate Lines = 0

# Records Processed = 0
# Check Payments = 0
# Good Check Payments = 0
# Bad Check Payments = 0
# Dupe Check Payments = 0
# ACH Payments = 0
# Good ACH Payments = 0
# Bad ACH Payments = 0
# Dupe ACH Payments = 0
# Bad Change Records = 0
# Good Change Records = 0
# No Match Change Records = 0
# Invalid Summary Records = 0
# Valid Summary Records = 0
# Successful Transactions = 0
# Failed Transactions = 0
# Invalid Lines = 0

Total Check Payments = 0
Total ACH Payments = 0
Total of Accepted Payments = 0
Total in File = 0

No bad records in this batch.
0 = number of successful calls to the ProcessImportRecord function.

         Accepted Payments: 0
       Unresolved Payments: 0
        Suspended Payments: 0
-----------------------------------
Pending payments processed: 0

2014-02-26 13:10:39,727 INFO  [bill_processor] Send email to general@opm.gov, subject = [Service Credit Import: OK ]. Message:
Service Credit Batch started at 1:10:39 PM CST on February 26, 2014. Batch done at 1:10:39 PM CST.

SUMMARY: The file import was successful.

   Number Type         Total
        0 ACH           0.00
        0 Check         0.00
============================
        0 All           0.00



SCRD found no payment records in this Lockbox file.


There are no change records in this Lockbox file.

DETAILS:
Audit Batch Log ID number is 28
File Contents:
 Number Type Description
====================================
      0 Total Lines in Lockbox File

Lockbox File Name:
lockbox_file_1.txt
Backup File Name:
Dupe_SC022514_28.txt

2014-02-26 13:10:39,733 INFO  [bill_processor] End importing files in: test_files\lockbox_files
2014-02-26 13:10:39,733 INFO  [bill_processor] Start cleaning old files in: test_files\old_files
2014-02-26 13:10:39,733 INFO  [bill_processor] Old files cleaned: 0
2014-02-26 13:10:39,734 INFO  [bill_processor] End cleaning old files in: test_files\old_files
2014-02-26 13:10:39,734 INFO  [bill_processor] Service Credit Batch finished successfully.
2014-02-26 13:10:39,927 INFO  [bill_processor] Service Credit Batch started.
2014-02-26 13:10:39,932 INFO  [bill_processor] Is today holiday : true
2014-02-26 13:10:39,934 INFO  [bill_processor] Start importing files in: test_files\lockbox_files
2014-02-26 13:10:39,934 INFO  [bill_processor] Start loading file content from: test_files\lockbox_files\lockbox_file_1.txt
2014-02-26 13:10:39,940 INFO  [bill_processor] 1 lines loaded from lockbox_file_1.txt which is backup to Backup_SC022514_29.txt
2014-02-26 13:10:39,940 INFO  [bill_processor] End loading file content from: test_files\lockbox_files\lockbox_file_1.txt
2014-02-26 13:10:39,940 INFO  [bill_processor] Start processing MainframeImport data from: test_files\lockbox_files\lockbox_file_1.txt
2014-02-26 13:10:39,941 ERROR [bill_processor] Error importing the record from the MainframeImport table in processImportRecord module: NOT_A_RECORD. Text Line is not a valid Transaction Format [CLAIM_NO_MUST_BE_7_DIGITS]: Bad line
2014-02-26 13:10:39,944 INFO  [bill_processor] End processing MainframeImport data from: test_files\lockbox_files\lockbox_file_1.txt
2014-02-26 13:10:39,944 INFO  [bill_processor] Start collating new mainframe payments from: test_files\lockbox_files\lockbox_file_1.txt
2014-02-26 13:10:39,948 INFO  [bill_processor] End collating new mainframe payments from: test_files\lockbox_files\lockbox_file_1.txt
2014-02-26 13:10:39,948 INFO  [bill_processor] 
Service Credit imported a data file from the bank lockbox on February 26, 2014 at 1:10:39 PM CST.
Lockbox data imported into the dbName database on server dbHostName from computer batchProcessHostName.

# Lines in file = 1
# New Lines = 1
# Duplicate Lines = 0

# Records Processed = 1
# Check Payments = 0
# Good Check Payments = 0
# Bad Check Payments = 0
# Dupe Check Payments = 0
# ACH Payments = 0
# Good ACH Payments = 0
# Bad ACH Payments = 0
# Dupe ACH Payments = 0
# Bad Change Records = 0
# Good Change Records = 0
# No Match Change Records = 0
# Invalid Summary Records = 0
# Valid Summary Records = 0
# Successful Transactions = 0
# Failed Transactions = 0
# Invalid Lines = 1

Total Check Payments = 0
Total ACH Payments = 0
Total of Accepted Payments = 0
Total in File = 0

ERROR: 1 RECORDS FAILED PROCESSING.
0 = number of successful calls to the ProcessImportRecord function.

         Accepted Payments: 0
       Unresolved Payments: 0
        Suspended Payments: 0
-----------------------------------
Pending payments processed: 0

2014-02-26 13:10:39,969 INFO  [bill_processor] Send email to general@opm.gov, subject = [Service Credit Import: BATCH IMPORT ERROR ]. Message:
Service Credit Batch started at 1:10:39 PM CST on February 26, 2014. Batch done at 1:10:39 PM CST.

SUMMARY: THE FILE IMPORT HAD ERRORS. PLEASE CHECK THE 'Lockbox Import Errors' REPORT IN THE SERVICE CREDIT APPLICATION FOR DETAILS. THE ERROR INVOLVES PAYMENTS SO IT MUST BE FIXED AS SOON AS POSSIBLE.

   Number Type         Total
        0 ACH           0.00
        0 Check         0.00
============================
        0 All           0.00


        1 BAD DATA RECORDS

     0.00 = total of the money amounts in the summary (checksum) records
     0.00 = total of the money amounts in the transaction records
     0.00 = DISCREPANCY

The bank's file checksum matched the total imported into Service Credit. Total = 0.00.

SCRD COULD NOT READ ANY PAYMENT RECORDS IN THIS LOCKBOX FILE. THEY ARE ALL BAD.


There are no change records in this Lockbox file.

DETAILS:
Audit Batch Log ID number is 29
File Contents:
 Number Type Description
      1 Bad  Data Records
====================================
      1 Total Lines in Lockbox File

Lockbox File Name:
lockbox_file_1.txt
Backup File Name:
Backup_SC022514_29.txt

2014-02-26 13:10:39,976 INFO  [bill_processor] End importing files in: test_files\lockbox_files
2014-02-26 13:10:39,976 INFO  [bill_processor] Start cleaning old files in: test_files\old_files
2014-02-26 13:10:39,976 INFO  [bill_processor] Old files cleaned: 0
2014-02-26 13:10:39,976 INFO  [bill_processor] End cleaning old files in: test_files\old_files
2014-02-26 13:10:39,976 INFO  [bill_processor] Service Credit Batch finished successfully.
2014-02-26 13:10:40,237 INFO  [bill_processor] Service Credit Batch started.
2014-02-26 13:10:40,244 INFO  [bill_processor] Is today holiday : true
2014-02-26 13:10:40,246 INFO  [bill_processor] Start importing files in: test_files\lockbox_files
2014-02-26 13:10:40,246 INFO  [bill_processor] Start loading file content from: test_files\lockbox_files\lockbox_file_1.txt
2014-02-26 13:10:40,249 INFO  [bill_processor] 1 lines loaded from lockbox_file_1.txt which is backup to Backup_SC022514_30.txt
2014-02-26 13:10:40,249 INFO  [bill_processor] End loading file content from: test_files\lockbox_files\lockbox_file_1.txt
2014-02-26 13:10:40,249 INFO  [bill_processor] Start processing MainframeImport data from: test_files\lockbox_files\lockbox_file_1.txt
2014-02-26 13:10:40,249 ERROR [bill_processor] Error importing the record from the MainframeImport table in processImportRecord module: BAD_R_TRANSACTION. Text Line is not a valid Transaction Format [DOB_MUST_BE_VALID]: R64445566 bad R line
2014-02-26 13:10:40,251 INFO  [bill_processor] End processing MainframeImport data from: test_files\lockbox_files\lockbox_file_1.txt
2014-02-26 13:10:40,251 INFO  [bill_processor] Start collating new mainframe payments from: test_files\lockbox_files\lockbox_file_1.txt
2014-02-26 13:10:40,253 INFO  [bill_processor] End collating new mainframe payments from: test_files\lockbox_files\lockbox_file_1.txt
2014-02-26 13:10:40,253 INFO  [bill_processor] 
Service Credit imported a data file from the bank lockbox on February 26, 2014 at 1:10:40 PM CST.
Lockbox data imported into the dbName database on server dbHostName from computer batchProcessHostName.

# Lines in file = 1
# New Lines = 1
# Duplicate Lines = 0

# Records Processed = 1
# Check Payments = 1
# Good Check Payments = 0
# Bad Check Payments = 1
# Dupe Check Payments = 0
# ACH Payments = 0
# Good ACH Payments = 0
# Bad ACH Payments = 0
# Dupe ACH Payments = 0
# Bad Change Records = 0
# Good Change Records = 0
# No Match Change Records = 0
# Invalid Summary Records = 0
# Valid Summary Records = 0
# Successful Transactions = 0
# Failed Transactions = 1
# Invalid Lines = 0

Total Check Payments = 0
Total ACH Payments = 0
Total of Accepted Payments = 0
Total in File = 0

ERROR: 1 RECORDS FAILED PROCESSING.
ERROR: 1 TRANSACTIONS COULD NOT BE READ INTO THE DATABASE!
0 = number of successful calls to the ProcessImportRecord function.
1 NUMBER OF FAILED CALLS TO THE PROCESSIMPORTRECORD FUNCTION!

         Accepted Payments: 0
       Unresolved Payments: 0
        Suspended Payments: 0
-----------------------------------
Pending payments processed: 0

2014-02-26 13:10:40,312 INFO  [bill_processor] Send email to general@opm.gov, subject = [Service Credit Import: PAYMENT ERROR ]. Message:
Service Credit Batch started at 1:10:40 PM CST on February 26, 2014. Batch done at 1:10:40 PM CST.

SUMMARY: THE FILE IMPORT HAD ERRORS. PLEASE CHECK THE 'Lockbox Import Errors' REPORT IN THE SERVICE CREDIT APPLICATION FOR DETAILS. THE ERROR INVOLVES PAYMENTS SO IT MUST BE FIXED AS SOON AS POSSIBLE.

   Number Type         Total
        0 ACH           0.00
        0 Check         0.00
============================
        0 All           0.00


        1 BAD CHECK PAYMENTS

     0.00 = total of the money amounts in the summary (checksum) records
     0.00 = total of the money amounts in the transaction records
     0.00 = DISCREPANCY

The bank's file checksum matched the total imported into Service Credit. Total = 0.00.

SCRD COULD NOT READ ANY PAYMENT RECORDS IN THIS LOCKBOX FILE. THEY ARE ALL BAD.


There are no change records in this Lockbox file.

DETAILS:
Audit Batch Log ID number is 30
File Contents:
 Number Type Description
      1 Bad  Check Payments
====================================
      1 Total Lines in Lockbox File

Lockbox File Name:
lockbox_file_1.txt
Backup File Name:
Backup_SC022514_30.txt

2014-02-26 13:10:40,319 INFO  [bill_processor] End importing files in: test_files\lockbox_files
2014-02-26 13:10:40,319 INFO  [bill_processor] Start cleaning old files in: test_files\old_files
2014-02-26 13:10:40,319 INFO  [bill_processor] Old files cleaned: 0
2014-02-26 13:10:40,319 INFO  [bill_processor] End cleaning old files in: test_files\old_files
2014-02-26 13:10:40,319 INFO  [bill_processor] Service Credit Batch finished successfully.
2014-02-26 13:10:40,545 INFO  [bill_processor] Service Credit Batch started.
2014-02-26 13:10:40,550 INFO  [bill_processor] Is today holiday : true
2014-02-26 13:10:40,552 INFO  [bill_processor] Start importing files in: test_files\lockbox_files
2014-02-26 13:10:40,552 INFO  [bill_processor] Start loading file content from: test_files\lockbox_files\lockbox_file_1.txt
2014-02-26 13:10:40,555 INFO  [bill_processor] 1 lines loaded from lockbox_file_1.txt which is backup to Backup_SC022514_31.txt
2014-02-26 13:10:40,555 INFO  [bill_processor] End loading file content from: test_files\lockbox_files\lockbox_file_1.txt
2014-02-26 13:10:40,555 INFO  [bill_processor] Start processing MainframeImport data from: test_files\lockbox_files\lockbox_file_1.txt
2014-02-26 13:10:40,555 ERROR [bill_processor] Error importing the record from the MainframeImport table in processImportRecord module: BAD_C_TRANSACTION. Text Line is not a valid Transaction Format [DOB_MUST_BE_VALID]: C64445566 bad C line
2014-02-26 13:10:40,557 INFO  [bill_processor] End processing MainframeImport data from: test_files\lockbox_files\lockbox_file_1.txt
2014-02-26 13:10:40,557 INFO  [bill_processor] Start collating new mainframe payments from: test_files\lockbox_files\lockbox_file_1.txt
2014-02-26 13:10:40,559 INFO  [bill_processor] End collating new mainframe payments from: test_files\lockbox_files\lockbox_file_1.txt
2014-02-26 13:10:40,559 INFO  [bill_processor] 
Service Credit imported a data file from the bank lockbox on February 26, 2014 at 1:10:40 PM CST.
Lockbox data imported into the dbName database on server dbHostName from computer batchProcessHostName.

# Lines in file = 1
# New Lines = 1
# Duplicate Lines = 0

# Records Processed = 1
# Check Payments = 0
# Good Check Payments = 0
# Bad Check Payments = 0
# Dupe Check Payments = 0
# ACH Payments = 0
# Good ACH Payments = 0
# Bad ACH Payments = 0
# Dupe ACH Payments = 0
# Bad Change Records = 1
# Good Change Records = 0
# No Match Change Records = 0
# Invalid Summary Records = 0
# Valid Summary Records = 0
# Successful Transactions = 0
# Failed Transactions = 1
# Invalid Lines = 0

Total Check Payments = 0
Total ACH Payments = 0
Total of Accepted Payments = 0
Total in File = 0

ERROR: 1 RECORDS FAILED PROCESSING.
ERROR: 1 TRANSACTIONS COULD NOT BE READ INTO THE DATABASE!
0 = number of successful calls to the ProcessImportRecord function.
1 NUMBER OF FAILED CALLS TO THE PROCESSIMPORTRECORD FUNCTION!

         Accepted Payments: 0
       Unresolved Payments: 0
        Suspended Payments: 0
-----------------------------------
Pending payments processed: 0

2014-02-26 13:10:40,575 INFO  [bill_processor] Send email to general@opm.gov, subject = [Service Credit Import: OK except for Change record rejected. ]. Message:
Service Credit Batch started at 1:10:40 PM CST on February 26, 2014. Batch done at 1:10:40 PM CST.

SUMMARY: The file import was successful.

   Number Type         Total
        0 ACH           0.00
        0 Check         0.00
============================
        0 All           0.00



SCRD found no payment records in this Lockbox file.


ALL 1 LOCKBOX ADDRESS CHANGE RECORDS ARE CORRUPT.
Either the data format was bad or the CSD & Birth Date did not match an account in the Service Credit database. They could be for Voluntary Contributions or Direct Pay Life Insurance.

        1 Bad Name or Address Changes

DETAILS:
Audit Batch Log ID number is 31
File Contents:
 Number Type Description
      1 Bad  Name or Address Changes
====================================
      1 Total Lines in Lockbox File

Lockbox File Name:
lockbox_file_1.txt
Backup File Name:
Backup_SC022514_31.txt

2014-02-26 13:10:40,618 INFO  [bill_processor] End importing files in: test_files\lockbox_files
2014-02-26 13:10:40,618 INFO  [bill_processor] Start cleaning old files in: test_files\old_files
2014-02-26 13:10:40,618 INFO  [bill_processor] Old files cleaned: 0
2014-02-26 13:10:40,618 INFO  [bill_processor] End cleaning old files in: test_files\old_files
2014-02-26 13:10:40,618 INFO  [bill_processor] Service Credit Batch finished successfully.
2014-02-26 13:10:40,860 INFO  [bill_processor] Service Credit Batch started.
2014-02-26 13:10:40,865 INFO  [bill_processor] Is today holiday : true
2014-02-26 13:10:40,867 INFO  [bill_processor] Start importing files in: test_files\lockbox_files
2014-02-26 13:10:40,867 INFO  [bill_processor] Start loading file content from: test_files\lockbox_files\lockbox_file_1.txt
2014-02-26 13:10:40,870 INFO  [bill_processor] 1 lines loaded from lockbox_file_1.txt which is backup to Backup_SC022514_32.txt
2014-02-26 13:10:40,870 INFO  [bill_processor] End loading file content from: test_files\lockbox_files\lockbox_file_1.txt
2014-02-26 13:10:40,870 INFO  [bill_processor] Start processing MainframeImport data from: test_files\lockbox_files\lockbox_file_1.txt
2014-02-26 13:10:40,870 ERROR [bill_processor] Error extracting the R Transaction check sum from the bank input file. The transaction record did not have a number in the the expected position: R ZZZ bad Summary line
java.lang.NumberFormatException
	at java.math.BigDecimal.<init>(BigDecimal.java:459)
	at java.math.BigDecimal.<init>(BigDecimal.java:728)
	at gov.opm.scrd.batchprocessing.jobs.BatchProcessingJob.extractSummaryRecord(BatchProcessingJob.java:1020)
	at gov.opm.scrd.batchprocessing.jobs.BatchProcessingJob.processMainframeData(BatchProcessingJob.java:940)
	at gov.opm.scrd.batchprocessing.jobs.BatchProcessingJob.importFile(BatchProcessingJob.java:732)
	at gov.opm.scrd.batchprocessing.jobs.BatchProcessingJob.importFiles(BatchProcessingJob.java:703)
	at gov.opm.scrd.batchprocessing.jobs.BatchProcessingJob.doExecute(BatchProcessingJob.java:480)
	at gov.opm.scrd.batchprocessing.jobs.BatchProcessingJob.execute(BatchProcessingJob.java:377)
	at gov.opm.scrd.batchprocessing.jobs.BatchProcessingJobTests.testCase_ImportFile_BadSummaryLine(BatchProcessingJobTests.java:530)
	at sun.reflect.NativeMethodAccessorImpl.invoke0(Native Method)
	at sun.reflect.NativeMethodAccessorImpl.invoke(NativeMethodAccessorImpl.java:39)
	at sun.reflect.DelegatingMethodAccessorImpl.invoke(DelegatingMethodAccessorImpl.java:25)
	at java.lang.reflect.Method.invoke(Method.java:597)
	at org.junit.runners.model.FrameworkMethod$1.runReflectiveCall(FrameworkMethod.java:45)
	at org.junit.internal.runners.model.ReflectiveCallable.run(ReflectiveCallable.java:15)
	at org.junit.runners.model.FrameworkMethod.invokeExplosively(FrameworkMethod.java:42)
	at org.junit.internal.runners.statements.InvokeMethod.evaluate(InvokeMethod.java:20)
	at org.junit.internal.runners.statements.RunBefores.evaluate(RunBefores.java:28)
	at org.springframework.test.context.junit4.statements.RunBeforeTestMethodCallbacks.evaluate(RunBeforeTestMethodCallbacks.java:74)
	at org.junit.internal.runners.statements.RunAfters.evaluate(RunAfters.java:30)
	at org.springframework.test.context.junit4.statements.RunAfterTestMethodCallbacks.evaluate(RunAfterTestMethodCallbacks.java:83)
	at org.springframework.test.context.junit4.statements.SpringRepeat.evaluate(SpringRepeat.java:72)
	at org.springframework.test.context.junit4.SpringJUnit4ClassRunner.runChild(SpringJUnit4ClassRunner.java:231)
	at org.springframework.test.context.junit4.SpringJUnit4ClassRunner.runChild(SpringJUnit4ClassRunner.java:88)
	at org.junit.runners.ParentRunner$3.run(ParentRunner.java:231)
	at org.junit.runners.ParentRunner$1.schedule(ParentRunner.java:60)
	at org.junit.runners.ParentRunner.runChildren(ParentRunner.java:229)
	at org.junit.runners.ParentRunner.access$000(ParentRunner.java:50)
	at org.junit.runners.ParentRunner$2.evaluate(ParentRunner.java:222)
	at org.junit.internal.runners.statements.RunBefores.evaluate(RunBefores.java:28)
	at org.springframework.test.context.junit4.statements.RunBeforeTestClassCallbacks.evaluate(RunBeforeTestClassCallbacks.java:61)
	at org.junit.internal.runners.statements.RunAfters.evaluate(RunAfters.java:30)
	at org.springframework.test.context.junit4.statements.RunAfterTestClassCallbacks.evaluate(RunAfterTestClassCallbacks.java:71)
	at org.junit.runners.ParentRunner.run(ParentRunner.java:300)
	at org.springframework.test.context.junit4.SpringJUnit4ClassRunner.run(SpringJUnit4ClassRunner.java:174)
	at junit.framework.JUnit4TestAdapter.run(JUnit4TestAdapter.java:39)
	at junit.framework.TestSuite.runTest(TestSuite.java:243)
	at junit.framework.TestSuite.run(TestSuite.java:238)
	at org.apache.tools.ant.taskdefs.optional.junit.JUnitTestRunner.run(JUnitTestRunner.java:520)
	at org.apache.tools.ant.taskdefs.optional.junit.JUnitTestRunner.launch(JUnitTestRunner.java:1060)
	at org.apache.tools.ant.taskdefs.optional.junit.JUnitTestRunner.main(JUnitTestRunner.java:911)
2014-02-26 13:10:40,873 INFO  [bill_processor] End processing MainframeImport data from: test_files\lockbox_files\lockbox_file_1.txt
2014-02-26 13:10:40,873 INFO  [bill_processor] Start collating new mainframe payments from: test_files\lockbox_files\lockbox_file_1.txt
2014-02-26 13:10:40,874 INFO  [bill_processor] End collating new mainframe payments from: test_files\lockbox_files\lockbox_file_1.txt
2014-02-26 13:10:40,874 INFO  [bill_processor] 
Service Credit imported a data file from the bank lockbox on February 26, 2014 at 1:10:40 PM CST.
Lockbox data imported into the dbName database on server dbHostName from computer batchProcessHostName.

# Lines in file = 1
# New Lines = 1
# Duplicate Lines = 0

# Records Processed = 1
# Check Payments = 0
# Good Check Payments = 0
# Bad Check Payments = 0
# Dupe Check Payments = 0
# ACH Payments = 0
# Good ACH Payments = 0
# Bad ACH Payments = 0
# Dupe ACH Payments = 0
# Bad Change Records = 0
# Good Change Records = 0
# No Match Change Records = 0
# Invalid Summary Records = 1
# Valid Summary Records = 0
# Successful Transactions = 0
# Failed Transactions = 0
# Invalid Lines = 0

Total Check Payments = 0
Total ACH Payments = 0
Total of Accepted Payments = 0
Total in File = 0

ERROR: 1 RECORDS FAILED PROCESSING.
ERROR: 1 CHECKSUMS COULD NOT BE PROCESSED!
0 = number of successful calls to the ProcessImportRecord function.

         Accepted Payments: 0
       Unresolved Payments: 0
        Suspended Payments: 0
-----------------------------------
Pending payments processed: 0

2014-02-26 13:10:40,885 INFO  [bill_processor] Send email to general@opm.gov, subject = [Service Credit Import: PAYMENT ERROR ]. Message:
Service Credit Batch started at 1:10:40 PM CST on February 26, 2014. Batch done at 1:10:40 PM CST.

SUMMARY: THE FILE IMPORT HAD ERRORS. PLEASE CHECK THE 'Lockbox Import Errors' REPORT IN THE SERVICE CREDIT APPLICATION FOR DETAILS. THE ERROR INVOLVES PAYMENTS SO IT MUST BE FIXED AS SOON AS POSSIBLE.

   Number Type         Total
        0 ACH           0.00
        0 Check         0.00
============================
        0 All           0.00


        1 BAD SUMMARY RECORDS

     0.00 = total of the money amounts in the summary (checksum) records
     0.00 = total of the money amounts in the transaction records
     0.00 = DISCREPANCY

The bank's file checksum matched the total imported into Service Credit. Total = 0.00.

SCRD COULD NOT READ ANY PAYMENT RECORDS IN THIS LOCKBOX FILE. THEY ARE ALL BAD.


There are no change records in this Lockbox file.

DETAILS:
Audit Batch Log ID number is 32
File Contents:
 Number Type Description
      1 Bad  Summary Records
====================================
      1 Total Lines in Lockbox File

Lockbox File Name:
lockbox_file_1.txt
Backup File Name:
Backup_SC022514_32.txt

2014-02-26 13:10:40,891 INFO  [bill_processor] End importing files in: test_files\lockbox_files
2014-02-26 13:10:40,891 INFO  [bill_processor] Start cleaning old files in: test_files\old_files
2014-02-26 13:10:40,891 INFO  [bill_processor] Old files cleaned: 0
2014-02-26 13:10:40,891 INFO  [bill_processor] End cleaning old files in: test_files\old_files
2014-02-26 13:10:40,891 INFO  [bill_processor] Service Credit Batch finished successfully.
2014-02-26 13:10:41,176 INFO  [bill_processor] Service Credit Batch started.
2014-02-26 13:10:41,181 INFO  [bill_processor] Is today holiday : true
2014-02-26 13:10:41,183 INFO  [bill_processor] Start importing files in: test_files\lockbox_files
2014-02-26 13:10:41,183 INFO  [bill_processor] Start loading file content from: test_files\lockbox_files\lockbox_file_1.txt
2014-02-26 13:10:41,195 WARN  [bill_processor] Weird character is: [ ]
2014-02-26 13:10:41,195 INFO  [bill_processor] 7 lines loaded from lockbox_file_1.txt which is backup to Backup_SC022514_33.txt
2014-02-26 13:10:41,195 INFO  [bill_processor] End loading file content from: test_files\lockbox_files\lockbox_file_1.txt
2014-02-26 13:10:41,195 INFO  [bill_processor] Start processing MainframeImport data from: test_files\lockbox_files\lockbox_file_1.txt
2014-02-26 13:10:41,208 INFO  [bill_processor] VALID_C_TRANSACTION: 	C 01      1112233031277  Mark I. Jason, III
2014-02-26 13:10:41,213 INFO  [bill_processor] VALID_C_TRANSACTION: 	C 02      1112233031277  Chizago, IL 12345-1234
2014-02-26 13:10:41,216 INFO  [bill_processor] VALID_C_TRANSACTION: 	C 10      1112233031277  new_ssn
2014-02-26 13:10:41,221 INFO  [bill_processor] SUM_R_VALID: 	R ZZZ     ZZZZZZZ0000012311    
2014-02-26 13:10:41,224 INFO  [bill_processor] VALID_R_TRANSACTION: 	R64445566 11122330312770008900020314 0    
2014-02-26 13:10:41,227 INFO  [bill_processor] VALID_R_TRANSACTION: 	R67778899 11122330312770003412020214 1    
2014-02-26 13:10:41,228 INFO  [bill_processor] End processing MainframeImport data from: test_files\lockbox_files\lockbox_file_1.txt
2014-02-26 13:10:41,228 INFO  [bill_processor] Start collating new mainframe payments from: test_files\lockbox_files\lockbox_file_1.txt
2014-02-26 13:10:41,233 INFO  [bill_processor] End collating new mainframe payments from: test_files\lockbox_files\lockbox_file_1.txt
2014-02-26 13:10:41,233 INFO  [bill_processor] 
Service Credit imported a data file from the bank lockbox on February 26, 2014 at 1:10:41 PM CST.
Lockbox data imported into the dbName database on server dbHostName from computer batchProcessHostName.

# Lines in file = 7
# New Lines = 7
# Duplicate Lines = 0

# Records Processed = 6
# Check Payments = 1
# Good Check Payments = 1
# Bad Check Payments = 0
# Dupe Check Payments = 0
# ACH Payments = 1
# Good ACH Payments = 1
# Bad ACH Payments = 0
# Dupe ACH Payments = 0
# Bad Change Records = 0
# Good Change Records = 3
# No Match Change Records = 0
# Invalid Summary Records = 0
# Valid Summary Records = 1
# Successful Transactions = 5
# Failed Transactions = 0
# Invalid Lines = 0

Total Check Payments = 89
Total ACH Payments = 34.12
Total of Accepted Payments = 123.12
Total in File Summary (checksum) = 123.11
Total of Processed Transactions = 123.12


ERROR: THE BANK FILE CONTAINED 123.11 BUT 123.12 WAS IMPORTED INTO THE SERVICE CREDIT DATABASE. THE PROGRAM IMPORTED 0.01 MORE THAN THE BANK TOTAL.

No bad records in this batch.
5 = number of successful calls to the ProcessImportRecord function.

         Accepted Payments: 2
       Unresolved Payments: 0
        Suspended Payments: 0
-----------------------------------
Pending payments processed: 2

2014-02-26 13:10:41,245 INFO  [bill_processor] Send email to general@opm.gov, subject = [Service Credit Import: BATCH IMPORT ERROR OUT OF BALANCE! ]. Message:
Service Credit Batch started at 1:10:41 PM CST on February 26, 2014. Batch done at 1:10:41 PM CST.

SUMMARY: THE FILE IMPORT HAD ERRORS. PLEASE CHECK THE 'Lockbox Import Errors' REPORT IN THE SERVICE CREDIT APPLICATION FOR DETAILS. THE ERROR INVOLVES PAYMENTS SO IT MUST BE FIXED AS SOON AS POSSIBLE.

   Number Type         Total
        1 ACH          34.12
        1 Check        89.00
============================
        2 All         123.12

        1 ACH payments accepted as Posted - Pending
        1 Check payments accepted as Posted - Pending


ERROR: THE BANK'S TOTAL WAS 123.11 BUT 123.12 WAS IMPORTED INTO THE SERVICE CREDIT DATABASE.
THE PROGRAM IMPORTED 0.01 MORE THAN THE BANK'S TOTAL.

3 total Lockbox records and summary totals.


SCRD read all 3 Lockbox change records.

DETAILS:
Audit Batch Log ID number is 33
File Contents:
 Number Type Description
      1 Good ACH Payments
      1 Good Check Payments
      3 Good Name or Address Changes
      1 Good Summary Records
      1 Good End-of-file markers
====================================
      7 Total Lines in Lockbox File

Lockbox File Name:
lockbox_file_1.txt
Backup File Name:
Backup_SC022514_33.txt

2014-02-26 13:10:41,264 INFO  [bill_processor] End importing files in: test_files\lockbox_files
2014-02-26 13:10:41,264 INFO  [bill_processor] Start cleaning old files in: test_files\old_files
2014-02-26 13:10:41,264 INFO  [bill_processor] Old files cleaned: 0
2014-02-26 13:10:41,264 INFO  [bill_processor] End cleaning old files in: test_files\old_files
2014-02-26 13:10:41,264 INFO  [bill_processor] Service Credit Batch finished successfully.
2014-02-26 13:10:41,718 INFO  [bill_processor] Service Credit Batch started.
2014-02-26 13:10:41,723 INFO  [bill_processor] Is today holiday : true
2014-02-26 13:10:41,725 INFO  [bill_processor] Start importing files in: test_files\lockbox_files
2014-02-26 13:10:41,725 INFO  [bill_processor] Start loading file content from: test_files\lockbox_files\lockbox_file_1.txt
2014-02-26 13:10:41,735 WARN  [bill_processor] Weird character is: [ ]
2014-02-26 13:10:41,735 INFO  [bill_processor] 7 lines loaded from lockbox_file_1.txt which is backup to Backup_SC022514_34.txt
2014-02-26 13:10:41,736 INFO  [bill_processor] End loading file content from: test_files\lockbox_files\lockbox_file_1.txt
2014-02-26 13:10:41,736 INFO  [bill_processor] Start processing MainframeImport data from: test_files\lockbox_files\lockbox_file_1.txt
2014-02-26 13:10:41,740 INFO  [bill_processor] VALID_C_TRANSACTION: 	C 01      1112233031277  Mark I. Jason, III
2014-02-26 13:10:41,744 INFO  [bill_processor] VALID_C_TRANSACTION: 	C 02      1112233031277  Chizago, IL 12345-1234
2014-02-26 13:10:41,747 INFO  [bill_processor] VALID_C_TRANSACTION: 	C 10      1112233031277  new_ssn
2014-02-26 13:10:41,749 INFO  [bill_processor] SUM_R_VALID: 	R ZZZ     ZZZZZZZ0000088888    
2014-02-26 13:10:41,751 INFO  [bill_processor] VALID_R_TRANSACTION: 	R64445566 11122330312770008900020314 0    
2014-02-26 13:10:41,753 INFO  [bill_processor] VALID_R_TRANSACTION: 	R67778899 11122330312770003412020214 1    
2014-02-26 13:10:41,755 INFO  [bill_processor] End processing MainframeImport data from: test_files\lockbox_files\lockbox_file_1.txt
2014-02-26 13:10:41,755 INFO  [bill_processor] Start collating new mainframe payments from: test_files\lockbox_files\lockbox_file_1.txt
2014-02-26 13:10:41,758 INFO  [bill_processor] End collating new mainframe payments from: test_files\lockbox_files\lockbox_file_1.txt
2014-02-26 13:10:41,758 INFO  [bill_processor] 
Service Credit imported a data file from the bank lockbox on February 26, 2014 at 1:10:41 PM CST.
Lockbox data imported into the dbName database on server dbHostName from computer batchProcessHostName.

# Lines in file = 7
# New Lines = 7
# Duplicate Lines = 0

# Records Processed = 6
# Check Payments = 1
# Good Check Payments = 1
# Bad Check Payments = 0
# Dupe Check Payments = 0
# ACH Payments = 1
# Good ACH Payments = 1
# Bad ACH Payments = 0
# Dupe ACH Payments = 0
# Bad Change Records = 0
# Good Change Records = 3
# No Match Change Records = 0
# Invalid Summary Records = 0
# Valid Summary Records = 1
# Successful Transactions = 5
# Failed Transactions = 0
# Invalid Lines = 0

Total Check Payments = 89
Total ACH Payments = 34.12
Total of Accepted Payments = 123.12
Total in File Summary (checksum) = 888.88
Total of Processed Transactions = 123.12


ERROR: THE BANK FILE CONTAINED 888.88 BUT 123.12 WAS IMPORTED INTO THE SERVICE CREDIT DATABASE. THE PROGRAM IMPORTED 765.76 LESS THAN THE BANK TOTAL.

No bad records in this batch.
5 = number of successful calls to the ProcessImportRecord function.

         Accepted Payments: 2
       Unresolved Payments: 0
        Suspended Payments: 0
-----------------------------------
Pending payments processed: 2

2014-02-26 13:10:41,783 INFO  [bill_processor] Send email to general@opm.gov, subject = [Service Credit Import: BATCH IMPORT ERROR OUT OF BALANCE! ]. Message:
Service Credit Batch started at 1:10:41 PM CST on February 26, 2014. Batch done at 1:10:41 PM CST.

SUMMARY: THE FILE IMPORT HAD ERRORS. PLEASE CHECK THE 'Lockbox Import Errors' REPORT IN THE SERVICE CREDIT APPLICATION FOR DETAILS. THE ERROR INVOLVES PAYMENTS SO IT MUST BE FIXED AS SOON AS POSSIBLE.

   Number Type         Total
        1 ACH          34.12
        1 Check        89.00
============================
        2 All         123.12

        1 ACH payments accepted as Posted - Pending
        1 Check payments accepted as Posted - Pending


ERROR: THE BANK'S TOTAL WAS 888.88 BUT 123.12 WAS IMPORTED INTO THE SERVICE CREDIT DATABASE.
THE PROGRAM IMPORTED 765.76 LESS THAN THE BANK'S TOTAL.

3 total Lockbox records and summary totals.


SCRD read all 3 Lockbox change records.

DETAILS:
Audit Batch Log ID number is 34
File Contents:
 Number Type Description
      1 Good ACH Payments
      1 Good Check Payments
      3 Good Name or Address Changes
      1 Good Summary Records
      1 Good End-of-file markers
====================================
      7 Total Lines in Lockbox File

Lockbox File Name:
lockbox_file_1.txt
Backup File Name:
Backup_SC022514_34.txt

2014-02-26 13:10:41,791 INFO  [bill_processor] End importing files in: test_files\lockbox_files
2014-02-26 13:10:41,791 INFO  [bill_processor] Start cleaning old files in: test_files\old_files
2014-02-26 13:10:41,791 INFO  [bill_processor] Old files cleaned: 0
2014-02-26 13:10:41,791 INFO  [bill_processor] End cleaning old files in: test_files\old_files
2014-02-26 13:10:41,791 INFO  [bill_processor] Service Credit Batch finished successfully.
2014-02-26 13:10:42,146 INFO  [bill_processor] Service Credit Batch started.
2014-02-26 13:10:42,151 INFO  [bill_processor] Is today holiday : true
2014-02-26 13:10:42,153 INFO  [bill_processor] Start importing files in: test_files\lockbox_files
2014-02-26 13:10:42,153 INFO  [bill_processor] Start loading file content from: test_files\lockbox_files\lockbox_file_1.txt
2014-02-26 13:10:42,163 WARN  [bill_processor] Weird character is: [ ]
2014-02-26 13:10:42,163 INFO  [bill_processor] 7 lines loaded from lockbox_file_1.txt which is backup to Backup_SC022514_35.txt
2014-02-26 13:10:42,163 INFO  [bill_processor] End loading file content from: test_files\lockbox_files\lockbox_file_1.txt
2014-02-26 13:10:42,163 INFO  [bill_processor] Start processing MainframeImport data from: test_files\lockbox_files\lockbox_file_1.txt
2014-02-26 13:10:42,167 INFO  [bill_processor] VALID_C_TRANSACTION: 	C 01      1112233031277  Mark I. Jason, III
2014-02-26 13:10:42,170 INFO  [bill_processor] VALID_C_TRANSACTION: 	C 02      1112233031277  Chizago, IL 12345-1234
2014-02-26 13:10:42,172 INFO  [bill_processor] VALID_C_TRANSACTION: 	C 10      1112233031277  new_ssn
2014-02-26 13:10:42,174 INFO  [bill_processor] SUM_R_VALID: 	R ZZZ     ZZZZZZZ0000012312    
2014-02-26 13:10:42,177 INFO  [bill_processor] VALID_R_TRANSACTION: 	R64445566 11122330312770008900020314 0    
2014-02-26 13:10:42,179 INFO  [bill_processor] VALID_R_TRANSACTION: 	R67778899 11122330312770003412020214 1    
2014-02-26 13:10:42,180 INFO  [bill_processor] End processing MainframeImport data from: test_files\lockbox_files\lockbox_file_1.txt
2014-02-26 13:10:42,181 INFO  [bill_processor] Start collating new mainframe payments from: test_files\lockbox_files\lockbox_file_1.txt
2014-02-26 13:10:42,184 INFO  [bill_processor] End collating new mainframe payments from: test_files\lockbox_files\lockbox_file_1.txt
2014-02-26 13:10:42,184 INFO  [bill_processor] 
Service Credit imported a data file from the bank lockbox on February 26, 2014 at 1:10:42 PM CST.
Lockbox data imported into the dbName database on server dbHostName from computer batchProcessHostName.

# Lines in file = 7
# New Lines = 7
# Duplicate Lines = 0

# Records Processed = 6
# Check Payments = 1
# Good Check Payments = 1
# Bad Check Payments = 0
# Dupe Check Payments = 0
# ACH Payments = 1
# Good ACH Payments = 1
# Bad ACH Payments = 0
# Dupe ACH Payments = 0
# Bad Change Records = 0
# Good Change Records = 3
# No Match Change Records = 0
# Invalid Summary Records = 0
# Valid Summary Records = 1
# Successful Transactions = 5
# Failed Transactions = 0
# Invalid Lines = 0

Total Check Payments = 89
Total ACH Payments = 34.12
Total of Accepted Payments = 123.12
Total in File = 123.12

No bad records in this batch.
5 = number of successful calls to the ProcessImportRecord function.

         Accepted Payments: 2
       Unresolved Payments: 0
        Suspended Payments: 0
-----------------------------------
Pending payments processed: 2

2014-02-26 13:10:42,194 INFO  [bill_processor] Send email to general@opm.gov, subject = [Service Credit Import: OK ]. Message:
Service Credit Batch started at 1:10:42 PM CST on February 26, 2014. Batch done at 1:10:42 PM CST.

SUMMARY: The file import was successful.

   Number Type         Total
        1 ACH          34.12
        1 Check        89.00
============================
        2 All         123.12

        1 ACH payments accepted as Posted - Pending
        1 Check payments accepted as Posted - Pending


3 total Lockbox records and summary totals.


SCRD read all 3 Lockbox change records.

DETAILS:
Audit Batch Log ID number is 35
File Contents:
 Number Type Description
      1 Good ACH Payments
      1 Good Check Payments
      3 Good Name or Address Changes
      1 Good Summary Records
      1 Good End-of-file markers
====================================
      7 Total Lines in Lockbox File

Lockbox File Name:
lockbox_file_1.txt
Backup File Name:
Backup_SC022514_35.txt

2014-02-26 13:10:42,206 INFO  [bill_processor] End importing files in: test_files\lockbox_files
2014-02-26 13:10:42,206 INFO  [bill_processor] Start cleaning old files in: test_files\old_files
2014-02-26 13:10:42,206 INFO  [bill_processor] Old files cleaned: 0
2014-02-26 13:10:42,206 INFO  [bill_processor] End cleaning old files in: test_files\old_files
2014-02-26 13:10:42,206 INFO  [bill_processor] Service Credit Batch finished successfully.
2014-02-26 13:10:42,531 INFO  [bill_processor] Service Credit Batch started.
2014-02-26 13:10:42,555 INFO  [bill_processor] Is today holiday : false
2014-02-26 13:10:42,557 INFO  [bill_processor] Start importing files in: test_files\lockbox_files
2014-02-26 13:10:42,557 INFO  [bill_processor] Start loading file content from: test_files\lockbox_files\lockbox_file_1.txt
2014-02-26 13:10:42,567 INFO  [bill_processor] 7 lines loaded from lockbox_file_1.txt which is backup to Backup_SC022514_36.txt
2014-02-26 13:10:42,567 INFO  [bill_processor] End loading file content from: test_files\lockbox_files\lockbox_file_1.txt
2014-02-26 13:10:42,567 INFO  [bill_processor] Start processing MainframeImport data from: test_files\lockbox_files\lockbox_file_1.txt
2014-02-26 13:10:42,571 INFO  [bill_processor] VALID_C_TRANSACTION: 	C 01      1112233031277  Mark I. Jason, III
2014-02-26 13:10:42,575 INFO  [bill_processor] VALID_C_TRANSACTION: 	C 02      1112233031277  Chizago, IL 12345-1234
2014-02-26 13:10:42,578 INFO  [bill_processor] VALID_C_TRANSACTION: 	C 10      1112233031277  new_ssn
2014-02-26 13:10:42,580 INFO  [bill_processor] SUM_R_VALID: 	R ZZZ     ZZZZZZZ0000012312    
2014-02-26 13:10:42,582 INFO  [bill_processor] VALID_R_TRANSACTION: 	R64445566 11122330312770008900020314 0    
2014-02-26 13:10:42,585 INFO  [bill_processor] VALID_R_TRANSACTION: 	R67778899 11122330312770003412020214 1    
2014-02-26 13:10:42,586 INFO  [bill_processor] End processing MainframeImport data from: test_files\lockbox_files\lockbox_file_1.txt
2014-02-26 13:10:42,586 INFO  [bill_processor] Start collating new mainframe payments from: test_files\lockbox_files\lockbox_file_1.txt
2014-02-26 13:10:42,589 INFO  [bill_processor] End collating new mainframe payments from: test_files\lockbox_files\lockbox_file_1.txt
2014-02-26 13:10:42,589 INFO  [bill_processor] 
Service Credit imported a data file from the bank lockbox on February 26, 2014 at 1:10:42 PM CST.
Lockbox data imported into the dbName database on server dbHostName from computer batchProcessHostName.

# Lines in file = 7
# New Lines = 7
# Duplicate Lines = 0

# Records Processed = 6
# Check Payments = 1
# Good Check Payments = 1
# Bad Check Payments = 0
# Dupe Check Payments = 0
# ACH Payments = 1
# Good ACH Payments = 1
# Bad ACH Payments = 0
# Dupe ACH Payments = 0
# Bad Change Records = 0
# Good Change Records = 3
# No Match Change Records = 0
# Invalid Summary Records = 0
# Valid Summary Records = 1
# Successful Transactions = 5
# Failed Transactions = 0
# Invalid Lines = 0

Total Check Payments = 89
Total ACH Payments = 34.12
Total of Accepted Payments = 123.12
Total in File = 123.12

No bad records in this batch.
5 = number of successful calls to the ProcessImportRecord function.

         Accepted Payments: 2
       Unresolved Payments: 0
        Suspended Payments: 0
-----------------------------------
Pending payments processed: 2

2014-02-26 13:10:42,606 INFO  [bill_processor] Send email to general@opm.gov, subject = [Service Credit Import: OK ]. Message:
Service Credit Batch started at 1:10:42 PM CST on February 26, 2014. Batch done at 1:10:42 PM CST.

SUMMARY: The file import was successful.

   Number Type         Total
        1 ACH          34.12
        1 Check        89.00
============================
        2 All         123.12

        1 ACH payments accepted as Posted - Pending
        1 Check payments accepted as Posted - Pending


3 total Lockbox records and summary totals.


SCRD read all 3 Lockbox change records.

DETAILS:
Audit Batch Log ID number is 36
File Contents:
 Number Type Description
      1 Good ACH Payments
      1 Good Check Payments
      3 Good Name or Address Changes
      1 Good Summary Records
      1 Good End-of-file markers
====================================
      7 Total Lines in Lockbox File

Lockbox File Name:
lockbox_file_1.txt
Backup File Name:
Backup_SC022514_36.txt

2014-02-26 13:10:42,619 INFO  [bill_processor] End importing files in: test_files\lockbox_files
2014-02-26 13:10:42,619 INFO  [bill_processor] Start cleaning old files in: test_files\old_files
2014-02-26 13:10:42,619 INFO  [bill_processor] Old files cleaned: 0
2014-02-26 13:10:42,619 INFO  [bill_processor] End cleaning old files in: test_files\old_files
2014-02-26 13:10:42,619 INFO  [bill_processor] Start Bill Processing.
2014-02-26 13:10:42,744 INFO  [bill_processor] Total Payment Records: 2
2014-02-26 13:10:42,747 INFO  [bill_processor] End Bill Processing.
2014-02-26 13:10:42,747 INFO  [bill_processor] Start daily account updating.
2014-02-26 13:10:42,752 INFO  [bill_processor] Updated 2 master records to history or ACH Stop status.
2014-02-26 13:10:42,752 INFO  [bill_processor] End daily account updating.
2014-02-26 13:10:42,753 INFO  [bill_processor] Start making GL file: test_files\gl_files
2014-02-26 13:10:42,827 INFO  [bill_processor] General Ledger file created.
2014-02-26 13:10:42,827 INFO  [bill_processor] End making GL file: test_files\gl_files
2014-02-26 13:10:42,827 INFO  [bill_processor] Send email to bill@opm.gov, subject = [Service Credit Nightly Batch: Good]. Message:
Service Credit Batch started at 1:10:42 PM CST on February 26, 2014. Batch done at 1:10:42 PM CST.



Boyers' printout count:0 RI36-18 Receipt Invoices Printed.0 RI36-23 Initial Invoices Printed.
0 RI36-18 Reversed Invoices Printed.
0 Stop ACH Letters Printed.

DC's printout count: 
0 Refund Memos Printed.


Processed Successfully. 

Updated 2 master records to history or ACH Stop status.

General Ledger file created.

2014-02-26 13:10:42,832 INFO  [bill_processor] Service Credit Batch finished successfully.
