<?xml version="1.0" encoding="UTF-8" ?>
<!--
    Copyright 2014 OPM.gov

    Licensed under the Apache License, Version 2.0 (the "License");
    you may not use this file except in compliance with the License.
    You may obtain a copy of the License at

       http://www.apache.org/licenses/LICENSE-2.0

    Unless required by applicable law or agreed to in writing, software
    distributed under the License is distributed on an "AS IS" BASIS,
    WITHOUT WARRANTIES OR CONDITIONS OF ANY KIND, either express or implied.
    See the License for the specific language governing permissions and
    limitations under the License.
-->

<testsuite errors="0" failures="0" hostname="PCC-PC" name="gov.opm.scrd.batchprocessing.jobs.BatchProcessingTests" tests="38" time="61.41" timestamp="2014-03-02T12:06:48">
  <properties>
[...]
</properties>
  <testcase classname="gov.opm.scrd.batchprocessing.jobs.impl.BillProcessorImplTests" name="test_processBills_case90" time="5.741" />
  <testcase classname="gov.opm.scrd.batchprocessing.jobs.impl.BillProcessorImplTests" name="test_processBills_case91" time="3.614" />
  <testcase classname="gov.opm.scrd.batchprocessing.jobs.impl.BillProcessorImplTests" name="test_processBills_case92" time="3.071" />
  <testcase classname="gov.opm.scrd.batchprocessing.jobs.impl.BillProcessorImplTests" name="test_processBills_case922" time="3.191" />
  <testcase classname="gov.opm.scrd.batchprocessing.jobs.impl.BillProcessorImplTests" name="test_processBills_case93" time="2.512" />
  <testcase classname="gov.opm.scrd.batchprocessing.jobs.impl.BillProcessorImplTests" name="test_processBills_case94" time="2.71" />
  <testcase classname="gov.opm.scrd.batchprocessing.jobs.impl.BillProcessorImplTests" name="test_processBills_case95" time="2.576" />
  <testcase classname="gov.opm.scrd.batchprocessing.jobs.impl.BillProcessorImplTests" name="test_processBills_case96" time="2.668" />
  <testcase classname="gov.opm.scrd.batchprocessing.jobs.impl.BillProcessorImplTests" name="test_processBills_case97" time="1.694" />
  <testcase classname="gov.opm.scrd.batchprocessing.jobs.impl.BillProcessorImplTests" name="test_processBills_case98" time="1.557" />
  <testcase classname="gov.opm.scrd.batchprocessing.jobs.impl.BillProcessorImplTests" name="test_processBills_case99" time="1.697" />
  <testcase classname="gov.opm.scrd.batchprocessing.jobs.impl.BillProcessorImplTests" name="test_processBills_case100" time="1.413" />
  <testcase classname="gov.opm.scrd.batchprocessing.jobs.impl.BillProcessorImplTests" name="test_processBills_case101a" time="1.5" />
  <testcase classname="gov.opm.scrd.batchprocessing.jobs.impl.BillProcessorImplTests" name="test_processBills_case101b" time="1.838" />
  <testcase classname="gov.opm.scrd.batchprocessing.jobs.impl.BillProcessorImplTests" name="test_processBills_case101c" time="1.727" />
  <testcase classname="gov.opm.scrd.batchprocessing.jobs.impl.BillProcessorImplTests" name="test_processBills_case101d" time="2.07" />
  <testcase classname="gov.opm.scrd.batchprocessing.jobs.impl.BillProcessorImplTests" name="test_processBills_case101e" time="1.131" />
  <testcase classname="gov.opm.scrd.batchprocessing.jobs.impl.BillProcessorImplTests" name="test_processBills_case101f" time="1.546" />
  <testcase classname="gov.opm.scrd.batchprocessing.jobs.impl.BillProcessorImplTests" name="test_processBills_case101g" time="1.285" />
  <testcase classname="gov.opm.scrd.batchprocessing.jobs.impl.BillProcessorImplTests" name="test_processBills_case102a" time="1.346" />
  <testcase classname="gov.opm.scrd.batchprocessing.jobs.impl.BillProcessorImplTests" name="test_processBills_case102b" time="1.651" />
  <testcase classname="gov.opm.scrd.batchprocessing.jobs.impl.BillProcessorImplTests" name="test_processBills_case102c" time="1.124" />
  <testcase classname="gov.opm.scrd.batchprocessing.jobs.impl.BillProcessorImplTests" name="test_processBills_case102d" time="1.216" />
  <testcase classname="gov.opm.scrd.batchprocessing.jobs.impl.BillProcessorImplTests" name="test_processBills_case102e" time="1.302" />
  <testcase classname="gov.opm.scrd.batchprocessing.jobs.BatchProcessingJobTests" name="testCase_Holiday" time="1.486" />
  <testcase classname="gov.opm.scrd.batchprocessing.jobs.BatchProcessingJobTests" name="testCase_BatchUserViolation" time="0.333" />
  <testcase classname="gov.opm.scrd.batchprocessing.jobs.BatchProcessingJobTests" name="testCase_NetworkDown" time="0.257" />
  <testcase classname="gov.opm.scrd.batchprocessing.jobs.BatchProcessingJobTests" name="testCase_NoInputFiels" time="0.291" />
  <testcase classname="gov.opm.scrd.batchprocessing.jobs.BatchProcessingJobTests" name="testCase_CleanOldFile" time="0.346" />
  <testcase classname="gov.opm.scrd.batchprocessing.jobs.BatchProcessingJobTests" name="testCase_ImportFile_EmptyFile" time="0.353" />
  <testcase classname="gov.opm.scrd.batchprocessing.jobs.BatchProcessingJobTests" name="testCase_ImportFile_BadLine" time="0.432" />
  <testcase classname="gov.opm.scrd.batchprocessing.jobs.BatchProcessingJobTests" name="testCase_ImportFile_BadRLine" time="0.352" />
  <testcase classname="gov.opm.scrd.batchprocessing.jobs.BatchProcessingJobTests" name="testCase_ImportFile_BadCLine" time="0.471" />
  <testcase classname="gov.opm.scrd.batchprocessing.jobs.BatchProcessingJobTests" name="testCase_ImportFile_BadSummaryLine" time="0.396" />
  <testcase classname="gov.opm.scrd.batchprocessing.jobs.BatchProcessingJobTests" name="testCase_ImportFile_SummaryAmountNotMatch1" time="0.565" />
  <testcase classname="gov.opm.scrd.batchprocessing.jobs.BatchProcessingJobTests" name="testCase_ImportFile_SummaryAmountNotMatch2" time="0.565" />
  <testcase classname="gov.opm.scrd.batchprocessing.jobs.BatchProcessingJobTests" name="testCase_ImportFile" time="0.489" />
  <testcase classname="gov.opm.scrd.batchprocessing.jobs.BatchProcessingJobTests" name="testCase_ProcessBills" time="0.672" />
  <system-out><![CDATA[20:06:49,101 WARN  [HibernatePersistence] HHH015016: Encountered a deprecated javax.persistence.spi.PersistenceProvider [org.hibernate.ejb.HibernatePersistence]; use [org.hibernate.jpa.HibernatePersistenceProvider] instead.
20:06:49,102 WARN  [HibernatePersistence] HHH015016: Encountered a deprecated javax.persistence.spi.PersistenceProvider [org.hibernate.ejb.HibernatePersistence]; use [org.hibernate.jpa.HibernatePersistenceProvider] instead.
20:06:49,103 WARN  [HibernatePersistence] HHH015016: Encountered a deprecated javax.persistence.spi.PersistenceProvider [org.hibernate.ejb.HibernatePersistence]; use [org.hibernate.jpa.HibernatePersistenceProvider] instead.
20:06:49,188 INFO  [LogHelper] HHH000204: Processing PersistenceUnitInfo [
	name: opmUnitName
	...]
20:06:49,313 INFO  [Version] HHH000412: Hibernate Core {4.3.1.Final}
20:06:49,316 INFO  [Environment] HHH000206: hibernate.properties not found
20:06:49,317 INFO  [Environment] HHH000021: Bytecode provider name : javassist
20:06:49,474 INFO  [Version] HCANN000001: Hibernate Commons Annotations {4.0.4.Final}
20:06:49,817 WARN  [DriverManagerConnectionProviderImpl] HHH000402: Using Hibernate built-in connection pool (not for production use!)
20:06:49,823 INFO  [DriverManagerConnectionProviderImpl] HHH000401: using driver [org.postgresql.Driver] at URL [jdbc:postgresql://localhost:5432/postgres]
20:06:49,824 INFO  [DriverManagerConnectionProviderImpl] HHH000046: Connection properties: {user=postgres, password=****}
20:06:49,824 INFO  [DriverManagerConnectionProviderImpl] HHH000006: Autocommit mode: false
20:06:49,825 INFO  [DriverManagerConnectionProviderImpl] HHH000115: Hibernate connection pool size: 20 (min=1)
20:06:50,397 INFO  [Dialect] HHH000400: Using dialect: gov.opm.scrd.entities.common.OPMPostgreSQLDialect
20:06:50,410 INFO  [LobCreatorBuilder] HHH000424: Disabling contextual LOB creation as createClob() method threw error : java.lang.reflect.InvocationTargetException
20:06:50,528 WARN  [JPAOverriddenAnnotationReader] HHH000207: Property gov.opm.scrd.entities.application.InterestGracePeriod.retirementType not found in class but described in <mapping-file/> (possible typo error)
20:06:51,213 INFO  [ASTQueryTranslatorFactory] HHH000397: Using ASTQueryTranslatorFactory
20:06:53,293 INFO  [ClassPathXmlApplicationContext] Refreshing org.springframework.context.support.ClassPathXmlApplicationContext@373968f1: startup date [Sun Mar 02 20:06:53 CST 2014]; root of context hierarchy
20:06:53,378 INFO  [XmlBeanDefinitionReader] Loading XML bean definitions from class path resource [billProcessor_test.xml]
20:06:53,870 INFO  [DefaultListableBeanFactory] Pre-instantiating singletons in org.springframework.beans.factory.support.DefaultListableBeanFactory@366412da: defining beans [RFile,org.springframework.context.annotation.internalConfigurationAnnotationProcessor,org.springframework.context.annotation.internalAutowiredAnnotationProcessor,org.springframework.context.annotation.internalRequiredAnnotationProcessor,org.springframework.context.annotation.internalCommonAnnotationProcessor,org.springframework.context.annotation.internalPersistenceAnnotationProcessor,log4jProvider,logger,entityManagerFactory,entityManager,waltRuleService,reversePaymentRuleService,accountService,minWorkAge,currentUserName,refundTriggerAmount,accountNoteTexts,billProcessor,org.springframework.context.annotation.ConfigurationClassPostProcessor.importAwareProcessor]; root of factory hierarchy
20:06:53,930 INFO  [LocalEntityManagerFactoryBean] Building JPA EntityManagerFactory for persistence unit 'opmUnitName'
20:06:53,930 WARN  [HibernatePersistence] HHH015016: Encountered a deprecated javax.persistence.spi.PersistenceProvider [org.hibernate.ejb.HibernatePersistence]; use [org.hibernate.jpa.HibernatePersistenceProvider] instead.
20:06:53,930 WARN  [HibernatePersistence] HHH015016: Encountered a deprecated javax.persistence.spi.PersistenceProvider [org.hibernate.ejb.HibernatePersistence]; use [org.hibernate.jpa.HibernatePersistenceProvider] instead.
20:06:53,930 WARN  [HibernatePersistence] HHH015016: Encountered a deprecated javax.persistence.spi.PersistenceProvider [org.hibernate.ejb.HibernatePersistence]; use [org.hibernate.jpa.HibernatePersistenceProvider] instead.
20:06:53,939 INFO  [LogHelper] HHH000204: Processing PersistenceUnitInfo [
	name: opmUnitName
	...]
20:06:54,069 WARN  [DriverManagerConnectionProviderImpl] HHH000402: Using Hibernate built-in connection pool (not for production use!)
20:06:54,069 INFO  [DriverManagerConnectionProviderImpl] HHH000401: using driver [org.postgresql.Driver] at URL [jdbc:postgresql://localhost:5432/postgres]
20:06:54,069 INFO  [DriverManagerConnectionProviderImpl] HHH000046: Connection properties: {user=postgres, password=****}
20:06:54,069 INFO  [DriverManagerConnectionProviderImpl] HHH000006: Autocommit mode: false
20:06:54,070 INFO  [DriverManagerConnectionProviderImpl] HHH000115: Hibernate connection pool size: 20 (min=1)
20:06:55,168 INFO  [Dialect] HHH000400: Using dialect: gov.opm.scrd.entities.common.OPMPostgreSQLDialect
20:06:55,169 INFO  [LobCreatorBuilder] HHH000424: Disabling contextual LOB creation as createClob() method threw error : java.lang.reflect.InvocationTargetException
20:06:55,195 WARN  [JPAOverriddenAnnotationReader] HHH000207: Property gov.opm.scrd.entities.application.InterestGracePeriod.retirementType not found in class but described in <mapping-file/> (possible typo error)
20:06:55,597 INFO  [ASTQueryTranslatorFactory] HHH000397: Using ASTQueryTranslatorFactory
20:06:56,409 WARN  [EntityManagerFactoryRegistry] HHH000436: Entity manager factory name (opmUnitName) is already registered.  If entity manager will be clustered or passivated, specify a unique value for property 'hibernate.ejb.entitymanager_factory_name'
Building Return [isResultSet=true, updateCount=-1, extendedReturn=false
Building Return [isResultSet=true, updateCount=-1, extendedReturn=false
20:06:58,031 INFO  [bill_processor] Total Payment Records: 1
20:06:58,259 INFO  [ClassPathXmlApplicationContext] Closing org.springframework.context.support.ClassPathXmlApplicationContext@373968f1: startup date [Sun Mar 02 20:06:53 CST 2014]; root of context hierarchy
20:06:58,259 INFO  [DefaultListableBeanFactory] Destroying singletons in org.springframework.beans.factory.support.DefaultListableBeanFactory@366412da: defining beans [RFile,org.springframework.context.annotation.internalConfigurationAnnotationProcessor,org.springframework.context.annotation.internalAutowiredAnnotationProcessor,org.springframework.context.annotation.internalRequiredAnnotationProcessor,org.springframework.context.annotation.internalCommonAnnotationProcessor,org.springframework.context.annotation.internalPersistenceAnnotationProcessor,log4jProvider,logger,entityManagerFactory,entityManager,waltRuleService,reversePaymentRuleService,accountService,minWorkAge,currentUserName,refundTriggerAmount,accountNoteTexts,billProcessor,org.springframework.context.annotation.ConfigurationClassPostProcessor.importAwareProcessor]; root of factory hierarchy
20:06:58,260 INFO  [LocalEntityManagerFactoryBean] Closing JPA EntityManagerFactory for persistence unit 'opmUnitName'
20:06:58,260 INFO  [DriverManagerConnectionProviderImpl] HHH000030: Cleaning up connection pool [jdbc:postgresql://localhost:5432/postgres]
20:06:58,721 INFO  [ClassPathXmlApplicationContext] Refreshing org.springframework.context.support.ClassPathXmlApplicationContext@290f7ec9: startup date [Sun Mar 02 20:06:58 CST 2014]; root of context hierarchy
20:06:58,722 INFO  [XmlBeanDefinitionReader] Loading XML bean definitions from class path resource [billProcessor_test.xml]
20:06:58,793 INFO  [DefaultListableBeanFactory] Pre-instantiating singletons in org.springframework.beans.factory.support.DefaultListableBeanFactory@1e7d3b8e: defining beans [RFile,org.springframework.context.annotation.internalConfigurationAnnotationProcessor,org.springframework.context.annotation.internalAutowiredAnnotationProcessor,org.springframework.context.annotation.internalRequiredAnnotationProcessor,org.springframework.context.annotation.internalCommonAnnotationProcessor,org.springframework.context.annotation.internalPersistenceAnnotationProcessor,log4jProvider,logger,entityManagerFactory,entityManager,waltRuleService,reversePaymentRuleService,accountService,minWorkAge,currentUserName,refundTriggerAmount,accountNoteTexts,billProcessor,org.springframework.context.annotation.ConfigurationClassPostProcessor.importAwareProcessor]; root of factory hierarchy
20:06:58,797 INFO  [LocalEntityManagerFactoryBean] Building JPA EntityManagerFactory for persistence unit 'opmUnitName'
20:06:58,798 WARN  [HibernatePersistence] HHH015016: Encountered a deprecated javax.persistence.spi.PersistenceProvider [org.hibernate.ejb.HibernatePersistence]; use [org.hibernate.jpa.HibernatePersistenceProvider] instead.
20:06:58,798 WARN  [HibernatePersistence] HHH015016: Encountered a deprecated javax.persistence.spi.PersistenceProvider [org.hibernate.ejb.HibernatePersistence]; use [org.hibernate.jpa.HibernatePersistenceProvider] instead.
20:06:58,798 WARN  [HibernatePersistence] HHH015016: Encountered a deprecated javax.persistence.spi.PersistenceProvider [org.hibernate.ejb.HibernatePersistence]; use [org.hibernate.jpa.HibernatePersistenceProvider] instead.
20:06:58,805 INFO  [LogHelper] HHH000204: Processing PersistenceUnitInfo [
	name: opmUnitName
	...]
20:06:59,802 WARN  [DriverManagerConnectionProviderImpl] HHH000402: Using Hibernate built-in connection pool (not for production use!)
20:06:59,802 INFO  [DriverManagerConnectionProviderImpl] HHH000401: using driver [org.postgresql.Driver] at URL [jdbc:postgresql://localhost:5432/postgres]
20:06:59,802 INFO  [DriverManagerConnectionProviderImpl] HHH000046: Connection properties: {user=postgres, password=****}
20:06:59,802 INFO  [DriverManagerConnectionProviderImpl] HHH000006: Autocommit mode: false
20:06:59,803 INFO  [DriverManagerConnectionProviderImpl] HHH000115: Hibernate connection pool size: 20 (min=1)
20:07:00,311 INFO  [Dialect] HHH000400: Using dialect: gov.opm.scrd.entities.common.OPMPostgreSQLDialect
20:07:00,312 INFO  [LobCreatorBuilder] HHH000424: Disabling contextual LOB creation as createClob() method threw error : java.lang.reflect.InvocationTargetException
20:07:00,328 WARN  [JPAOverriddenAnnotationReader] HHH000207: Property gov.opm.scrd.entities.application.InterestGracePeriod.retirementType not found in class but described in <mapping-file/> (possible typo error)
20:07:00,543 INFO  [ASTQueryTranslatorFactory] HHH000397: Using ASTQueryTranslatorFactory
20:07:01,034 WARN  [EntityManagerFactoryRegistry] HHH000436: Entity manager factory name (opmUnitName) is already registered.  If entity manager will be clustered or passivated, specify a unique value for property 'hibernate.ejb.entitymanager_factory_name'
Building Return [isResultSet=true, updateCount=-1, extendedReturn=false
Building Return [isResultSet=true, updateCount=-1, extendedReturn=false
Building Return [isResultSet=true, updateCount=-1, extendedReturn=false
20:07:01,682 INFO  [bill_processor] Total Payment Records: 2
20:07:01,877 INFO  [ClassPathXmlApplicationContext] Closing org.springframework.context.support.ClassPathXmlApplicationContext@290f7ec9: startup date [Sun Mar 02 20:06:58 CST 2014]; root of context hierarchy
20:07:01,877 INFO  [DefaultListableBeanFactory] Destroying singletons in org.springframework.beans.factory.support.DefaultListableBeanFactory@1e7d3b8e: defining beans [RFile,org.springframework.context.annotation.internalConfigurationAnnotationProcessor,org.springframework.context.annotation.internalAutowiredAnnotationProcessor,org.springframework.context.annotation.internalRequiredAnnotationProcessor,org.springframework.context.annotation.internalCommonAnnotationProcessor,org.springframework.context.annotation.internalPersistenceAnnotationProcessor,log4jProvider,logger,entityManagerFactory,entityManager,waltRuleService,reversePaymentRuleService,accountService,minWorkAge,currentUserName,refundTriggerAmount,accountNoteTexts,billProcessor,org.springframework.context.annotation.ConfigurationClassPostProcessor.importAwareProcessor]; root of factory hierarchy
20:07:01,878 INFO  [LocalEntityManagerFactoryBean] Closing JPA EntityManagerFactory for persistence unit 'opmUnitName'
20:07:01,878 INFO  [DriverManagerConnectionProviderImpl] HHH000030: Cleaning up connection pool [jdbc:postgresql://localhost:5432/postgres]
20:07:02,318 INFO  [ClassPathXmlApplicationContext] Refreshing org.springframework.context.support.ClassPathXmlApplicationContext@613917ef: startup date [Sun Mar 02 20:07:02 CST 2014]; root of context hierarchy
20:07:02,319 INFO  [XmlBeanDefinitionReader] Loading XML bean definitions from class path resource [billProcessor_test.xml]
20:07:02,376 INFO  [DefaultListableBeanFactory] Pre-instantiating singletons in org.springframework.beans.factory.support.DefaultListableBeanFactory@abf5743: defining beans [RFile,org.springframework.context.annotation.internalConfigurationAnnotationProcessor,org.springframework.context.annotation.internalAutowiredAnnotationProcessor,org.springframework.context.annotation.internalRequiredAnnotationProcessor,org.springframework.context.annotation.internalCommonAnnotationProcessor,org.springframework.context.annotation.internalPersistenceAnnotationProcessor,log4jProvider,logger,entityManagerFactory,entityManager,waltRuleService,reversePaymentRuleService,accountService,minWorkAge,currentUserName,refundTriggerAmount,accountNoteTexts,billProcessor,org.springframework.context.annotation.ConfigurationClassPostProcessor.importAwareProcessor]; root of factory hierarchy
20:07:02,381 INFO  [LocalEntityManagerFactoryBean] Building JPA EntityManagerFactory for persistence unit 'opmUnitName'
20:07:02,381 WARN  [HibernatePersistence] HHH015016: Encountered a deprecated javax.persistence.spi.PersistenceProvider [org.hibernate.ejb.HibernatePersistence]; use [org.hibernate.jpa.HibernatePersistenceProvider] instead.
20:07:02,381 WARN  [HibernatePersistence] HHH015016: Encountered a deprecated javax.persistence.spi.PersistenceProvider [org.hibernate.ejb.HibernatePersistence]; use [org.hibernate.jpa.HibernatePersistenceProvider] instead.
20:07:02,381 WARN  [HibernatePersistence] HHH015016: Encountered a deprecated javax.persistence.spi.PersistenceProvider [org.hibernate.ejb.HibernatePersistence]; use [org.hibernate.jpa.HibernatePersistenceProvider] instead.
20:07:02,387 INFO  [LogHelper] HHH000204: Processing PersistenceUnitInfo [
	name: opmUnitName
	...]
20:07:02,485 WARN  [DriverManagerConnectionProviderImpl] HHH000402: Using Hibernate built-in connection pool (not for production use!)
20:07:02,485 INFO  [DriverManagerConnectionProviderImpl] HHH000401: using driver [org.postgresql.Driver] at URL [jdbc:postgresql://localhost:5432/postgres]
20:07:02,485 INFO  [DriverManagerConnectionProviderImpl] HHH000046: Connection properties: {user=postgres, password=****}
20:07:02,485 INFO  [DriverManagerConnectionProviderImpl] HHH000006: Autocommit mode: false
20:07:02,486 INFO  [DriverManagerConnectionProviderImpl] HHH000115: Hibernate connection pool size: 20 (min=1)
20:07:02,909 INFO  [Dialect] HHH000400: Using dialect: gov.opm.scrd.entities.common.OPMPostgreSQLDialect
20:07:02,909 INFO  [LobCreatorBuilder] HHH000424: Disabling contextual LOB creation as createClob() method threw error : java.lang.reflect.InvocationTargetException
20:07:02,944 WARN  [JPAOverriddenAnnotationReader] HHH000207: Property gov.opm.scrd.entities.application.InterestGracePeriod.retirementType not found in class but described in <mapping-file/> (possible typo error)
20:07:03,560 INFO  [ASTQueryTranslatorFactory] HHH000397: Using ASTQueryTranslatorFactory
20:07:04,317 WARN  [EntityManagerFactoryRegistry] HHH000436: Entity manager factory name (opmUnitName) is already registered.  If entity manager will be clustered or passivated, specify a unique value for property 'hibernate.ejb.entitymanager_factory_name'
Building Return [isResultSet=true, updateCount=-1, extendedReturn=false
20:07:04,805 INFO  [bill_processor] Total Payment Records: 0
20:07:04,949 INFO  [ClassPathXmlApplicationContext] Closing org.springframework.context.support.ClassPathXmlApplicationContext@613917ef: startup date [Sun Mar 02 20:07:02 CST 2014]; root of context hierarchy
20:07:04,950 INFO  [DefaultListableBeanFactory] Destroying singletons in org.springframework.beans.factory.support.DefaultListableBeanFactory@abf5743: defining beans [RFile,org.springframework.context.annotation.internalConfigurationAnnotationProcessor,org.springframework.context.annotation.internalAutowiredAnnotationProcessor,org.springframework.context.annotation.internalRequiredAnnotationProcessor,org.springframework.context.annotation.internalCommonAnnotationProcessor,org.springframework.context.annotation.internalPersistenceAnnotationProcessor,log4jProvider,logger,entityManagerFactory,entityManager,waltRuleService,reversePaymentRuleService,accountService,minWorkAge,currentUserName,refundTriggerAmount,accountNoteTexts,billProcessor,org.springframework.context.annotation.ConfigurationClassPostProcessor.importAwareProcessor]; root of factory hierarchy
20:07:04,950 INFO  [LocalEntityManagerFactoryBean] Closing JPA EntityManagerFactory for persistence unit 'opmUnitName'
20:07:04,950 INFO  [DriverManagerConnectionProviderImpl] HHH000030: Cleaning up connection pool [jdbc:postgresql://localhost:5432/postgres]
20:07:05,540 INFO  [ClassPathXmlApplicationContext] Refreshing org.springframework.context.support.ClassPathXmlApplicationContext@7cc4bc6d: startup date [Sun Mar 02 20:07:05 CST 2014]; root of context hierarchy
20:07:05,541 INFO  [XmlBeanDefinitionReader] Loading XML bean definitions from class path resource [billProcessor_test.xml]
20:07:05,599 INFO  [DefaultListableBeanFactory] Pre-instantiating singletons in org.springframework.beans.factory.support.DefaultListableBeanFactory@4ba0561d: defining beans [RFile,org.springframework.context.annotation.internalConfigurationAnnotationProcessor,org.springframework.context.annotation.internalAutowiredAnnotationProcessor,org.springframework.context.annotation.internalRequiredAnnotationProcessor,org.springframework.context.annotation.internalCommonAnnotationProcessor,org.springframework.context.annotation.internalPersistenceAnnotationProcessor,log4jProvider,logger,entityManagerFactory,entityManager,waltRuleService,reversePaymentRuleService,accountService,minWorkAge,currentUserName,refundTriggerAmount,accountNoteTexts,billProcessor,org.springframework.context.annotation.ConfigurationClassPostProcessor.importAwareProcessor]; root of factory hierarchy
20:07:05,603 INFO  [LocalEntityManagerFactoryBean] Building JPA EntityManagerFactory for persistence unit 'opmUnitName'
20:07:05,603 WARN  [HibernatePersistence] HHH015016: Encountered a deprecated javax.persistence.spi.PersistenceProvider [org.hibernate.ejb.HibernatePersistence]; use [org.hibernate.jpa.HibernatePersistenceProvider] instead.
20:07:05,603 WARN  [HibernatePersistence] HHH015016: Encountered a deprecated javax.persistence.spi.PersistenceProvider [org.hibernate.ejb.HibernatePersistence]; use [org.hibernate.jpa.HibernatePersistenceProvider] instead.
20:07:05,603 WARN  [HibernatePersistence] HHH015016: Encountered a deprecated javax.persistence.spi.PersistenceProvider [org.hibernate.ejb.HibernatePersistence]; use [org.hibernate.jpa.HibernatePersistenceProvider] instead.
20:07:05,609 INFO  [LogHelper] HHH000204: Processing PersistenceUnitInfo [
	name: opmUnitName
	...]
20:07:05,806 WARN  [DriverManagerConnectionProviderImpl] HHH000402: Using Hibernate built-in connection pool (not for production use!)
20:07:05,806 INFO  [DriverManagerConnectionProviderImpl] HHH000401: using driver [org.postgresql.Driver] at URL [jdbc:postgresql://localhost:5432/postgres]
20:07:05,806 INFO  [DriverManagerConnectionProviderImpl] HHH000046: Connection properties: {user=postgres, password=****}
20:07:05,806 INFO  [DriverManagerConnectionProviderImpl] HHH000006: Autocommit mode: false
20:07:05,806 INFO  [DriverManagerConnectionProviderImpl] HHH000115: Hibernate connection pool size: 20 (min=1)
20:07:06,216 INFO  [Dialect] HHH000400: Using dialect: gov.opm.scrd.entities.common.OPMPostgreSQLDialect
20:07:06,216 INFO  [LobCreatorBuilder] HHH000424: Disabling contextual LOB creation as createClob() method threw error : java.lang.reflect.InvocationTargetException
20:07:06,272 WARN  [JPAOverriddenAnnotationReader] HHH000207: Property gov.opm.scrd.entities.application.InterestGracePeriod.retirementType not found in class but described in <mapping-file/> (possible typo error)
20:07:07,360 INFO  [ASTQueryTranslatorFactory] HHH000397: Using ASTQueryTranslatorFactory
20:07:07,761 WARN  [EntityManagerFactoryRegistry] HHH000436: Entity manager factory name (opmUnitName) is already registered.  If entity manager will be clustered or passivated, specify a unique value for property 'hibernate.ejb.entitymanager_factory_name'
Building Return [isResultSet=true, updateCount=-1, extendedReturn=false
Building Return [isResultSet=false, updateCount=-1, extendedReturn=false
Building Return [isResultSet=true, updateCount=-1, extendedReturn=false
20:07:08,017 INFO  [bill_processor] Total Payment Records: 1
20:07:08,141 INFO  [ClassPathXmlApplicationContext] Closing org.springframework.context.support.ClassPathXmlApplicationContext@7cc4bc6d: startup date [Sun Mar 02 20:07:05 CST 2014]; root of context hierarchy
20:07:08,141 INFO  [DefaultListableBeanFactory] Destroying singletons in org.springframework.beans.factory.support.DefaultListableBeanFactory@4ba0561d: defining beans [RFile,org.springframework.context.annotation.internalConfigurationAnnotationProcessor,org.springframework.context.annotation.internalAutowiredAnnotationProcessor,org.springframework.context.annotation.internalRequiredAnnotationProcessor,org.springframework.context.annotation.internalCommonAnnotationProcessor,org.springframework.context.annotation.internalPersistenceAnnotationProcessor,log4jProvider,logger,entityManagerFactory,entityManager,waltRuleService,reversePaymentRuleService,accountService,minWorkAge,currentUserName,refundTriggerAmount,accountNoteTexts,billProcessor,org.springframework.context.annotation.ConfigurationClassPostProcessor.importAwareProcessor]; root of factory hierarchy
20:07:08,141 INFO  [LocalEntityManagerFactoryBean] Closing JPA EntityManagerFactory for persistence unit 'opmUnitName'
20:07:08,142 INFO  [DriverManagerConnectionProviderImpl] HHH000030: Cleaning up connection pool [jdbc:postgresql://localhost:5432/postgres]
20:07:08,556 INFO  [ClassPathXmlApplicationContext] Refreshing org.springframework.context.support.ClassPathXmlApplicationContext@41cb0ed6: startup date [Sun Mar 02 20:07:08 CST 2014]; root of context hierarchy
20:07:08,557 INFO  [XmlBeanDefinitionReader] Loading XML bean definitions from class path resource [billProcessor_test.xml]
20:07:08,624 INFO  [DefaultListableBeanFactory] Pre-instantiating singletons in org.springframework.beans.factory.support.DefaultListableBeanFactory@1f358e57: defining beans [RFile,org.springframework.context.annotation.internalConfigurationAnnotationProcessor,org.springframework.context.annotation.internalAutowiredAnnotationProcessor,org.springframework.context.annotation.internalRequiredAnnotationProcessor,org.springframework.context.annotation.internalCommonAnnotationProcessor,org.springframework.context.annotation.internalPersistenceAnnotationProcessor,log4jProvider,logger,entityManagerFactory,entityManager,waltRuleService,reversePaymentRuleService,accountService,minWorkAge,currentUserName,refundTriggerAmount,accountNoteTexts,billProcessor,org.springframework.context.annotation.ConfigurationClassPostProcessor.importAwareProcessor]; root of factory hierarchy
20:07:08,628 INFO  [LocalEntityManagerFactoryBean] Building JPA EntityManagerFactory for persistence unit 'opmUnitName'
20:07:08,628 WARN  [HibernatePersistence] HHH015016: Encountered a deprecated javax.persistence.spi.PersistenceProvider [org.hibernate.ejb.HibernatePersistence]; use [org.hibernate.jpa.HibernatePersistenceProvider] instead.
20:07:08,628 WARN  [HibernatePersistence] HHH015016: Encountered a deprecated javax.persistence.spi.PersistenceProvider [org.hibernate.ejb.HibernatePersistence]; use [org.hibernate.jpa.HibernatePersistenceProvider] instead.
20:07:08,628 WARN  [HibernatePersistence] HHH015016: Encountered a deprecated javax.persistence.spi.PersistenceProvider [org.hibernate.ejb.HibernatePersistence]; use [org.hibernate.jpa.HibernatePersistenceProvider] instead.
20:07:08,634 INFO  [LogHelper] HHH000204: Processing PersistenceUnitInfo [
	name: opmUnitName
	...]
20:07:08,691 WARN  [DriverManagerConnectionProviderImpl] HHH000402: Using Hibernate built-in connection pool (not for production use!)
20:07:08,691 INFO  [DriverManagerConnectionProviderImpl] HHH000401: using driver [org.postgresql.Driver] at URL [jdbc:postgresql://localhost:5432/postgres]
20:07:08,691 INFO  [DriverManagerConnectionProviderImpl] HHH000046: Connection properties: {user=postgres, password=****}
20:07:08,691 INFO  [DriverManagerConnectionProviderImpl] HHH000006: Autocommit mode: false
20:07:08,691 INFO  [DriverManagerConnectionProviderImpl] HHH000115: Hibernate connection pool size: 20 (min=1)
20:07:09,073 INFO  [Dialect] HHH000400: Using dialect: gov.opm.scrd.entities.common.OPMPostgreSQLDialect
20:07:09,073 INFO  [LobCreatorBuilder] HHH000424: Disabling contextual LOB creation as createClob() method threw error : java.lang.reflect.InvocationTargetException
20:07:09,087 WARN  [JPAOverriddenAnnotationReader] HHH000207: Property gov.opm.scrd.entities.application.InterestGracePeriod.retirementType not found in class but described in <mapping-file/> (possible typo error)
20:07:09,608 INFO  [ASTQueryTranslatorFactory] HHH000397: Using ASTQueryTranslatorFactory
20:07:10,346 WARN  [EntityManagerFactoryRegistry] HHH000436: Entity manager factory name (opmUnitName) is already registered.  If entity manager will be clustered or passivated, specify a unique value for property 'hibernate.ejb.entitymanager_factory_name'
Building Return [isResultSet=true, updateCount=-1, extendedReturn=false
Building Return [isResultSet=true, updateCount=-1, extendedReturn=false
20:07:10,520 INFO  [bill_processor] Total Payment Records: 1
20:07:10,653 INFO  [ClassPathXmlApplicationContext] Closing org.springframework.context.support.ClassPathXmlApplicationContext@41cb0ed6: startup date [Sun Mar 02 20:07:08 CST 2014]; root of context hierarchy
20:07:10,654 INFO  [DefaultListableBeanFactory] Destroying singletons in org.springframework.beans.factory.support.DefaultListableBeanFactory@1f358e57: defining beans [RFile,org.springframework.context.annotation.internalConfigurationAnnotationProcessor,org.springframework.context.annotation.internalAutowiredAnnotationProcessor,org.springframework.context.annotation.internalRequiredAnnotationProcessor,org.springframework.context.annotation.internalCommonAnnotationProcessor,org.springframework.context.annotation.internalPersistenceAnnotationProcessor,log4jProvider,logger,entityManagerFactory,entityManager,waltRuleService,reversePaymentRuleService,accountService,minWorkAge,currentUserName,refundTriggerAmount,accountNoteTexts,billProcessor,org.springframework.context.annotation.ConfigurationClassPostProcessor.importAwareProcessor]; root of factory hierarchy
20:07:10,654 INFO  [LocalEntityManagerFactoryBean] Closing JPA EntityManagerFactory for persistence unit 'opmUnitName'
20:07:10,654 INFO  [DriverManagerConnectionProviderImpl] HHH000030: Cleaning up connection pool [jdbc:postgresql://localhost:5432/postgres]
20:07:11,055 INFO  [ClassPathXmlApplicationContext] Refreshing org.springframework.context.support.ClassPathXmlApplicationContext@6acc1164: startup date [Sun Mar 02 20:07:11 CST 2014]; root of context hierarchy
20:07:11,056 INFO  [XmlBeanDefinitionReader] Loading XML bean definitions from class path resource [billProcessor_test.xml]
20:07:11,110 INFO  [DefaultListableBeanFactory] Pre-instantiating singletons in org.springframework.beans.factory.support.DefaultListableBeanFactory@66715d44: defining beans [RFile,org.springframework.context.annotation.internalConfigurationAnnotationProcessor,org.springframework.context.annotation.internalAutowiredAnnotationProcessor,org.springframework.context.annotation.internalRequiredAnnotationProcessor,org.springframework.context.annotation.internalCommonAnnotationProcessor,org.springframework.context.annotation.internalPersistenceAnnotationProcessor,log4jProvider,logger,entityManagerFactory,entityManager,waltRuleService,reversePaymentRuleService,accountService,minWorkAge,currentUserName,refundTriggerAmount,accountNoteTexts,billProcessor,org.springframework.context.annotation.ConfigurationClassPostProcessor.importAwareProcessor]; root of factory hierarchy
20:07:11,122 INFO  [LocalEntityManagerFactoryBean] Building JPA EntityManagerFactory for persistence unit 'opmUnitName'
20:07:11,122 WARN  [HibernatePersistence] HHH015016: Encountered a deprecated javax.persistence.spi.PersistenceProvider [org.hibernate.ejb.HibernatePersistence]; use [org.hibernate.jpa.HibernatePersistenceProvider] instead.
20:07:11,123 WARN  [HibernatePersistence] HHH015016: Encountered a deprecated javax.persistence.spi.PersistenceProvider [org.hibernate.ejb.HibernatePersistence]; use [org.hibernate.jpa.HibernatePersistenceProvider] instead.
20:07:11,123 WARN  [HibernatePersistence] HHH015016: Encountered a deprecated javax.persistence.spi.PersistenceProvider [org.hibernate.ejb.HibernatePersistence]; use [org.hibernate.jpa.HibernatePersistenceProvider] instead.
20:07:11,129 INFO  [LogHelper] HHH000204: Processing PersistenceUnitInfo [
	name: opmUnitName
	...]
20:07:11,202 WARN  [DriverManagerConnectionProviderImpl] HHH000402: Using Hibernate built-in connection pool (not for production use!)
20:07:11,202 INFO  [DriverManagerConnectionProviderImpl] HHH000401: using driver [org.postgresql.Driver] at URL [jdbc:postgresql://localhost:5432/postgres]
20:07:11,203 INFO  [DriverManagerConnectionProviderImpl] HHH000046: Connection properties: {user=postgres, password=****}
20:07:11,203 INFO  [DriverManagerConnectionProviderImpl] HHH000006: Autocommit mode: false
20:07:11,203 INFO  [DriverManagerConnectionProviderImpl] HHH000115: Hibernate connection pool size: 20 (min=1)
20:07:11,535 INFO  [Dialect] HHH000400: Using dialect: gov.opm.scrd.entities.common.OPMPostgreSQLDialect
20:07:11,535 INFO  [LobCreatorBuilder] HHH000424: Disabling contextual LOB creation as createClob() method threw error : java.lang.reflect.InvocationTargetException
20:07:11,549 WARN  [JPAOverriddenAnnotationReader] HHH000207: Property gov.opm.scrd.entities.application.InterestGracePeriod.retirementType not found in class but described in <mapping-file/> (possible typo error)
20:07:12,556 INFO  [ASTQueryTranslatorFactory] HHH000397: Using ASTQueryTranslatorFactory
20:07:13,118 WARN  [EntityManagerFactoryRegistry] HHH000436: Entity manager factory name (opmUnitName) is already registered.  If entity manager will be clustered or passivated, specify a unique value for property 'hibernate.ejb.entitymanager_factory_name'
Building Return [isResultSet=true, updateCount=-1, extendedReturn=false
Building Return [isResultSet=true, updateCount=-1, extendedReturn=false
20:07:13,273 INFO  [bill_processor] Total Payment Records: 1
20:07:13,364 INFO  [ClassPathXmlApplicationContext] Closing org.springframework.context.support.ClassPathXmlApplicationContext@6acc1164: startup date [Sun Mar 02 20:07:11 CST 2014]; root of context hierarchy
20:07:13,364 INFO  [DefaultListableBeanFactory] Destroying singletons in org.springframework.beans.factory.support.DefaultListableBeanFactory@66715d44: defining beans [RFile,org.springframework.context.annotation.internalConfigurationAnnotationProcessor,org.springframework.context.annotation.internalAutowiredAnnotationProcessor,org.springframework.context.annotation.internalRequiredAnnotationProcessor,org.springframework.context.annotation.internalCommonAnnotationProcessor,org.springframework.context.annotation.internalPersistenceAnnotationProcessor,log4jProvider,logger,entityManagerFactory,entityManager,waltRuleService,reversePaymentRuleService,accountService,minWorkAge,currentUserName,refundTriggerAmount,accountNoteTexts,billProcessor,org.springframework.context.annotation.ConfigurationClassPostProcessor.importAwareProcessor]; root of factory hierarchy
20:07:13,364 INFO  [LocalEntityManagerFactoryBean] Closing JPA EntityManagerFactory for persistence unit 'opmUnitName'
20:07:13,364 INFO  [DriverManagerConnectionProviderImpl] HHH000030: Cleaning up connection pool [jdbc:postgresql://localhost:5432/postgres]
20:07:13,716 INFO  [ClassPathXmlApplicationContext] Refreshing org.springframework.context.support.ClassPathXmlApplicationContext@62715cb7: startup date [Sun Mar 02 20:07:13 CST 2014]; root of context hierarchy
20:07:13,717 INFO  [XmlBeanDefinitionReader] Loading XML bean definitions from class path resource [billProcessor_test.xml]
20:07:13,772 INFO  [DefaultListableBeanFactory] Pre-instantiating singletons in org.springframework.beans.factory.support.DefaultListableBeanFactory@174e70f2: defining beans [RFile,org.springframework.context.annotation.internalConfigurationAnnotationProcessor,org.springframework.context.annotation.internalAutowiredAnnotationProcessor,org.springframework.context.annotation.internalRequiredAnnotationProcessor,org.springframework.context.annotation.internalCommonAnnotationProcessor,org.springframework.context.annotation.internalPersistenceAnnotationProcessor,log4jProvider,logger,entityManagerFactory,entityManager,waltRuleService,reversePaymentRuleService,accountService,minWorkAge,currentUserName,refundTriggerAmount,accountNoteTexts,billProcessor,org.springframework.context.annotation.ConfigurationClassPostProcessor.importAwareProcessor]; root of factory hierarchy
20:07:13,775 INFO  [LocalEntityManagerFactoryBean] Building JPA EntityManagerFactory for persistence unit 'opmUnitName'
20:07:13,775 WARN  [HibernatePersistence] HHH015016: Encountered a deprecated javax.persistence.spi.PersistenceProvider [org.hibernate.ejb.HibernatePersistence]; use [org.hibernate.jpa.HibernatePersistenceProvider] instead.
20:07:13,775 WARN  [HibernatePersistence] HHH015016: Encountered a deprecated javax.persistence.spi.PersistenceProvider [org.hibernate.ejb.HibernatePersistence]; use [org.hibernate.jpa.HibernatePersistenceProvider] instead.
20:07:13,775 WARN  [HibernatePersistence] HHH015016: Encountered a deprecated javax.persistence.spi.PersistenceProvider [org.hibernate.ejb.HibernatePersistence]; use [org.hibernate.jpa.HibernatePersistenceProvider] instead.
20:07:13,781 INFO  [LogHelper] HHH000204: Processing PersistenceUnitInfo [
	name: opmUnitName
	...]
20:07:13,824 WARN  [DriverManagerConnectionProviderImpl] HHH000402: Using Hibernate built-in connection pool (not for production use!)
20:07:13,825 INFO  [DriverManagerConnectionProviderImpl] HHH000401: using driver [org.postgresql.Driver] at URL [jdbc:postgresql://localhost:5432/postgres]
20:07:13,825 INFO  [DriverManagerConnectionProviderImpl] HHH000046: Connection properties: {user=postgres, password=****}
20:07:13,825 INFO  [DriverManagerConnectionProviderImpl] HHH000006: Autocommit mode: false
20:07:13,825 INFO  [DriverManagerConnectionProviderImpl] HHH000115: Hibernate connection pool size: 20 (min=1)
20:07:14,369 INFO  [Dialect] HHH000400: Using dialect: gov.opm.scrd.entities.common.OPMPostgreSQLDialect
20:07:14,369 INFO  [LobCreatorBuilder] HHH000424: Disabling contextual LOB creation as createClob() method threw error : java.lang.reflect.InvocationTargetException
20:07:14,384 WARN  [JPAOverriddenAnnotationReader] HHH000207: Property gov.opm.scrd.entities.application.InterestGracePeriod.retirementType not found in class but described in <mapping-file/> (possible typo error)
20:07:15,021 INFO  [ASTQueryTranslatorFactory] HHH000397: Using ASTQueryTranslatorFactory
20:07:15,653 WARN  [EntityManagerFactoryRegistry] HHH000436: Entity manager factory name (opmUnitName) is already registered.  If entity manager will be clustered or passivated, specify a unique value for property 'hibernate.ejb.entitymanager_factory_name'
Building Return [isResultSet=true, updateCount=-1, extendedReturn=false
20:07:15,828 ERROR [bill_processor] 7Calculation Failure: gov.opm.scrd.mock.MockWaltRuleService calculating the new amount in the calculation engine.
Building Return [isResultSet=true, updateCount=-1, extendedReturn=false
20:07:15,834 INFO  [bill_processor] Total Payment Records: 1
20:07:15,940 INFO  [ClassPathXmlApplicationContext] Closing org.springframework.context.support.ClassPathXmlApplicationContext@62715cb7: startup date [Sun Mar 02 20:07:13 CST 2014]; root of context hierarchy
20:07:15,940 INFO  [DefaultListableBeanFactory] Destroying singletons in org.springframework.beans.factory.support.DefaultListableBeanFactory@174e70f2: defining beans [RFile,org.springframework.context.annotation.internalConfigurationAnnotationProcessor,org.springframework.context.annotation.internalAutowiredAnnotationProcessor,org.springframework.context.annotation.internalRequiredAnnotationProcessor,org.springframework.context.annotation.internalCommonAnnotationProcessor,org.springframework.context.annotation.internalPersistenceAnnotationProcessor,log4jProvider,logger,entityManagerFactory,entityManager,waltRuleService,reversePaymentRuleService,accountService,minWorkAge,currentUserName,refundTriggerAmount,accountNoteTexts,billProcessor,org.springframework.context.annotation.ConfigurationClassPostProcessor.importAwareProcessor]; root of factory hierarchy
20:07:15,941 INFO  [LocalEntityManagerFactoryBean] Closing JPA EntityManagerFactory for persistence unit 'opmUnitName'
20:07:15,941 INFO  [DriverManagerConnectionProviderImpl] HHH000030: Cleaning up connection pool [jdbc:postgresql://localhost:5432/postgres]
20:07:16,369 INFO  [ClassPathXmlApplicationContext] Refreshing org.springframework.context.support.ClassPathXmlApplicationContext@3815e134: startup date [Sun Mar 02 20:07:16 CST 2014]; root of context hierarchy
20:07:16,370 INFO  [XmlBeanDefinitionReader] Loading XML bean definitions from class path resource [billProcessor_test.xml]
20:07:16,539 INFO  [DefaultListableBeanFactory] Pre-instantiating singletons in org.springframework.beans.factory.support.DefaultListableBeanFactory@76c3ba66: defining beans [RFile,org.springframework.context.annotation.internalConfigurationAnnotationProcessor,org.springframework.context.annotation.internalAutowiredAnnotationProcessor,org.springframework.context.annotation.internalRequiredAnnotationProcessor,org.springframework.context.annotation.internalCommonAnnotationProcessor,org.springframework.context.annotation.internalPersistenceAnnotationProcessor,log4jProvider,logger,entityManagerFactory,entityManager,waltRuleService,reversePaymentRuleService,accountService,minWorkAge,currentUserName,refundTriggerAmount,accountNoteTexts,billProcessor,org.springframework.context.annotation.ConfigurationClassPostProcessor.importAwareProcessor]; root of factory hierarchy
20:07:16,542 INFO  [LocalEntityManagerFactoryBean] Building JPA EntityManagerFactory for persistence unit 'opmUnitName'
20:07:16,542 WARN  [HibernatePersistence] HHH015016: Encountered a deprecated javax.persistence.spi.PersistenceProvider [org.hibernate.ejb.HibernatePersistence]; use [org.hibernate.jpa.HibernatePersistenceProvider] instead.
20:07:16,542 WARN  [HibernatePersistence] HHH015016: Encountered a deprecated javax.persistence.spi.PersistenceProvider [org.hibernate.ejb.HibernatePersistence]; use [org.hibernate.jpa.HibernatePersistenceProvider] instead.
20:07:16,542 WARN  [HibernatePersistence] HHH015016: Encountered a deprecated javax.persistence.spi.PersistenceProvider [org.hibernate.ejb.HibernatePersistence]; use [org.hibernate.jpa.HibernatePersistenceProvider] instead.
20:07:16,549 INFO  [LogHelper] HHH000204: Processing PersistenceUnitInfo [
	name: opmUnitName
	...]
20:07:16,677 WARN  [DriverManagerConnectionProviderImpl] HHH000402: Using Hibernate built-in connection pool (not for production use!)
20:07:16,677 INFO  [DriverManagerConnectionProviderImpl] HHH000401: using driver [org.postgresql.Driver] at URL [jdbc:postgresql://localhost:5432/postgres]
20:07:16,677 INFO  [DriverManagerConnectionProviderImpl] HHH000046: Connection properties: {user=postgres, password=****}
20:07:16,678 INFO  [DriverManagerConnectionProviderImpl] HHH000006: Autocommit mode: false
20:07:16,678 INFO  [DriverManagerConnectionProviderImpl] HHH000115: Hibernate connection pool size: 20 (min=1)
20:07:17,223 INFO  [Dialect] HHH000400: Using dialect: gov.opm.scrd.entities.common.OPMPostgreSQLDialect
20:07:17,224 INFO  [LobCreatorBuilder] HHH000424: Disabling contextual LOB creation as createClob() method threw error : java.lang.reflect.InvocationTargetException
20:07:17,266 WARN  [JPAOverriddenAnnotationReader] HHH000207: Property gov.opm.scrd.entities.application.InterestGracePeriod.retirementType not found in class but described in <mapping-file/> (possible typo error)
20:07:17,721 INFO  [ASTQueryTranslatorFactory] HHH000397: Using ASTQueryTranslatorFactory
20:07:18,311 WARN  [EntityManagerFactoryRegistry] HHH000436: Entity manager factory name (opmUnitName) is already registered.  If entity manager will be clustered or passivated, specify a unique value for property 'hibernate.ejb.entitymanager_factory_name'
Building Return [isResultSet=true, updateCount=-1, extendedReturn=false
Building Return [isResultSet=true, updateCount=-1, extendedReturn=false
20:07:18,488 INFO  [bill_processor] Total Payment Records: 1
20:07:18,609 INFO  [ClassPathXmlApplicationContext] Closing org.springframework.context.support.ClassPathXmlApplicationContext@3815e134: startup date [Sun Mar 02 20:07:16 CST 2014]; root of context hierarchy
20:07:18,609 INFO  [DefaultListableBeanFactory] Destroying singletons in org.springframework.beans.factory.support.DefaultListableBeanFactory@76c3ba66: defining beans [RFile,org.springframework.context.annotation.internalConfigurationAnnotationProcessor,org.springframework.context.annotation.internalAutowiredAnnotationProcessor,org.springframework.context.annotation.internalRequiredAnnotationProcessor,org.springframework.context.annotation.internalCommonAnnotationProcessor,org.springframework.context.annotation.internalPersistenceAnnotationProcessor,log4jProvider,logger,entityManagerFactory,entityManager,waltRuleService,reversePaymentRuleService,accountService,minWorkAge,currentUserName,refundTriggerAmount,accountNoteTexts,billProcessor,org.springframework.context.annotation.ConfigurationClassPostProcessor.importAwareProcessor]; root of factory hierarchy
20:07:18,609 INFO  [LocalEntityManagerFactoryBean] Closing JPA EntityManagerFactory for persistence unit 'opmUnitName'
20:07:18,610 INFO  [DriverManagerConnectionProviderImpl] HHH000030: Cleaning up connection pool [jdbc:postgresql://localhost:5432/postgres]
20:07:18,948 INFO  [ClassPathXmlApplicationContext] Refreshing org.springframework.context.support.ClassPathXmlApplicationContext@24243e9f: startup date [Sun Mar 02 20:07:18 CST 2014]; root of context hierarchy
20:07:18,949 INFO  [XmlBeanDefinitionReader] Loading XML bean definitions from class path resource [billProcessor_test.xml]
20:07:18,999 INFO  [DefaultListableBeanFactory] Pre-instantiating singletons in org.springframework.beans.factory.support.DefaultListableBeanFactory@5ed70df9: defining beans [RFile,org.springframework.context.annotation.internalConfigurationAnnotationProcessor,org.springframework.context.annotation.internalAutowiredAnnotationProcessor,org.springframework.context.annotation.internalRequiredAnnotationProcessor,org.springframework.context.annotation.internalCommonAnnotationProcessor,org.springframework.context.annotation.internalPersistenceAnnotationProcessor,log4jProvider,logger,entityManagerFactory,entityManager,waltRuleService,reversePaymentRuleService,accountService,minWorkAge,currentUserName,refundTriggerAmount,accountNoteTexts,billProcessor,org.springframework.context.annotation.ConfigurationClassPostProcessor.importAwareProcessor]; root of factory hierarchy
20:07:19,002 INFO  [LocalEntityManagerFactoryBean] Building JPA EntityManagerFactory for persistence unit 'opmUnitName'
20:07:19,002 WARN  [HibernatePersistence] HHH015016: Encountered a deprecated javax.persistence.spi.PersistenceProvider [org.hibernate.ejb.HibernatePersistence]; use [org.hibernate.jpa.HibernatePersistenceProvider] instead.
20:07:19,002 WARN  [HibernatePersistence] HHH015016: Encountered a deprecated javax.persistence.spi.PersistenceProvider [org.hibernate.ejb.HibernatePersistence]; use [org.hibernate.jpa.HibernatePersistenceProvider] instead.
20:07:19,002 WARN  [HibernatePersistence] HHH015016: Encountered a deprecated javax.persistence.spi.PersistenceProvider [org.hibernate.ejb.HibernatePersistence]; use [org.hibernate.jpa.HibernatePersistenceProvider] instead.
20:07:19,009 INFO  [LogHelper] HHH000204: Processing PersistenceUnitInfo [
	name: opmUnitName
	...]
20:07:19,038 WARN  [DriverManagerConnectionProviderImpl] HHH000402: Using Hibernate built-in connection pool (not for production use!)
20:07:19,038 INFO  [DriverManagerConnectionProviderImpl] HHH000401: using driver [org.postgresql.Driver] at URL [jdbc:postgresql://localhost:5432/postgres]
20:07:19,038 INFO  [DriverManagerConnectionProviderImpl] HHH000046: Connection properties: {user=postgres, password=****}
20:07:19,038 INFO  [DriverManagerConnectionProviderImpl] HHH000006: Autocommit mode: false
20:07:19,038 INFO  [DriverManagerConnectionProviderImpl] HHH000115: Hibernate connection pool size: 20 (min=1)
20:07:19,361 INFO  [Dialect] HHH000400: Using dialect: gov.opm.scrd.entities.common.OPMPostgreSQLDialect
20:07:19,362 INFO  [LobCreatorBuilder] HHH000424: Disabling contextual LOB creation as createClob() method threw error : java.lang.reflect.InvocationTargetException
20:07:19,375 WARN  [JPAOverriddenAnnotationReader] HHH000207: Property gov.opm.scrd.entities.application.InterestGracePeriod.retirementType not found in class but described in <mapping-file/> (possible typo error)
20:07:19,821 INFO  [ASTQueryTranslatorFactory] HHH000397: Using ASTQueryTranslatorFactory
20:07:20,049 WARN  [EntityManagerFactoryRegistry] HHH000436: Entity manager factory name (opmUnitName) is already registered.  If entity manager will be clustered or passivated, specify a unique value for property 'hibernate.ejb.entitymanager_factory_name'
Building Return [isResultSet=true, updateCount=-1, extendedReturn=false
Building Return [isResultSet=true, updateCount=-1, extendedReturn=false
20:07:20,211 INFO  [bill_processor] Total Payment Records: 1
20:07:20,303 INFO  [ClassPathXmlApplicationContext] Closing org.springframework.context.support.ClassPathXmlApplicationContext@24243e9f: startup date [Sun Mar 02 20:07:18 CST 2014]; root of context hierarchy
20:07:20,303 INFO  [DefaultListableBeanFactory] Destroying singletons in org.springframework.beans.factory.support.DefaultListableBeanFactory@5ed70df9: defining beans [RFile,org.springframework.context.annotation.internalConfigurationAnnotationProcessor,org.springframework.context.annotation.internalAutowiredAnnotationProcessor,org.springframework.context.annotation.internalRequiredAnnotationProcessor,org.springframework.context.annotation.internalCommonAnnotationProcessor,org.springframework.context.annotation.internalPersistenceAnnotationProcessor,log4jProvider,logger,entityManagerFactory,entityManager,waltRuleService,reversePaymentRuleService,accountService,minWorkAge,currentUserName,refundTriggerAmount,accountNoteTexts,billProcessor,org.springframework.context.annotation.ConfigurationClassPostProcessor.importAwareProcessor]; root of factory hierarchy
20:07:20,303 INFO  [LocalEntityManagerFactoryBean] Closing JPA EntityManagerFactory for persistence unit 'opmUnitName'
20:07:20,304 INFO  [DriverManagerConnectionProviderImpl] HHH000030: Cleaning up connection pool [jdbc:postgresql://localhost:5432/postgres]
20:07:20,623 INFO  [ClassPathXmlApplicationContext] Refreshing org.springframework.context.support.ClassPathXmlApplicationContext@433ba861: startup date [Sun Mar 02 20:07:20 CST 2014]; root of context hierarchy
20:07:20,624 INFO  [XmlBeanDefinitionReader] Loading XML bean definitions from class path resource [billProcessor_test.xml]
20:07:20,681 INFO  [DefaultListableBeanFactory] Pre-instantiating singletons in org.springframework.beans.factory.support.DefaultListableBeanFactory@5e37c2ad: defining beans [RFile,org.springframework.context.annotation.internalConfigurationAnnotationProcessor,org.springframework.context.annotation.internalAutowiredAnnotationProcessor,org.springframework.context.annotation.internalRequiredAnnotationProcessor,org.springframework.context.annotation.internalCommonAnnotationProcessor,org.springframework.context.annotation.internalPersistenceAnnotationProcessor,log4jProvider,logger,entityManagerFactory,entityManager,waltRuleService,reversePaymentRuleService,accountService,minWorkAge,currentUserName,refundTriggerAmount,accountNoteTexts,billProcessor,org.springframework.context.annotation.ConfigurationClassPostProcessor.importAwareProcessor]; root of factory hierarchy
20:07:20,685 INFO  [LocalEntityManagerFactoryBean] Building JPA EntityManagerFactory for persistence unit 'opmUnitName'
20:07:20,685 WARN  [HibernatePersistence] HHH015016: Encountered a deprecated javax.persistence.spi.PersistenceProvider [org.hibernate.ejb.HibernatePersistence]; use [org.hibernate.jpa.HibernatePersistenceProvider] instead.
20:07:20,685 WARN  [HibernatePersistence] HHH015016: Encountered a deprecated javax.persistence.spi.PersistenceProvider [org.hibernate.ejb.HibernatePersistence]; use [org.hibernate.jpa.HibernatePersistenceProvider] instead.
20:07:20,685 WARN  [HibernatePersistence] HHH015016: Encountered a deprecated javax.persistence.spi.PersistenceProvider [org.hibernate.ejb.HibernatePersistence]; use [org.hibernate.jpa.HibernatePersistenceProvider] instead.
20:07:20,692 INFO  [LogHelper] HHH000204: Processing PersistenceUnitInfo [
	name: opmUnitName
	...]
20:07:20,722 WARN  [DriverManagerConnectionProviderImpl] HHH000402: Using Hibernate built-in connection pool (not for production use!)
20:07:20,723 INFO  [DriverManagerConnectionProviderImpl] HHH000401: using driver [org.postgresql.Driver] at URL [jdbc:postgresql://localhost:5432/postgres]
20:07:20,723 INFO  [DriverManagerConnectionProviderImpl] HHH000046: Connection properties: {user=postgres, password=****}
20:07:20,723 INFO  [DriverManagerConnectionProviderImpl] HHH000006: Autocommit mode: false
20:07:20,723 INFO  [DriverManagerConnectionProviderImpl] HHH000115: Hibernate connection pool size: 20 (min=1)
20:07:21,122 INFO  [Dialect] HHH000400: Using dialect: gov.opm.scrd.entities.common.OPMPostgreSQLDialect
20:07:21,122 INFO  [LobCreatorBuilder] HHH000424: Disabling contextual LOB creation as createClob() method threw error : java.lang.reflect.InvocationTargetException
20:07:21,134 WARN  [JPAOverriddenAnnotationReader] HHH000207: Property gov.opm.scrd.entities.application.InterestGracePeriod.retirementType not found in class but described in <mapping-file/> (possible typo error)
20:07:21,317 INFO  [ASTQueryTranslatorFactory] HHH000397: Using ASTQueryTranslatorFactory
20:07:21,583 WARN  [EntityManagerFactoryRegistry] HHH000436: Entity manager factory name (opmUnitName) is already registered.  If entity manager will be clustered or passivated, specify a unique value for property 'hibernate.ejb.entitymanager_factory_name'
Building Return [isResultSet=true, updateCount=-1, extendedReturn=false
Building Return [isResultSet=true, updateCount=-1, extendedReturn=false
20:07:21,777 INFO  [bill_processor] Total Payment Records: 1
20:07:21,861 INFO  [ClassPathXmlApplicationContext] Closing org.springframework.context.support.ClassPathXmlApplicationContext@433ba861: startup date [Sun Mar 02 20:07:20 CST 2014]; root of context hierarchy
20:07:21,861 INFO  [DefaultListableBeanFactory] Destroying singletons in org.springframework.beans.factory.support.DefaultListableBeanFactory@5e37c2ad: defining beans [RFile,org.springframework.context.annotation.internalConfigurationAnnotationProcessor,org.springframework.context.annotation.internalAutowiredAnnotationProcessor,org.springframework.context.annotation.internalRequiredAnnotationProcessor,org.springframework.context.annotation.internalCommonAnnotationProcessor,org.springframework.context.annotation.internalPersistenceAnnotationProcessor,log4jProvider,logger,entityManagerFactory,entityManager,waltRuleService,reversePaymentRuleService,accountService,minWorkAge,currentUserName,refundTriggerAmount,accountNoteTexts,billProcessor,org.springframework.context.annotation.ConfigurationClassPostProcessor.importAwareProcessor]; root of factory hierarchy
20:07:21,862 INFO  [LocalEntityManagerFactoryBean] Closing JPA EntityManagerFactory for persistence unit 'opmUnitName'
20:07:21,862 INFO  [DriverManagerConnectionProviderImpl] HHH000030: Cleaning up connection pool [jdbc:postgresql://localhost:5432/postgres]
20:07:22,315 INFO  [ClassPathXmlApplicationContext] Refreshing org.springframework.context.support.ClassPathXmlApplicationContext@515f1fee: startup date [Sun Mar 02 20:07:22 CST 2014]; root of context hierarchy
20:07:22,316 INFO  [XmlBeanDefinitionReader] Loading XML bean definitions from class path resource [billProcessor_test.xml]
20:07:22,389 INFO  [DefaultListableBeanFactory] Pre-instantiating singletons in org.springframework.beans.factory.support.DefaultListableBeanFactory@6b40584c: defining beans [RFile,org.springframework.context.annotation.internalConfigurationAnnotationProcessor,org.springframework.context.annotation.internalAutowiredAnnotationProcessor,org.springframework.context.annotation.internalRequiredAnnotationProcessor,org.springframework.context.annotation.internalCommonAnnotationProcessor,org.springframework.context.annotation.internalPersistenceAnnotationProcessor,log4jProvider,logger,entityManagerFactory,entityManager,waltRuleService,reversePaymentRuleService,accountService,minWorkAge,currentUserName,refundTriggerAmount,accountNoteTexts,billProcessor,org.springframework.context.annotation.ConfigurationClassPostProcessor.importAwareProcessor]; root of factory hierarchy
20:07:22,392 INFO  [LocalEntityManagerFactoryBean] Building JPA EntityManagerFactory for persistence unit 'opmUnitName'
20:07:22,392 WARN  [HibernatePersistence] HHH015016: Encountered a deprecated javax.persistence.spi.PersistenceProvider [org.hibernate.ejb.HibernatePersistence]; use [org.hibernate.jpa.HibernatePersistenceProvider] instead.
20:07:22,392 WARN  [HibernatePersistence] HHH015016: Encountered a deprecated javax.persistence.spi.PersistenceProvider [org.hibernate.ejb.HibernatePersistence]; use [org.hibernate.jpa.HibernatePersistenceProvider] instead.
20:07:22,392 WARN  [HibernatePersistence] HHH015016: Encountered a deprecated javax.persistence.spi.PersistenceProvider [org.hibernate.ejb.HibernatePersistence]; use [org.hibernate.jpa.HibernatePersistenceProvider] instead.
20:07:22,398 INFO  [LogHelper] HHH000204: Processing PersistenceUnitInfo [
	name: opmUnitName
	...]
20:07:22,426 WARN  [DriverManagerConnectionProviderImpl] HHH000402: Using Hibernate built-in connection pool (not for production use!)
20:07:22,426 INFO  [DriverManagerConnectionProviderImpl] HHH000401: using driver [org.postgresql.Driver] at URL [jdbc:postgresql://localhost:5432/postgres]
20:07:22,426 INFO  [DriverManagerConnectionProviderImpl] HHH000046: Connection properties: {user=postgres, password=****}
20:07:22,426 INFO  [DriverManagerConnectionProviderImpl] HHH000006: Autocommit mode: false
20:07:22,426 INFO  [DriverManagerConnectionProviderImpl] HHH000115: Hibernate connection pool size: 20 (min=1)
20:07:22,784 INFO  [Dialect] HHH000400: Using dialect: gov.opm.scrd.entities.common.OPMPostgreSQLDialect
20:07:22,784 INFO  [LobCreatorBuilder] HHH000424: Disabling contextual LOB creation as createClob() method threw error : java.lang.reflect.InvocationTargetException
20:07:22,796 WARN  [JPAOverriddenAnnotationReader] HHH000207: Property gov.opm.scrd.entities.application.InterestGracePeriod.retirementType not found in class but described in <mapping-file/> (possible typo error)
20:07:22,910 INFO  [ASTQueryTranslatorFactory] HHH000397: Using ASTQueryTranslatorFactory
20:07:23,294 WARN  [EntityManagerFactoryRegistry] HHH000436: Entity manager factory name (opmUnitName) is already registered.  If entity manager will be clustered or passivated, specify a unique value for property 'hibernate.ejb.entitymanager_factory_name'
Building Return [isResultSet=true, updateCount=-1, extendedReturn=false
20:07:23,455 INFO  [bill_processor] 11 Calculation Failure. calculating the new amount
Building Return [isResultSet=true, updateCount=-1, extendedReturn=false
20:07:23,461 INFO  [bill_processor] Total Payment Records: 1
20:07:23,559 INFO  [ClassPathXmlApplicationContext] Closing org.springframework.context.support.ClassPathXmlApplicationContext@515f1fee: startup date [Sun Mar 02 20:07:22 CST 2014]; root of context hierarchy
20:07:23,559 INFO  [DefaultListableBeanFactory] Destroying singletons in org.springframework.beans.factory.support.DefaultListableBeanFactory@6b40584c: defining beans [RFile,org.springframework.context.annotation.internalConfigurationAnnotationProcessor,org.springframework.context.annotation.internalAutowiredAnnotationProcessor,org.springframework.context.annotation.internalRequiredAnnotationProcessor,org.springframework.context.annotation.internalCommonAnnotationProcessor,org.springframework.context.annotation.internalPersistenceAnnotationProcessor,log4jProvider,logger,entityManagerFactory,entityManager,waltRuleService,reversePaymentRuleService,accountService,minWorkAge,currentUserName,refundTriggerAmount,accountNoteTexts,billProcessor,org.springframework.context.annotation.ConfigurationClassPostProcessor.importAwareProcessor]; root of factory hierarchy
20:07:23,560 INFO  [LocalEntityManagerFactoryBean] Closing JPA EntityManagerFactory for persistence unit 'opmUnitName'
20:07:23,560 INFO  [DriverManagerConnectionProviderImpl] HHH000030: Cleaning up connection pool [jdbc:postgresql://localhost:5432/postgres]
20:07:23,903 INFO  [ClassPathXmlApplicationContext] Refreshing org.springframework.context.support.ClassPathXmlApplicationContext@6b637f9a: startup date [Sun Mar 02 20:07:23 CST 2014]; root of context hierarchy
20:07:23,904 INFO  [XmlBeanDefinitionReader] Loading XML bean definitions from class path resource [billProcessor_test.xml]
20:07:23,949 INFO  [DefaultListableBeanFactory] Pre-instantiating singletons in org.springframework.beans.factory.support.DefaultListableBeanFactory@1b5ac06e: defining beans [RFile,org.springframework.context.annotation.internalConfigurationAnnotationProcessor,org.springframework.context.annotation.internalAutowiredAnnotationProcessor,org.springframework.context.annotation.internalRequiredAnnotationProcessor,org.springframework.context.annotation.internalCommonAnnotationProcessor,org.springframework.context.annotation.internalPersistenceAnnotationProcessor,log4jProvider,logger,entityManagerFactory,entityManager,waltRuleService,reversePaymentRuleService,accountService,minWorkAge,currentUserName,refundTriggerAmount,accountNoteTexts,billProcessor,org.springframework.context.annotation.ConfigurationClassPostProcessor.importAwareProcessor]; root of factory hierarchy
20:07:23,952 INFO  [LocalEntityManagerFactoryBean] Building JPA EntityManagerFactory for persistence unit 'opmUnitName'
20:07:23,952 WARN  [HibernatePersistence] HHH015016: Encountered a deprecated javax.persistence.spi.PersistenceProvider [org.hibernate.ejb.HibernatePersistence]; use [org.hibernate.jpa.HibernatePersistenceProvider] instead.
20:07:23,952 WARN  [HibernatePersistence] HHH015016: Encountered a deprecated javax.persistence.spi.PersistenceProvider [org.hibernate.ejb.HibernatePersistence]; use [org.hibernate.jpa.HibernatePersistenceProvider] instead.
20:07:23,952 WARN  [HibernatePersistence] HHH015016: Encountered a deprecated javax.persistence.spi.PersistenceProvider [org.hibernate.ejb.HibernatePersistence]; use [org.hibernate.jpa.HibernatePersistenceProvider] instead.
20:07:23,973 INFO  [LogHelper] HHH000204: Processing PersistenceUnitInfo [
	name: opmUnitName
	...]
20:07:24,012 WARN  [DriverManagerConnectionProviderImpl] HHH000402: Using Hibernate built-in connection pool (not for production use!)
20:07:24,012 INFO  [DriverManagerConnectionProviderImpl] HHH000401: using driver [org.postgresql.Driver] at URL [jdbc:postgresql://localhost:5432/postgres]
20:07:24,013 INFO  [DriverManagerConnectionProviderImpl] HHH000046: Connection properties: {user=postgres, password=****}
20:07:24,013 INFO  [DriverManagerConnectionProviderImpl] HHH000006: Autocommit mode: false
20:07:24,013 INFO  [DriverManagerConnectionProviderImpl] HHH000115: Hibernate connection pool size: 20 (min=1)
20:07:24,476 INFO  [Dialect] HHH000400: Using dialect: gov.opm.scrd.entities.common.OPMPostgreSQLDialect
20:07:24,476 INFO  [LobCreatorBuilder] HHH000424: Disabling contextual LOB creation as createClob() method threw error : java.lang.reflect.InvocationTargetException
20:07:24,488 WARN  [JPAOverriddenAnnotationReader] HHH000207: Property gov.opm.scrd.entities.application.InterestGracePeriod.retirementType not found in class but described in <mapping-file/> (possible typo error)
20:07:24,603 INFO  [ASTQueryTranslatorFactory] HHH000397: Using ASTQueryTranslatorFactory
20:07:24,770 WARN  [EntityManagerFactoryRegistry] HHH000436: Entity manager factory name (opmUnitName) is already registered.  If entity manager will be clustered or passivated, specify a unique value for property 'hibernate.ejb.entitymanager_factory_name'
Building Return [isResultSet=true, updateCount=-1, extendedReturn=false
Building Return [isResultSet=true, updateCount=-1, extendedReturn=false
20:07:24,893 INFO  [bill_processor] Total Payment Records: 1
20:07:24,973 INFO  [ClassPathXmlApplicationContext] Closing org.springframework.context.support.ClassPathXmlApplicationContext@6b637f9a: startup date [Sun Mar 02 20:07:23 CST 2014]; root of context hierarchy
20:07:24,973 INFO  [DefaultListableBeanFactory] Destroying singletons in org.springframework.beans.factory.support.DefaultListableBeanFactory@1b5ac06e: defining beans [RFile,org.springframework.context.annotation.internalConfigurationAnnotationProcessor,org.springframework.context.annotation.internalAutowiredAnnotationProcessor,org.springframework.context.annotation.internalRequiredAnnotationProcessor,org.springframework.context.annotation.internalCommonAnnotationProcessor,org.springframework.context.annotation.internalPersistenceAnnotationProcessor,log4jProvider,logger,entityManagerFactory,entityManager,waltRuleService,reversePaymentRuleService,accountService,minWorkAge,currentUserName,refundTriggerAmount,accountNoteTexts,billProcessor,org.springframework.context.annotation.ConfigurationClassPostProcessor.importAwareProcessor]; root of factory hierarchy
20:07:24,973 INFO  [LocalEntityManagerFactoryBean] Closing JPA EntityManagerFactory for persistence unit 'opmUnitName'
20:07:24,974 INFO  [DriverManagerConnectionProviderImpl] HHH000030: Cleaning up connection pool [jdbc:postgresql://localhost:5432/postgres]
20:07:25,251 INFO  [ClassPathXmlApplicationContext] Refreshing org.springframework.context.support.ClassPathXmlApplicationContext@2d9bcd53: startup date [Sun Mar 02 20:07:25 CST 2014]; root of context hierarchy
20:07:25,252 INFO  [XmlBeanDefinitionReader] Loading XML bean definitions from class path resource [billProcessor_test.xml]
20:07:25,293 INFO  [DefaultListableBeanFactory] Pre-instantiating singletons in org.springframework.beans.factory.support.DefaultListableBeanFactory@1a6032ce: defining beans [RFile,org.springframework.context.annotation.internalConfigurationAnnotationProcessor,org.springframework.context.annotation.internalAutowiredAnnotationProcessor,org.springframework.context.annotation.internalRequiredAnnotationProcessor,org.springframework.context.annotation.internalCommonAnnotationProcessor,org.springframework.context.annotation.internalPersistenceAnnotationProcessor,log4jProvider,logger,entityManagerFactory,entityManager,waltRuleService,reversePaymentRuleService,accountService,minWorkAge,currentUserName,refundTriggerAmount,accountNoteTexts,billProcessor,org.springframework.context.annotation.ConfigurationClassPostProcessor.importAwareProcessor]; root of factory hierarchy
20:07:25,296 INFO  [LocalEntityManagerFactoryBean] Building JPA EntityManagerFactory for persistence unit 'opmUnitName'
20:07:25,296 WARN  [HibernatePersistence] HHH015016: Encountered a deprecated javax.persistence.spi.PersistenceProvider [org.hibernate.ejb.HibernatePersistence]; use [org.hibernate.jpa.HibernatePersistenceProvider] instead.
20:07:25,296 WARN  [HibernatePersistence] HHH015016: Encountered a deprecated javax.persistence.spi.PersistenceProvider [org.hibernate.ejb.HibernatePersistence]; use [org.hibernate.jpa.HibernatePersistenceProvider] instead.
20:07:25,296 WARN  [HibernatePersistence] HHH015016: Encountered a deprecated javax.persistence.spi.PersistenceProvider [org.hibernate.ejb.HibernatePersistence]; use [org.hibernate.jpa.HibernatePersistenceProvider] instead.
20:07:25,301 INFO  [LogHelper] HHH000204: Processing PersistenceUnitInfo [
	name: opmUnitName
	...]
20:07:25,324 WARN  [DriverManagerConnectionProviderImpl] HHH000402: Using Hibernate built-in connection pool (not for production use!)
20:07:25,324 INFO  [DriverManagerConnectionProviderImpl] HHH000401: using driver [org.postgresql.Driver] at URL [jdbc:postgresql://localhost:5432/postgres]
20:07:25,324 INFO  [DriverManagerConnectionProviderImpl] HHH000046: Connection properties: {user=postgres, password=****}
20:07:25,324 INFO  [DriverManagerConnectionProviderImpl] HHH000006: Autocommit mode: false
20:07:25,324 INFO  [DriverManagerConnectionProviderImpl] HHH000115: Hibernate connection pool size: 20 (min=1)
20:07:25,649 INFO  [Dialect] HHH000400: Using dialect: gov.opm.scrd.entities.common.OPMPostgreSQLDialect
20:07:25,649 INFO  [LobCreatorBuilder] HHH000424: Disabling contextual LOB creation as createClob() method threw error : java.lang.reflect.InvocationTargetException
20:07:25,661 WARN  [JPAOverriddenAnnotationReader] HHH000207: Property gov.opm.scrd.entities.application.InterestGracePeriod.retirementType not found in class but described in <mapping-file/> (possible typo error)
20:07:25,896 INFO  [ASTQueryTranslatorFactory] HHH000397: Using ASTQueryTranslatorFactory
20:07:26,075 WARN  [EntityManagerFactoryRegistry] HHH000436: Entity manager factory name (opmUnitName) is already registered.  If entity manager will be clustered or passivated, specify a unique value for property 'hibernate.ejb.entitymanager_factory_name'
Building Return [isResultSet=true, updateCount=-1, extendedReturn=false
20:07:26,347 INFO  [bill_processor] 13 processing an adjustment payment.
Building Return [isResultSet=true, updateCount=-1, extendedReturn=false
20:07:26,352 INFO  [bill_processor] Total Payment Records: 1
20:07:26,474 INFO  [ClassPathXmlApplicationContext] Closing org.springframework.context.support.ClassPathXmlApplicationContext@2d9bcd53: startup date [Sun Mar 02 20:07:25 CST 2014]; root of context hierarchy
20:07:26,474 INFO  [DefaultListableBeanFactory] Destroying singletons in org.springframework.beans.factory.support.DefaultListableBeanFactory@1a6032ce: defining beans [RFile,org.springframework.context.annotation.internalConfigurationAnnotationProcessor,org.springframework.context.annotation.internalAutowiredAnnotationProcessor,org.springframework.context.annotation.internalRequiredAnnotationProcessor,org.springframework.context.annotation.internalCommonAnnotationProcessor,org.springframework.context.annotation.internalPersistenceAnnotationProcessor,log4jProvider,logger,entityManagerFactory,entityManager,waltRuleService,reversePaymentRuleService,accountService,minWorkAge,currentUserName,refundTriggerAmount,accountNoteTexts,billProcessor,org.springframework.context.annotation.ConfigurationClassPostProcessor.importAwareProcessor]; root of factory hierarchy
20:07:26,475 INFO  [LocalEntityManagerFactoryBean] Closing JPA EntityManagerFactory for persistence unit 'opmUnitName'
20:07:26,475 INFO  [DriverManagerConnectionProviderImpl] HHH000030: Cleaning up connection pool [jdbc:postgresql://localhost:5432/postgres]
20:07:26,766 INFO  [ClassPathXmlApplicationContext] Refreshing org.springframework.context.support.ClassPathXmlApplicationContext@756f13ae: startup date [Sun Mar 02 20:07:26 CST 2014]; root of context hierarchy
20:07:26,767 INFO  [XmlBeanDefinitionReader] Loading XML bean definitions from class path resource [billProcessor_test.xml]
20:07:26,810 INFO  [DefaultListableBeanFactory] Pre-instantiating singletons in org.springframework.beans.factory.support.DefaultListableBeanFactory@1582dccf: defining beans [RFile,org.springframework.context.annotation.internalConfigurationAnnotationProcessor,org.springframework.context.annotation.internalAutowiredAnnotationProcessor,org.springframework.context.annotation.internalRequiredAnnotationProcessor,org.springframework.context.annotation.internalCommonAnnotationProcessor,org.springframework.context.annotation.internalPersistenceAnnotationProcessor,log4jProvider,logger,entityManagerFactory,entityManager,waltRuleService,reversePaymentRuleService,accountService,minWorkAge,currentUserName,refundTriggerAmount,accountNoteTexts,billProcessor,org.springframework.context.annotation.ConfigurationClassPostProcessor.importAwareProcessor]; root of factory hierarchy
20:07:26,813 INFO  [LocalEntityManagerFactoryBean] Building JPA EntityManagerFactory for persistence unit 'opmUnitName'
20:07:26,813 WARN  [HibernatePersistence] HHH015016: Encountered a deprecated javax.persistence.spi.PersistenceProvider [org.hibernate.ejb.HibernatePersistence]; use [org.hibernate.jpa.HibernatePersistenceProvider] instead.
20:07:26,813 WARN  [HibernatePersistence] HHH015016: Encountered a deprecated javax.persistence.spi.PersistenceProvider [org.hibernate.ejb.HibernatePersistence]; use [org.hibernate.jpa.HibernatePersistenceProvider] instead.
20:07:26,813 WARN  [HibernatePersistence] HHH015016: Encountered a deprecated javax.persistence.spi.PersistenceProvider [org.hibernate.ejb.HibernatePersistence]; use [org.hibernate.jpa.HibernatePersistenceProvider] instead.
20:07:26,819 INFO  [LogHelper] HHH000204: Processing PersistenceUnitInfo [
	name: opmUnitName
	...]
20:07:26,851 WARN  [DriverManagerConnectionProviderImpl] HHH000402: Using Hibernate built-in connection pool (not for production use!)
20:07:26,852 INFO  [DriverManagerConnectionProviderImpl] HHH000401: using driver [org.postgresql.Driver] at URL [jdbc:postgresql://localhost:5432/postgres]
20:07:26,852 INFO  [DriverManagerConnectionProviderImpl] HHH000046: Connection properties: {user=postgres, password=****}
20:07:26,852 INFO  [DriverManagerConnectionProviderImpl] HHH000006: Autocommit mode: false
20:07:26,852 INFO  [DriverManagerConnectionProviderImpl] HHH000115: Hibernate connection pool size: 20 (min=1)
20:07:27,282 INFO  [Dialect] HHH000400: Using dialect: gov.opm.scrd.entities.common.OPMPostgreSQLDialect
20:07:27,283 INFO  [LobCreatorBuilder] HHH000424: Disabling contextual LOB creation as createClob() method threw error : java.lang.reflect.InvocationTargetException
20:07:27,295 WARN  [JPAOverriddenAnnotationReader] HHH000207: Property gov.opm.scrd.entities.application.InterestGracePeriod.retirementType not found in class but described in <mapping-file/> (possible typo error)
20:07:27,593 INFO  [ASTQueryTranslatorFactory] HHH000397: Using ASTQueryTranslatorFactory
20:07:27,856 WARN  [EntityManagerFactoryRegistry] HHH000436: Entity manager factory name (opmUnitName) is already registered.  If entity manager will be clustered or passivated, specify a unique value for property 'hibernate.ejb.entitymanager_factory_name'
Building Return [isResultSet=true, updateCount=-1, extendedReturn=false
20:07:28,209 INFO  [bill_processor] 14 processing an adjustment payment.
Building Return [isResultSet=true, updateCount=-1, extendedReturn=false
20:07:28,215 INFO  [bill_processor] Total Payment Records: 1
20:07:28,313 INFO  [ClassPathXmlApplicationContext] Closing org.springframework.context.support.ClassPathXmlApplicationContext@756f13ae: startup date [Sun Mar 02 20:07:26 CST 2014]; root of context hierarchy
20:07:28,313 INFO  [DefaultListableBeanFactory] Destroying singletons in org.springframework.beans.factory.support.DefaultListableBeanFactory@1582dccf: defining beans [RFile,org.springframework.context.annotation.internalConfigurationAnnotationProcessor,org.springframework.context.annotation.internalAutowiredAnnotationProcessor,org.springframework.context.annotation.internalRequiredAnnotationProcessor,org.springframework.context.annotation.internalCommonAnnotationProcessor,org.springframework.context.annotation.internalPersistenceAnnotationProcessor,log4jProvider,logger,entityManagerFactory,entityManager,waltRuleService,reversePaymentRuleService,accountService,minWorkAge,currentUserName,refundTriggerAmount,accountNoteTexts,billProcessor,org.springframework.context.annotation.ConfigurationClassPostProcessor.importAwareProcessor]; root of factory hierarchy
20:07:28,313 INFO  [LocalEntityManagerFactoryBean] Closing JPA EntityManagerFactory for persistence unit 'opmUnitName'
20:07:28,314 INFO  [DriverManagerConnectionProviderImpl] HHH000030: Cleaning up connection pool [jdbc:postgresql://localhost:5432/postgres]
[...]
Service Credit Batch started at 8:07:48 PM CST on March 2, 2014. Batch done at 8:07:48 PM CST.

SUMMARY: THE FILE IMPORT HAD ERRORS. PLEASE CHECK THE 'Lockbox Import Errors' REPORT IN THE SERVICE CREDIT APPLICATION FOR DETAILS. THE ERROR INVOLVES PAYMENTS SO IT MUST BE FIXED AS SOON AS POSSIBLE.

   Number Type         Total
        1 ACH          34.12
        1 Check        89.00
============================
        2 All         123.12

        1 ACH payments accepted as Posted - Pending
        1 Check payments accepted as Posted - Pending


ERROR: THE BANK'S TOTAL WAS 123.11 BUT 123.12 WAS IMPORTED INTO THE SERVICE CREDIT DATABASE.
THE PROGRAM IMPORTED 0.01 MORE THAN THE BANK'S TOTAL.

3 total Lockbox records and summary totals.


SCRD read all 3 Lockbox change records.

DETAILS:
Audit Batch Log ID number is 33
File Contents:
 Number Type Description
      1 Good ACH Payments
      1 Good Check Payments
      3 Good Name or Address Changes
      1 Good Summary Records
      1 Good End-of-file markers
====================================
      7 Total Lines in Lockbox File

Lockbox File Name:
lockbox_file_1.txt
Backup File Name:
Backup_SC030114_33.txt

20:07:48,542 INFO  [bill_processor] End importing files in: test_files\lockbox_files
20:07:48,542 INFO  [bill_processor] Start cleaning old files in: test_files\old_files
20:07:48,542 INFO  [bill_processor] Old files cleaned: 0
20:07:48,542 INFO  [bill_processor] End cleaning old files in: test_files\old_files
20:07:48,542 INFO  [bill_processor] Service Credit Batch finished successfully.
20:07:48,651 INFO  [SMTPServer] SMTP server *:2983 stopping
20:07:48,655 INFO  [ServerThread] SMTP server *:2983 stopped
20:07:48,917 INFO  [SMTPServer] SMTP server *:2983 starting
20:07:48,921 INFO  [ServerThread] SMTP server *:2983 started
20:07:48,981 INFO  [bill_processor] Service Credit Batch started.
20:07:48,987 INFO  [bill_processor] Is today holiday : true
20:07:48,989 INFO  [bill_processor] Start importing files in: test_files\lockbox_files
20:07:48,989 INFO  [bill_processor] Start loading file content from: test_files\lockbox_files\lockbox_file_1.txt
Building Return [isResultSet=true, updateCount=-1, extendedReturn=false
Building Return [isResultSet=true, updateCount=-1, extendedReturn=false
Building Return [isResultSet=true, updateCount=-1, extendedReturn=false
Building Return [isResultSet=true, updateCount=-1, extendedReturn=false
Building Return [isResultSet=true, updateCount=-1, extendedReturn=false
Building Return [isResultSet=true, updateCount=-1, extendedReturn=false
Building Return [isResultSet=true, updateCount=-1, extendedReturn=false
20:07:48,999 WARN  [bill_processor] Weird character is: [ ]
20:07:49,000 INFO  [bill_processor] 7 lines loaded from lockbox_file_1.txt which is backup to Backup_SC030114_34.txt
20:07:49,000 INFO  [bill_processor] End loading file content from: test_files\lockbox_files\lockbox_file_1.txt
20:07:49,000 INFO  [bill_processor] Start processing MainframeImport data from: test_files\lockbox_files\lockbox_file_1.txt
Building Return [isResultSet=false, updateCount=-1, extendedReturn=false
20:07:49,005 INFO  [bill_processor] VALID_C_TRANSACTION: 	C 01      1112233031277  Mark I. Jason, III
Building Return [isResultSet=false, updateCount=-1, extendedReturn=false
20:07:49,008 INFO  [bill_processor] VALID_C_TRANSACTION: 	C 02      1112233031277  Chizago, IL 12345-1234
Building Return [isResultSet=false, updateCount=-1, extendedReturn=false
20:07:49,011 INFO  [bill_processor] VALID_C_TRANSACTION: 	C 10      1112233031277  new_ssn
20:07:49,014 INFO  [bill_processor] SUM_R_VALID: 	R ZZZ     ZZZZZZZ0000088888    
Building Return [isResultSet=false, updateCount=-1, extendedReturn=false
20:07:49,017 INFO  [bill_processor] VALID_R_TRANSACTION: 	R64445566 11122330312770008900020314 0    
Building Return [isResultSet=false, updateCount=-1, extendedReturn=false
20:07:49,020 INFO  [bill_processor] VALID_R_TRANSACTION: 	R67778899 11122330312770003412020214 1    
20:07:49,021 INFO  [bill_processor] End processing MainframeImport data from: test_files\lockbox_files\lockbox_file_1.txt
20:07:49,021 INFO  [bill_processor] Start collating new mainframe payments from: test_files\lockbox_files\lockbox_file_1.txt
Building Return [isResultSet=false, updateCount=-1, extendedReturn=false
20:07:49,025 INFO  [bill_processor] End collating new mainframe payments from: test_files\lockbox_files\lockbox_file_1.txt
20:07:49,025 INFO  [bill_processor] 
Service Credit imported a data file from the bank lockbox on March 2, 2014 at 8:07:49 PM CST.
Lockbox data imported into the dbName database on server dbHostName from computer batchProcessHostName.

# Lines in file = 7
# New Lines = 7
# Duplicate Lines = 0

# Records Processed = 6
# Check Payments = 1
# Good Check Payments = 1
# Bad Check Payments = 0
# Dupe Check Payments = 0
# ACH Payments = 1
# Good ACH Payments = 1
# Bad ACH Payments = 0
# Dupe ACH Payments = 0
# Bad Change Records = 0
# Good Change Records = 3
# No Match Change Records = 0
# Invalid Summary Records = 0
# Valid Summary Records = 1
# Successful Transactions = 5
# Failed Transactions = 0
# Invalid Lines = 0

Total Check Payments = 89
Total ACH Payments = 34.12
Total of Accepted Payments = 123.12
Total in File Summary (checksum) = 888.88
Total of Processed Transactions = 123.12


ERROR: THE BANK FILE CONTAINED 888.88 BUT 123.12 WAS IMPORTED INTO THE SERVICE CREDIT DATABASE. THE PROGRAM IMPORTED 765.76 LESS THAN THE BANK TOTAL.

No bad records in this batch.
5 = number of successful calls to the ProcessImportRecord function.

         Accepted Payments: 2
       Unresolved Payments: 0
        Suspended Payments: 0
-----------------------------------
Pending payments processed: 2

20:07:49,032 INFO  [bill_processor] Send email to general@opm.gov, subject = [Service Credit Import: BATCH IMPORT ERROR OUT OF BALANCE! ]. Message:
Service Credit Batch started at 8:07:48 PM CST on March 2, 2014. Batch done at 8:07:49 PM CST.

SUMMARY: THE FILE IMPORT HAD ERRORS. PLEASE CHECK THE 'Lockbox Import Errors' REPORT IN THE SERVICE CREDIT APPLICATION FOR DETAILS. THE ERROR INVOLVES PAYMENTS SO IT MUST BE FIXED AS SOON AS POSSIBLE.

   Number Type         Total
        1 ACH          34.12
        1 Check        89.00
============================
        2 All         123.12

        1 ACH payments accepted as Posted - Pending
        1 Check payments accepted as Posted - Pending


ERROR: THE BANK'S TOTAL WAS 888.88 BUT 123.12 WAS IMPORTED INTO THE SERVICE CREDIT DATABASE.
THE PROGRAM IMPORTED 765.76 LESS THAN THE BANK'S TOTAL.

3 total Lockbox records and summary totals.


SCRD read all 3 Lockbox change records.

DETAILS:
Audit Batch Log ID number is 34
File Contents:
 Number Type Description
      1 Good ACH Payments
      1 Good Check Payments
      3 Good Name or Address Changes
      1 Good Summary Records
      1 Good End-of-file markers
====================================
      7 Total Lines in Lockbox File

Lockbox File Name:
lockbox_file_1.txt
Backup File Name:
Backup_SC030114_34.txt

20:07:49,126 INFO  [bill_processor] End importing files in: test_files\lockbox_files
20:07:49,126 INFO  [bill_processor] Start cleaning old files in: test_files\old_files
20:07:49,126 INFO  [bill_processor] Old files cleaned: 0
20:07:49,126 INFO  [bill_processor] End cleaning old files in: test_files\old_files
20:07:49,126 INFO  [bill_processor] Service Credit Batch finished successfully.
20:07:49,218 INFO  [SMTPServer] SMTP server *:2983 stopping
20:07:49,223 INFO  [ServerThread] SMTP server *:2983 stopped
20:07:49,442 INFO  [SMTPServer] SMTP server *:2983 starting
20:07:49,446 INFO  [ServerThread] SMTP server *:2983 started
20:07:49,506 INFO  [bill_processor] Service Credit Batch started.
20:07:49,512 INFO  [bill_processor] Is today holiday : true
20:07:49,514 INFO  [bill_processor] Start importing files in: test_files\lockbox_files
20:07:49,514 INFO  [bill_processor] Start loading file content from: test_files\lockbox_files\lockbox_file_1.txt
Building Return [isResultSet=true, updateCount=-1, extendedReturn=false
Building Return [isResultSet=true, updateCount=-1, extendedReturn=false
Building Return [isResultSet=true, updateCount=-1, extendedReturn=false
Building Return [isResultSet=true, updateCount=-1, extendedReturn=false
Building Return [isResultSet=true, updateCount=-1, extendedReturn=false
Building Return [isResultSet=true, updateCount=-1, extendedReturn=false
Building Return [isResultSet=true, updateCount=-1, extendedReturn=false
20:07:49,527 WARN  [bill_processor] Weird character is: [ ]
20:07:49,527 INFO  [bill_processor] 7 lines loaded from lockbox_file_1.txt which is backup to Backup_SC030114_35.txt
20:07:49,528 INFO  [bill_processor] End loading file content from: test_files\lockbox_files\lockbox_file_1.txt
20:07:49,528 INFO  [bill_processor] Start processing MainframeImport data from: test_files\lockbox_files\lockbox_file_1.txt
Building Return [isResultSet=false, updateCount=-1, extendedReturn=false
20:07:49,531 INFO  [bill_processor] VALID_C_TRANSACTION: 	C 01      1112233031277  Mark I. Jason, III
Building Return [isResultSet=false, updateCount=-1, extendedReturn=false
20:07:49,535 INFO  [bill_processor] VALID_C_TRANSACTION: 	C 02      1112233031277  Chizago, IL 12345-1234
Building Return [isResultSet=false, updateCount=-1, extendedReturn=false
20:07:49,537 INFO  [bill_processor] VALID_C_TRANSACTION: 	C 10      1112233031277  new_ssn
20:07:49,561 INFO  [bill_processor] SUM_R_VALID: 	R ZZZ     ZZZZZZZ0000012312    
Building Return [isResultSet=false, updateCount=-1, extendedReturn=false
20:07:49,564 INFO  [bill_processor] VALID_R_TRANSACTION: 	R64445566 11122330312770008900020314 0    
Building Return [isResultSet=false, updateCount=-1, extendedReturn=false
20:07:49,567 INFO  [bill_processor] VALID_R_TRANSACTION: 	R67778899 11122330312770003412020214 1    
20:07:49,569 INFO  [bill_processor] End processing MainframeImport data from: test_files\lockbox_files\lockbox_file_1.txt
20:07:49,569 INFO  [bill_processor] Start collating new mainframe payments from: test_files\lockbox_files\lockbox_file_1.txt
Building Return [isResultSet=false, updateCount=-1, extendedReturn=false
20:07:49,574 INFO  [bill_processor] End collating new mainframe payments from: test_files\lockbox_files\lockbox_file_1.txt
20:07:49,575 INFO  [bill_processor] 
Service Credit imported a data file from the bank lockbox on March 2, 2014 at 8:07:49 PM CST.
Lockbox data imported into the dbName database on server dbHostName from computer batchProcessHostName.

# Lines in file = 7
# New Lines = 7
# Duplicate Lines = 0

# Records Processed = 6
# Check Payments = 1
# Good Check Payments = 1
# Bad Check Payments = 0
# Dupe Check Payments = 0
# ACH Payments = 1
# Good ACH Payments = 1
# Bad ACH Payments = 0
# Dupe ACH Payments = 0
# Bad Change Records = 0
# Good Change Records = 3
# No Match Change Records = 0
# Invalid Summary Records = 0
# Valid Summary Records = 1
# Successful Transactions = 5
# Failed Transactions = 0
# Invalid Lines = 0

Total Check Payments = 89
Total ACH Payments = 34.12
Total of Accepted Payments = 123.12
Total in File = 123.12

No bad records in this batch.
5 = number of successful calls to the ProcessImportRecord function.

         Accepted Payments: 2
       Unresolved Payments: 0
        Suspended Payments: 0
-----------------------------------
Pending payments processed: 2

20:07:49,581 INFO  [bill_processor] Send email to general@opm.gov, subject = [Service Credit Import: OK ]. Message:
Service Credit Batch started at 8:07:49 PM CST on March 2, 2014. Batch done at 8:07:49 PM CST.

SUMMARY: The file import was successful.

   Number Type         Total
        1 ACH          34.12
        1 Check        89.00
============================
        2 All         123.12

        1 ACH payments accepted as Posted - Pending
        1 Check payments accepted as Posted - Pending


3 total Lockbox records and summary totals.


SCRD read all 3 Lockbox change records.

DETAILS:
Audit Batch Log ID number is 35
File Contents:
 Number Type Description
      1 Good ACH Payments
      1 Good Check Payments
      3 Good Name or Address Changes
      1 Good Summary Records
      1 Good End-of-file markers
====================================
      7 Total Lines in Lockbox File

Lockbox File Name:
lockbox_file_1.txt
Backup File Name:
Backup_SC030114_35.txt

20:07:49,597 INFO  [bill_processor] End importing files in: test_files\lockbox_files
20:07:49,597 INFO  [bill_processor] Start cleaning old files in: test_files\old_files
20:07:49,598 INFO  [bill_processor] Old files cleaned: 0
20:07:49,598 INFO  [bill_processor] End cleaning old files in: test_files\old_files
20:07:49,598 INFO  [bill_processor] Service Credit Batch finished successfully.
20:07:49,708 INFO  [SMTPServer] SMTP server *:2983 stopping
20:07:49,713 INFO  [ServerThread] SMTP server *:2983 stopped
20:07:49,902 INFO  [SMTPServer] SMTP server *:2983 starting
20:07:49,909 INFO  [ServerThread] SMTP server *:2983 started
20:07:49,967 INFO  [bill_processor] Service Credit Batch started.
20:07:49,973 INFO  [bill_processor] Is today holiday : false
20:07:49,975 INFO  [bill_processor] Start importing files in: test_files\lockbox_files
20:07:49,975 INFO  [bill_processor] Start loading file content from: test_files\lockbox_files\lockbox_file_1.txt
Building Return [isResultSet=true, updateCount=-1, extendedReturn=false
Building Return [isResultSet=true, updateCount=-1, extendedReturn=false
Building Return [isResultSet=true, updateCount=-1, extendedReturn=false
Building Return [isResultSet=true, updateCount=-1, extendedReturn=false
Building Return [isResultSet=true, updateCount=-1, extendedReturn=false
Building Return [isResultSet=true, updateCount=-1, extendedReturn=false
Building Return [isResultSet=true, updateCount=-1, extendedReturn=false
20:07:49,986 INFO  [bill_processor] 7 lines loaded from lockbox_file_1.txt which is backup to Backup_SC030114_36.txt
20:07:49,986 INFO  [bill_processor] End loading file content from: test_files\lockbox_files\lockbox_file_1.txt
20:07:49,986 INFO  [bill_processor] Start processing MainframeImport data from: test_files\lockbox_files\lockbox_file_1.txt
Building Return [isResultSet=false, updateCount=-1, extendedReturn=false
20:07:49,989 INFO  [bill_processor] VALID_C_TRANSACTION: 	C 01      1112233031277  Mark I. Jason, III
Building Return [isResultSet=false, updateCount=-1, extendedReturn=false
20:07:49,993 INFO  [bill_processor] VALID_C_TRANSACTION: 	C 02      1112233031277  Chizago, IL 12345-1234
Building Return [isResultSet=false, updateCount=-1, extendedReturn=false
20:07:49,997 INFO  [bill_processor] VALID_C_TRANSACTION: 	C 10      1112233031277  new_ssn
20:07:49,999 INFO  [bill_processor] SUM_R_VALID: 	R ZZZ     ZZZZZZZ0000012312    
Building Return [isResultSet=false, updateCount=-1, extendedReturn=false
20:07:50,001 INFO  [bill_processor] VALID_R_TRANSACTION: 	R64445566 11122330312770008900020314 0    
Building Return [isResultSet=false, updateCount=-1, extendedReturn=false
20:07:50,003 INFO  [bill_processor] VALID_R_TRANSACTION: 	R67778899 11122330312770003412020214 1    
20:07:50,005 INFO  [bill_processor] End processing MainframeImport data from: test_files\lockbox_files\lockbox_file_1.txt
20:07:50,005 INFO  [bill_processor] Start collating new mainframe payments from: test_files\lockbox_files\lockbox_file_1.txt
Building Return [isResultSet=false, updateCount=-1, extendedReturn=false
20:07:50,008 INFO  [bill_processor] End collating new mainframe payments from: test_files\lockbox_files\lockbox_file_1.txt
20:07:50,008 INFO  [bill_processor] 
Service Credit imported a data file from the bank lockbox on March 2, 2014 at 8:07:50 PM CST.
Lockbox data imported into the dbName database on server dbHostName from computer batchProcessHostName.

# Lines in file = 7
# New Lines = 7
# Duplicate Lines = 0

# Records Processed = 6
# Check Payments = 1
# Good Check Payments = 1
# Bad Check Payments = 0
# Dupe Check Payments = 0
# ACH Payments = 1
# Good ACH Payments = 1
# Bad ACH Payments = 0
# Dupe ACH Payments = 0
# Bad Change Records = 0
# Good Change Records = 3
# No Match Change Records = 0
# Invalid Summary Records = 0
# Valid Summary Records = 1
# Successful Transactions = 5
# Failed Transactions = 0
# Invalid Lines = 0

Total Check Payments = 89
Total ACH Payments = 34.12
Total of Accepted Payments = 123.12
Total in File = 123.12

No bad records in this batch.
5 = number of successful calls to the ProcessImportRecord function.

         Accepted Payments: 2
       Unresolved Payments: 0
        Suspended Payments: 0
-----------------------------------
Pending payments processed: 2

20:07:50,015 INFO  [bill_processor] Send email to general@opm.gov, subject = [Service Credit Import: OK ]. Message:
Service Credit Batch started at 8:07:49 PM CST on March 2, 2014. Batch done at 8:07:50 PM CST.

SUMMARY: The file import was successful.

   Number Type         Total
        1 ACH          34.12
        1 Check        89.00
============================
        2 All         123.12

        1 ACH payments accepted as Posted - Pending
        1 Check payments accepted as Posted - Pending


3 total Lockbox records and summary totals.


SCRD read all 3 Lockbox change records.

DETAILS:
Audit Batch Log ID number is 36
File Contents:
 Number Type Description
      1 Good ACH Payments
      1 Good Check Payments
      3 Good Name or Address Changes
      1 Good Summary Records
      1 Good End-of-file markers
====================================
      7 Total Lines in Lockbox File

Lockbox File Name:
lockbox_file_1.txt
Backup File Name:
Backup_SC030114_36.txt

20:07:50,042 INFO  [bill_processor] End importing files in: test_files\lockbox_files
20:07:50,042 INFO  [bill_processor] Start cleaning old files in: test_files\old_files
20:07:50,043 INFO  [bill_processor] Old files cleaned: 0
20:07:50,043 INFO  [bill_processor] End cleaning old files in: test_files\old_files
20:07:50,043 INFO  [bill_processor] Start Bill Processing.
Building Return [isResultSet=true, updateCount=-1, extendedReturn=false
Building Return [isResultSet=true, updateCount=-1, extendedReturn=false
Building Return [isResultSet=true, updateCount=-1, extendedReturn=false
20:07:50,191 INFO  [bill_processor] Total Payment Records: 2
20:07:50,193 INFO  [bill_processor] End Bill Processing.
20:07:50,193 INFO  [bill_processor] Start daily account updating.
Building Return [isResultSet=true, updateCount=-1, extendedReturn=false
20:07:50,200 INFO  [bill_processor] Updated 2 master records to history or ACH Stop status.
20:07:50,200 INFO  [bill_processor] End daily account updating.
20:07:50,200 INFO  [bill_processor] Start making GL file: test_files\gl_files
Building Return [isResultSet=true, updateCount=-1, extendedReturn=false
20:07:50,275 INFO  [bill_processor] General Ledger file created.
20:07:50,275 INFO  [bill_processor] End making GL file: test_files\gl_files
20:07:50,278 INFO  [bill_processor] Send email to bill@opm.gov, subject = [Service Credit Nightly Batch: Good]. Message:
Service Credit Batch started at 8:07:49 PM CST on March 2, 2014. Batch done at 8:07:50 PM CST.



Boyers' printout count:
0 RI36-18 Receipt Invoices Printed.0 RI36-23 Initial Invoices Printed.
0 RI36-18 Reversed Invoices Printed.
0 Stop ACH Letters Printed.

DC's printout count: 
0 Refund Memos Printed.


Processed Successfully. 

Updated 2 master records to history or ACH Stop status.

General Ledger file created.

20:07:50,283 INFO  [bill_processor] Service Credit Batch finished successfully.
20:07:50,381 INFO  [SMTPServer] SMTP server *:2983 stopping
20:07:50,381 INFO  [DriverManagerConnectionProviderImpl] HHH000030: Cleaning up connection pool [jdbc:postgresql://localhost:5432/postgres]
]]></system-out>
  <system-err><![CDATA[]]></system-err>
</testsuite>
