<?xml version="1.0" encoding="UTF-8" ?>
<!--
    Copyright 2014 OPM.gov

    Licensed under the Apache License, Version 2.0 (the "License");
    you may not use this file except in compliance with the License.
    You may obtain a copy of the License at

       http://www.apache.org/licenses/LICENSE-2.0

    Unless required by applicable law or agreed to in writing, software
    distributed under the License is distributed on an "AS IS" BASIS,
    WITHOUT WARRANTIES OR CONDITIONS OF ANY KIND, either express or implied.
    See the License for the specific language governing permissions and
    limitations under the License.
-->

<testsuite errors="0" failures="0" hostname="PCC-PC" name="gov.opm.scrd.AllTests" tests="1251" time="14.881" timestamp="2014-03-02T12:00:56">
  <properties>
[...]
</properties>
  <testcase classname="gov.opm.scrd.PersistenceTests" name="test_Payment" time="0.528" />
  <testcase classname="gov.opm.scrd.PersistenceTests" name="test_AccountConfirmationValidation" time="0.265" />
  <testcase classname="gov.opm.scrd.PersistenceTests" name="test_AccountNote" time="0.212" />
  <testcase classname="gov.opm.scrd.PersistenceTests" name="test_Account" time="0.384" />
  <testcase classname="gov.opm.scrd.PersistenceTests" name="test_CalculationVersion" time="0.309" />
  <testcase classname="gov.opm.scrd.PersistenceTests" name="test_AccountHolder" time="0.179" />
  <testcase classname="gov.opm.scrd.PersistenceTests" name="test_PaymentReverse" time="0.159" />
  <testcase classname="gov.opm.scrd.PersistenceTests" name="test_RefundTransaction" time="0.212" />
  <testcase classname="gov.opm.scrd.PersistenceTests" name="test_AuditRecord" time="0.187" />
  <testcase classname="gov.opm.scrd.PersistenceTests" name="test_HelpItem" time="0.15" />
  <testcase classname="gov.opm.scrd.PersistenceTests" name="test_Printout" time="0.137" />
  <testcase classname="gov.opm.scrd.PersistenceTests" name="test_ServiceCreditPreference" time="0.135" />
  <testcase classname="gov.opm.scrd.PersistenceTests" name="test_Notification" time="0.137" />
  <testcase classname="gov.opm.scrd.PersistenceTests" name="test_Info" time="0.13" />
  <testcase classname="gov.opm.scrd.PersistenceTests" name="test_Error" time="0.146" />
  <testcase classname="gov.opm.scrd.PersistenceTests" name="test_RolePermission" time="0.127" />
  <testcase classname="gov.opm.scrd.PersistenceTests" name="test_UserPermission" time="0.126" />
  <testcase classname="gov.opm.scrd.PersistenceTests" name="test_User" time="0.139" />
  <testcase classname="gov.opm.scrd.PersistenceTests" name="test_BatchDailyPayments" time="0.151" />
  <testcase classname="gov.opm.scrd.PersistenceTests" name="test_AuditBatch" time="0.138" />
  <testcase classname="gov.opm.scrd.PersistenceTests" name="test_NewClaimNumber" time="0.136" />
  <testcase classname="gov.opm.scrd.PersistenceTests" name="test_AnnuitantList" time="0.146" />
  <testcase classname="gov.opm.scrd.PersistenceTests" name="test_TimeFactor" time="0.182" />
  <testcase classname="gov.opm.scrd.PersistenceTests" name="test_ContactInfo" time="0.123" />
  <testcase classname="gov.opm.scrd.PersistenceTests" name="test_InterestSuppression" time="0.129" />
  <testcase classname="gov.opm.scrd.PersistenceTests" name="test_GLPaymentType" time="0.127" />
  <testcase classname="gov.opm.scrd.PersistenceTests" name="test_SCMFirstInsert" time="0.125" />
  <testcase classname="gov.opm.scrd.PersistenceTests" name="test_Holiday" time="0.125" />
  <testcase classname="gov.opm.scrd.PersistenceTests" name="test_DeductionRate" time="0.146" />
  <testcase classname="gov.opm.scrd.PersistenceTests" name="test_InterestGracePeriod" time="0.149" />
  <testcase classname="gov.opm.scrd.PersistenceTests" name="test_GLCode" time="0.141" />
  <testcase classname="gov.opm.scrd.PersistenceTests" name="test_ClaimWithoutService" time="0.143" />
  <testcase classname="gov.opm.scrd.PersistenceTests" name="test_PaymentTransactionNote" time="0.157" />
  <testcase classname="gov.opm.scrd.PersistenceTests" name="test_PaymentMoveTransaction" time="0.157" />
  <testcase classname="gov.opm.scrd.PersistenceTests" name="test_InterestRate" time="0.174" />
  <testcase classname="gov.opm.scrd.PersistenceTests" name="test_PaymentInterestDetail" time="0.144" />
  <testcase classname="gov.opm.scrd.PersistenceTests" name="test_AdjustmentTransaction" time="0.223" />
  <testcase classname="gov.opm.scrd.PersistenceTests" name="test_Invoice" time="0.145" />
  <testcase classname="gov.opm.scrd.PersistenceTests" name="test_A01PrintSuppressionCases" time="0.74" />
  <testcase classname="gov.opm.scrd.PersistenceTests" name="test_UserAccountAssignment" time="0.15" />
  <testcase classname="gov.opm.scrd.PersistenceTests" name="test_PaymentRefundLink" time="0.127" />
  <testcase classname="gov.opm.scrd.PersistenceTests" name="test_PaymentsAppliedOrderCode" time="0.124" />
  <testcase classname="gov.opm.scrd.PersistenceTests" name="test_PayTransStatusCode" time="0.098" />
  <testcase classname="gov.opm.scrd.PersistenceTests" name="test_ChangeTransFieldNumberCode" time="0.09" />
  <testcase classname="gov.opm.scrd.PersistenceTests" name="test_PaymentAppliedOrder" time="0.106" />
  <testcase classname="gov.opm.scrd.PersistenceTests" name="test_PayCode" time="0.089" />
  <testcase classname="gov.opm.scrd.PersistenceTests" name="test_AgencyCode" time="0.093" />
  <testcase classname="gov.opm.scrd.PersistenceTests" name="test_FormType" time="0.093" />
  <testcase classname="gov.opm.scrd.PersistenceTests" name="test_Suffix" time="0.092" />
  <testcase classname="gov.opm.scrd.PersistenceTests" name="test_PeriodType" time="0.089" />
  <testcase classname="gov.opm.scrd.PersistenceTests" name="test_State" time="0.104" />
  <testcase classname="gov.opm.scrd.PersistenceTests" name="test_Country" time="0.092" />
  <testcase classname="gov.opm.scrd.PersistenceTests" name="test_AccountStatus" time="0.089" />
  <testcase classname="gov.opm.scrd.PersistenceTests" name="test_RetirementType" time="0.09" />
  <testcase classname="gov.opm.scrd.PersistenceTests" name="test_ServiceType" time="0.088" />
  <testcase classname="gov.opm.scrd.PersistenceTests" name="test_Role" time="0.088" />
  <testcase classname="gov.opm.scrd.PersistenceTests" name="test_AppointmentType" time="0.089" />
  <testcase classname="gov.opm.scrd.PersistenceTests" name="test_PayType" time="0.09" />
  <testcase classname="gov.opm.scrd.PersistenceTests" name="test_PaymentReversalReason" time="0.088" />
  <testcase classname="gov.opm.scrd.PersistenceTests" name="test_ApplicationDesignation" time="0.092" />
  <testcase classname="gov.opm.scrd.PersistenceTests" name="test_PaymentStatus" time="0.088" />
  <testcase classname="gov.opm.scrd.PersistenceTests" name="test_ClaimOfficer" time="0.087" />
  <testcase classname="gov.opm.scrd.PersistenceTests" name="test_UserStatus" time="0.089" />
  <testcase classname="gov.opm.scrd.PersistenceTests" name="test_TransferType" time="0.089" />
  <testcase classname="gov.opm.scrd.PersistenceTests" name="test_CalculationStatus" time="0.089" />
  <testcase classname="gov.opm.scrd.entities.common.DescriptiveNamedEntityUnitTests" name="testCtor" time="0.0010" />
  <testcase classname="gov.opm.scrd.entities.common.DescriptiveNamedEntityUnitTests" name="test_getDescription" time="0.0" />
  <testcase classname="gov.opm.scrd.entities.common.DescriptiveNamedEntityUnitTests" name="test_setDescription" time="0.0" />
  <testcase classname="gov.opm.scrd.entities.common.OrderedNamedEntityUnitTests" name="testCtor" time="0.0" />
  <testcase classname="gov.opm.scrd.entities.common.OrderedNamedEntityUnitTests" name="test_getDisplayOrder" time="0.0" />
  <testcase classname="gov.opm.scrd.entities.common.OrderedNamedEntityUnitTests" name="test_setDisplayOrder" time="0.0" />
  <testcase classname="gov.opm.scrd.entities.common.IdentifiableEntityUnitTests" name="testCtor" time="0.0020" />
  <testcase classname="gov.opm.scrd.entities.common.IdentifiableEntityUnitTests" name="test_getId" time="0.0010" />
  <testcase classname="gov.opm.scrd.entities.common.IdentifiableEntityUnitTests" name="test_setId" time="0.0" />
  <testcase classname="gov.opm.scrd.entities.common.IdentifiableEntityUnitTests" name="test_isDeleted" time="0.0" />
  <testcase classname="gov.opm.scrd.entities.common.IdentifiableEntityUnitTests" name="test_setDeleted" time="0.0" />
  <testcase classname="gov.opm.scrd.entities.common.IdentifiableEntityUnitTests" name="test_equals_False1" time="0.0" />
  <testcase classname="gov.opm.scrd.entities.common.IdentifiableEntityUnitTests" name="test_equals_False2" time="0.0" />
  <testcase classname="gov.opm.scrd.entities.common.IdentifiableEntityUnitTests" name="test_equals_False3" time="0.0" />
  <testcase classname="gov.opm.scrd.entities.common.IdentifiableEntityUnitTests" name="test_equals_False4" time="0.0" />
  <testcase classname="gov.opm.scrd.entities.common.IdentifiableEntityUnitTests" name="test_equals_True1" time="0.0" />
  <testcase classname="gov.opm.scrd.entities.common.IdentifiableEntityUnitTests" name="test_equals_True2" time="0.0" />
  <testcase classname="gov.opm.scrd.entities.common.IdentifiableEntityUnitTests" name="test_hashCode" time="0.0" />
  <testcase classname="gov.opm.scrd.entities.common.IdentifiableEntityUnitTests" name="test_toString" time="0.152" />
  <testcase classname="gov.opm.scrd.entities.common.NamedEntityUnitTests" name="testCtor" time="0.0" />
  <testcase classname="gov.opm.scrd.entities.common.NamedEntityUnitTests" name="test_getName" time="0.0" />
  <testcase classname="gov.opm.scrd.entities.common.NamedEntityUnitTests" name="test_setName" time="0.0" />
  <testcase classname="gov.opm.scrd.entities.common.BaseSearchParametersUnitTests" name="testCtor" time="0.0" />
  <testcase classname="gov.opm.scrd.entities.common.BaseSearchParametersUnitTests" name="test_toString" time="0.0030" />
  <testcase classname="gov.opm.scrd.entities.common.BaseSearchParametersUnitTests" name="test_getSortColumn" time="0.0" />
  <testcase classname="gov.opm.scrd.entities.common.BaseSearchParametersUnitTests" name="test_setSortColumn" time="0.0" />
  <testcase classname="gov.opm.scrd.entities.common.BaseSearchParametersUnitTests" name="test_getSortOrder" time="0.0" />
  <testcase classname="gov.opm.scrd.entities.common.BaseSearchParametersUnitTests" name="test_setSortOrder" time="0.0" />
  <testcase classname="gov.opm.scrd.entities.common.BasicSearchFilterUnitTests" name="testCtor" time="0.0010" />
  <testcase classname="gov.opm.scrd.entities.common.BasePagedSearchParametersUnitTests" name="testCtor" time="0.0" />
  <testcase classname="gov.opm.scrd.entities.common.BasePagedSearchParametersUnitTests" name="test_getPageNumber" time="0.0" />
  <testcase classname="gov.opm.scrd.entities.common.BasePagedSearchParametersUnitTests" name="test_setPageNumber" time="0.0" />
  <testcase classname="gov.opm.scrd.entities.common.BasePagedSearchParametersUnitTests" name="test_getPageSize" time="0.0" />
  <testcase classname="gov.opm.scrd.entities.common.BasePagedSearchParametersUnitTests" name="test_setPageSize" time="0.0" />
  <testcase classname="gov.opm.scrd.entities.common.BasicPagedSearchFilterUnitTests" name="testCtor" time="0.0" />
  <testcase classname="gov.opm.scrd.entities.common.SearchResultUnitTests" name="testCtor" time="0.0" />
  <testcase classname="gov.opm.scrd.entities.common.SearchResultUnitTests" name="test_getTotal" time="0.0" />
  <testcase classname="gov.opm.scrd.entities.common.SearchResultUnitTests" name="test_setTotal" time="0.0" />
  <testcase classname="gov.opm.scrd.entities.common.SearchResultUnitTests" name="test_getTotalPageCount" time="0.0" />
  <testcase classname="gov.opm.scrd.entities.common.SearchResultUnitTests" name="test_setTotalPageCount" time="0.0" />
  <testcase classname="gov.opm.scrd.entities.common.SearchResultUnitTests" name="test_getItems" time="0.0" />
  <testcase classname="gov.opm.scrd.entities.common.SearchResultUnitTests" name="test_setItems" time="0.0" />
  <testcase classname="gov.opm.scrd.entities.application.PaymentsAppliedOrderCodeUnitTests" name="testCtor" time="0.0010" />
  <testcase classname="gov.opm.scrd.entities.application.PaymentsAppliedOrderCodeUnitTests" name="test_getDisplayOrder" time="0.0" />
  <testcase classname="gov.opm.scrd.entities.application.PaymentsAppliedOrderCodeUnitTests" name="test_setDisplayOrder" time="0.0" />
  <testcase classname="gov.opm.scrd.entities.application.PaymentsAppliedOrderCodeUnitTests" name="test_getPaymentAccount" time="0.0010" />
  <testcase classname="gov.opm.scrd.entities.application.PaymentsAppliedOrderCodeUnitTests" name="test_setPaymentAccount" time="0.0" />
  <testcase classname="gov.opm.scrd.entities.application.A01PrintSuppressionCasesUnitTests" name="testCtor" time="0.0" />
  <testcase classname="gov.opm.scrd.entities.application.A01PrintSuppressionCasesUnitTests" name="test_getClaimNumber" time="0.0" />
  <testcase classname="gov.opm.scrd.entities.application.A01PrintSuppressionCasesUnitTests" name="test_setClaimNumber" time="0.0" />
  <testcase classname="gov.opm.scrd.entities.application.A01PrintSuppressionCasesUnitTests" name="test_getReasonForPrintSuppression" time="0.0" />
  <testcase classname="gov.opm.scrd.entities.application.A01PrintSuppressionCasesUnitTests" name="test_setReasonForPrintSuppression" time="0.0" />
  <testcase classname="gov.opm.scrd.entities.application.AdjustmentTransactionUnitTests" name="testCtor" time="0.0" />
  <testcase classname="gov.opm.scrd.entities.application.AdjustmentTransactionUnitTests" name="test_getClaimNumber" time="0.0" />
  <testcase classname="gov.opm.scrd.entities.application.AdjustmentTransactionUnitTests" name="test_setClaimNumber" time="0.0010" />
  <testcase classname="gov.opm.scrd.entities.application.AdjustmentTransactionUnitTests" name="test_getPayTransactionKey" time="0.0" />
  <testcase classname="gov.opm.scrd.entities.application.AdjustmentTransactionUnitTests" name="test_setPayTransactionKey" time="0.0" />
  <testcase classname="gov.opm.scrd.entities.application.AdjustmentTransactionUnitTests" name="test_getAccIntDep" time="0.0" />
  <testcase classname="gov.opm.scrd.entities.application.AdjustmentTransactionUnitTests" name="test_setAccIntDep" time="0.0" />
  <testcase classname="gov.opm.scrd.entities.application.AdjustmentTransactionUnitTests" name="test_getAccIntRdep" time="0.0" />
  <testcase classname="gov.opm.scrd.entities.application.AdjustmentTransactionUnitTests" name="test_setAccIntRdep" time="0.0" />
  <testcase classname="gov.opm.scrd.entities.application.AdjustmentTransactionUnitTests" name="test_getAccIntNonDep" time="0.0" />
  <testcase classname="gov.opm.scrd.entities.application.AdjustmentTransactionUnitTests" name="test_setAccIntNonDep" time="0.0" />
  <testcase classname="gov.opm.scrd.entities.application.AdjustmentTransactionUnitTests" name="test_getAccIntVarRdep" time="0.0" />
  <testcase classname="gov.opm.scrd.entities.application.AdjustmentTransactionUnitTests" name="test_setAccIntVarRdep" time="0.0" />
  <testcase classname="gov.opm.scrd.entities.application.AdjustmentTransactionUnitTests" name="test_getAccIntDepFers" time="0.0" />
  <testcase classname="gov.opm.scrd.entities.application.AdjustmentTransactionUnitTests" name="test_setAccIntDepFers" time="0.0" />
  <testcase classname="gov.opm.scrd.entities.application.AdjustmentTransactionUnitTests" name="test_getModificationDate" time="0.0010" />
  <testcase classname="gov.opm.scrd.entities.application.AdjustmentTransactionUnitTests" name="test_setModificationDate" time="0.0" />
  <testcase classname="gov.opm.scrd.entities.application.AdjustmentTransactionUnitTests" name="test_getApprovalDate" time="0.0" />
  <testcase classname="gov.opm.scrd.entities.application.AdjustmentTransactionUnitTests" name="test_setApprovalDate" time="0.0" />
  <testcase classname="gov.opm.scrd.entities.application.AdjustmentTransactionUnitTests" name="test_getProcessedDate" time="0.0" />
  <testcase classname="gov.opm.scrd.entities.application.AdjustmentTransactionUnitTests" name="test_setProcessedDate" time="0.0" />
  <testcase classname="gov.opm.scrd.entities.application.AdjustmentTransactionUnitTests" name="test_getTechnicianUserKey" time="0.0010" />
  <testcase classname="gov.opm.scrd.entities.application.AdjustmentTransactionUnitTests" name="test_setTechnicianUserKey" time="0.0" />
  <testcase classname="gov.opm.scrd.entities.application.AdjustmentTransactionUnitTests" name="test_getManagerUserKey" time="0.0010" />
  <testcase classname="gov.opm.scrd.entities.application.AdjustmentTransactionUnitTests" name="test_setManagerUserKey" time="0.0" />
  <testcase classname="gov.opm.scrd.entities.application.AdjustmentTransactionUnitTests" name="test_getApproved" time="0.0" />
  <testcase classname="gov.opm.scrd.entities.application.AdjustmentTransactionUnitTests" name="test_setApproved" time="0.0" />
  <testcase classname="gov.opm.scrd.entities.application.AdjustmentTransactionUnitTests" name="test_getDisapproved" time="0.0" />
  <testcase classname="gov.opm.scrd.entities.application.AdjustmentTransactionUnitTests" name="test_setDisapproved" time="0.0" />
  <testcase classname="gov.opm.scrd.entities.application.AdjustmentTransactionUnitTests" name="test_getModified" time="0.0010" />
  <testcase classname="gov.opm.scrd.entities.application.AdjustmentTransactionUnitTests" name="test_setModified" time="0.0" />
  <testcase classname="gov.opm.scrd.entities.application.AdjustmentTransactionUnitTests" name="test_getNote" time="0.0" />
  <testcase classname="gov.opm.scrd.entities.application.AdjustmentTransactionUnitTests" name="test_setNote" time="0.0" />
  <testcase classname="gov.opm.scrd.entities.application.AnnuitantListUnitTests" name="testCtor" time="0.0" />
  <testcase classname="gov.opm.scrd.entities.application.AnnuitantListUnitTests" name="test_getClaimNumber" time="0.0" />
  <testcase classname="gov.opm.scrd.entities.application.AnnuitantListUnitTests" name="test_setClaimNumber" time="0.0" />
  <testcase classname="gov.opm.scrd.entities.application.AuditBatchUnitTests" name="testCtor" time="0.0010" />
  <testcase classname="gov.opm.scrd.entities.application.AuditBatchUnitTests" name="test_getEventYear" time="0.0" />
  <testcase classname="gov.opm.scrd.entities.application.AuditBatchUnitTests" name="test_setEventYear" time="0.0" />
  <testcase classname="gov.opm.scrd.entities.application.AuditBatchUnitTests" name="test_getEventMonth" time="0.0" />
  <testcase classname="gov.opm.scrd.entities.application.AuditBatchUnitTests" name="test_setEventMonth" time="0.0" />
  <testcase classname="gov.opm.scrd.entities.application.AuditBatchUnitTests" name="test_getEventDay" time="0.0" />
  <testcase classname="gov.opm.scrd.entities.application.AuditBatchUnitTests" name="test_setEventDay" time="0.0" />
  <testcase classname="gov.opm.scrd.entities.application.AuditBatchUnitTests" name="test_getFileReceived" time="0.0" />
  <testcase classname="gov.opm.scrd.entities.application.AuditBatchUnitTests" name="test_setFileReceived" time="0.0" />
  <testcase classname="gov.opm.scrd.entities.application.AuditBatchUnitTests" name="test_getDailyAction" time="0.0" />
  <testcase classname="gov.opm.scrd.entities.application.AuditBatchUnitTests" name="test_setDailyAction" time="0.0" />
  <testcase classname="gov.opm.scrd.entities.application.AuditBatchUnitTests" name="test_getManualBatch" time="0.0" />
  <testcase classname="gov.opm.scrd.entities.application.AuditBatchUnitTests" name="test_setManualBatch" time="0.0" />
  <testcase classname="gov.opm.scrd.entities.application.AuditBatchUnitTests" name="test_getErrorImporting" time="0.0" />
  <testcase classname="gov.opm.scrd.entities.application.AuditBatchUnitTests" name="test_setErrorImporting" time="0.0" />
  <testcase classname="gov.opm.scrd.entities.application.AuditBatchUnitTests" name="test_getErrorProcessing" time="0.0" />
  <testcase classname="gov.opm.scrd.entities.application.AuditBatchUnitTests" name="test_setErrorProcessing" time="0.0" />
  <testcase classname="gov.opm.scrd.entities.application.AuditBatchUnitTests" name="test_getLatestBatch" time="0.0" />
  <testcase classname="gov.opm.scrd.entities.application.AuditBatchUnitTests" name="test_setLatestBatch" time="0.0" />
  <testcase classname="gov.opm.scrd.entities.application.AuditBatchUnitTests" name="test_getAmountImported" time="0.0" />
  <testcase classname="gov.opm.scrd.entities.application.AuditBatchUnitTests" name="test_setAmountImported" time="0.0" />
  <testcase classname="gov.opm.scrd.entities.application.AuditBatchUnitTests" name="test_getAmountProcessed" time="0.0" />
  <testcase classname="gov.opm.scrd.entities.application.AuditBatchUnitTests" name="test_setAmountProcessed" time="0.0" />
  <testcase classname="gov.opm.scrd.entities.application.AuditBatchUnitTests" name="test_getNumberAccepted" time="0.0" />
  <testcase classname="gov.opm.scrd.entities.application.AuditBatchUnitTests" name="test_setNumberAccepted" time="0.0" />
  <testcase classname="gov.opm.scrd.entities.application.AuditBatchUnitTests" name="test_getNumberUnresolved" time="0.0" />
  <testcase classname="gov.opm.scrd.entities.application.AuditBatchUnitTests" name="test_setNumberUnresolved" time="0.0" />
  <testcase classname="gov.opm.scrd.entities.application.AuditBatchUnitTests" name="test_getNumberSuspended" time="0.0" />
  <testcase classname="gov.opm.scrd.entities.application.AuditBatchUnitTests" name="test_setNumberSuspended" time="0.0" />
  <testcase classname="gov.opm.scrd.entities.application.AuditBatchUnitTests" name="test_getNumberAchAccepted" time="0.0" />
  <testcase classname="gov.opm.scrd.entities.application.AuditBatchUnitTests" name="test_setNumberAchAccepted" time="0.0" />
  <testcase classname="gov.opm.scrd.entities.application.AuditBatchUnitTests" name="test_getNumberAchUnresolved" time="0.0" />
  <testcase classname="gov.opm.scrd.entities.application.AuditBatchUnitTests" name="test_setNumberAchUnresolved" time="0.0" />
  <testcase classname="gov.opm.scrd.entities.application.AuditBatchUnitTests" name="test_getNumberAchSuspended" time="0.0010" />
  <testcase classname="gov.opm.scrd.entities.application.AuditBatchUnitTests" name="test_setNumberAchSuspended" time="0.0" />
  <testcase classname="gov.opm.scrd.entities.application.AuditBatchUnitTests" name="test_getNumberChangeRequests" time="0.0" />
  <testcase classname="gov.opm.scrd.entities.application.AuditBatchUnitTests" name="test_setNumberChangeRequests" time="0.0" />
  <testcase classname="gov.opm.scrd.entities.application.AuditBatchUnitTests" name="test_getPaymentsProcessed" time="0.0" />
  <testcase classname="gov.opm.scrd.entities.application.AuditBatchUnitTests" name="test_setPaymentsProcessed" time="0.0" />
  <testcase classname="gov.opm.scrd.entities.application.AuditBatchUnitTests" name="test_getInitialBillsProcessed" time="0.0" />
  <testcase classname="gov.opm.scrd.entities.application.AuditBatchUnitTests" name="test_setInitialBillsProcessed" time="0.0010" />
  <testcase classname="gov.opm.scrd.entities.application.AuditBatchUnitTests" name="test_getReversedProcessed" time="0.0" />
  <testcase classname="gov.opm.scrd.entities.application.AuditBatchUnitTests" name="test_setReversedProcessed" time="0.0" />
  <testcase classname="gov.opm.scrd.entities.application.AuditBatchUnitTests" name="test_getAchStopLetters" time="0.0" />
  <testcase classname="gov.opm.scrd.entities.application.AuditBatchUnitTests" name="test_setAchStopLetters" time="0.0" />
  <testcase classname="gov.opm.scrd.entities.application.AuditBatchUnitTests" name="test_getRefundMemos" time="0.0" />
  <testcase classname="gov.opm.scrd.entities.application.AuditBatchUnitTests" name="test_setRefundMemos" time="0.0" />
  <testcase classname="gov.opm.scrd.entities.application.AuditBatchUnitTests" name="test_getErrorCountProcessing" time="0.0" />
  <testcase classname="gov.opm.scrd.entities.application.AuditBatchUnitTests" name="test_setErrorCountProcessing" time="0.0" />
  <testcase classname="gov.opm.scrd.entities.application.AuditBatchUnitTests" name="test_getUserKey" time="0.0" />
  <testcase classname="gov.opm.scrd.entities.application.AuditBatchUnitTests" name="test_setUserKey" time="0.0" />
  <testcase classname="gov.opm.scrd.entities.application.AuditBatchUnitTests" name="test_getBatchTime" time="0.0010" />
  <testcase classname="gov.opm.scrd.entities.application.AuditBatchUnitTests" name="test_setBatchTime" time="0.0" />
  <testcase classname="gov.opm.scrd.entities.application.BatchDailyPaymentsUnitTests" name="testCtor" time="0.0010" />
  <testcase classname="gov.opm.scrd.entities.application.BatchDailyPaymentsUnitTests" name="test_getClaimNumber" time="0.0" />
  <testcase classname="gov.opm.scrd.entities.application.BatchDailyPaymentsUnitTests" name="test_setClaimNumber" time="0.0" />
  <testcase classname="gov.opm.scrd.entities.application.BatchDailyPaymentsUnitTests" name="test_getPayTransactionKey" time="0.0" />
  <testcase classname="gov.opm.scrd.entities.application.BatchDailyPaymentsUnitTests" name="test_setPayTransactionKey" time="0.0" />
  <testcase classname="gov.opm.scrd.entities.application.BatchDailyPaymentsUnitTests" name="test_getErrorProcessing" time="0.0" />
  <testcase classname="gov.opm.scrd.entities.application.BatchDailyPaymentsUnitTests" name="test_setErrorProcessing" time="0.0" />
  <testcase classname="gov.opm.scrd.entities.application.BatchDailyPaymentsUnitTests" name="test_getLatestBatch" time="0.0" />
  <testcase classname="gov.opm.scrd.entities.application.BatchDailyPaymentsUnitTests" name="test_setLatestBatch" time="0.0" />
  <testcase classname="gov.opm.scrd.entities.application.BatchDailyPaymentsUnitTests" name="test_getBatchTime" time="0.0" />
  <testcase classname="gov.opm.scrd.entities.application.BatchDailyPaymentsUnitTests" name="test_setBatchTime" time="0.0" />
  <testcase classname="gov.opm.scrd.entities.application.BatchDailyPaymentsUnitTests" name="test_getAuditBatchId" time="0.0" />
  <testcase classname="gov.opm.scrd.entities.application.BatchDailyPaymentsUnitTests" name="test_setAuditBatchId" time="0.0010" />
  <testcase classname="gov.opm.scrd.entities.application.BatchDailyPaymentsUnitTests" name="test_getNumberPaymentToday" time="0.0" />
  <testcase classname="gov.opm.scrd.entities.application.BatchDailyPaymentsUnitTests" name="test_setNumberPaymentToday" time="0.0" />
  <testcase classname="gov.opm.scrd.entities.application.BatchDailyPaymentsUnitTests" name="test_getAccountStatus" time="0.0010" />
  <testcase classname="gov.opm.scrd.entities.application.BatchDailyPaymentsUnitTests" name="test_setAccountStatus" time="0.0" />
  <testcase classname="gov.opm.scrd.entities.application.BatchDailyPaymentsUnitTests" name="test_getPayTransStatusCode" time="0.0" />
  <testcase classname="gov.opm.scrd.entities.application.BatchDailyPaymentsUnitTests" name="test_setPayTransStatusCode" time="0.0" />
  <testcase classname="gov.opm.scrd.entities.application.BatchDailyPaymentsUnitTests" name="test_getAccountBalance" time="0.0" />
  <testcase classname="gov.opm.scrd.entities.application.BatchDailyPaymentsUnitTests" name="test_setAccountBalance" time="0.0" />
  <testcase classname="gov.opm.scrd.entities.application.BatchDailyPaymentsUnitTests" name="test_getOverPaymentAmount" time="0.0" />
  <testcase classname="gov.opm.scrd.entities.application.BatchDailyPaymentsUnitTests" name="test_setOverPaymentAmount" time="0.0" />
  <testcase classname="gov.opm.scrd.entities.application.BatchDailyPaymentsUnitTests" name="test_getAchPayment" time="0.0" />
  <testcase classname="gov.opm.scrd.entities.application.BatchDailyPaymentsUnitTests" name="test_setAchPayment" time="0.0" />
  <testcase classname="gov.opm.scrd.entities.application.BatchDailyPaymentsUnitTests" name="test_getAchStopLetter" time="0.0" />
  <testcase classname="gov.opm.scrd.entities.application.BatchDailyPaymentsUnitTests" name="test_setAchStopLetter" time="0.0" />
  <testcase classname="gov.opm.scrd.entities.application.BatchDailyPaymentsUnitTests" name="test_getPrintInvoice" time="0.0" />
  <testcase classname="gov.opm.scrd.entities.application.BatchDailyPaymentsUnitTests" name="test_setPrintInvoice" time="0.0" />
  <testcase classname="gov.opm.scrd.entities.application.BatchDailyPaymentsUnitTests" name="test_getRefundRequired" time="0.0" />
  <testcase classname="gov.opm.scrd.entities.application.BatchDailyPaymentsUnitTests" name="test_setRefundRequired" time="0.0" />
  <testcase classname="gov.opm.scrd.entities.application.BatchDailyPaymentsUnitTests" name="test_getReversedPayment" time="0.0" />
  <testcase classname="gov.opm.scrd.entities.application.BatchDailyPaymentsUnitTests" name="test_setReversedPayment" time="0.0" />
  <testcase classname="gov.opm.scrd.entities.application.BatchDailyPaymentsUnitTests" name="test_getUpdateToCompleted" time="0.0" />
  <testcase classname="gov.opm.scrd.entities.application.BatchDailyPaymentsUnitTests" name="test_setUpdateToCompleted" time="0.0" />
  <testcase classname="gov.opm.scrd.entities.application.BatchDailyPaymentsUnitTests" name="test_getPrintInitialBill" time="0.0" />
  <testcase classname="gov.opm.scrd.entities.application.BatchDailyPaymentsUnitTests" name="test_setPrintInitialBill" time="0.0" />
  <testcase classname="gov.opm.scrd.entities.application.ClaimWithoutServiceUnitTests" name="testCtor" time="0.0" />
  <testcase classname="gov.opm.scrd.entities.application.ClaimWithoutServiceUnitTests" name="test_getClaimNumber" time="0.0010" />
  <testcase classname="gov.opm.scrd.entities.application.ClaimWithoutServiceUnitTests" name="test_setClaimNumber" time="0.0" />
  <testcase classname="gov.opm.scrd.entities.application.ClaimWithoutServiceUnitTests" name="test_getDateOfBirth" time="0.0" />
  <testcase classname="gov.opm.scrd.entities.application.ClaimWithoutServiceUnitTests" name="test_setDateOfBirth" time="0.0" />
  <testcase classname="gov.opm.scrd.entities.application.ContactInfoUnitTests" name="testCtor" time="0.0" />
  <testcase classname="gov.opm.scrd.entities.application.ContactInfoUnitTests" name="test_getName" time="0.0" />
  <testcase classname="gov.opm.scrd.entities.application.ContactInfoUnitTests" name="test_setName" time="0.0" />
  <testcase classname="gov.opm.scrd.entities.application.ContactInfoUnitTests" name="test_getText" time="0.0" />
  <testcase classname="gov.opm.scrd.entities.application.ContactInfoUnitTests" name="test_setText" time="0.0" />
  <testcase classname="gov.opm.scrd.entities.application.DeductionRateUnitTests" name="testCtor" time="0.0" />
  <testcase classname="gov.opm.scrd.entities.application.DeductionRateUnitTests" name="test_getServiceType" time="0.0" />
  <testcase classname="gov.opm.scrd.entities.application.DeductionRateUnitTests" name="test_setServiceType" time="0.0" />
  <testcase classname="gov.opm.scrd.entities.application.DeductionRateUnitTests" name="test_getRetirementType" time="0.0" />
  <testcase classname="gov.opm.scrd.entities.application.DeductionRateUnitTests" name="test_setRetirementType" time="0.0" />
  <testcase classname="gov.opm.scrd.entities.application.DeductionRateUnitTests" name="test_getStartDate" time="0.0" />
  <testcase classname="gov.opm.scrd.entities.application.DeductionRateUnitTests" name="test_setStartDate" time="0.0" />
  <testcase classname="gov.opm.scrd.entities.application.DeductionRateUnitTests" name="test_getEndDate" time="0.0" />
  <testcase classname="gov.opm.scrd.entities.application.DeductionRateUnitTests" name="test_setEndDate" time="0.0" />
  <testcase classname="gov.opm.scrd.entities.application.DeductionRateUnitTests" name="test_getDaysInPeriod" time="0.0" />
  <testcase classname="gov.opm.scrd.entities.application.DeductionRateUnitTests" name="test_setDaysInPeriod" time="0.0" />
  <testcase classname="gov.opm.scrd.entities.application.DeductionRateUnitTests" name="test_getRate" time="0.0" />
  <testcase classname="gov.opm.scrd.entities.application.DeductionRateUnitTests" name="test_setRate" time="0.0010" />
  <testcase classname="gov.opm.scrd.entities.application.DeductionRateUnitTests" name="test_getServiceTypeDescription" time="0.0" />
  <testcase classname="gov.opm.scrd.entities.application.DeductionRateUnitTests" name="test_setServiceTypeDescription" time="0.0" />
  <testcase classname="gov.opm.scrd.entities.application.DeductionRateUnitTests" name="test_getDeductionConversionFactor" time="0.0010" />
  <testcase classname="gov.opm.scrd.entities.application.DeductionRateUnitTests" name="test_setDeductionConversionFactor" time="0.0" />
  <testcase classname="gov.opm.scrd.entities.application.GLCodeUnitTests" name="testCtor" time="0.0" />
  <testcase classname="gov.opm.scrd.entities.application.GLCodeUnitTests" name="test_getName" time="0.0" />
  <testcase classname="gov.opm.scrd.entities.application.GLCodeUnitTests" name="test_setName" time="0.0" />
  <testcase classname="gov.opm.scrd.entities.application.GLCodeUnitTests" name="test_getRetirementType" time="0.0" />
  <testcase classname="gov.opm.scrd.entities.application.GLCodeUnitTests" name="test_setRetirementType" time="0.0" />
  <testcase classname="gov.opm.scrd.entities.application.GLCodeUnitTests" name="test_getCode" time="0.0" />
  <testcase classname="gov.opm.scrd.entities.application.GLCodeUnitTests" name="test_setCode" time="0.0" />
  <testcase classname="gov.opm.scrd.entities.application.GLCodeUnitTests" name="test_getPaymentType" time="0.0" />
  <testcase classname="gov.opm.scrd.entities.application.GLCodeUnitTests" name="test_setPaymentType" time="0.0" />
  <testcase classname="gov.opm.scrd.entities.application.GLCodeUnitTests" name="test_getPostOffice" time="0.0" />
  <testcase classname="gov.opm.scrd.entities.application.GLCodeUnitTests" name="test_setPostOffice" time="0.0" />
  <testcase classname="gov.opm.scrd.entities.application.GLPaymentTypeUnitTests" name="testCtor" time="0.0" />
  <testcase classname="gov.opm.scrd.entities.application.GLPaymentTypeUnitTests" name="test_getPaymentCode" time="0.0" />
  <testcase classname="gov.opm.scrd.entities.application.GLPaymentTypeUnitTests" name="test_setPaymentCode" time="0.0" />
  <testcase classname="gov.opm.scrd.entities.application.GLPaymentTypeUnitTests" name="test_getCodeDescription" time="0.0" />
  <testcase classname="gov.opm.scrd.entities.application.GLPaymentTypeUnitTests" name="test_setCodeDescription" time="0.0" />
  <testcase classname="gov.opm.scrd.entities.application.HolidayUnitTests" name="testCtor" time="0.0" />
  <testcase classname="gov.opm.scrd.entities.application.HolidayUnitTests" name="test_getHoliday" time="0.0010" />
  <testcase classname="gov.opm.scrd.entities.application.HolidayUnitTests" name="test_setHoliday" time="0.0" />
  <testcase classname="gov.opm.scrd.entities.application.HolidayUnitTests" name="test_getExactDate" time="0.0" />
  <testcase classname="gov.opm.scrd.entities.application.HolidayUnitTests" name="test_setExactDate" time="0.0" />
  <testcase classname="gov.opm.scrd.entities.application.HolidayUnitTests" name="test_getWeekDay" time="0.0" />
  <testcase classname="gov.opm.scrd.entities.application.HolidayUnitTests" name="test_setWeekDay" time="0.0" />
  <testcase classname="gov.opm.scrd.entities.application.HolidayUnitTests" name="test_getMonthNumber" time="0.0" />
  <testcase classname="gov.opm.scrd.entities.application.HolidayUnitTests" name="test_setMonthNumber" time="0.0" />
  <testcase classname="gov.opm.scrd.entities.application.HolidayUnitTests" name="test_getDayOfMonth" time="0.0" />
  <testcase classname="gov.opm.scrd.entities.application.HolidayUnitTests" name="test_setDayOfMonth" time="0.0" />
  <testcase classname="gov.opm.scrd.entities.application.HolidayUnitTests" name="test_getWeekOfMonth" time="0.0" />
  <testcase classname="gov.opm.scrd.entities.application.HolidayUnitTests" name="test_setWeekOfMonth" time="0.0" />
  <testcase classname="gov.opm.scrd.entities.application.HolidayUnitTests" name="test_getHolidayId" time="0.0" />
  <testcase classname="gov.opm.scrd.entities.application.HolidayUnitTests" name="test_setHolidayId" time="0.0" />
  <testcase classname="gov.opm.scrd.entities.application.InterestGracePeriodUnitTests" name="testCtor" time="0.0" />
  <testcase classname="gov.opm.scrd.entities.application.InterestGracePeriodUnitTests" name="test_getClaimNumber" time="0.0" />
  <testcase classname="gov.opm.scrd.entities.application.InterestGracePeriodUnitTests" name="test_setClaimNumber" time="0.0010" />
  <testcase classname="gov.opm.scrd.entities.application.InterestGracePeriodUnitTests" name="test_getPost982Redeposit" time="0.0" />
  <testcase classname="gov.opm.scrd.entities.application.InterestGracePeriodUnitTests" name="test_setPost982Redeposit" time="0.0" />
  <testcase classname="gov.opm.scrd.entities.application.InterestGracePeriodUnitTests" name="test_getPre1082Redeposit" time="0.0030" />
  <testcase classname="gov.opm.scrd.entities.application.InterestGracePeriodUnitTests" name="test_setPre1082Redeposit" time="0.0" />
  <testcase classname="gov.opm.scrd.entities.application.InterestGracePeriodUnitTests" name="test_getPost982Deposit" time="0.0" />
  <testcase classname="gov.opm.scrd.entities.application.InterestGracePeriodUnitTests" name="test_setPost982Deposit" time="0.0" />
  <testcase classname="gov.opm.scrd.entities.application.InterestGracePeriodUnitTests" name="test_getPre1082Deposit" time="0.0" />
  <testcase classname="gov.opm.scrd.entities.application.InterestGracePeriodUnitTests" name="test_setPre1082Deposit" time="0.0" />
  <testcase classname="gov.opm.scrd.entities.application.InterestGracePeriodUnitTests" name="test_getFersDeposit" time="0.0030" />
  <testcase classname="gov.opm.scrd.entities.application.InterestGracePeriodUnitTests" name="test_setFersDeposit" time="0.0" />
  <testcase classname="gov.opm.scrd.entities.application.InterestRateUnitTests" name="testCtor" time="0.0" />
  <testcase classname="gov.opm.scrd.entities.application.InterestRateUnitTests" name="test_getInterestYear" time="0.0" />
  <testcase classname="gov.opm.scrd.entities.application.InterestRateUnitTests" name="test_setInterestYear" time="0.0010" />
  <testcase classname="gov.opm.scrd.entities.application.InterestRateUnitTests" name="test_getInterestRate" time="0.0" />
  <testcase classname="gov.opm.scrd.entities.application.InterestRateUnitTests" name="test_setInterestRate" time="0.0" />
  <testcase classname="gov.opm.scrd.entities.application.InterestSuppressionUnitTests" name="testCtor" time="0.0" />
  <testcase classname="gov.opm.scrd.entities.application.InterestSuppressionUnitTests" name="test_getClaimNumber" time="0.0" />
  <testcase classname="gov.opm.scrd.entities.application.InterestSuppressionUnitTests" name="test_setClaimNumber" time="0.0" />
  <testcase classname="gov.opm.scrd.entities.application.InterestSuppressionUnitTests" name="test_getPost982Redeposit" time="0.0" />
  <testcase classname="gov.opm.scrd.entities.application.InterestSuppressionUnitTests" name="test_setPost982Redeposit" time="0.0" />
  <testcase classname="gov.opm.scrd.entities.application.InterestSuppressionUnitTests" name="test_getPre1082Redeposit" time="0.0" />
  <testcase classname="gov.opm.scrd.entities.application.InterestSuppressionUnitTests" name="test_setPre1082Redeposit" time="0.0" />
  <testcase classname="gov.opm.scrd.entities.application.InterestSuppressionUnitTests" name="test_getPost982Deposit" time="0.0" />
  <testcase classname="gov.opm.scrd.entities.application.InterestSuppressionUnitTests" name="test_setPost982Deposit" time="0.0" />
  <testcase classname="gov.opm.scrd.entities.application.InterestSuppressionUnitTests" name="test_getPre1082Deposit" time="0.0" />
  <testcase classname="gov.opm.scrd.entities.application.InterestSuppressionUnitTests" name="test_setPre1082Deposit" time="0.0" />
  <testcase classname="gov.opm.scrd.entities.application.InterestSuppressionUnitTests" name="test_getFersDeposit" time="0.0010" />
  <testcase classname="gov.opm.scrd.entities.application.InterestSuppressionUnitTests" name="test_setFersDeposit" time="0.0" />
  <testcase classname="gov.opm.scrd.entities.application.InvoiceUnitTests" name="testCtor" time="0.0" />
  <testcase classname="gov.opm.scrd.entities.application.InvoiceUnitTests" name="test_getPayTransactionKey" time="0.0" />
  <testcase classname="gov.opm.scrd.entities.application.InvoiceUnitTests" name="test_setPayTransactionKey" time="0.0010" />
  <testcase classname="gov.opm.scrd.entities.application.InvoiceUnitTests" name="test_getAccIntDep" time="0.0" />
  <testcase classname="gov.opm.scrd.entities.application.InvoiceUnitTests" name="test_setAccIntDep" time="0.0" />
  <testcase classname="gov.opm.scrd.entities.application.InvoiceUnitTests" name="test_getAccIntRdep" time="0.0" />
  <testcase classname="gov.opm.scrd.entities.application.InvoiceUnitTests" name="test_setAccIntRdep" time="0.0" />
  <testcase classname="gov.opm.scrd.entities.application.InvoiceUnitTests" name="test_getAccIntNonDep" time="0.0" />
  <testcase classname="gov.opm.scrd.entities.application.InvoiceUnitTests" name="test_setAccIntNonDep" time="0.0" />
  <testcase classname="gov.opm.scrd.entities.application.InvoiceUnitTests" name="test_getAccIntVarRdep" time="0.0" />
  <testcase classname="gov.opm.scrd.entities.application.InvoiceUnitTests" name="test_setAccIntVarRdep" time="0.0" />
  <testcase classname="gov.opm.scrd.entities.application.InvoiceUnitTests" name="test_getDeposit" time="0.0" />
  <testcase classname="gov.opm.scrd.entities.application.InvoiceUnitTests" name="test_setDeposit" time="0.0" />
  <testcase classname="gov.opm.scrd.entities.application.InvoiceUnitTests" name="test_getRedeposit" time="0.0" />
  <testcase classname="gov.opm.scrd.entities.application.InvoiceUnitTests" name="test_setRedeposit" time="0.0" />
  <testcase classname="gov.opm.scrd.entities.application.InvoiceUnitTests" name="test_getTotVarRedeposit" time="0.0" />
  <testcase classname="gov.opm.scrd.entities.application.InvoiceUnitTests" name="test_setTotVarRedeposit" time="0.0" />
  <testcase classname="gov.opm.scrd.entities.application.InvoiceUnitTests" name="test_getNonDed" time="0.0" />
  <testcase classname="gov.opm.scrd.entities.application.InvoiceUnitTests" name="test_setNonDed" time="0.0" />
  <testcase classname="gov.opm.scrd.entities.application.InvoiceUnitTests" name="test_getFersW" time="0.0" />
  <testcase classname="gov.opm.scrd.entities.application.InvoiceUnitTests" name="test_setFersW" time="0.0" />
  <testcase classname="gov.opm.scrd.entities.application.InvoiceUnitTests" name="test_getAccIntFers" time="0.0" />
  <testcase classname="gov.opm.scrd.entities.application.InvoiceUnitTests" name="test_setAccIntFers" time="0.0" />
  <testcase classname="gov.opm.scrd.entities.application.InvoiceUnitTests" name="test_getTotPayd" time="0.0" />
  <testcase classname="gov.opm.scrd.entities.application.InvoiceUnitTests" name="test_setTotPayd" time="0.0" />
  <testcase classname="gov.opm.scrd.entities.application.InvoiceUnitTests" name="test_getTotPayr" time="0.0" />
  <testcase classname="gov.opm.scrd.entities.application.InvoiceUnitTests" name="test_setTotPayr" time="0.0" />
  <testcase classname="gov.opm.scrd.entities.application.InvoiceUnitTests" name="test_getTotPayn" time="0.0" />
  <testcase classname="gov.opm.scrd.entities.application.InvoiceUnitTests" name="test_setTotPayn" time="0.0" />
  <testcase classname="gov.opm.scrd.entities.application.InvoiceUnitTests" name="test_getTotPayvr" time="0.0" />
  <testcase classname="gov.opm.scrd.entities.application.InvoiceUnitTests" name="test_setTotPayvr" time="0.0010" />
  <testcase classname="gov.opm.scrd.entities.application.InvoiceUnitTests" name="test_getTotPayfers" time="0.0010" />
  <testcase classname="gov.opm.scrd.entities.application.InvoiceUnitTests" name="test_setTotPayfers" time="0.0010" />
  <testcase classname="gov.opm.scrd.entities.application.InvoiceUnitTests" name="test_getLastPay" time="0.0" />
  <testcase classname="gov.opm.scrd.entities.application.InvoiceUnitTests" name="test_setLastPay" time="0.0" />
  <testcase classname="gov.opm.scrd.entities.application.InvoiceUnitTests" name="test_getCalcDate" time="0.0" />
  <testcase classname="gov.opm.scrd.entities.application.InvoiceUnitTests" name="test_setCalcDate" time="0.0" />
  <testcase classname="gov.opm.scrd.entities.application.InvoiceUnitTests" name="test_getLastInvoiceId" time="0.0" />
  <testcase classname="gov.opm.scrd.entities.application.InvoiceUnitTests" name="test_setLastInvoiceId" time="0.0" />
  <testcase classname="gov.opm.scrd.entities.application.NewClaimNumberUnitTests" name="testCtor" time="0.0" />
  <testcase classname="gov.opm.scrd.entities.application.NewClaimNumberUnitTests" name="test_getClaimNumber" time="0.0" />
  <testcase classname="gov.opm.scrd.entities.application.NewClaimNumberUnitTests" name="test_setClaimNumber" time="0.0" />
  <testcase classname="gov.opm.scrd.entities.application.PaymentInterestDetailUnitTests" name="testCtor" time="0.0" />
  <testcase classname="gov.opm.scrd.entities.application.PaymentInterestDetailUnitTests" name="test_getPayTransactionKey" time="0.0" />
  <testcase classname="gov.opm.scrd.entities.application.PaymentInterestDetailUnitTests" name="test_setPayTransactionKey" time="0.0010" />
  <testcase classname="gov.opm.scrd.entities.application.PaymentInterestDetailUnitTests" name="test_getAccountType" time="0.0" />
  <testcase classname="gov.opm.scrd.entities.application.PaymentInterestDetailUnitTests" name="test_setAccountType" time="0.0" />
  <testcase classname="gov.opm.scrd.entities.application.PaymentInterestDetailUnitTests" name="test_getNumWholeYears" time="0.0" />
  <testcase classname="gov.opm.scrd.entities.application.PaymentInterestDetailUnitTests" name="test_setNumWholeYears" time="0.0" />
  <testcase classname="gov.opm.scrd.entities.application.PaymentInterestDetailUnitTests" name="test_getCalculatedInterest" time="0.0" />
  <testcase classname="gov.opm.scrd.entities.application.PaymentInterestDetailUnitTests" name="test_setCalculatedInterest" time="0.0" />
  <testcase classname="gov.opm.scrd.entities.application.PaymentInterestDetailUnitTests" name="test_getLastPayToEOYFactor" time="0.0010" />
  <testcase classname="gov.opm.scrd.entities.application.PaymentInterestDetailUnitTests" name="test_setLastPayToEOYFactor" time="0.0" />
  <testcase classname="gov.opm.scrd.entities.application.PaymentInterestDetailUnitTests" name="test_getPartialToThisPayFactor" time="0.0" />
  <testcase classname="gov.opm.scrd.entities.application.PaymentInterestDetailUnitTests" name="test_setPartialToThisPayFactor" time="0.0" />
  <testcase classname="gov.opm.scrd.entities.application.PaymentInterestDetailUnitTests" name="test_getThisInterestRate" time="0.0" />
  <testcase classname="gov.opm.scrd.entities.application.PaymentInterestDetailUnitTests" name="test_setThisInterestRate" time="0.0" />
  <testcase classname="gov.opm.scrd.entities.application.PaymentInterestDetailUnitTests" name="test_getLastPaymentDate" time="0.0" />
  <testcase classname="gov.opm.scrd.entities.application.PaymentInterestDetailUnitTests" name="test_setLastPaymentDate" time="0.0" />
  <testcase classname="gov.opm.scrd.entities.application.PaymentInterestDetailUnitTests" name="test_getTransactionDate" time="0.0" />
  <testcase classname="gov.opm.scrd.entities.application.PaymentInterestDetailUnitTests" name="test_setTransactionDate" time="0.0" />
  <testcase classname="gov.opm.scrd.entities.application.PaymentInterestDetailUnitTests" name="test_getComputedDate" time="0.0" />
  <testcase classname="gov.opm.scrd.entities.application.PaymentInterestDetailUnitTests" name="test_setComputedDate" time="0.0010" />
  <testcase classname="gov.opm.scrd.entities.application.PaymentInterestDetailUnitTests" name="test_getPost" time="0.0" />
  <testcase classname="gov.opm.scrd.entities.application.PaymentInterestDetailUnitTests" name="test_setPost" time="0.0" />
  <testcase classname="gov.opm.scrd.entities.application.PaymentInterestDetailUnitTests" name="test_getGui" time="0.0010" />
  <testcase classname="gov.opm.scrd.entities.application.PaymentInterestDetailUnitTests" name="test_setGui" time="0.0" />
  <testcase classname="gov.opm.scrd.entities.application.PaymentInterestDetailUnitTests" name="test_getLastPaymentWasThisYear" time="0.0" />
  <testcase classname="gov.opm.scrd.entities.application.PaymentInterestDetailUnitTests" name="test_setLastPaymentWasThisYear" time="0.0" />
  <testcase classname="gov.opm.scrd.entities.application.PaymentMoveTransactionUnitTests" name="testCtor" time="0.0" />
  <testcase classname="gov.opm.scrd.entities.application.PaymentMoveTransactionUnitTests" name="test_getClaimNumber" time="0.0" />
  <testcase classname="gov.opm.scrd.entities.application.PaymentMoveTransactionUnitTests" name="test_setClaimNumber" time="0.0" />
  <testcase classname="gov.opm.scrd.entities.application.PaymentMoveTransactionUnitTests" name="test_getPayTransactionKey" time="0.0" />
  <testcase classname="gov.opm.scrd.entities.application.PaymentMoveTransactionUnitTests" name="test_setPayTransactionKey" time="0.0" />
  <testcase classname="gov.opm.scrd.entities.application.PaymentMoveTransactionUnitTests" name="test_getModificationDate" time="0.0" />
  <testcase classname="gov.opm.scrd.entities.application.PaymentMoveTransactionUnitTests" name="test_setModificationDate" time="0.0010" />
  <testcase classname="gov.opm.scrd.entities.application.PaymentMoveTransactionUnitTests" name="test_getApprovalDate" time="0.0" />
  <testcase classname="gov.opm.scrd.entities.application.PaymentMoveTransactionUnitTests" name="test_setApprovalDate" time="0.0" />
  <testcase classname="gov.opm.scrd.entities.application.PaymentMoveTransactionUnitTests" name="test_getProcessedDate" time="0.0" />
  <testcase classname="gov.opm.scrd.entities.application.PaymentMoveTransactionUnitTests" name="test_setProcessedDate" time="0.0" />
  <testcase classname="gov.opm.scrd.entities.application.PaymentMoveTransactionUnitTests" name="test_getTechnicianUserKey" time="0.0" />
  <testcase classname="gov.opm.scrd.entities.application.PaymentMoveTransactionUnitTests" name="test_setTechnicianUserKey" time="0.0" />
  <testcase classname="gov.opm.scrd.entities.application.PaymentMoveTransactionUnitTests" name="test_getManagerUserKey" time="0.0" />
  <testcase classname="gov.opm.scrd.entities.application.PaymentMoveTransactionUnitTests" name="test_setManagerUserKey" time="0.0" />
  <testcase classname="gov.opm.scrd.entities.application.PaymentMoveTransactionUnitTests" name="test_getApproved" time="0.0" />
  <testcase classname="gov.opm.scrd.entities.application.PaymentMoveTransactionUnitTests" name="test_setApproved" time="0.0" />
  <testcase classname="gov.opm.scrd.entities.application.PaymentMoveTransactionUnitTests" name="test_getDisapproved" time="0.0" />
  <testcase classname="gov.opm.scrd.entities.application.PaymentMoveTransactionUnitTests" name="test_setDisapproved" time="0.0" />
  <testcase classname="gov.opm.scrd.entities.application.PaymentMoveTransactionUnitTests" name="test_getModified" time="0.0" />
  <testcase classname="gov.opm.scrd.entities.application.PaymentMoveTransactionUnitTests" name="test_setModified" time="0.0" />
  <testcase classname="gov.opm.scrd.entities.application.PaymentMoveTransactionUnitTests" name="test_getNote" time="0.0010" />
  <testcase classname="gov.opm.scrd.entities.application.PaymentMoveTransactionUnitTests" name="test_setNote" time="0.0" />
  <testcase classname="gov.opm.scrd.entities.application.PaymentMoveTransactionUnitTests" name="test_getTotPayd" time="0.0" />
  <testcase classname="gov.opm.scrd.entities.application.PaymentMoveTransactionUnitTests" name="test_setTotPayd" time="0.0" />
  <testcase classname="gov.opm.scrd.entities.application.PaymentMoveTransactionUnitTests" name="test_getTotPayr" time="0.0010" />
  <testcase classname="gov.opm.scrd.entities.application.PaymentMoveTransactionUnitTests" name="test_setTotPayr" time="0.0" />
  <testcase classname="gov.opm.scrd.entities.application.PaymentMoveTransactionUnitTests" name="test_getTotPayn" time="0.0" />
  <testcase classname="gov.opm.scrd.entities.application.PaymentMoveTransactionUnitTests" name="test_setTotPayn" time="0.0" />
  <testcase classname="gov.opm.scrd.entities.application.PaymentMoveTransactionUnitTests" name="test_getTotPayvr" time="0.0" />
  <testcase classname="gov.opm.scrd.entities.application.PaymentMoveTransactionUnitTests" name="test_setTotPayvr" time="0.0" />
  <testcase classname="gov.opm.scrd.entities.application.PaymentMoveTransactionUnitTests" name="test_getTotPayfers" time="0.0" />
  <testcase classname="gov.opm.scrd.entities.application.PaymentMoveTransactionUnitTests" name="test_setTotPayfers" time="0.0" />
  <testcase classname="gov.opm.scrd.entities.application.PaymentRefundLinkUnitTests" name="testCtor" time="0.0" />
  <testcase classname="gov.opm.scrd.entities.application.PaymentRefundLinkUnitTests" name="test_getPaymentNeedingRefund" time="0.0" />
  <testcase classname="gov.opm.scrd.entities.application.PaymentRefundLinkUnitTests" name="test_setPaymentNeedingRefund" time="0.0" />
  <testcase classname="gov.opm.scrd.entities.application.PaymentRefundLinkUnitTests" name="test_getRefundForPayment" time="0.0" />
  <testcase classname="gov.opm.scrd.entities.application.PaymentRefundLinkUnitTests" name="test_setRefundForPayment" time="0.0" />
  <testcase classname="gov.opm.scrd.entities.application.PaymentTransactionNoteUnitTests" name="testCtor" time="0.0" />
  <testcase classname="gov.opm.scrd.entities.application.PaymentTransactionNoteUnitTests" name="test_getPayTransactionKey" time="0.0" />
  <testcase classname="gov.opm.scrd.entities.application.PaymentTransactionNoteUnitTests" name="test_setPayTransactionKey" time="0.0" />
  <testcase classname="gov.opm.scrd.entities.application.PaymentTransactionNoteUnitTests" name="test_getNote" time="0.0010" />
  <testcase classname="gov.opm.scrd.entities.application.PaymentTransactionNoteUnitTests" name="test_setNote" time="0.0" />
  <testcase classname="gov.opm.scrd.entities.application.PayTransStatusCodeUnitTests" name="testCtor" time="0.0" />
  <testcase classname="gov.opm.scrd.entities.application.PayTransStatusCodeUnitTests" name="test_getDescription" time="0.0010" />
  <testcase classname="gov.opm.scrd.entities.application.PayTransStatusCodeUnitTests" name="test_setDescription" time="0.0" />
  <testcase classname="gov.opm.scrd.entities.application.PayTransStatusCodeUnitTests" name="test_getDisplayOrder" time="0.0" />
  <testcase classname="gov.opm.scrd.entities.application.PayTransStatusCodeUnitTests" name="test_setDisplayOrder" time="0.0010" />
  <testcase classname="gov.opm.scrd.entities.application.PayTransStatusCodeUnitTests" name="test_getCategory" time="0.0" />
  <testcase classname="gov.opm.scrd.entities.application.PayTransStatusCodeUnitTests" name="test_setCategory" time="0.0" />
  <testcase classname="gov.opm.scrd.entities.application.PayTransStatusCodeUnitTests" name="test_getNextStateLink" time="0.0010" />
  <testcase classname="gov.opm.scrd.entities.application.PayTransStatusCodeUnitTests" name="test_setNextStateLink" time="0.0" />
  <testcase classname="gov.opm.scrd.entities.application.PayTransStatusCodeUnitTests" name="test_getBatchProcessingOrder" time="0.0" />
  <testcase classname="gov.opm.scrd.entities.application.PayTransStatusCodeUnitTests" name="test_setBatchProcessingOrder" time="0.0" />
  <testcase classname="gov.opm.scrd.entities.application.PayTransStatusCodeUnitTests" name="test_getFinalState" time="0.0" />
  <testcase classname="gov.opm.scrd.entities.application.PayTransStatusCodeUnitTests" name="test_setFinalState" time="0.0" />
  <testcase classname="gov.opm.scrd.entities.application.PayTransStatusCodeUnitTests" name="test_getNeedsApproval" time="0.0" />
  <testcase classname="gov.opm.scrd.entities.application.PayTransStatusCodeUnitTests" name="test_setNeedsApproval" time="0.0" />
  <testcase classname="gov.opm.scrd.entities.application.PayTransStatusCodeUnitTests" name="test_getShowOnSuspense" time="0.0010" />
  <testcase classname="gov.opm.scrd.entities.application.PayTransStatusCodeUnitTests" name="test_setShowOnSuspense" time="0.0" />
  <testcase classname="gov.opm.scrd.entities.application.PayTransStatusCodeUnitTests" name="test_getIncludeInBalance" time="0.0" />
  <testcase classname="gov.opm.scrd.entities.application.PayTransStatusCodeUnitTests" name="test_setIncludeInBalance" time="0.0" />
  <testcase classname="gov.opm.scrd.entities.application.PayTransStatusCodeUnitTests" name="test_getNightlyBatch" time="0.0" />
  <testcase classname="gov.opm.scrd.entities.application.PayTransStatusCodeUnitTests" name="test_setNightlyBatch" time="0.0" />
  <testcase classname="gov.opm.scrd.entities.application.PayTransStatusCodeUnitTests" name="test_getDeletable" time="0.0" />
  <testcase classname="gov.opm.scrd.entities.application.PayTransStatusCodeUnitTests" name="test_setDeletable" time="0.0" />
  <testcase classname="gov.opm.scrd.entities.application.PayTransStatusCodeUnitTests" name="test_getReversable" time="0.0" />
  <testcase classname="gov.opm.scrd.entities.application.PayTransStatusCodeUnitTests" name="test_setReversable" time="0.0" />
  <testcase classname="gov.opm.scrd.entities.application.PayTransStatusCodeUnitTests" name="test_getManualEntered" time="0.0010" />
  <testcase classname="gov.opm.scrd.entities.application.PayTransStatusCodeUnitTests" name="test_setManualEntered" time="0.0" />
  <testcase classname="gov.opm.scrd.entities.application.PayTransStatusCodeUnitTests" name="test_getSuspenseAction" time="0.0" />
  <testcase classname="gov.opm.scrd.entities.application.PayTransStatusCodeUnitTests" name="test_setSuspenseAction" time="0.0" />
  <testcase classname="gov.opm.scrd.entities.application.PayTransStatusCodeUnitTests" name="test_getCanHitGl" time="0.0" />
  <testcase classname="gov.opm.scrd.entities.application.PayTransStatusCodeUnitTests" name="test_setCanHitGl" time="0.0" />
  <testcase classname="gov.opm.scrd.entities.application.PayTransStatusCodeUnitTests" name="test_getReversingType" time="0.0" />
  <testcase classname="gov.opm.scrd.entities.application.PayTransStatusCodeUnitTests" name="test_setReversingType" time="0.0" />
  <testcase classname="gov.opm.scrd.entities.application.PayTransStatusCodeUnitTests" name="test_getBalancedScorecard" time="0.0" />
  <testcase classname="gov.opm.scrd.entities.application.PayTransStatusCodeUnitTests" name="test_setBalancedScorecard" time="0.0" />
  <testcase classname="gov.opm.scrd.entities.application.PayTransStatusCodeUnitTests" name="test_getSendToDbts" time="0.0" />
  <testcase classname="gov.opm.scrd.entities.application.PayTransStatusCodeUnitTests" name="test_setSendToDbts" time="0.0" />
  <testcase classname="gov.opm.scrd.entities.application.SCMFirstInsertUnitTests" name="testCtor" time="0.0" />
  <testcase classname="gov.opm.scrd.entities.application.SCMFirstInsertUnitTests" name="test_getClaimNumber" time="0.0" />
  <testcase classname="gov.opm.scrd.entities.application.SCMFirstInsertUnitTests" name="test_setClaimNumber" time="0.0010" />
  <testcase classname="gov.opm.scrd.entities.application.SCMFirstInsertUnitTests" name="test_getLastAction" time="0.0" />
  <testcase classname="gov.opm.scrd.entities.application.SCMFirstInsertUnitTests" name="test_setLastAction" time="0.0" />
  <testcase classname="gov.opm.scrd.entities.application.TimeFactorUnitTests" name="testCtor" time="0.0" />
  <testcase classname="gov.opm.scrd.entities.application.TimeFactorUnitTests" name="test_getNumDays" time="0.0" />
  <testcase classname="gov.opm.scrd.entities.application.TimeFactorUnitTests" name="test_setNumDays" time="0.0" />
  <testcase classname="gov.opm.scrd.entities.application.TimeFactorUnitTests" name="test_getNumMonths" time="0.0" />
  <testcase classname="gov.opm.scrd.entities.application.TimeFactorUnitTests" name="test_setNumMonths" time="0.0" />
  <testcase classname="gov.opm.scrd.entities.application.TimeFactorUnitTests" name="test_getTimeFactor" time="0.0" />
  <testcase classname="gov.opm.scrd.entities.application.TimeFactorUnitTests" name="test_setTimeFactor" time="0.0" />
  <testcase classname="gov.opm.scrd.entities.application.UserAccountAssignmentUnitTests" name="testCtor" time="0.0" />
  <testcase classname="gov.opm.scrd.entities.application.UserAccountAssignmentUnitTests" name="test_getUser" time="0.0" />
  <testcase classname="gov.opm.scrd.entities.application.UserAccountAssignmentUnitTests" name="test_setUser" time="0.0" />
  <testcase classname="gov.opm.scrd.entities.application.UserAccountAssignmentUnitTests" name="test_getAccount" time="0.0010" />
  <testcase classname="gov.opm.scrd.entities.application.UserAccountAssignmentUnitTests" name="test_setAccount" time="0.0" />
  <testcase classname="gov.opm.scrd.entities.application.UserAccountAssignmentUnitTests" name="test_getAssignmentDate" time="0.0" />
  <testcase classname="gov.opm.scrd.entities.application.UserAccountAssignmentUnitTests" name="test_setAssignmentDate" time="0.0010" />
  <testcase classname="gov.opm.scrd.entities.application.AccountConfirmationValidationEntryUnitTests" name="testCtor" time="0.0" />
  <testcase classname="gov.opm.scrd.entities.application.AccountConfirmationValidationEntryUnitTests" name="test_getFieldName" time="0.0" />
  <testcase classname="gov.opm.scrd.entities.application.AccountConfirmationValidationEntryUnitTests" name="test_setFieldName" time="0.0" />
  <testcase classname="gov.opm.scrd.entities.application.AccountConfirmationValidationEntryUnitTests" name="test_getValid" time="0.0" />
  <testcase classname="gov.opm.scrd.entities.application.AccountConfirmationValidationEntryUnitTests" name="test_setValid" time="0.0" />
  <testcase classname="gov.opm.scrd.entities.application.AccountConfirmationValidationUnitTests" name="testCtor" time="0.0" />
  <testcase classname="gov.opm.scrd.entities.application.AccountConfirmationValidationUnitTests" name="test_getAccountId" time="0.0" />
  <testcase classname="gov.opm.scrd.entities.application.AccountConfirmationValidationUnitTests" name="test_setAccountId" time="0.0" />
  <testcase classname="gov.opm.scrd.entities.application.AccountConfirmationValidationUnitTests" name="test_getDataCheckStatus" time="0.0" />
  <testcase classname="gov.opm.scrd.entities.application.AccountConfirmationValidationUnitTests" name="test_setDataCheckStatus" time="0.0010" />
  <testcase classname="gov.opm.scrd.entities.application.AccountConfirmationValidationUnitTests" name="test_getDataCheckStatusValidator" time="0.0" />
  <testcase classname="gov.opm.scrd.entities.application.AccountConfirmationValidationUnitTests" name="test_setDataCheckStatusValidator" time="0.0" />
  <testcase classname="gov.opm.scrd.entities.application.AccountConfirmationValidationUnitTests" name="test_getDataCheckStatusReason" time="0.0" />
  <testcase classname="gov.opm.scrd.entities.application.AccountConfirmationValidationUnitTests" name="test_setDataCheckStatusReason" time="0.0" />
  <testcase classname="gov.opm.scrd.entities.application.AccountConfirmationValidationUnitTests" name="test_getEntries" time="0.0" />
  <testcase classname="gov.opm.scrd.entities.application.AccountConfirmationValidationUnitTests" name="test_setEntries" time="0.0" />
  <testcase classname="gov.opm.scrd.entities.application.AccountHolderUnitTests" name="testCtor" time="0.0" />
  <testcase classname="gov.opm.scrd.entities.application.AccountHolderUnitTests" name="test_getLastName" time="0.0" />
  <testcase classname="gov.opm.scrd.entities.application.AccountHolderUnitTests" name="test_setLastName" time="0.0" />
  <testcase classname="gov.opm.scrd.entities.application.AccountHolderUnitTests" name="test_getFirstName" time="0.0" />
  <testcase classname="gov.opm.scrd.entities.application.AccountHolderUnitTests" name="test_setFirstName" time="0.0" />
  <testcase classname="gov.opm.scrd.entities.application.AccountHolderUnitTests" name="test_getMiddleInitial" time="0.0" />
  <testcase classname="gov.opm.scrd.entities.application.AccountHolderUnitTests" name="test_setMiddleInitial" time="0.0" />
  <testcase classname="gov.opm.scrd.entities.application.AccountHolderUnitTests" name="test_getSuffix" time="0.0" />
  <testcase classname="gov.opm.scrd.entities.application.AccountHolderUnitTests" name="test_setSuffix" time="0.0" />
  <testcase classname="gov.opm.scrd.entities.application.AccountHolderUnitTests" name="test_getBirthDate" time="0.0" />
  <testcase classname="gov.opm.scrd.entities.application.AccountHolderUnitTests" name="test_setBirthDate" time="0.0" />
  <testcase classname="gov.opm.scrd.entities.application.AccountHolderUnitTests" name="test_getSsn" time="0.0" />
  <testcase classname="gov.opm.scrd.entities.application.AccountHolderUnitTests" name="test_setSsn" time="0.0" />
  <testcase classname="gov.opm.scrd.entities.application.AccountHolderUnitTests" name="test_getTelephone" time="0.0" />
  <testcase classname="gov.opm.scrd.entities.application.AccountHolderUnitTests" name="test_setTelephone" time="0.0" />
  <testcase classname="gov.opm.scrd.entities.application.AccountHolderUnitTests" name="test_getEmail" time="0.0" />
  <testcase classname="gov.opm.scrd.entities.application.AccountHolderUnitTests" name="test_setEmail" time="0.0" />
  <testcase classname="gov.opm.scrd.entities.application.AccountHolderUnitTests" name="test_getTitle" time="0.0" />
  <testcase classname="gov.opm.scrd.entities.application.AccountHolderUnitTests" name="test_setTitle" time="0.0" />
  <testcase classname="gov.opm.scrd.entities.application.AccountHolderUnitTests" name="test_getDepartmentCode" time="0.0010" />
  <testcase classname="gov.opm.scrd.entities.application.AccountHolderUnitTests" name="test_setDepartmentCode" time="0.0" />
  <testcase classname="gov.opm.scrd.entities.application.AccountHolderUnitTests" name="test_getAddress" time="0.0" />
  <testcase classname="gov.opm.scrd.entities.application.AccountHolderUnitTests" name="test_setAddress" time="0.0" />
  <testcase classname="gov.opm.scrd.entities.application.AccountHolderUnitTests" name="test_getGeoCode" time="0.0" />
  <testcase classname="gov.opm.scrd.entities.application.AccountHolderUnitTests" name="test_setGeoCode" time="0.0010" />
  <testcase classname="gov.opm.scrd.entities.application.AccountHolderUnitTests" name="test_getCityOfEmployment" time="0.0" />
  <testcase classname="gov.opm.scrd.entities.application.AccountHolderUnitTests" name="test_setCityOfEmployment" time="0.0" />
  <testcase classname="gov.opm.scrd.entities.application.AccountHolderUnitTests" name="test_getStateOfEmployment" time="0.0" />
  <testcase classname="gov.opm.scrd.entities.application.AccountHolderUnitTests" name="test_setStateOfEmployment" time="0.0010" />
  <testcase classname="gov.opm.scrd.entities.application.AccountHolderUnitTests" name="test_getPosition" time="0.0010" />
  <testcase classname="gov.opm.scrd.entities.application.AccountHolderUnitTests" name="test_setPosition" time="0.0" />
  <testcase classname="gov.opm.scrd.entities.application.AccountHolderUnitTests" name="test_getAgencyCode" time="0.0" />
  <testcase classname="gov.opm.scrd.entities.application.AccountHolderUnitTests" name="test_setAgencyCode" time="0.0" />
  <testcase classname="gov.opm.scrd.entities.application.AccountNoteUnitTests" name="testCtor" time="0.0" />
  <testcase classname="gov.opm.scrd.entities.application.AccountNoteUnitTests" name="test_getText" time="0.0" />
  <testcase classname="gov.opm.scrd.entities.application.AccountNoteUnitTests" name="test_setText" time="0.0" />
  <testcase classname="gov.opm.scrd.entities.application.AccountNoteUnitTests" name="test_getAccountId" time="0.0010" />
  <testcase classname="gov.opm.scrd.entities.application.AccountNoteUnitTests" name="test_setAccountId" time="0.0" />
  <testcase classname="gov.opm.scrd.entities.application.AccountNoteUnitTests" name="test_getDate" time="0.0" />
  <testcase classname="gov.opm.scrd.entities.application.AccountNoteUnitTests" name="test_setDate" time="0.0" />
  <testcase classname="gov.opm.scrd.entities.application.AccountNoteUnitTests" name="test_getWriter" time="0.0" />
  <testcase classname="gov.opm.scrd.entities.application.AccountNoteUnitTests" name="test_setWriter" time="0.0" />
  <testcase classname="gov.opm.scrd.entities.application.AccountNoteUnitTests" name="test_getPriority" time="0.0" />
  <testcase classname="gov.opm.scrd.entities.application.AccountNoteUnitTests" name="test_setPriority" time="0.0" />
  <testcase classname="gov.opm.scrd.entities.application.AccountUnitTests" name="testCtor" time="0.0010" />
  <testcase classname="gov.opm.scrd.entities.application.AccountUnitTests" name="test_getClaimNumber" time="0.0" />
  <testcase classname="gov.opm.scrd.entities.application.AccountUnitTests" name="test_setClaimNumber" time="0.0" />
  <testcase classname="gov.opm.scrd.entities.application.AccountUnitTests" name="test_getAccIntDep" time="0.0" />
  <testcase classname="gov.opm.scrd.entities.application.AccountUnitTests" name="test_setAccIntDep" time="0.0" />
  <testcase classname="gov.opm.scrd.entities.application.AccountUnitTests" name="test_getAccIntRdep" time="0.0" />
  <testcase classname="gov.opm.scrd.entities.application.AccountUnitTests" name="test_setAccIntRdep" time="0.0" />
  <testcase classname="gov.opm.scrd.entities.application.AccountUnitTests" name="test_getAccIntNonDep" time="0.0" />
  <testcase classname="gov.opm.scrd.entities.application.AccountUnitTests" name="test_setAccIntNonDep" time="0.0" />
  <testcase classname="gov.opm.scrd.entities.application.AccountUnitTests" name="test_getAccIntVarRdep" time="0.0" />
  <testcase classname="gov.opm.scrd.entities.application.AccountUnitTests" name="test_setAccIntVarRdep" time="0.0010" />
  <testcase classname="gov.opm.scrd.entities.application.AccountUnitTests" name="test_getAccIntFers" time="0.0" />
  <testcase classname="gov.opm.scrd.entities.application.AccountUnitTests" name="test_setAccIntFers" time="0.0" />
  <testcase classname="gov.opm.scrd.entities.application.AccountUnitTests" name="test_getTotPayd" time="0.0" />
  <testcase classname="gov.opm.scrd.entities.application.AccountUnitTests" name="test_setTotPayd" time="0.0" />
  <testcase classname="gov.opm.scrd.entities.application.AccountUnitTests" name="test_getTotPayr" time="0.0" />
  <testcase classname="gov.opm.scrd.entities.application.AccountUnitTests" name="test_setTotPayr" time="0.0" />
  <testcase classname="gov.opm.scrd.entities.application.AccountUnitTests" name="test_getTotPayn" time="0.0" />
  <testcase classname="gov.opm.scrd.entities.application.AccountUnitTests" name="test_setTotPayn" time="0.0" />
  <testcase classname="gov.opm.scrd.entities.application.AccountUnitTests" name="test_getTotPayvr" time="0.0" />
  <testcase classname="gov.opm.scrd.entities.application.AccountUnitTests" name="test_setTotPayvr" time="0.0" />
  <testcase classname="gov.opm.scrd.entities.application.AccountUnitTests" name="test_getTotPayfers" time="0.0" />
  <testcase classname="gov.opm.scrd.entities.application.AccountUnitTests" name="test_setTotPayfers" time="0.0" />
  <testcase classname="gov.opm.scrd.entities.application.AccountUnitTests" name="test_getLastPay" time="0.0" />
  <testcase classname="gov.opm.scrd.entities.application.AccountUnitTests" name="test_setLastPay" time="0.0" />
  <testcase classname="gov.opm.scrd.entities.application.AccountUnitTests" name="test_getLastAction" time="0.0" />
  <testcase classname="gov.opm.scrd.entities.application.AccountUnitTests" name="test_setLastAction" time="0.0" />
  <testcase classname="gov.opm.scrd.entities.application.AccountUnitTests" name="test_getPlanType" time="0.0" />
  <testcase classname="gov.opm.scrd.entities.application.AccountUnitTests" name="test_setPlanType" time="0.0" />
  <testcase classname="gov.opm.scrd.entities.application.AccountUnitTests" name="test_getFormType" time="0.0010" />
  <testcase classname="gov.opm.scrd.entities.application.AccountUnitTests" name="test_setFormType" time="0.0" />
  <testcase classname="gov.opm.scrd.entities.application.AccountUnitTests" name="test_getHolder" time="0.0" />
  <testcase classname="gov.opm.scrd.entities.application.AccountUnitTests" name="test_setHolder" time="0.0" />
  <testcase classname="gov.opm.scrd.entities.application.AccountUnitTests" name="test_getStatus" time="0.0" />
  <testcase classname="gov.opm.scrd.entities.application.AccountUnitTests" name="test_setStatus" time="0.0" />
  <testcase classname="gov.opm.scrd.entities.application.AccountUnitTests" name="test_isGrace" time="0.0" />
  <testcase classname="gov.opm.scrd.entities.application.AccountUnitTests" name="test_setGrace" time="0.0010" />
  <testcase classname="gov.opm.scrd.entities.application.AccountUnitTests" name="test_isFrozen" time="0.0" />
  <testcase classname="gov.opm.scrd.entities.application.AccountUnitTests" name="test_setFrozen" time="0.0" />
  <testcase classname="gov.opm.scrd.entities.application.AccountUnitTests" name="test_getNotes" time="0.0" />
  <testcase classname="gov.opm.scrd.entities.application.AccountUnitTests" name="test_setNotes" time="0.0" />
  <testcase classname="gov.opm.scrd.entities.application.AccountUnitTests" name="test_getClaimOfficer" time="0.0" />
  <testcase classname="gov.opm.scrd.entities.application.AccountUnitTests" name="test_setClaimOfficer" time="0.0" />
  <testcase classname="gov.opm.scrd.entities.application.AccountUnitTests" name="test_getClaimOfficerAssignmentDate" time="0.0010" />
  <testcase classname="gov.opm.scrd.entities.application.AccountUnitTests" name="test_setClaimOfficerAssignmentDate" time="0.0" />
  <testcase classname="gov.opm.scrd.entities.application.AccountUnitTests" name="test_getClaimantBirthdate" time="0.0" />
  <testcase classname="gov.opm.scrd.entities.application.AccountUnitTests" name="test_setClaimantBirthdate" time="0.0" />
  <testcase classname="gov.opm.scrd.entities.application.AccountUnitTests" name="test_getBalance" time="0.0" />
  <testcase classname="gov.opm.scrd.entities.application.AccountUnitTests" name="test_setBalance" time="0.0" />
  <testcase classname="gov.opm.scrd.entities.application.AccountUnitTests" name="test_getReturnedFromRecordsDate" time="0.0" />
  <testcase classname="gov.opm.scrd.entities.application.AccountUnitTests" name="test_setReturnedFromRecordsDate" time="0.0" />
  <testcase classname="gov.opm.scrd.entities.application.AccountUnitTests" name="test_getBillingSummary" time="0.0" />
  <testcase classname="gov.opm.scrd.entities.application.AccountUnitTests" name="test_setBillingSummary" time="0.0" />
  <testcase classname="gov.opm.scrd.entities.application.AccountUnitTests" name="test_getCalculationVersions" time="0.0" />
  <testcase classname="gov.opm.scrd.entities.application.AccountUnitTests" name="test_setCalculationVersions" time="0.0" />
  <testcase classname="gov.opm.scrd.entities.application.AccountUnitTests" name="test_getPaymentHistory" time="0.0" />
  <testcase classname="gov.opm.scrd.entities.application.AccountUnitTests" name="test_setPaymentHistory" time="0.0" />
  <testcase classname="gov.opm.scrd.entities.application.AccountUnitTests" name="test_getValidity" time="0.0" />
  <testcase classname="gov.opm.scrd.entities.application.AccountUnitTests" name="test_setValidity" time="0.0" />
  <testcase classname="gov.opm.scrd.entities.application.AccountUnitTests" name="test_getTotalDeposit" time="0.0" />
  <testcase classname="gov.opm.scrd.entities.application.AccountUnitTests" name="test_setTotalDeposit" time="0.0010" />
  <testcase classname="gov.opm.scrd.entities.application.AccountUnitTests" name="test_getTotalRedeposit" time="0.0" />
  <testcase classname="gov.opm.scrd.entities.application.AccountUnitTests" name="test_setTotalRedeposit" time="0.0" />
  <testcase classname="gov.opm.scrd.entities.application.AccountUnitTests" name="test_getTotalVarRedeposit" time="0.0" />
  <testcase classname="gov.opm.scrd.entities.application.AccountUnitTests" name="test_setTotalVarRedeposit" time="0.0" />
  <testcase classname="gov.opm.scrd.entities.application.AccountUnitTests" name="test_getTotalNonDeposit" time="0.0" />
  <testcase classname="gov.opm.scrd.entities.application.AccountUnitTests" name="test_setTotalNonDeposit" time="0.0" />
  <testcase classname="gov.opm.scrd.entities.application.AccountUnitTests" name="test_getTotalFersW" time="0.0" />
  <testcase classname="gov.opm.scrd.entities.application.AccountUnitTests" name="test_setTotalFersW" time="0.0" />
  <testcase classname="gov.opm.scrd.entities.application.AccountUnitTests" name="test_getComputationDate" time="0.0" />
  <testcase classname="gov.opm.scrd.entities.application.AccountUnitTests" name="test_setComputationDate" time="0.0" />
  <testcase classname="gov.opm.scrd.entities.application.AccountUnitTests" name="test_getVarIntComputationDate" time="0.0" />
  <testcase classname="gov.opm.scrd.entities.application.AccountUnitTests" name="test_setVarIntComputationDate" time="0.0" />
  <testcase classname="gov.opm.scrd.entities.application.AccountUnitTests" name="test_getPayCode" time="0.0" />
  <testcase classname="gov.opm.scrd.entities.application.AccountUnitTests" name="test_setPayCode" time="0.0" />
  <testcase classname="gov.opm.scrd.entities.application.AccountUnitTests" name="test_getTimePeriod" time="0.0" />
  <testcase classname="gov.opm.scrd.entities.application.AccountUnitTests" name="test_setTimePeriod" time="0.0" />
  <testcase classname="gov.opm.scrd.entities.application.AccountUnitTests" name="test_getAdditionalService" time="0.0" />
  <testcase classname="gov.opm.scrd.entities.application.AccountUnitTests" name="test_setAdditionalService" time="0.0010" />
  <testcase classname="gov.opm.scrd.entities.application.AccountUnitTests" name="test_getNoInterest" time="0.0" />
  <testcase classname="gov.opm.scrd.entities.application.AccountUnitTests" name="test_setNoInterest" time="0.0" />
  <testcase classname="gov.opm.scrd.entities.application.AccountUnitTests" name="test_getCode20Date" time="0.0" />
  <testcase classname="gov.opm.scrd.entities.application.AccountUnitTests" name="test_setCode20Date" time="0.0" />
  <testcase classname="gov.opm.scrd.entities.application.AccountUnitTests" name="test_getFlagPreredeposit" time="0.0" />
  <testcase classname="gov.opm.scrd.entities.application.AccountUnitTests" name="test_setFlagPreredeposit" time="0.0" />
  <testcase classname="gov.opm.scrd.entities.application.AccountUnitTests" name="test_getFlagPostredeposit" time="0.0" />
  <testcase classname="gov.opm.scrd.entities.application.AccountUnitTests" name="test_setFlagPostredeposit" time="0.0" />
  <testcase classname="gov.opm.scrd.entities.application.AccountUnitTests" name="test_getPriorClaimNumber" time="0.0" />
  <testcase classname="gov.opm.scrd.entities.application.AccountUnitTests" name="test_setPriorClaimNumber" time="0.0" />
  <testcase classname="gov.opm.scrd.entities.application.AccountUnitTests" name="test_getPaymentOrder" time="0.0" />
  <testcase classname="gov.opm.scrd.entities.application.AccountUnitTests" name="test_setPaymentOrder" time="0.0010" />
  <testcase classname="gov.opm.scrd.entities.application.AccountUnitTests" name="test_getNewClaimNumber" time="0.0" />
  <testcase classname="gov.opm.scrd.entities.application.AccountUnitTests" name="test_setNewClaimNumber" time="0.0" />
  <testcase classname="gov.opm.scrd.entities.application.AccountUnitTests" name="test_getStopAchPayment" time="0.0" />
  <testcase classname="gov.opm.scrd.entities.application.AccountUnitTests" name="test_setStopAchPayment" time="0.0" />
  <testcase classname="gov.opm.scrd.entities.application.AccountUnitTests" name="test_getDbtsAccount" time="0.0" />
[...]
  <testcase classname="gov.opm.scrd.entities.application.PaymentMoveUnitTests" name="test_getAccountStatus" time="0.0" />
  <testcase classname="gov.opm.scrd.entities.application.PaymentMoveUnitTests" name="test_setAccountStatus" time="0.0" />
  <testcase classname="gov.opm.scrd.entities.application.PaymentMoveUnitTests" name="test_getPaymentId" time="0.0010" />
  <testcase classname="gov.opm.scrd.entities.application.PaymentMoveUnitTests" name="test_setPaymentId" time="0.0" />
  <testcase classname="gov.opm.scrd.entities.application.PaymentMoveUnitTests" name="test_getAccountHolderBirthdate" time="0.0" />
  <testcase classname="gov.opm.scrd.entities.application.PaymentMoveUnitTests" name="test_setAccountHolderBirthdate" time="0.0" />
  <testcase classname="gov.opm.scrd.entities.application.PaymentMoveUnitTests" name="test_getPreDepositAmount" time="0.0" />
  <testcase classname="gov.opm.scrd.entities.application.PaymentMoveUnitTests" name="test_setPreDepositAmount" time="0.0" />
  <testcase classname="gov.opm.scrd.entities.application.PaymentMoveUnitTests" name="test_getPreRedepositAmount" time="0.0" />
  <testcase classname="gov.opm.scrd.entities.application.PaymentMoveUnitTests" name="test_setPreRedepositAmount" time="0.0010" />
  <testcase classname="gov.opm.scrd.entities.application.PaymentMoveUnitTests" name="test_getPostDepositAmount" time="0.0" />
  <testcase classname="gov.opm.scrd.entities.application.PaymentMoveUnitTests" name="test_setPostDepositAmount" time="0.0" />
  <testcase classname="gov.opm.scrd.entities.application.PaymentMoveUnitTests" name="test_getPostRedepositAmount" time="0.0" />
  <testcase classname="gov.opm.scrd.entities.application.PaymentMoveUnitTests" name="test_setPostRedepositAmount" time="0.0" />
  <testcase classname="gov.opm.scrd.entities.application.PaymentMoveUnitTests" name="test_getApprovalUser" time="0.0" />
  <testcase classname="gov.opm.scrd.entities.application.PaymentMoveUnitTests" name="test_setApprovalUser" time="0.0" />
  <testcase classname="gov.opm.scrd.entities.application.PaymentMoveUnitTests" name="test_getApprovalStatus" time="0.0" />
  <testcase classname="gov.opm.scrd.entities.application.PaymentMoveUnitTests" name="test_setApprovalStatus" time="0.0010" />
  <testcase classname="gov.opm.scrd.entities.application.PaymentMoveUnitTests" name="test_getPaymentTransactionAmount" time="0.0" />
  <testcase classname="gov.opm.scrd.entities.application.PaymentMoveUnitTests" name="test_setPaymentTransactionAmount" time="0.0" />
  <testcase classname="gov.opm.scrd.entities.application.PaymentMoveUnitTests" name="test_getAdjustmentDate" time="0.0" />
  <testcase classname="gov.opm.scrd.entities.application.PaymentMoveUnitTests" name="test_setAdjustmentDate" time="0.0" />
  <testcase classname="gov.opm.scrd.entities.application.PendingPaymentUnitTests" name="testCtor" time="0.0" />
  <testcase classname="gov.opm.scrd.entities.application.PendingPaymentUnitTests" name="test_toString" time="0.0020" />
  <testcase classname="gov.opm.scrd.entities.application.PendingPaymentUnitTests" name="test_getClaimNumber" time="0.0" />
  <testcase classname="gov.opm.scrd.entities.application.PendingPaymentUnitTests" name="test_setClaimNumber" time="0.0" />
  <testcase classname="gov.opm.scrd.entities.application.PendingPaymentUnitTests" name="test_getAccountStatus" time="0.0" />
  <testcase classname="gov.opm.scrd.entities.application.PendingPaymentUnitTests" name="test_setAccountStatus" time="0.0" />
  <testcase classname="gov.opm.scrd.entities.application.PendingPaymentUnitTests" name="test_getTransactionDate" time="0.0" />
  <testcase classname="gov.opm.scrd.entities.application.PendingPaymentUnitTests" name="test_setTransactionDate" time="0.0" />
  <testcase classname="gov.opm.scrd.entities.application.PendingPaymentUnitTests" name="test_getAmount" time="0.0" />
  <testcase classname="gov.opm.scrd.entities.application.PendingPaymentUnitTests" name="test_setAmount" time="0.0" />
  <testcase classname="gov.opm.scrd.entities.application.PendingPaymentUnitTests" name="test_getPaymentId" time="0.0" />
  <testcase classname="gov.opm.scrd.entities.application.PendingPaymentUnitTests" name="test_setPaymentId" time="0.0" />
  <testcase classname="gov.opm.scrd.entities.application.PendingPaymentUnitTests" name="test_isApplyToGL" time="0.0" />
  <testcase classname="gov.opm.scrd.entities.application.PendingPaymentUnitTests" name="test_setApplyToGL" time="0.0" />
  <testcase classname="gov.opm.scrd.entities.application.PendingPaymentUnitTests" name="test_getBatchNumber" time="0.0010" />
  <testcase classname="gov.opm.scrd.entities.application.PendingPaymentUnitTests" name="test_setBatchNumber" time="0.0" />
  <testcase classname="gov.opm.scrd.entities.application.PendingPaymentUnitTests" name="test_getBlockNumber" time="0.0" />
  <testcase classname="gov.opm.scrd.entities.application.PendingPaymentUnitTests" name="test_setBlockNumber" time="0.0010" />
  <testcase classname="gov.opm.scrd.entities.application.PendingPaymentUnitTests" name="test_getSequenceNumber" time="0.0" />
  <testcase classname="gov.opm.scrd.entities.application.PendingPaymentUnitTests" name="test_setSequenceNumber" time="0.0" />
  <testcase classname="gov.opm.scrd.entities.application.PendingPaymentUnitTests" name="test_getPaymentStatus" time="0.0" />
  <testcase classname="gov.opm.scrd.entities.application.PendingPaymentUnitTests" name="test_setPaymentStatus" time="0.0" />
  <testcase classname="gov.opm.scrd.entities.application.PendingPaymentUnitTests" name="test_getAccountHolderBirthdate" time="0.0" />
  <testcase classname="gov.opm.scrd.entities.application.PendingPaymentUnitTests" name="test_setAccountHolderBirthdate" time="0.0" />
  <testcase classname="gov.opm.scrd.entities.application.PendingPaymentUnitTests" name="test_getStatusDate" time="0.0010" />
  <testcase classname="gov.opm.scrd.entities.application.PendingPaymentUnitTests" name="test_setStatusDate" time="0.0" />
  <testcase classname="gov.opm.scrd.entities.application.PendingPaymentUnitTests" name="test_getApprovalUser" time="0.0" />
  <testcase classname="gov.opm.scrd.entities.application.PendingPaymentUnitTests" name="test_setApprovalUser" time="0.0" />
  <testcase classname="gov.opm.scrd.entities.application.PendingPaymentUnitTests" name="test_getApprovalStatus" time="0.0" />
  <testcase classname="gov.opm.scrd.entities.application.PendingPaymentUnitTests" name="test_setApprovalStatus" time="0.0" />
  <testcase classname="gov.opm.scrd.entities.application.SuspendedPaymentUnitTests" name="testCtor" time="0.0010" />
  <testcase classname="gov.opm.scrd.entities.application.SuspendedPaymentUnitTests" name="test_toString" time="0.0020" />
  <testcase classname="gov.opm.scrd.entities.application.SuspendedPaymentUnitTests" name="test_getClaimNumber" time="0.0" />
  <testcase classname="gov.opm.scrd.entities.application.SuspendedPaymentUnitTests" name="test_setClaimNumber" time="0.0" />
  <testcase classname="gov.opm.scrd.entities.application.SuspendedPaymentUnitTests" name="test_getAccountStatus" time="0.0" />
  <testcase classname="gov.opm.scrd.entities.application.SuspendedPaymentUnitTests" name="test_setAccountStatus" time="0.0" />
  <testcase classname="gov.opm.scrd.entities.application.SuspendedPaymentUnitTests" name="test_getAccountBalance" time="0.0" />
  <testcase classname="gov.opm.scrd.entities.application.SuspendedPaymentUnitTests" name="test_setAccountBalance" time="0.0" />
  <testcase classname="gov.opm.scrd.entities.application.SuspendedPaymentUnitTests" name="test_getClaimantBirthdate" time="0.0" />
  <testcase classname="gov.opm.scrd.entities.application.SuspendedPaymentUnitTests" name="test_setClaimantBirthdate" time="0.0" />
  <testcase classname="gov.opm.scrd.entities.application.SuspendedPaymentUnitTests" name="test_getAmount" time="0.0" />
  <testcase classname="gov.opm.scrd.entities.application.SuspendedPaymentUnitTests" name="test_setAmount" time="0.0" />
  <testcase classname="gov.opm.scrd.entities.application.SuspendedPaymentUnitTests" name="test_getPaymentId" time="0.0" />
  <testcase classname="gov.opm.scrd.entities.application.SuspendedPaymentUnitTests" name="test_setPaymentId" time="0.0" />
  <testcase classname="gov.opm.scrd.entities.application.SuspendedPaymentUnitTests" name="test_getBatchNumber" time="0.0" />
  <testcase classname="gov.opm.scrd.entities.application.SuspendedPaymentUnitTests" name="test_setBatchNumber" time="0.0" />
  <testcase classname="gov.opm.scrd.entities.application.SuspendedPaymentUnitTests" name="test_getBlockNumber" time="0.0010" />
  <testcase classname="gov.opm.scrd.entities.application.SuspendedPaymentUnitTests" name="test_setBlockNumber" time="0.0" />
  <testcase classname="gov.opm.scrd.entities.application.SuspendedPaymentUnitTests" name="test_getSequenceNumber" time="0.0" />
  <testcase classname="gov.opm.scrd.entities.application.SuspendedPaymentUnitTests" name="test_setSequenceNumber" time="0.0" />
  <testcase classname="gov.opm.scrd.entities.application.SuspendedPaymentUnitTests" name="test_getPaymentStatus" time="0.0" />
  <testcase classname="gov.opm.scrd.entities.application.SuspendedPaymentUnitTests" name="test_setPaymentStatus" time="0.0" />
  <testcase classname="gov.opm.scrd.entities.application.SuspendedPaymentUnitTests" name="test_getDepositDate" time="0.0" />
  <testcase classname="gov.opm.scrd.entities.application.SuspendedPaymentUnitTests" name="test_setDepositDate" time="0.0" />
  <testcase classname="gov.opm.scrd.entities.application.SuspendedPaymentUnitTests" name="test_getClaimant" time="0.0" />
  <testcase classname="gov.opm.scrd.entities.application.SuspendedPaymentUnitTests" name="test_setClaimant" time="0.0010" />
  <testcase classname="gov.opm.scrd.entities.application.SuspendedPaymentUnitTests" name="test_isAch" time="0.0" />
  <testcase classname="gov.opm.scrd.entities.application.SuspendedPaymentUnitTests" name="test_setAch" time="0.0" />
  <testcase classname="gov.opm.scrd.entities.application.SuspendedPaymentUnitTests" name="test_getMasterClaimNumber" time="0.0" />
  <testcase classname="gov.opm.scrd.entities.application.SuspendedPaymentUnitTests" name="test_setMasterClaimNumber" time="0.0" />
  <testcase classname="gov.opm.scrd.entities.application.SuspendedPaymentUnitTests" name="test_getMasterClaimantBirthdate" time="0.0" />
  <testcase classname="gov.opm.scrd.entities.application.SuspendedPaymentUnitTests" name="test_setMasterClaimantBirthdate" time="0.0" />
  <testcase classname="gov.opm.scrd.entities.application.SuspendedPaymentUnitTests" name="test_getMasterAccountStatus" time="0.0" />
  <testcase classname="gov.opm.scrd.entities.application.SuspendedPaymentUnitTests" name="test_setMasterAccountStatus" time="0.0" />
  <testcase classname="gov.opm.scrd.entities.application.SuspendedPaymentUnitTests" name="test_getMasterAccountBalance" time="0.0" />
  <testcase classname="gov.opm.scrd.entities.application.SuspendedPaymentUnitTests" name="test_setMasterAccountBalance" time="0.0" />
  <testcase classname="gov.opm.scrd.entities.lookup.AgencyCodeUnitTests" name="testCtor" time="0.0" />
  <testcase classname="gov.opm.scrd.entities.lookup.ChangeTransFieldNumberCodeUnitTests" name="testCtor" time="0.0" />
  <testcase classname="gov.opm.scrd.entities.lookup.PayCodeUnitTests" name="testCtor" time="0.0" />
  <testcase classname="gov.opm.scrd.entities.lookup.PaymentAppliedOrderUnitTests" name="testCtor" time="0.0" />
  <testcase classname="gov.opm.scrd.entities.lookup.AccountStatusUnitTests" name="testCtor" time="0.0" />
  <testcase classname="gov.opm.scrd.entities.lookup.AccountStatusUnitTests" name="test_getCategory" time="0.0" />
  <testcase classname="gov.opm.scrd.entities.lookup.AccountStatusUnitTests" name="test_setCategory" time="0.0" />
  <testcase classname="gov.opm.scrd.entities.lookup.ApplicationDesignationUnitTests" name="testCtor" time="0.0" />
  <testcase classname="gov.opm.scrd.entities.lookup.AppointmentTypeUnitTests" name="testCtor" time="0.0" />
  <testcase classname="gov.opm.scrd.entities.lookup.AppointmentTypeUnitTests" name="test_getDescription" time="0.0" />
  <testcase classname="gov.opm.scrd.entities.lookup.AppointmentTypeUnitTests" name="test_setDescription" time="0.0" />
  <testcase classname="gov.opm.scrd.entities.lookup.AppointmentTypeUnitTests" name="test_getCategory" time="0.0" />
  <testcase classname="gov.opm.scrd.entities.lookup.AppointmentTypeUnitTests" name="test_setCategory" time="0.0" />
  <testcase classname="gov.opm.scrd.entities.lookup.CalculationStatusUnitTests" name="testCtor" time="0.0" />
  <testcase classname="gov.opm.scrd.entities.lookup.ClaimOfficerUnitTests" name="testCtor" time="0.0" />
  <testcase classname="gov.opm.scrd.entities.lookup.CountryUnitTests" name="testCtor" time="0.0" />
  <testcase classname="gov.opm.scrd.entities.lookup.FormTypeUnitTests" name="testCtor" time="0.0" />
  <testcase classname="gov.opm.scrd.entities.lookup.PaymentReversalReasonUnitTests" name="testCtor" time="0.0" />
  <testcase classname="gov.opm.scrd.entities.lookup.PaymentStatusUnitTests" name="testCtor" time="0.0" />
  <testcase classname="gov.opm.scrd.entities.lookup.PayTypeUnitTests" name="testCtor" time="0.0" />
  <testcase classname="gov.opm.scrd.entities.lookup.PayTypeUnitTests" name="test_getDescription" time="0.0" />
  <testcase classname="gov.opm.scrd.entities.lookup.PayTypeUnitTests" name="test_setDescription" time="0.0010" />
  <testcase classname="gov.opm.scrd.entities.lookup.PeriodTypeUnitTests" name="testCtor" time="0.0" />
  <testcase classname="gov.opm.scrd.entities.lookup.PeriodTypeUnitTests" name="test_getDescription" time="0.0" />
  <testcase classname="gov.opm.scrd.entities.lookup.PeriodTypeUnitTests" name="test_setDescription" time="0.0" />
  <testcase classname="gov.opm.scrd.entities.lookup.RetirementTypeUnitTests" name="testCtor" time="0.0" />
  <testcase classname="gov.opm.scrd.entities.lookup.RetirementTypeUnitTests" name="test_getDescription" time="0.0" />
  <testcase classname="gov.opm.scrd.entities.lookup.RetirementTypeUnitTests" name="test_setDescription" time="0.0" />
  <testcase classname="gov.opm.scrd.entities.lookup.RoleUnitTests" name="testCtor" time="0.0" />
  <testcase classname="gov.opm.scrd.entities.lookup.ServiceTypeUnitTests" name="testCtor" time="0.0" />
  <testcase classname="gov.opm.scrd.entities.lookup.ServiceTypeUnitTests" name="test_getFersDepositAllowedAfter88" time="0.0" />
  <testcase classname="gov.opm.scrd.entities.lookup.ServiceTypeUnitTests" name="test_setFersDepositAllowedAfter88" time="0.0" />
  <testcase classname="gov.opm.scrd.entities.lookup.StateUnitTests" name="testCtor" time="0.0010" />
  <testcase classname="gov.opm.scrd.entities.lookup.StateUnitTests" name="test_getAbbreviation" time="0.0" />
  <testcase classname="gov.opm.scrd.entities.lookup.StateUnitTests" name="test_setAbbreviation" time="0.0" />
  <testcase classname="gov.opm.scrd.entities.lookup.SuffixUnitTests" name="testCtor" time="0.0" />
  <testcase classname="gov.opm.scrd.entities.lookup.TransferTypeUnitTests" name="testCtor" time="0.0" />
  <testcase classname="gov.opm.scrd.entities.lookup.UserStatusUnitTests" name="testCtor" time="0.0010" />
  <testcase classname="gov.opm.scrd.services.OPMExceptionUnitTests" name="testInheritance" time="0.0" />
  <testcase classname="gov.opm.scrd.services.OPMExceptionUnitTests" name="testCtor1" time="0.0" />
  <testcase classname="gov.opm.scrd.services.OPMExceptionUnitTests" name="testCtor2" time="0.0" />
  <testcase classname="gov.opm.scrd.services.OPMExceptionUnitTests" name="testCtor3" time="0.0" />
  <testcase classname="gov.opm.scrd.services.OPMExceptionUnitTests" name="testCtor4" time="0.0" />
  <testcase classname="gov.opm.scrd.services.AuthorizationExceptionUnitTests" name="testInheritance" time="0.0010" />
  <testcase classname="gov.opm.scrd.services.AuthorizationExceptionUnitTests" name="testCtor1" time="0.0" />
  <testcase classname="gov.opm.scrd.services.AuthorizationExceptionUnitTests" name="testCtor2" time="0.0" />
  <testcase classname="gov.opm.scrd.services.AuthorizationExceptionUnitTests" name="testCtor3" time="0.0010" />
  <testcase classname="gov.opm.scrd.services.AuthorizationExceptionUnitTests" name="testCtor4" time="0.0" />
  <testcase classname="gov.opm.scrd.services.EntityNotFoundExceptionUnitTests" name="testInheritance" time="0.0" />
  <testcase classname="gov.opm.scrd.services.EntityNotFoundExceptionUnitTests" name="testCtor1" time="0.0" />
  <testcase classname="gov.opm.scrd.services.EntityNotFoundExceptionUnitTests" name="testCtor2" time="0.0" />
  <testcase classname="gov.opm.scrd.services.EntityNotFoundExceptionUnitTests" name="testCtor3" time="0.0010" />
  <testcase classname="gov.opm.scrd.services.EntityNotFoundExceptionUnitTests" name="testCtor4" time="0.0" />
  <testcase classname="gov.opm.scrd.services.OPMConfigurationExceptionUnitTests" name="testInheritance" time="0.0" />
  <testcase classname="gov.opm.scrd.services.OPMConfigurationExceptionUnitTests" name="testCtor1" time="0.0" />
  <testcase classname="gov.opm.scrd.services.OPMConfigurationExceptionUnitTests" name="testCtor2" time="0.0" />
  <testcase classname="gov.opm.scrd.services.OPMConfigurationExceptionUnitTests" name="testCtor3" time="0.0" />
  <testcase classname="gov.opm.scrd.services.OPMConfigurationExceptionUnitTests" name="testCtor4" time="0.0" />
  <system-out><![CDATA[20:00:56,816 WARN  [HibernatePersistence] HHH015016: Encountered a deprecated javax.persistence.spi.PersistenceProvider [org.hibernate.ejb.HibernatePersistence]; use [org.hibernate.jpa.HibernatePersistenceProvider] instead.
20:00:56,817 WARN  [HibernatePersistence] HHH015016: Encountered a deprecated javax.persistence.spi.PersistenceProvider [org.hibernate.ejb.HibernatePersistence]; use [org.hibernate.jpa.HibernatePersistenceProvider] instead.
20:00:56,817 WARN  [HibernatePersistence] HHH015016: Encountered a deprecated javax.persistence.spi.PersistenceProvider [org.hibernate.ejb.HibernatePersistence]; use [org.hibernate.jpa.HibernatePersistenceProvider] instead.
20:00:56,885 INFO  [LogHelper] HHH000204: Processing PersistenceUnitInfo [
	name: opmUnitName
	...]
20:00:56,972 INFO  [Version] HHH000412: Hibernate Core {4.3.1.Final}
20:00:56,974 INFO  [Environment] HHH000206: hibernate.properties not found
20:00:56,975 INFO  [Environment] HHH000021: Bytecode provider name : javassist
20:00:57,124 INFO  [Version] HCANN000001: Hibernate Commons Annotations {4.0.4.Final}
20:00:57,468 WARN  [DriverManagerConnectionProviderImpl] HHH000402: Using Hibernate built-in connection pool (not for production use!)
20:00:57,474 INFO  [DriverManagerConnectionProviderImpl] HHH000401: using driver [org.postgresql.Driver] at URL [jdbc:postgresql://localhost:5432/postgres]
20:00:57,474 INFO  [DriverManagerConnectionProviderImpl] HHH000046: Connection properties: {user=postgres, password=****}
20:00:57,474 INFO  [DriverManagerConnectionProviderImpl] HHH000006: Autocommit mode: false
20:00:57,475 INFO  [DriverManagerConnectionProviderImpl] HHH000115: Hibernate connection pool size: 20 (min=1)
20:00:58,121 INFO  [Dialect] HHH000400: Using dialect: gov.opm.scrd.entities.common.OPMPostgreSQLDialect
20:00:58,151 INFO  [LobCreatorBuilder] HHH000424: Disabling contextual LOB creation as createClob() method threw error : java.lang.reflect.InvocationTargetException
20:00:58,276 WARN  [JPAOverriddenAnnotationReader] HHH000207: Property gov.opm.scrd.entities.application.InterestGracePeriod.retirementType not found in class but described in <mapping-file/> (possible typo error)
20:00:58,975 INFO  [ASTQueryTranslatorFactory] HHH000397: Using ASTQueryTranslatorFactory
20:01:10,398 INFO  [DriverManagerConnectionProviderImpl] HHH000030: Cleaning up connection pool [jdbc:postgresql://localhost:5432/postgres]
]]></system-out>
  <system-err><![CDATA[]]></system-err>
</testsuite>
